OtuPicker parameters:
Application:uclust
Similarity:0.97
chimeras_retention:union
enable_rev_strand_matching:True
exact:False
max_accepts:1
max_rejects:8
new_cluster_identifier:denovo
next_new_cluster_number:1
optimal:False
output_dir:/home/mark/gitstage/uderica/nordqiime/15_Hil_HMC/Bacteria/16S/pick//step3_otus/POTU_PDGA_
prefilter_identical_sequences:True
presort_by_abundance:True
save_uc_files:True
stable_sort:True
stepwords:8
suppress_new_clusters:True
suppress_sort:True
word_length:8
Reference seqs:/home/mark/gitstage/uderica/nordqiime/15_Hil_HMC/Bacteria/16S/pick/step2_otus/step2_rep_set.fna
Num OTUs:69
Num new OTUs:0
Num failures:6647
Result path: /home/mark/gitstage/uderica/nordqiime/15_Hil_HMC/Bacteria/16S/pick//step3_otus/POTU_PDGA_/POTU_PDGA_.0_otus.txt
OtuPicker parameters:
Application:uclust
Similarity:0.97
chimeras_retention:union
enable_rev_strand_matching:True
exact:False
max_accepts:1
max_rejects:8
new_cluster_identifier:denovo
next_new_cluster_number:1
optimal:False
output_dir:/home/mark/gitstage/uderica/nordqiime/15_Hil_HMC/Bacteria/16S/pick//step3_otus/POTU_PDGA_
prefilter_identical_sequences:True
presort_by_abundance:True
save_uc_files:True
stable_sort:True
stepwords:8
suppress_new_clusters:True
suppress_sort:True
word_length:8
Reference seqs:/home/mark/gitstage/uderica/nordqiime/15_Hil_HMC/Bacteria/16S/pick/step2_otus/step2_rep_set.fna
Num OTUs:67
Num new OTUs:0
Num failures:6239
Result path: /home/mark/gitstage/uderica/nordqiime/15_Hil_HMC/Bacteria/16S/pick//step3_otus/POTU_PDGA_/POTU_PDGA_.1_otus.txt
OtuPicker parameters:
Application:uclust
Similarity:0.97
chimeras_retention:union
enable_rev_strand_matching:True
exact:False
max_accepts:1
max_rejects:8
new_cluster_identifier:denovo
next_new_cluster_number:1
optimal:False
output_dir:/home/mark/gitstage/uderica/nordqiime/15_Hil_HMC/Bacteria/16S/pick//step3_otus/POTU_PDGA_
prefilter_identical_sequences:True
presort_by_abundance:True
save_uc_files:True
stable_sort:True
stepwords:8
suppress_new_clusters:True
suppress_sort:True
word_length:8
Reference seqs:/home/mark/gitstage/uderica/nordqiime/15_Hil_HMC/Bacteria/16S/pick/step2_otus/step2_rep_set.fna
Num OTUs:68
Num new OTUs:0
Num failures:7602
Result path: /home/mark/gitstage/uderica/nordqiime/15_Hil_HMC/Bacteria/16S/pick//step3_otus/POTU_PDGA_/POTU_PDGA_.2_otus.txt
OtuPicker parameters:
Application:uclust
Similarity:0.97
chimeras_retention:union
enable_rev_strand_matching:True
exact:False
max_accepts:1
max_rejects:8
new_cluster_identifier:denovo
next_new_cluster_number:1
optimal:False
output_dir:/home/mark/gitstage/uderica/nordqiime/15_Hil_HMC/Bacteria/16S/pick//step3_otus/POTU_PDGA_
prefilter_identical_sequences:True
presort_by_abundance:True
save_uc_files:True
stable_sort:True
stepwords:8
suppress_new_clusters:True
suppress_sort:True
word_length:8
Reference seqs:/home/mark/gitstage/uderica/nordqiime/15_Hil_HMC/Bacteria/16S/pick/step2_otus/step2_rep_set.fna
Num OTUs:63
Num new OTUs:0
Num failures:6278
Result path: /home/mark/gitstage/uderica/nordqiime/15_Hil_HMC/Bacteria/16S/pick//step3_otus/POTU_PDGA_/POTU_PDGA_.3_otus.txt
OtuPicker parameters:
Application:uclust
Similarity:0.97
chimeras_retention:union
enable_rev_strand_matching:True
exact:False
max_accepts:1
max_rejects:8
new_cluster_identifier:denovo
next_new_cluster_number:1
optimal:False
output_dir:/home/mark/gitstage/uderica/nordqiime/15_Hil_HMC/Bacteria/16S/pick//step3_otus/POTU_PDGA_
prefilter_identical_sequences:True
presort_by_abundance:True
save_uc_files:True
stable_sort:True
stepwords:8
suppress_new_clusters:True
suppress_sort:True
word_length:8
Reference seqs:/home/mark/gitstage/uderica/nordqiime/15_Hil_HMC/Bacteria/16S/pick/step2_otus/step2_rep_set.fna
Num OTUs:67
Num new OTUs:0
Num failures:7391
Result path: /home/mark/gitstage/uderica/nordqiime/15_Hil_HMC/Bacteria/16S/pick//step3_otus/POTU_PDGA_/POTU_PDGA_.4_otus.txt
OtuPicker parameters:
Application:uclust
Similarity:0.97
chimeras_retention:union
enable_rev_strand_matching:True
exact:False
max_accepts:1
max_rejects:8
new_cluster_identifier:denovo
next_new_cluster_number:1
optimal:False
output_dir:/home/mark/gitstage/uderica/nordqiime/15_Hil_HMC/Bacteria/16S/pick//step3_otus/POTU_PDGA_
prefilter_identical_sequences:True
presort_by_abundance:True
save_uc_files:True
stable_sort:True
stepwords:8
suppress_new_clusters:True
suppress_sort:True
word_length:8
Reference seqs:/home/mark/gitstage/uderica/nordqiime/15_Hil_HMC/Bacteria/16S/pick/step2_otus/step2_rep_set.fna
Num OTUs:67
Num new OTUs:0
Num failures:8627
Result path: /home/mark/gitstage/uderica/nordqiime/15_Hil_HMC/Bacteria/16S/pick//step3_otus/POTU_PDGA_/POTU_PDGA_.5_otus.txt
OtuPicker parameters:
Application:uclust
Similarity:0.97
chimeras_retention:union
enable_rev_strand_matching:True
exact:False
max_accepts:1
max_rejects:8
new_cluster_identifier:denovo
next_new_cluster_number:1
optimal:False
output_dir:/home/mark/gitstage/uderica/nordqiime/15_Hil_HMC/Bacteria/16S/pick//step3_otus/POTU_PDGA_
prefilter_identical_sequences:True
presort_by_abundance:True
save_uc_files:True
stable_sort:True
stepwords:8
suppress_new_clusters:True
suppress_sort:True
word_length:8
Reference seqs:/home/mark/gitstage/uderica/nordqiime/15_Hil_HMC/Bacteria/16S/pick/step2_otus/step2_rep_set.fna
Num OTUs:69
Num new OTUs:0
Num failures:7592
Result path: /home/mark/gitstage/uderica/nordqiime/15_Hil_HMC/Bacteria/16S/pick//step3_otus/POTU_PDGA_/POTU_PDGA_.6_otus.txt
