[2017-08-27 11:51:34,196] multiqc                                            [DEBUG  ]  No MultiQC config found: /usr/local/lib/python2.7/dist-packages/multiqc_config.yaml
[2017-08-27 11:51:34,196] multiqc                                            [DEBUG  ]  No MultiQC config found: /home/mark/.multiqc_config.yaml
[2017-08-27 11:51:34,196] multiqc                                            [DEBUG  ]  No MultiQC config found: multiqc_config.yaml
[2017-08-27 11:51:34,196] multiqc                                            [DEBUG  ]  Command used: /usr/local/bin/multiqc /home/mark/gitstage/uderica/silage/16s/pairedReads/flashed/extended/fastqc -o /home/mark/gitstage/uderica/silage/16s/pairedReads/flashed/extended/multiqc
[2017-08-27 11:51:34,899] multiqc                                            [WARNING]  MultiQC Version v1.2 now available!
[2017-08-27 11:51:34,900] multiqc                                            [INFO   ]  This is MultiQC v1.1
[2017-08-27 11:51:34,900] multiqc                                            [DEBUG  ]  Command     : /usr/local/bin/multiqc /home/mark/gitstage/uderica/silage/16s/pairedReads/flashed/extended/fastqc -o /home/mark/gitstage/uderica/silage/16s/pairedReads/flashed/extended/multiqc
[2017-08-27 11:51:34,900] multiqc                                            [DEBUG  ]  Working dir : /home/mark/gitstage/uderica/silage
[2017-08-27 11:51:34,900] multiqc                                            [INFO   ]  Template    : default
[2017-08-27 11:51:34,900] multiqc                                            [INFO   ]  Searching '/home/mark/gitstage/uderica/silage/16s/pairedReads/flashed/extended/fastqc'
[2017-08-27 11:51:34,901] multiqc                                            [DEBUG  ]  Analysing modules: custom_content, conpair, peddy, methylQA, qualimap, preseq, quast, qorts, rna_seqc, rseqc, busco, goleft_indexcov, disambiguate, homer, macs2, theta2, snpeff, gatk, htseq, bcftools, featureCounts, picard, prokka, samblaster, samtools, bamtools, jellyfish, bismark, hicup, salmon, kallisto, slamdunk, star, hisat2, tophat, bowtie2, bowtie1, adapterRemoval, cutadapt, flexbar, trimmomatic, skewer, sortmerna, biobloomtools, fastq_screen, fastqc, clusterflow
[2017-08-27 11:51:34,901] multiqc                                            [DEBUG  ]  Using temporary directory for creating report: /tmp/tmpa0fOis
[2017-08-27 11:51:34,938] multiqc                                            [DEBUG  ]  Ignoring file as matched an ignore pattern: sample_171.extendedFrags_fastqc.html
[2017-08-27 11:51:34,939] multiqc                                            [DEBUG  ]  Ignoring file as matched an ignore pattern: sample_153.extendedFrags_fastqc.html
[2017-08-27 11:51:34,939] multiqc                                            [DEBUG  ]  Ignoring file as matched an ignore pattern: sample_152.extendedFrags_fastqc.html
[2017-08-27 11:51:34,940] multiqc                                            [DEBUG  ]  Ignoring file as matched an ignore pattern: sample_151.extendedFrags_fastqc.html
[2017-08-27 11:51:34,940] multiqc                                            [DEBUG  ]  Ignoring file as matched an ignore pattern: sample_176.extendedFrags_fastqc.html
[2017-08-27 11:51:34,940] multiqc                                            [DEBUG  ]  Ignoring file as matched an ignore pattern: sample_172.extendedFrags_fastqc.html
[2017-08-27 11:51:34,942] multiqc                                            [DEBUG  ]  Ignoring file as matched an ignore pattern: sample_162.extendedFrags_fastqc.html
[2017-08-27 11:51:34,942] multiqc                                            [DEBUG  ]  Ignoring file as matched an ignore pattern: sample_161.extendedFrags_fastqc.html
[2017-08-27 11:51:34,942] multiqc                                            [DEBUG  ]  Ignoring file as matched an ignore pattern: sample_156.extendedFrags_fastqc.html
[2017-08-27 11:51:34,942] multiqc                                            [DEBUG  ]  Ignoring file as matched an ignore pattern: sample_178.extendedFrags_fastqc.html
[2017-08-27 11:51:34,942] multiqc                                            [DEBUG  ]  Ignoring file as matched an ignore pattern: sample_165.extendedFrags_fastqc.html
[2017-08-27 11:51:34,943] multiqc                                            [DEBUG  ]  Ignoring file as matched an ignore pattern: sample_150.extendedFrags_fastqc.html
[2017-08-27 11:51:34,943] multiqc                                            [DEBUG  ]  Ignoring file as matched an ignore pattern: sample_168.extendedFrags_fastqc.html
[2017-08-27 11:51:34,943] multiqc                                            [DEBUG  ]  Ignoring file as matched an ignore pattern: sample_173.extendedFrags_fastqc.html
[2017-08-27 11:51:34,944] multiqc                                            [DEBUG  ]  Ignoring file as matched an ignore pattern: sample_166.extendedFrags_fastqc.html
[2017-08-27 11:51:34,945] multiqc                                            [DEBUG  ]  Ignoring file as matched an ignore pattern: sample_177.extendedFrags_fastqc.html
[2017-08-27 11:51:34,945] multiqc                                            [DEBUG  ]  Ignoring file as matched an ignore pattern: sample_148.extendedFrags_fastqc.html
[2017-08-27 11:51:34,945] multiqc                                            [DEBUG  ]  Ignoring file as matched an ignore pattern: sample_160.extendedFrags_fastqc.html
[2017-08-27 11:51:34,945] multiqc                                            [DEBUG  ]  Ignoring file as matched an ignore pattern: sample_147.extendedFrags_fastqc.html
[2017-08-27 11:51:34,946] multiqc                                            [DEBUG  ]  Ignoring file as matched an ignore pattern: sample_155.extendedFrags_fastqc.html
[2017-08-27 11:51:34,948] multiqc                                            [DEBUG  ]  Ignoring file as matched an ignore pattern: sample_158.extendedFrags_fastqc.html
[2017-08-27 11:51:34,948] multiqc                                            [DEBUG  ]  Ignoring file as matched an ignore pattern: sample_167.extendedFrags_fastqc.html
[2017-08-27 11:51:34,948] multiqc                                            [DEBUG  ]  Ignoring file as matched an ignore pattern: sample_157.extendedFrags_fastqc.html
[2017-08-27 11:51:34,949] multiqc                                            [DEBUG  ]  Ignoring file as matched an ignore pattern: sample_163.extendedFrags_fastqc.html
[2017-08-27 11:51:34,949] multiqc                                            [DEBUG  ]  Ignoring file as matched an ignore pattern: sample_175.extendedFrags_fastqc.html
[2017-08-27 11:51:34,951] multiqc                                            [DEBUG  ]  Ignoring file as matched an ignore pattern: sample_170.extendedFrags_fastqc.html
[2017-08-27 11:51:34,951] multiqc                                            [DEBUG  ]  Ignoring file as matched an ignore pattern: sample_146.extendedFrags_fastqc.html
[2017-08-27 11:51:35,103] multiqc.modules.custom_content.custom_content      [DEBUG  ]  No custom content found
[2017-08-27 11:51:35,105] multiqc.modules.conpair.conpair                    [DEBUG  ]  Could not find any reports in ('/home/mark/gitstage/uderica/silage/16s/pairedReads/flashed/extended/fastqc',)
[2017-08-27 11:51:35,106] multiqc.modules.peddy.peddy                        [DEBUG  ]  Could not find any reports in ('/home/mark/gitstage/uderica/silage/16s/pairedReads/flashed/extended/fastqc',)
[2017-08-27 11:51:35,108] multiqc.modules.methylQA.methylQA                  [DEBUG  ]  Could not find any reports in ('/home/mark/gitstage/uderica/silage/16s/pairedReads/flashed/extended/fastqc',)
[2017-08-27 11:51:35,109] multiqc.modules.qualimap.QM_BamQC                  [DEBUG  ]  Using default Qualimap thresholds: 1, 5, 10, 30, 50
[2017-08-27 11:51:35,110] multiqc.modules.qualimap.qualimap                  [DEBUG  ]  Could not find any reports in ('/home/mark/gitstage/uderica/silage/16s/pairedReads/flashed/extended/fastqc',)
[2017-08-27 11:51:35,111] multiqc.modules.preseq.preseq                      [DEBUG  ]  Could not find any preseq data in ('/home/mark/gitstage/uderica/silage/16s/pairedReads/flashed/extended/fastqc',)
[2017-08-27 11:51:35,112] multiqc.modules.quast.quast                        [DEBUG  ]  Could not find any reports in ('/home/mark/gitstage/uderica/silage/16s/pairedReads/flashed/extended/fastqc',)
[2017-08-27 11:51:35,114] multiqc.modules.qorts.qorts                        [DEBUG  ]  Could not find any QoRTs data in ('/home/mark/gitstage/uderica/silage/16s/pairedReads/flashed/extended/fastqc',)
[2017-08-27 11:51:35,115] multiqc.modules.rna_seqc.rna_seqc                  [DEBUG  ]  Could not find any RNA-SeQC data in ('/home/mark/gitstage/uderica/silage/16s/pairedReads/flashed/extended/fastqc',)
[2017-08-27 11:51:35,117] multiqc.modules.rseqc.rseqc                        [DEBUG  ]  Could not find any reports in ('/home/mark/gitstage/uderica/silage/16s/pairedReads/flashed/extended/fastqc',)
[2017-08-27 11:51:35,118] multiqc.modules.busco.busco                        [DEBUG  ]  Could not find any reports in ('/home/mark/gitstage/uderica/silage/16s/pairedReads/flashed/extended/fastqc',)
[2017-08-27 11:51:35,120] multiqc.modules.goleft_indexcov.goleft_indexcov    [DEBUG  ]  Did not find goleft indexcov outputs in ('/home/mark/gitstage/uderica/silage/16s/pairedReads/flashed/extended/fastqc',)
[2017-08-27 11:51:35,121] multiqc.modules.disambiguate.disambiguate          [DEBUG  ]  Could not find any data in ('/home/mark/gitstage/uderica/silage/16s/pairedReads/flashed/extended/fastqc',)
[2017-08-27 11:51:35,122] multiqc.modules.homer.homer                        [DEBUG  ]  Could not find any reports in ('/home/mark/gitstage/uderica/silage/16s/pairedReads/flashed/extended/fastqc',)
[2017-08-27 11:51:35,124] multiqc.modules.macs2.macs2                        [DEBUG  ]  Could not find any MACS2 data in ('/home/mark/gitstage/uderica/silage/16s/pairedReads/flashed/extended/fastqc',)
[2017-08-27 11:51:35,125] multiqc.modules.theta2.theta2                      [DEBUG  ]  Could not find any reports in ('/home/mark/gitstage/uderica/silage/16s/pairedReads/flashed/extended/fastqc',)
[2017-08-27 11:51:35,126] multiqc.modules.snpeff.snpeff                      [DEBUG  ]  Could not find any data in ('/home/mark/gitstage/uderica/silage/16s/pairedReads/flashed/extended/fastqc',)
[2017-08-27 11:51:35,128] multiqc.modules.gatk.gatk                          [DEBUG  ]  Could not find any reports in ('/home/mark/gitstage/uderica/silage/16s/pairedReads/flashed/extended/fastqc',)
[2017-08-27 11:51:35,129] multiqc.modules.htseq.htseq                        [DEBUG  ]  Could not find any reports in ('/home/mark/gitstage/uderica/silage/16s/pairedReads/flashed/extended/fastqc',)
[2017-08-27 11:51:35,131] multiqc.modules.bcftools.bcftools                  [DEBUG  ]  Could not find any reports in ('/home/mark/gitstage/uderica/silage/16s/pairedReads/flashed/extended/fastqc',)
[2017-08-27 11:51:35,132] multiqc.modules.featureCounts.feature_counts       [DEBUG  ]  Could not find any reports in ('/home/mark/gitstage/uderica/silage/16s/pairedReads/flashed/extended/fastqc',)
[2017-08-27 11:51:35,134] multiqc.modules.picard.picard                      [DEBUG  ]  Could not find any reports in ('/home/mark/gitstage/uderica/silage/16s/pairedReads/flashed/extended/fastqc',)
[2017-08-27 11:51:35,135] multiqc.modules.prokka.prokka                      [DEBUG  ]  Could not find any Prokka data in ('/home/mark/gitstage/uderica/silage/16s/pairedReads/flashed/extended/fastqc',)
[2017-08-27 11:51:35,137] multiqc.modules.samblaster.samblaster              [DEBUG  ]  Could not find any data in ('/home/mark/gitstage/uderica/silage/16s/pairedReads/flashed/extended/fastqc',)
[2017-08-27 11:51:35,139] multiqc.modules.samtools.samtools                  [DEBUG  ]  Could not find any reports in ('/home/mark/gitstage/uderica/silage/16s/pairedReads/flashed/extended/fastqc',)
[2017-08-27 11:51:35,140] multiqc.modules.bamtools.bamtools                  [DEBUG  ]  Could not find any reports in ('/home/mark/gitstage/uderica/silage/16s/pairedReads/flashed/extended/fastqc',)
[2017-08-27 11:51:35,141] multiqc.modules.jellyfish.jellyfish                [DEBUG  ]  Could not find any data in ('/home/mark/gitstage/uderica/silage/16s/pairedReads/flashed/extended/fastqc',)
[2017-08-27 11:51:35,143] multiqc.modules.bismark.bismark                    [DEBUG  ]  Could not find any reports in ('/home/mark/gitstage/uderica/silage/16s/pairedReads/flashed/extended/fastqc',)
[2017-08-27 11:51:35,144] multiqc.modules.hicup.hicup                        [DEBUG  ]  Could not find any HiCUP data in ('/home/mark/gitstage/uderica/silage/16s/pairedReads/flashed/extended/fastqc',)
[2017-08-27 11:51:35,145] multiqc.modules.salmon.salmon                      [DEBUG  ]  Could not find any Salmon data in ('/home/mark/gitstage/uderica/silage/16s/pairedReads/flashed/extended/fastqc',)
[2017-08-27 11:51:35,147] multiqc.modules.kallisto.kallisto                  [DEBUG  ]  Could not find any reports in ('/home/mark/gitstage/uderica/silage/16s/pairedReads/flashed/extended/fastqc',)
[2017-08-27 11:51:35,148] multiqc.modules.slamdunk.slamdunk                  [DEBUG  ]  No slamdunk reports found.
[2017-08-27 11:51:35,150] multiqc.modules.star.star                          [DEBUG  ]  Could not find any reports in ('/home/mark/gitstage/uderica/silage/16s/pairedReads/flashed/extended/fastqc',)
[2017-08-27 11:51:35,151] multiqc.modules.hisat2.hisat2                      [DEBUG  ]  Could not find any reports in ('/home/mark/gitstage/uderica/silage/16s/pairedReads/flashed/extended/fastqc',)
[2017-08-27 11:51:35,152] multiqc.modules.tophat.tophat                      [DEBUG  ]  Could not find any reports in ('/home/mark/gitstage/uderica/silage/16s/pairedReads/flashed/extended/fastqc',)
[2017-08-27 11:51:35,154] multiqc.modules.bowtie2.bowtie2                    [DEBUG  ]  Could not find any reports in ('/home/mark/gitstage/uderica/silage/16s/pairedReads/flashed/extended/fastqc',)
[2017-08-27 11:51:35,155] multiqc.modules.bowtie1.bowtie1                    [DEBUG  ]  Could not find any reports in ('/home/mark/gitstage/uderica/silage/16s/pairedReads/flashed/extended/fastqc',)
[2017-08-27 11:51:35,156] multiqc.modules.adapterRemoval.adapterRemoval      [DEBUG  ]  Could not find any reports in ('/home/mark/gitstage/uderica/silage/16s/pairedReads/flashed/extended/fastqc',)
[2017-08-27 11:51:35,158] multiqc.modules.cutadapt.cutadapt                  [DEBUG  ]  Could not find any reports in ('/home/mark/gitstage/uderica/silage/16s/pairedReads/flashed/extended/fastqc',)
[2017-08-27 11:51:35,159] multiqc.modules.flexbar.flexbar                    [DEBUG  ]  Could not find any Flexbar data in ('/home/mark/gitstage/uderica/silage/16s/pairedReads/flashed/extended/fastqc',)
[2017-08-27 11:51:35,160] multiqc.modules.trimmomatic.trimmomatic            [DEBUG  ]  Could not find any Trimmomatic data in ('/home/mark/gitstage/uderica/silage/16s/pairedReads/flashed/extended/fastqc',)
[2017-08-27 11:51:35,162] multiqc.modules.skewer.skewer                      [DEBUG  ]  Could not find any data in ('/home/mark/gitstage/uderica/silage/16s/pairedReads/flashed/extended/fastqc',)
[2017-08-27 11:51:35,163] multiqc.modules.sortmerna.sortmerna                [DEBUG  ]  Could not find any SortMeRNA data in ('/home/mark/gitstage/uderica/silage/16s/pairedReads/flashed/extended/fastqc',)
[2017-08-27 11:51:35,164] multiqc.modules.biobloomtools.biobloomtools        [DEBUG  ]  Could not find any reports in ('/home/mark/gitstage/uderica/silage/16s/pairedReads/flashed/extended/fastqc',)
[2017-08-27 11:51:35,166] multiqc.modules.fastq_screen.fastq_screen          [DEBUG  ]  Could not find any reports in ('/home/mark/gitstage/uderica/silage/16s/pairedReads/flashed/extended/fastqc',)
[2017-08-27 11:51:36,363] multiqc.modules.fastqc.fastqc                      [INFO   ]  Found 27 reports
[2017-08-27 11:51:38,209] multiqc.modules.clusterflow.clusterflow            [DEBUG  ]  Could not find any reports in ('/home/mark/gitstage/uderica/silage/16s/pairedReads/flashed/extended/fastqc',)
[2017-08-27 11:51:38,242] multiqc                                            [INFO   ]  Compressing plot data
[2017-08-27 11:51:39,100] multiqc                                            [INFO   ]  Report      : 16s/pairedReads/flashed/extended/multiqc/multiqc_report.html
[2017-08-27 11:51:39,100] multiqc                                            [INFO   ]  Data        : 16s/pairedReads/flashed/extended/multiqc/multiqc_data
[2017-08-27 11:51:39,101] multiqc                                            [DEBUG  ]  Moving data file from '/tmp/tmpa0fOis/multiqc_data/multiqc_general_stats.txt' to '/home/mark/gitstage/uderica/silage/16s/pairedReads/flashed/extended/multiqc/multiqc_data'
[2017-08-27 11:51:39,101] multiqc                                            [DEBUG  ]  Moving data file from '/tmp/tmpa0fOis/multiqc_data/multiqc_sources.txt' to '/home/mark/gitstage/uderica/silage/16s/pairedReads/flashed/extended/multiqc/multiqc_data'
[2017-08-27 11:51:39,101] multiqc                                            [DEBUG  ]  Moving data file from '/tmp/tmpa0fOis/multiqc_data/multiqc_fastqc.txt' to '/home/mark/gitstage/uderica/silage/16s/pairedReads/flashed/extended/multiqc/multiqc_data'
[2017-08-27 11:51:39,200] multiqc                                            [INFO   ]  MultiQC complete
