configuration from understudy_16s_envvars.sh
export PROJ_GENE_TITLE="understudy_16S"
export PROJ_GENE_HOME="/home/mark/silage/16s"
export DATA_DIR="pairedReads"
export LOG_FILE="/home/mark/silage/understudy_16s.log"

export PAIR_PREFIX="5101-"
export PAIR_SUFFIX="-MS515F-926R"
export R1="_R1"
export R2="_R2"
export FILE_EXT=".fastq"

export FASTQC_PATH="/home/mark/silage/FastQC/fastqc"
export MULTIQC_PATH="multiqc"

export FLASH_PATH="/home/mark/silage/FLASH-1.2.11/flash"
export FLASH_OVERLAP="100"

export FLASHED_DIR="${PROJ_GENE_HOME}/${DATA_DIR}/flashed"
export EXTENDED_DIR="${FLASHED_DIR}/extended"
export PICKED_DIR="${EXTENDED_DIR}/flash_trim_cat_pick"

export QIIME_MAPPING_FILE="/home/mark/silage/map16S_MAM_some_factors.txt"

# look here for sample infomration, except mapping info (esp. barcode and primers)
export SAMPLE_METADATA_FILE="LalStressMicrobiomeInfo.txt"

# not doing any error/dependency checking yet
# not doing and cleanup from previous run yet
# FALSE
export FRESH_LOG="TRUE"
export INITIAL_FASTQC="TRUE"
export INITIAL_MULTIQC="TRUE"
export DO_FLASH="TRUE"
export POST_FLASH_BOTHQC="TRUE"
# export POST_FLASH_FASTQC="TRUE"
# export POST_FLASH_MULTIQC="TRUE"
export DO_QIIME_SPLIT="TRUE"
export DO_QIIME_PICK="TRUE"

export CORE_DIV_MIN_DEPTH=3000
export THREAD_CT=7

export REF_SEQ_FILE="/home/mark/silage/gg_13_8_otus/rep_set/97_otus.fasta"
export OTU_PICK_PARAM_FILE="/home/mark/silage/16s/otu_pick_para.txt"
Sun Aug 13 13:07:25 EDT 2017 fastqc'ing /home/mark/silage/16s/pairedReads/5101-146-MS515F-926R
Sun Aug 13 13:07:25 EDT 2017 fastqc'ing /home/mark/silage/16s/pairedReads/5101-147-MS515F-926R
Sun Aug 13 13:07:25 EDT 2017 fastqc'ing /home/mark/silage/16s/pairedReads/5101-148-MS515F-926R
Sun Aug 13 13:07:25 EDT 2017 fastqc'ing /home/mark/silage/16s/pairedReads/5101-150-MS515F-926R
Sun Aug 13 13:07:25 EDT 2017 fastqc'ing /home/mark/silage/16s/pairedReads/5101-151-MS515F-926R
Sun Aug 13 13:07:25 EDT 2017 fastqc'ing /home/mark/silage/16s/pairedReads/5101-152-MS515F-926R
Sun Aug 13 13:07:25 EDT 2017 fastqc'ing /home/mark/silage/16s/pairedReads/5101-153-MS515F-926R
Sun Aug 13 13:07:25 EDT 2017 fastqc'ing /home/mark/silage/16s/pairedReads/5101-155-MS515F-926R
Sun Aug 13 13:07:25 EDT 2017 fastqc'ing /home/mark/silage/16s/pairedReads/5101-156-MS515F-926R
Sun Aug 13 13:07:26 EDT 2017 fastqc'ing /home/mark/silage/16s/pairedReads/5101-157-MS515F-926R
Sun Aug 13 13:07:26 EDT 2017 fastqc'ing /home/mark/silage/16s/pairedReads/5101-158-MS515F-926R
Sun Aug 13 13:07:26 EDT 2017 fastqc'ing /home/mark/silage/16s/pairedReads/5101-160-MS515F-926R
Sun Aug 13 13:07:26 EDT 2017 fastqc'ing /home/mark/silage/16s/pairedReads/5101-161-MS515F-926R
Sun Aug 13 13:07:26 EDT 2017 fastqc'ing /home/mark/silage/16s/pairedReads/5101-162-MS515F-926R
Sun Aug 13 13:07:26 EDT 2017 fastqc'ing /home/mark/silage/16s/pairedReads/5101-163-MS515F-926R
Sun Aug 13 13:07:26 EDT 2017 fastqc'ing /home/mark/silage/16s/pairedReads/5101-165-MS515F-926R
Sun Aug 13 13:07:26 EDT 2017 fastqc'ing /home/mark/silage/16s/pairedReads/5101-166-MS515F-926R
Sun Aug 13 13:07:26 EDT 2017 fastqc'ing /home/mark/silage/16s/pairedReads/5101-167-MS515F-926R
Sun Aug 13 13:07:26 EDT 2017 fastqc'ing /home/mark/silage/16s/pairedReads/5101-168-MS515F-926R
Sun Aug 13 13:07:27 EDT 2017 fastqc'ing /home/mark/silage/16s/pairedReads/5101-170-MS515F-926R
Sun Aug 13 13:07:27 EDT 2017 fastqc'ing /home/mark/silage/16s/pairedReads/5101-171-MS515F-926R
Sun Aug 13 13:07:27 EDT 2017 fastqc'ing /home/mark/silage/16s/pairedReads/5101-172-MS515F-926R
Sun Aug 13 13:07:27 EDT 2017 fastqc'ing /home/mark/silage/16s/pairedReads/5101-173-MS515F-926R
Sun Aug 13 13:07:27 EDT 2017 fastqc'ing /home/mark/silage/16s/pairedReads/5101-175-MS515F-926R
Sun Aug 13 13:07:27 EDT 2017 fastqc'ing /home/mark/silage/16s/pairedReads/5101-176-MS515F-926R
Sun Aug 13 13:07:28 EDT 2017 fastqc'ing /home/mark/silage/16s/pairedReads/5101-177-MS515F-926R
Sun Aug 13 13:07:28 EDT 2017 fastqc'ing /home/mark/silage/16s/pairedReads/5101-178-MS515F-926R
Sun Aug 13 13:08:30 EDT 2017 flashing /home/mark/silage/16s/pairedReads/5101-146-MS515F-926R
[FLASH] Starting FLASH v1.2.11
[FLASH] Fast Length Adjustment of SHort reads
[FLASH]  
[FLASH] Input files:
[FLASH]     /home/mark/silage/16s/pairedReads/5101-146-MS515F-926R_R1.fastq
[FLASH]     /home/mark/silage/16s/pairedReads/5101-146-MS515F-926R_R2.fastq
[FLASH]  
[FLASH] Output files:
[FLASH]     /home/mark/silage/16s/pairedReads/flashed/sample_146.extendedFrags.fastq
[FLASH]     /home/mark/silage/16s/pairedReads/flashed/sample_146.notCombined_1.fastq
[FLASH]     /home/mark/silage/16s/pairedReads/flashed/sample_146.notCombined_2.fastq
[FLASH]     /home/mark/silage/16s/pairedReads/flashed/sample_146.hist
[FLASH]     /home/mark/silage/16s/pairedReads/flashed/sample_146.histogram
[FLASH]  
[FLASH] Parameters:
[FLASH]     Min overlap:           10
[FLASH]     Max overlap:           100
[FLASH]     Max mismatch density:  0.250000
[FLASH]     Allow "outie" pairs:   false
[FLASH]     Cap mismatch quals:    false
[FLASH]     Combiner threads:      8
[FLASH]     Input format:          FASTQ, phred_offset=33
[FLASH]     Output format:         FASTQ, phred_offset=33
[FLASH]  
[FLASH] Starting reader and writer threads
[FLASH] Starting 8 combiner threads
[FLASH] Processed 25000 read pairs
[FLASH] Processed 33880 read pairs
[FLASH]  
[FLASH] Read combination statistics:
[FLASH]     Total pairs:      33880
[FLASH]     Combined pairs:   33266
[FLASH]     Uncombined pairs: 614
[FLASH]     Percent combined: 98.19%
[FLASH]  
[FLASH] Writing histogram files.
[FLASH]  
[FLASH] FLASH v1.2.11 complete!
[FLASH] 0.142 seconds elapsed
Sun Aug 13 13:08:30 EDT 2017 flashing /home/mark/silage/16s/pairedReads/5101-147-MS515F-926R
[FLASH] Starting FLASH v1.2.11
[FLASH] Fast Length Adjustment of SHort reads
[FLASH]  
[FLASH] Input files:
[FLASH]     /home/mark/silage/16s/pairedReads/5101-147-MS515F-926R_R1.fastq
[FLASH]     /home/mark/silage/16s/pairedReads/5101-147-MS515F-926R_R2.fastq
[FLASH]  
[FLASH] Output files:
[FLASH]     /home/mark/silage/16s/pairedReads/flashed/sample_147.extendedFrags.fastq
[FLASH]     /home/mark/silage/16s/pairedReads/flashed/sample_147.notCombined_1.fastq
[FLASH]     /home/mark/silage/16s/pairedReads/flashed/sample_147.notCombined_2.fastq
[FLASH]     /home/mark/silage/16s/pairedReads/flashed/sample_147.hist
[FLASH]     /home/mark/silage/16s/pairedReads/flashed/sample_147.histogram
[FLASH]  
[FLASH] Parameters:
[FLASH]     Min overlap:           10
[FLASH]     Max overlap:           100
[FLASH]     Max mismatch density:  0.250000
[FLASH]     Allow "outie" pairs:   false
[FLASH]     Cap mismatch quals:    false
[FLASH]     Combiner threads:      8
[FLASH]     Input format:          FASTQ, phred_offset=33
[FLASH]     Output format:         FASTQ, phred_offset=33
[FLASH]  
[FLASH] Starting reader and writer threads
[FLASH] Starting 8 combiner threads
[FLASH] Processed 25000 read pairs
[FLASH] Processed 38934 read pairs
[FLASH]  
[FLASH] Read combination statistics:
[FLASH]     Total pairs:      38934
[FLASH]     Combined pairs:   38123
[FLASH]     Uncombined pairs: 811
[FLASH]     Percent combined: 97.92%
[FLASH]  
[FLASH] Writing histogram files.
[FLASH]  
[FLASH] FLASH v1.2.11 complete!
[FLASH] 0.140 seconds elapsed
Sun Aug 13 13:08:31 EDT 2017 flashing /home/mark/silage/16s/pairedReads/5101-148-MS515F-926R
[FLASH] Starting FLASH v1.2.11
[FLASH] Fast Length Adjustment of SHort reads
[FLASH]  
[FLASH] Input files:
[FLASH]     /home/mark/silage/16s/pairedReads/5101-148-MS515F-926R_R1.fastq
[FLASH]     /home/mark/silage/16s/pairedReads/5101-148-MS515F-926R_R2.fastq
[FLASH]  
[FLASH] Output files:
[FLASH]     /home/mark/silage/16s/pairedReads/flashed/sample_148.extendedFrags.fastq
[FLASH]     /home/mark/silage/16s/pairedReads/flashed/sample_148.notCombined_1.fastq
[FLASH]     /home/mark/silage/16s/pairedReads/flashed/sample_148.notCombined_2.fastq
[FLASH]     /home/mark/silage/16s/pairedReads/flashed/sample_148.hist
[FLASH]     /home/mark/silage/16s/pairedReads/flashed/sample_148.histogram
[FLASH]  
[FLASH] Parameters:
[FLASH]     Min overlap:           10
[FLASH]     Max overlap:           100
[FLASH]     Max mismatch density:  0.250000
[FLASH]     Allow "outie" pairs:   false
[FLASH]     Cap mismatch quals:    false
[FLASH]     Combiner threads:      8
[FLASH]     Input format:          FASTQ, phred_offset=33
[FLASH]     Output format:         FASTQ, phred_offset=33
[FLASH]  
[FLASH] Starting reader and writer threads
[FLASH] Starting 8 combiner threads
[FLASH] Processed 25000 read pairs
[FLASH] Processed 37851 read pairs
[FLASH]  
[FLASH] Read combination statistics:
[FLASH]     Total pairs:      37851
[FLASH]     Combined pairs:   37033
[FLASH]     Uncombined pairs: 818
[FLASH]     Percent combined: 97.84%
[FLASH]  
[FLASH] Writing histogram files.
[FLASH]  
[FLASH] FLASH v1.2.11 complete!
[FLASH] 0.137 seconds elapsed
Sun Aug 13 13:08:31 EDT 2017 flashing /home/mark/silage/16s/pairedReads/5101-150-MS515F-926R
[FLASH] Starting FLASH v1.2.11
[FLASH] Fast Length Adjustment of SHort reads
[FLASH]  
[FLASH] Input files:
[FLASH]     /home/mark/silage/16s/pairedReads/5101-150-MS515F-926R_R1.fastq
[FLASH]     /home/mark/silage/16s/pairedReads/5101-150-MS515F-926R_R2.fastq
[FLASH]  
[FLASH] Output files:
[FLASH]     /home/mark/silage/16s/pairedReads/flashed/sample_150.extendedFrags.fastq
[FLASH]     /home/mark/silage/16s/pairedReads/flashed/sample_150.notCombined_1.fastq
[FLASH]     /home/mark/silage/16s/pairedReads/flashed/sample_150.notCombined_2.fastq
[FLASH]     /home/mark/silage/16s/pairedReads/flashed/sample_150.hist
[FLASH]     /home/mark/silage/16s/pairedReads/flashed/sample_150.histogram
[FLASH]  
[FLASH] Parameters:
[FLASH]     Min overlap:           10
[FLASH]     Max overlap:           100
[FLASH]     Max mismatch density:  0.250000
[FLASH]     Allow "outie" pairs:   false
[FLASH]     Cap mismatch quals:    false
[FLASH]     Combiner threads:      8
[FLASH]     Input format:          FASTQ, phred_offset=33
[FLASH]     Output format:         FASTQ, phred_offset=33
[FLASH]  
[FLASH] Starting reader and writer threads
[FLASH] Starting 8 combiner threads
[FLASH] Processed 25000 read pairs
[FLASH] Processed 47978 read pairs
[FLASH]  
[FLASH] Read combination statistics:
[FLASH]     Total pairs:      47978
[FLASH]     Combined pairs:   47489
[FLASH]     Uncombined pairs: 489
[FLASH]     Percent combined: 98.98%
[FLASH]  
[FLASH] Writing histogram files.
[FLASH]  
[FLASH] FLASH v1.2.11 complete!
[FLASH] 0.158 seconds elapsed
Sun Aug 13 13:08:31 EDT 2017 flashing /home/mark/silage/16s/pairedReads/5101-151-MS515F-926R
[FLASH] Starting FLASH v1.2.11
[FLASH] Fast Length Adjustment of SHort reads
[FLASH]  
[FLASH] Input files:
[FLASH]     /home/mark/silage/16s/pairedReads/5101-151-MS515F-926R_R1.fastq
[FLASH]     /home/mark/silage/16s/pairedReads/5101-151-MS515F-926R_R2.fastq
[FLASH]  
[FLASH] Output files:
[FLASH]     /home/mark/silage/16s/pairedReads/flashed/sample_151.extendedFrags.fastq
[FLASH]     /home/mark/silage/16s/pairedReads/flashed/sample_151.notCombined_1.fastq
[FLASH]     /home/mark/silage/16s/pairedReads/flashed/sample_151.notCombined_2.fastq
[FLASH]     /home/mark/silage/16s/pairedReads/flashed/sample_151.hist
[FLASH]     /home/mark/silage/16s/pairedReads/flashed/sample_151.histogram
[FLASH]  
[FLASH] Parameters:
[FLASH]     Min overlap:           10
[FLASH]     Max overlap:           100
[FLASH]     Max mismatch density:  0.250000
[FLASH]     Allow "outie" pairs:   false
[FLASH]     Cap mismatch quals:    false
[FLASH]     Combiner threads:      8
[FLASH]     Input format:          FASTQ, phred_offset=33
[FLASH]     Output format:         FASTQ, phred_offset=33
[FLASH]  
[FLASH] Starting reader and writer threads
[FLASH] Starting 8 combiner threads
[FLASH] Processed 25000 read pairs
[FLASH] Processed 37806 read pairs
[FLASH]  
[FLASH] Read combination statistics:
[FLASH]     Total pairs:      37806
[FLASH]     Combined pairs:   37421
[FLASH]     Uncombined pairs: 385
[FLASH]     Percent combined: 98.98%
[FLASH]  
[FLASH] Writing histogram files.
[FLASH]  
[FLASH] FLASH v1.2.11 complete!
[FLASH] 0.128 seconds elapsed
Sun Aug 13 13:08:31 EDT 2017 flashing /home/mark/silage/16s/pairedReads/5101-152-MS515F-926R
[FLASH] Starting FLASH v1.2.11
[FLASH] Fast Length Adjustment of SHort reads
[FLASH]  
[FLASH] Input files:
[FLASH]     /home/mark/silage/16s/pairedReads/5101-152-MS515F-926R_R1.fastq
[FLASH]     /home/mark/silage/16s/pairedReads/5101-152-MS515F-926R_R2.fastq
[FLASH]  
[FLASH] Output files:
[FLASH]     /home/mark/silage/16s/pairedReads/flashed/sample_152.extendedFrags.fastq
[FLASH]     /home/mark/silage/16s/pairedReads/flashed/sample_152.notCombined_1.fastq
[FLASH]     /home/mark/silage/16s/pairedReads/flashed/sample_152.notCombined_2.fastq
[FLASH]     /home/mark/silage/16s/pairedReads/flashed/sample_152.hist
[FLASH]     /home/mark/silage/16s/pairedReads/flashed/sample_152.histogram
[FLASH]  
[FLASH] Parameters:
[FLASH]     Min overlap:           10
[FLASH]     Max overlap:           100
[FLASH]     Max mismatch density:  0.250000
[FLASH]     Allow "outie" pairs:   false
[FLASH]     Cap mismatch quals:    false
[FLASH]     Combiner threads:      8
[FLASH]     Input format:          FASTQ, phred_offset=33
[FLASH]     Output format:         FASTQ, phred_offset=33
[FLASH]  
[FLASH] Starting reader and writer threads
[FLASH] Starting 8 combiner threads
[FLASH] Processed 25000 read pairs
[FLASH] Processed 43581 read pairs
[FLASH]  
[FLASH] Read combination statistics:
[FLASH]     Total pairs:      43581
[FLASH]     Combined pairs:   43185
[FLASH]     Uncombined pairs: 396
[FLASH]     Percent combined: 99.09%
[FLASH]  
[FLASH] Writing histogram files.
[FLASH]  
[FLASH] FLASH v1.2.11 complete!
[FLASH] 0.140 seconds elapsed
Sun Aug 13 13:08:31 EDT 2017 flashing /home/mark/silage/16s/pairedReads/5101-153-MS515F-926R
[FLASH] Starting FLASH v1.2.11
[FLASH] Fast Length Adjustment of SHort reads
[FLASH]  
[FLASH] Input files:
[FLASH]     /home/mark/silage/16s/pairedReads/5101-153-MS515F-926R_R1.fastq
[FLASH]     /home/mark/silage/16s/pairedReads/5101-153-MS515F-926R_R2.fastq
[FLASH]  
[FLASH] Output files:
[FLASH]     /home/mark/silage/16s/pairedReads/flashed/sample_153.extendedFrags.fastq
[FLASH]     /home/mark/silage/16s/pairedReads/flashed/sample_153.notCombined_1.fastq
[FLASH]     /home/mark/silage/16s/pairedReads/flashed/sample_153.notCombined_2.fastq
[FLASH]     /home/mark/silage/16s/pairedReads/flashed/sample_153.hist
[FLASH]     /home/mark/silage/16s/pairedReads/flashed/sample_153.histogram
[FLASH]  
[FLASH] Parameters:
[FLASH]     Min overlap:           10
[FLASH]     Max overlap:           100
[FLASH]     Max mismatch density:  0.250000
[FLASH]     Allow "outie" pairs:   false
[FLASH]     Cap mismatch quals:    false
[FLASH]     Combiner threads:      8
[FLASH]     Input format:          FASTQ, phred_offset=33
[FLASH]     Output format:         FASTQ, phred_offset=33
[FLASH]  
[FLASH] Starting reader and writer threads
[FLASH] Starting 8 combiner threads
[FLASH] Processed 25000 read pairs
[FLASH] Processed 39656 read pairs
[FLASH]  
[FLASH] Read combination statistics:
[FLASH]     Total pairs:      39656
[FLASH]     Combined pairs:   39272
[FLASH]     Uncombined pairs: 384
[FLASH]     Percent combined: 99.03%
[FLASH]  
[FLASH] Writing histogram files.
[FLASH]  
[FLASH] FLASH v1.2.11 complete!
[FLASH] 0.141 seconds elapsed
Sun Aug 13 13:08:31 EDT 2017 flashing /home/mark/silage/16s/pairedReads/5101-155-MS515F-926R
[FLASH] Starting FLASH v1.2.11
[FLASH] Fast Length Adjustment of SHort reads
[FLASH]  
[FLASH] Input files:
[FLASH]     /home/mark/silage/16s/pairedReads/5101-155-MS515F-926R_R1.fastq
[FLASH]     /home/mark/silage/16s/pairedReads/5101-155-MS515F-926R_R2.fastq
[FLASH]  
[FLASH] Output files:
[FLASH]     /home/mark/silage/16s/pairedReads/flashed/sample_155.extendedFrags.fastq
[FLASH]     /home/mark/silage/16s/pairedReads/flashed/sample_155.notCombined_1.fastq
[FLASH]     /home/mark/silage/16s/pairedReads/flashed/sample_155.notCombined_2.fastq
[FLASH]     /home/mark/silage/16s/pairedReads/flashed/sample_155.hist
[FLASH]     /home/mark/silage/16s/pairedReads/flashed/sample_155.histogram
[FLASH]  
[FLASH] Parameters:
[FLASH]     Min overlap:           10
[FLASH]     Max overlap:           100
[FLASH]     Max mismatch density:  0.250000
[FLASH]     Allow "outie" pairs:   false
[FLASH]     Cap mismatch quals:    false
[FLASH]     Combiner threads:      8
[FLASH]     Input format:          FASTQ, phred_offset=33
[FLASH]     Output format:         FASTQ, phred_offset=33
[FLASH]  
[FLASH] Starting reader and writer threads
[FLASH] Starting 8 combiner threads
[FLASH] Processed 25000 read pairs
[FLASH] Processed 47274 read pairs
[FLASH]  
[FLASH] Read combination statistics:
[FLASH]     Total pairs:      47274
[FLASH]     Combined pairs:   46773
[FLASH]     Uncombined pairs: 501
[FLASH]     Percent combined: 98.94%
[FLASH]  
[FLASH] Writing histogram files.
[FLASH]  
[FLASH] FLASH v1.2.11 complete!
[FLASH] 0.157 seconds elapsed
Sun Aug 13 13:08:31 EDT 2017 flashing /home/mark/silage/16s/pairedReads/5101-156-MS515F-926R
[FLASH] Starting FLASH v1.2.11
[FLASH] Fast Length Adjustment of SHort reads
[FLASH]  
[FLASH] Input files:
[FLASH]     /home/mark/silage/16s/pairedReads/5101-156-MS515F-926R_R1.fastq
[FLASH]     /home/mark/silage/16s/pairedReads/5101-156-MS515F-926R_R2.fastq
[FLASH]  
[FLASH] Output files:
[FLASH]     /home/mark/silage/16s/pairedReads/flashed/sample_156.extendedFrags.fastq
[FLASH]     /home/mark/silage/16s/pairedReads/flashed/sample_156.notCombined_1.fastq
[FLASH]     /home/mark/silage/16s/pairedReads/flashed/sample_156.notCombined_2.fastq
[FLASH]     /home/mark/silage/16s/pairedReads/flashed/sample_156.hist
[FLASH]     /home/mark/silage/16s/pairedReads/flashed/sample_156.histogram
[FLASH]  
[FLASH] Parameters:
[FLASH]     Min overlap:           10
[FLASH]     Max overlap:           100
[FLASH]     Max mismatch density:  0.250000
[FLASH]     Allow "outie" pairs:   false
[FLASH]     Cap mismatch quals:    false
[FLASH]     Combiner threads:      8
[FLASH]     Input format:          FASTQ, phred_offset=33
[FLASH]     Output format:         FASTQ, phred_offset=33
[FLASH]  
[FLASH] Starting reader and writer threads
[FLASH] Starting 8 combiner threads
[FLASH] Processed 25000 read pairs
[FLASH] Processed 41502 read pairs
[FLASH]  
[FLASH] Read combination statistics:
[FLASH]     Total pairs:      41502
[FLASH]     Combined pairs:   40855
[FLASH]     Uncombined pairs: 647
[FLASH]     Percent combined: 98.44%
[FLASH]  
[FLASH] Writing histogram files.
[FLASH]  
[FLASH] FLASH v1.2.11 complete!
[FLASH] 0.160 seconds elapsed
Sun Aug 13 13:08:32 EDT 2017 flashing /home/mark/silage/16s/pairedReads/5101-157-MS515F-926R
[FLASH] Starting FLASH v1.2.11
[FLASH] Fast Length Adjustment of SHort reads
[FLASH]  
[FLASH] Input files:
[FLASH]     /home/mark/silage/16s/pairedReads/5101-157-MS515F-926R_R1.fastq
[FLASH]     /home/mark/silage/16s/pairedReads/5101-157-MS515F-926R_R2.fastq
[FLASH]  
[FLASH] Output files:
[FLASH]     /home/mark/silage/16s/pairedReads/flashed/sample_157.extendedFrags.fastq
[FLASH]     /home/mark/silage/16s/pairedReads/flashed/sample_157.notCombined_1.fastq
[FLASH]     /home/mark/silage/16s/pairedReads/flashed/sample_157.notCombined_2.fastq
[FLASH]     /home/mark/silage/16s/pairedReads/flashed/sample_157.hist
[FLASH]     /home/mark/silage/16s/pairedReads/flashed/sample_157.histogram
[FLASH]  
[FLASH] Parameters:
[FLASH]     Min overlap:           10
[FLASH]     Max overlap:           100
[FLASH]     Max mismatch density:  0.250000
[FLASH]     Allow "outie" pairs:   false
[FLASH]     Cap mismatch quals:    false
[FLASH]     Combiner threads:      8
[FLASH]     Input format:          FASTQ, phred_offset=33
[FLASH]     Output format:         FASTQ, phred_offset=33
[FLASH]  
[FLASH] Starting reader and writer threads
[FLASH] Starting 8 combiner threads
[FLASH] Processed 25000 read pairs
[FLASH] Processed 42983 read pairs
[FLASH]  
[FLASH] Read combination statistics:
[FLASH]     Total pairs:      42983
[FLASH]     Combined pairs:   42482
[FLASH]     Uncombined pairs: 501
[FLASH]     Percent combined: 98.83%
[FLASH]  
[FLASH] Writing histogram files.
[FLASH]  
[FLASH] FLASH v1.2.11 complete!
[FLASH] 0.172 seconds elapsed
Sun Aug 13 13:08:32 EDT 2017 flashing /home/mark/silage/16s/pairedReads/5101-158-MS515F-926R
[FLASH] Starting FLASH v1.2.11
[FLASH] Fast Length Adjustment of SHort reads
[FLASH]  
[FLASH] Input files:
[FLASH]     /home/mark/silage/16s/pairedReads/5101-158-MS515F-926R_R1.fastq
[FLASH]     /home/mark/silage/16s/pairedReads/5101-158-MS515F-926R_R2.fastq
[FLASH]  
[FLASH] Output files:
[FLASH]     /home/mark/silage/16s/pairedReads/flashed/sample_158.extendedFrags.fastq
[FLASH]     /home/mark/silage/16s/pairedReads/flashed/sample_158.notCombined_1.fastq
[FLASH]     /home/mark/silage/16s/pairedReads/flashed/sample_158.notCombined_2.fastq
[FLASH]     /home/mark/silage/16s/pairedReads/flashed/sample_158.hist
[FLASH]     /home/mark/silage/16s/pairedReads/flashed/sample_158.histogram
[FLASH]  
[FLASH] Parameters:
[FLASH]     Min overlap:           10
[FLASH]     Max overlap:           100
[FLASH]     Max mismatch density:  0.250000
[FLASH]     Allow "outie" pairs:   false
[FLASH]     Cap mismatch quals:    false
[FLASH]     Combiner threads:      8
[FLASH]     Input format:          FASTQ, phred_offset=33
[FLASH]     Output format:         FASTQ, phred_offset=33
[FLASH]  
[FLASH] Starting reader and writer threads
[FLASH] Starting 8 combiner threads
[FLASH] Processed 25000 read pairs
[FLASH] Processed 33858 read pairs
[FLASH]  
[FLASH] Read combination statistics:
[FLASH]     Total pairs:      33858
[FLASH]     Combined pairs:   33381
[FLASH]     Uncombined pairs: 477
[FLASH]     Percent combined: 98.59%
[FLASH]  
[FLASH] Writing histogram files.
[FLASH]  
[FLASH] FLASH v1.2.11 complete!
[FLASH] 0.154 seconds elapsed
Sun Aug 13 13:08:32 EDT 2017 flashing /home/mark/silage/16s/pairedReads/5101-160-MS515F-926R
[FLASH] Starting FLASH v1.2.11
[FLASH] Fast Length Adjustment of SHort reads
[FLASH]  
[FLASH] Input files:
[FLASH]     /home/mark/silage/16s/pairedReads/5101-160-MS515F-926R_R1.fastq
[FLASH]     /home/mark/silage/16s/pairedReads/5101-160-MS515F-926R_R2.fastq
[FLASH]  
[FLASH] Output files:
[FLASH]     /home/mark/silage/16s/pairedReads/flashed/sample_160.extendedFrags.fastq
[FLASH]     /home/mark/silage/16s/pairedReads/flashed/sample_160.notCombined_1.fastq
[FLASH]     /home/mark/silage/16s/pairedReads/flashed/sample_160.notCombined_2.fastq
[FLASH]     /home/mark/silage/16s/pairedReads/flashed/sample_160.hist
[FLASH]     /home/mark/silage/16s/pairedReads/flashed/sample_160.histogram
[FLASH]  
[FLASH] Parameters:
[FLASH]     Min overlap:           10
[FLASH]     Max overlap:           100
[FLASH]     Max mismatch density:  0.250000
[FLASH]     Allow "outie" pairs:   false
[FLASH]     Cap mismatch quals:    false
[FLASH]     Combiner threads:      8
[FLASH]     Input format:          FASTQ, phred_offset=33
[FLASH]     Output format:         FASTQ, phred_offset=33
[FLASH]  
[FLASH] Starting reader and writer threads
[FLASH] Starting 8 combiner threads
[FLASH] Processed 16712 read pairs
[FLASH]  
[FLASH] Read combination statistics:
[FLASH]     Total pairs:      16712
[FLASH]     Combined pairs:   16489
[FLASH]     Uncombined pairs: 223
[FLASH]     Percent combined: 98.67%
[FLASH]  
[FLASH] Writing histogram files.
[FLASH]  
[FLASH] FLASH v1.2.11 complete!
[FLASH] 0.101 seconds elapsed
Sun Aug 13 13:08:32 EDT 2017 flashing /home/mark/silage/16s/pairedReads/5101-161-MS515F-926R
[FLASH] Starting FLASH v1.2.11
[FLASH] Fast Length Adjustment of SHort reads
[FLASH]  
[FLASH] Input files:
[FLASH]     /home/mark/silage/16s/pairedReads/5101-161-MS515F-926R_R1.fastq
[FLASH]     /home/mark/silage/16s/pairedReads/5101-161-MS515F-926R_R2.fastq
[FLASH]  
[FLASH] Output files:
[FLASH]     /home/mark/silage/16s/pairedReads/flashed/sample_161.extendedFrags.fastq
[FLASH]     /home/mark/silage/16s/pairedReads/flashed/sample_161.notCombined_1.fastq
[FLASH]     /home/mark/silage/16s/pairedReads/flashed/sample_161.notCombined_2.fastq
[FLASH]     /home/mark/silage/16s/pairedReads/flashed/sample_161.hist
[FLASH]     /home/mark/silage/16s/pairedReads/flashed/sample_161.histogram
[FLASH]  
[FLASH] Parameters:
[FLASH]     Min overlap:           10
[FLASH]     Max overlap:           100
[FLASH]     Max mismatch density:  0.250000
[FLASH]     Allow "outie" pairs:   false
[FLASH]     Cap mismatch quals:    false
[FLASH]     Combiner threads:      8
[FLASH]     Input format:          FASTQ, phred_offset=33
[FLASH]     Output format:         FASTQ, phred_offset=33
[FLASH]  
[FLASH] Starting reader and writer threads
[FLASH] Starting 8 combiner threads
[FLASH] Processed 25000 read pairs
[FLASH] Processed 48273 read pairs
[FLASH]  
[FLASH] Read combination statistics:
[FLASH]     Total pairs:      48273
[FLASH]     Combined pairs:   47750
[FLASH]     Uncombined pairs: 523
[FLASH]     Percent combined: 98.92%
[FLASH]  
[FLASH] Writing histogram files.
[FLASH]  
[FLASH] FLASH v1.2.11 complete!
[FLASH] 0.161 seconds elapsed
Sun Aug 13 13:08:32 EDT 2017 flashing /home/mark/silage/16s/pairedReads/5101-162-MS515F-926R
[FLASH] Starting FLASH v1.2.11
[FLASH] Fast Length Adjustment of SHort reads
[FLASH]  
[FLASH] Input files:
[FLASH]     /home/mark/silage/16s/pairedReads/5101-162-MS515F-926R_R1.fastq
[FLASH]     /home/mark/silage/16s/pairedReads/5101-162-MS515F-926R_R2.fastq
[FLASH]  
[FLASH] Output files:
[FLASH]     /home/mark/silage/16s/pairedReads/flashed/sample_162.extendedFrags.fastq
[FLASH]     /home/mark/silage/16s/pairedReads/flashed/sample_162.notCombined_1.fastq
[FLASH]     /home/mark/silage/16s/pairedReads/flashed/sample_162.notCombined_2.fastq
[FLASH]     /home/mark/silage/16s/pairedReads/flashed/sample_162.hist
[FLASH]     /home/mark/silage/16s/pairedReads/flashed/sample_162.histogram
[FLASH]  
[FLASH] Parameters:
[FLASH]     Min overlap:           10
[FLASH]     Max overlap:           100
[FLASH]     Max mismatch density:  0.250000
[FLASH]     Allow "outie" pairs:   false
[FLASH]     Cap mismatch quals:    false
[FLASH]     Combiner threads:      8
[FLASH]     Input format:          FASTQ, phred_offset=33
[FLASH]     Output format:         FASTQ, phred_offset=33
[FLASH]  
[FLASH] Starting reader and writer threads
[FLASH] Starting 8 combiner threads
[FLASH] Processed 25000 read pairs
[FLASH] Processed 41927 read pairs
[FLASH]  
[FLASH] Read combination statistics:
[FLASH]     Total pairs:      41927
[FLASH]     Combined pairs:   41475
[FLASH]     Uncombined pairs: 452
[FLASH]     Percent combined: 98.92%
[FLASH]  
[FLASH] Writing histogram files.
[FLASH]  
[FLASH] FLASH v1.2.11 complete!
[FLASH] 0.152 seconds elapsed
Sun Aug 13 13:08:32 EDT 2017 flashing /home/mark/silage/16s/pairedReads/5101-163-MS515F-926R
[FLASH] Starting FLASH v1.2.11
[FLASH] Fast Length Adjustment of SHort reads
[FLASH]  
[FLASH] Input files:
[FLASH]     /home/mark/silage/16s/pairedReads/5101-163-MS515F-926R_R1.fastq
[FLASH]     /home/mark/silage/16s/pairedReads/5101-163-MS515F-926R_R2.fastq
[FLASH]  
[FLASH] Output files:
[FLASH]     /home/mark/silage/16s/pairedReads/flashed/sample_163.extendedFrags.fastq
[FLASH]     /home/mark/silage/16s/pairedReads/flashed/sample_163.notCombined_1.fastq
[FLASH]     /home/mark/silage/16s/pairedReads/flashed/sample_163.notCombined_2.fastq
[FLASH]     /home/mark/silage/16s/pairedReads/flashed/sample_163.hist
[FLASH]     /home/mark/silage/16s/pairedReads/flashed/sample_163.histogram
[FLASH]  
[FLASH] Parameters:
[FLASH]     Min overlap:           10
[FLASH]     Max overlap:           100
[FLASH]     Max mismatch density:  0.250000
[FLASH]     Allow "outie" pairs:   false
[FLASH]     Cap mismatch quals:    false
[FLASH]     Combiner threads:      8
[FLASH]     Input format:          FASTQ, phred_offset=33
[FLASH]     Output format:         FASTQ, phred_offset=33
[FLASH]  
[FLASH] Starting reader and writer threads
[FLASH] Starting 8 combiner threads
[FLASH] Processed 25000 read pairs
[FLASH] Processed 45556 read pairs
[FLASH]  
[FLASH] Read combination statistics:
[FLASH]     Total pairs:      45556
[FLASH]     Combined pairs:   45054
[FLASH]     Uncombined pairs: 502
[FLASH]     Percent combined: 98.90%
[FLASH]  
[FLASH] Writing histogram files.
[FLASH]  
[FLASH] FLASH v1.2.11 complete!
[FLASH] 0.157 seconds elapsed
Sun Aug 13 13:08:33 EDT 2017 flashing /home/mark/silage/16s/pairedReads/5101-165-MS515F-926R
[FLASH] Starting FLASH v1.2.11
[FLASH] Fast Length Adjustment of SHort reads
[FLASH]  
[FLASH] Input files:
[FLASH]     /home/mark/silage/16s/pairedReads/5101-165-MS515F-926R_R1.fastq
[FLASH]     /home/mark/silage/16s/pairedReads/5101-165-MS515F-926R_R2.fastq
[FLASH]  
[FLASH] Output files:
[FLASH]     /home/mark/silage/16s/pairedReads/flashed/sample_165.extendedFrags.fastq
[FLASH]     /home/mark/silage/16s/pairedReads/flashed/sample_165.notCombined_1.fastq
[FLASH]     /home/mark/silage/16s/pairedReads/flashed/sample_165.notCombined_2.fastq
[FLASH]     /home/mark/silage/16s/pairedReads/flashed/sample_165.hist
[FLASH]     /home/mark/silage/16s/pairedReads/flashed/sample_165.histogram
[FLASH]  
[FLASH] Parameters:
[FLASH]     Min overlap:           10
[FLASH]     Max overlap:           100
[FLASH]     Max mismatch density:  0.250000
[FLASH]     Allow "outie" pairs:   false
[FLASH]     Cap mismatch quals:    false
[FLASH]     Combiner threads:      8
[FLASH]     Input format:          FASTQ, phred_offset=33
[FLASH]     Output format:         FASTQ, phred_offset=33
[FLASH]  
[FLASH] Starting reader and writer threads
[FLASH] Starting 8 combiner threads
[FLASH] Processed 25000 read pairs
[FLASH] Processed 50000 read pairs
[FLASH] Processed 53230 read pairs
[FLASH]  
[FLASH] Read combination statistics:
[FLASH]     Total pairs:      53230
[FLASH]     Combined pairs:   52545
[FLASH]     Uncombined pairs: 685
[FLASH]     Percent combined: 98.71%
[FLASH]  
[FLASH] Writing histogram files.
[FLASH]  
[FLASH] FLASH v1.2.11 complete!
[FLASH] 0.174 seconds elapsed
Sun Aug 13 13:08:33 EDT 2017 flashing /home/mark/silage/16s/pairedReads/5101-166-MS515F-926R
[FLASH] Starting FLASH v1.2.11
[FLASH] Fast Length Adjustment of SHort reads
[FLASH]  
[FLASH] Input files:
[FLASH]     /home/mark/silage/16s/pairedReads/5101-166-MS515F-926R_R1.fastq
[FLASH]     /home/mark/silage/16s/pairedReads/5101-166-MS515F-926R_R2.fastq
[FLASH]  
[FLASH] Output files:
[FLASH]     /home/mark/silage/16s/pairedReads/flashed/sample_166.extendedFrags.fastq
[FLASH]     /home/mark/silage/16s/pairedReads/flashed/sample_166.notCombined_1.fastq
[FLASH]     /home/mark/silage/16s/pairedReads/flashed/sample_166.notCombined_2.fastq
[FLASH]     /home/mark/silage/16s/pairedReads/flashed/sample_166.hist
[FLASH]     /home/mark/silage/16s/pairedReads/flashed/sample_166.histogram
[FLASH]  
[FLASH] Parameters:
[FLASH]     Min overlap:           10
[FLASH]     Max overlap:           100
[FLASH]     Max mismatch density:  0.250000
[FLASH]     Allow "outie" pairs:   false
[FLASH]     Cap mismatch quals:    false
[FLASH]     Combiner threads:      8
[FLASH]     Input format:          FASTQ, phred_offset=33
[FLASH]     Output format:         FASTQ, phred_offset=33
[FLASH]  
[FLASH] Starting reader and writer threads
[FLASH] Starting 8 combiner threads
[FLASH] Processed 25000 read pairs
[FLASH] Processed 50000 read pairs
[FLASH] Processed 57544 read pairs
[FLASH]  
[FLASH] Read combination statistics:
[FLASH]     Total pairs:      57544
[FLASH]     Combined pairs:   56752
[FLASH]     Uncombined pairs: 792
[FLASH]     Percent combined: 98.62%
[FLASH]  
[FLASH] Writing histogram files.
[FLASH]  
[FLASH] FLASH v1.2.11 complete!
[FLASH] 0.189 seconds elapsed
Sun Aug 13 13:08:33 EDT 2017 flashing /home/mark/silage/16s/pairedReads/5101-167-MS515F-926R
[FLASH] Starting FLASH v1.2.11
[FLASH] Fast Length Adjustment of SHort reads
[FLASH]  
[FLASH] Input files:
[FLASH]     /home/mark/silage/16s/pairedReads/5101-167-MS515F-926R_R1.fastq
[FLASH]     /home/mark/silage/16s/pairedReads/5101-167-MS515F-926R_R2.fastq
[FLASH]  
[FLASH] Output files:
[FLASH]     /home/mark/silage/16s/pairedReads/flashed/sample_167.extendedFrags.fastq
[FLASH]     /home/mark/silage/16s/pairedReads/flashed/sample_167.notCombined_1.fastq
[FLASH]     /home/mark/silage/16s/pairedReads/flashed/sample_167.notCombined_2.fastq
[FLASH]     /home/mark/silage/16s/pairedReads/flashed/sample_167.hist
[FLASH]     /home/mark/silage/16s/pairedReads/flashed/sample_167.histogram
[FLASH]  
[FLASH] Parameters:
[FLASH]     Min overlap:           10
[FLASH]     Max overlap:           100
[FLASH]     Max mismatch density:  0.250000
[FLASH]     Allow "outie" pairs:   false
[FLASH]     Cap mismatch quals:    false
[FLASH]     Combiner threads:      8
[FLASH]     Input format:          FASTQ, phred_offset=33
[FLASH]     Output format:         FASTQ, phred_offset=33
[FLASH]  
[FLASH] Starting reader and writer threads
[FLASH] Starting 8 combiner threads
[FLASH] Processed 25000 read pairs
[FLASH] Processed 50000 read pairs
[FLASH] Processed 55017 read pairs
[FLASH]  
[FLASH] Read combination statistics:
[FLASH]     Total pairs:      55017
[FLASH]     Combined pairs:   54247
[FLASH]     Uncombined pairs: 770
[FLASH]     Percent combined: 98.60%
[FLASH]  
[FLASH] Writing histogram files.
[FLASH]  
[FLASH] FLASH v1.2.11 complete!
[FLASH] 0.181 seconds elapsed
Sun Aug 13 13:08:33 EDT 2017 flashing /home/mark/silage/16s/pairedReads/5101-168-MS515F-926R
[FLASH] Starting FLASH v1.2.11
[FLASH] Fast Length Adjustment of SHort reads
[FLASH]  
[FLASH] Input files:
[FLASH]     /home/mark/silage/16s/pairedReads/5101-168-MS515F-926R_R1.fastq
[FLASH]     /home/mark/silage/16s/pairedReads/5101-168-MS515F-926R_R2.fastq
[FLASH]  
[FLASH] Output files:
[FLASH]     /home/mark/silage/16s/pairedReads/flashed/sample_168.extendedFrags.fastq
[FLASH]     /home/mark/silage/16s/pairedReads/flashed/sample_168.notCombined_1.fastq
[FLASH]     /home/mark/silage/16s/pairedReads/flashed/sample_168.notCombined_2.fastq
[FLASH]     /home/mark/silage/16s/pairedReads/flashed/sample_168.hist
[FLASH]     /home/mark/silage/16s/pairedReads/flashed/sample_168.histogram
[FLASH]  
[FLASH] Parameters:
[FLASH]     Min overlap:           10
[FLASH]     Max overlap:           100
[FLASH]     Max mismatch density:  0.250000
[FLASH]     Allow "outie" pairs:   false
[FLASH]     Cap mismatch quals:    false
[FLASH]     Combiner threads:      8
[FLASH]     Input format:          FASTQ, phred_offset=33
[FLASH]     Output format:         FASTQ, phred_offset=33
[FLASH]  
[FLASH] Starting reader and writer threads
[FLASH] Starting 8 combiner threads
[FLASH] Processed 25000 read pairs
[FLASH] Processed 50000 read pairs
[FLASH] Processed 63557 read pairs
[FLASH]  
[FLASH] Read combination statistics:
[FLASH]     Total pairs:      63557
[FLASH]     Combined pairs:   62650
[FLASH]     Uncombined pairs: 907
[FLASH]     Percent combined: 98.57%
[FLASH]  
[FLASH] Writing histogram files.
[FLASH]  
[FLASH] FLASH v1.2.11 complete!
[FLASH] 0.214 seconds elapsed
Sun Aug 13 13:08:33 EDT 2017 flashing /home/mark/silage/16s/pairedReads/5101-170-MS515F-926R
[FLASH] Starting FLASH v1.2.11
[FLASH] Fast Length Adjustment of SHort reads
[FLASH]  
[FLASH] Input files:
[FLASH]     /home/mark/silage/16s/pairedReads/5101-170-MS515F-926R_R1.fastq
[FLASH]     /home/mark/silage/16s/pairedReads/5101-170-MS515F-926R_R2.fastq
[FLASH]  
[FLASH] Output files:
[FLASH]     /home/mark/silage/16s/pairedReads/flashed/sample_170.extendedFrags.fastq
[FLASH]     /home/mark/silage/16s/pairedReads/flashed/sample_170.notCombined_1.fastq
[FLASH]     /home/mark/silage/16s/pairedReads/flashed/sample_170.notCombined_2.fastq
[FLASH]     /home/mark/silage/16s/pairedReads/flashed/sample_170.hist
[FLASH]     /home/mark/silage/16s/pairedReads/flashed/sample_170.histogram
[FLASH]  
[FLASH] Parameters:
[FLASH]     Min overlap:           10
[FLASH]     Max overlap:           100
[FLASH]     Max mismatch density:  0.250000
[FLASH]     Allow "outie" pairs:   false
[FLASH]     Cap mismatch quals:    false
[FLASH]     Combiner threads:      8
[FLASH]     Input format:          FASTQ, phred_offset=33
[FLASH]     Output format:         FASTQ, phred_offset=33
[FLASH]  
[FLASH] Starting reader and writer threads
[FLASH] Starting 8 combiner threads
[FLASH] Processed 25000 read pairs
[FLASH] Processed 50000 read pairs
[FLASH] Processed 59964 read pairs
[FLASH]  
[FLASH] Read combination statistics:
[FLASH]     Total pairs:      59964
[FLASH]     Combined pairs:   59057
[FLASH]     Uncombined pairs: 907
[FLASH]     Percent combined: 98.49%
[FLASH]  
[FLASH] Writing histogram files.
[FLASH]  
[FLASH] FLASH v1.2.11 complete!
[FLASH] 0.206 seconds elapsed
Sun Aug 13 13:08:34 EDT 2017 flashing /home/mark/silage/16s/pairedReads/5101-171-MS515F-926R
[FLASH] Starting FLASH v1.2.11
[FLASH] Fast Length Adjustment of SHort reads
[FLASH]  
[FLASH] Input files:
[FLASH]     /home/mark/silage/16s/pairedReads/5101-171-MS515F-926R_R1.fastq
[FLASH]     /home/mark/silage/16s/pairedReads/5101-171-MS515F-926R_R2.fastq
[FLASH]  
[FLASH] Output files:
[FLASH]     /home/mark/silage/16s/pairedReads/flashed/sample_171.extendedFrags.fastq
[FLASH]     /home/mark/silage/16s/pairedReads/flashed/sample_171.notCombined_1.fastq
[FLASH]     /home/mark/silage/16s/pairedReads/flashed/sample_171.notCombined_2.fastq
[FLASH]     /home/mark/silage/16s/pairedReads/flashed/sample_171.hist
[FLASH]     /home/mark/silage/16s/pairedReads/flashed/sample_171.histogram
[FLASH]  
[FLASH] Parameters:
[FLASH]     Min overlap:           10
[FLASH]     Max overlap:           100
[FLASH]     Max mismatch density:  0.250000
[FLASH]     Allow "outie" pairs:   false
[FLASH]     Cap mismatch quals:    false
[FLASH]     Combiner threads:      8
[FLASH]     Input format:          FASTQ, phred_offset=33
[FLASH]     Output format:         FASTQ, phred_offset=33
[FLASH]  
[FLASH] Starting reader and writer threads
[FLASH] Starting 8 combiner threads
[FLASH] Processed 25000 read pairs
[FLASH] Processed 50000 read pairs
[FLASH] Processed 55070 read pairs
[FLASH]  
[FLASH] Read combination statistics:
[FLASH]     Total pairs:      55070
[FLASH]     Combined pairs:   54244
[FLASH]     Uncombined pairs: 826
[FLASH]     Percent combined: 98.50%
[FLASH]  
[FLASH] Writing histogram files.
[FLASH]  
[FLASH] FLASH v1.2.11 complete!
[FLASH] 0.187 seconds elapsed
Sun Aug 13 13:08:34 EDT 2017 flashing /home/mark/silage/16s/pairedReads/5101-172-MS515F-926R
[FLASH] Starting FLASH v1.2.11
[FLASH] Fast Length Adjustment of SHort reads
[FLASH]  
[FLASH] Input files:
[FLASH]     /home/mark/silage/16s/pairedReads/5101-172-MS515F-926R_R1.fastq
[FLASH]     /home/mark/silage/16s/pairedReads/5101-172-MS515F-926R_R2.fastq
[FLASH]  
[FLASH] Output files:
[FLASH]     /home/mark/silage/16s/pairedReads/flashed/sample_172.extendedFrags.fastq
[FLASH]     /home/mark/silage/16s/pairedReads/flashed/sample_172.notCombined_1.fastq
[FLASH]     /home/mark/silage/16s/pairedReads/flashed/sample_172.notCombined_2.fastq
[FLASH]     /home/mark/silage/16s/pairedReads/flashed/sample_172.hist
[FLASH]     /home/mark/silage/16s/pairedReads/flashed/sample_172.histogram
[FLASH]  
[FLASH] Parameters:
[FLASH]     Min overlap:           10
[FLASH]     Max overlap:           100
[FLASH]     Max mismatch density:  0.250000
[FLASH]     Allow "outie" pairs:   false
[FLASH]     Cap mismatch quals:    false
[FLASH]     Combiner threads:      8
[FLASH]     Input format:          FASTQ, phred_offset=33
[FLASH]     Output format:         FASTQ, phred_offset=33
[FLASH]  
[FLASH] Starting reader and writer threads
[FLASH] Starting 8 combiner threads
[FLASH] Processed 25000 read pairs
[FLASH] Processed 48995 read pairs
[FLASH]  
[FLASH] Read combination statistics:
[FLASH]     Total pairs:      48995
[FLASH]     Combined pairs:   48400
[FLASH]     Uncombined pairs: 595
[FLASH]     Percent combined: 98.79%
[FLASH]  
[FLASH] Writing histogram files.
[FLASH]  
[FLASH] FLASH v1.2.11 complete!
[FLASH] 0.163 seconds elapsed
Sun Aug 13 13:08:34 EDT 2017 flashing /home/mark/silage/16s/pairedReads/5101-173-MS515F-926R
[FLASH] Starting FLASH v1.2.11
[FLASH] Fast Length Adjustment of SHort reads
[FLASH]  
[FLASH] Input files:
[FLASH]     /home/mark/silage/16s/pairedReads/5101-173-MS515F-926R_R1.fastq
[FLASH]     /home/mark/silage/16s/pairedReads/5101-173-MS515F-926R_R2.fastq
[FLASH]  
[FLASH] Output files:
[FLASH]     /home/mark/silage/16s/pairedReads/flashed/sample_173.extendedFrags.fastq
[FLASH]     /home/mark/silage/16s/pairedReads/flashed/sample_173.notCombined_1.fastq
[FLASH]     /home/mark/silage/16s/pairedReads/flashed/sample_173.notCombined_2.fastq
[FLASH]     /home/mark/silage/16s/pairedReads/flashed/sample_173.hist
[FLASH]     /home/mark/silage/16s/pairedReads/flashed/sample_173.histogram
[FLASH]  
[FLASH] Parameters:
[FLASH]     Min overlap:           10
[FLASH]     Max overlap:           100
[FLASH]     Max mismatch density:  0.250000
[FLASH]     Allow "outie" pairs:   false
[FLASH]     Cap mismatch quals:    false
[FLASH]     Combiner threads:      8
[FLASH]     Input format:          FASTQ, phred_offset=33
[FLASH]     Output format:         FASTQ, phred_offset=33
[FLASH]  
[FLASH] Starting reader and writer threads
[FLASH] Starting 8 combiner threads
[FLASH] Processed 25000 read pairs
[FLASH] Processed 48886 read pairs
[FLASH]  
[FLASH] Read combination statistics:
[FLASH]     Total pairs:      48886
[FLASH]     Combined pairs:   48194
[FLASH]     Uncombined pairs: 692
[FLASH]     Percent combined: 98.58%
[FLASH]  
[FLASH] Writing histogram files.
[FLASH]  
[FLASH] FLASH v1.2.11 complete!
[FLASH] 0.160 seconds elapsed
Sun Aug 13 13:08:34 EDT 2017 flashing /home/mark/silage/16s/pairedReads/5101-175-MS515F-926R
[FLASH] Starting FLASH v1.2.11
[FLASH] Fast Length Adjustment of SHort reads
[FLASH]  
[FLASH] Input files:
[FLASH]     /home/mark/silage/16s/pairedReads/5101-175-MS515F-926R_R1.fastq
[FLASH]     /home/mark/silage/16s/pairedReads/5101-175-MS515F-926R_R2.fastq
[FLASH]  
[FLASH] Output files:
[FLASH]     /home/mark/silage/16s/pairedReads/flashed/sample_175.extendedFrags.fastq
[FLASH]     /home/mark/silage/16s/pairedReads/flashed/sample_175.notCombined_1.fastq
[FLASH]     /home/mark/silage/16s/pairedReads/flashed/sample_175.notCombined_2.fastq
[FLASH]     /home/mark/silage/16s/pairedReads/flashed/sample_175.hist
[FLASH]     /home/mark/silage/16s/pairedReads/flashed/sample_175.histogram
[FLASH]  
[FLASH] Parameters:
[FLASH]     Min overlap:           10
[FLASH]     Max overlap:           100
[FLASH]     Max mismatch density:  0.250000
[FLASH]     Allow "outie" pairs:   false
[FLASH]     Cap mismatch quals:    false
[FLASH]     Combiner threads:      8
[FLASH]     Input format:          FASTQ, phred_offset=33
[FLASH]     Output format:         FASTQ, phred_offset=33
[FLASH]  
[FLASH] Starting reader and writer threads
[FLASH] Starting 8 combiner threads
[FLASH] Processed 25000 read pairs
[FLASH] Processed 50000 read pairs
[FLASH] Processed 55285 read pairs
[FLASH]  
[FLASH] Read combination statistics:
[FLASH]     Total pairs:      55285
[FLASH]     Combined pairs:   54504
[FLASH]     Uncombined pairs: 781
[FLASH]     Percent combined: 98.59%
[FLASH]  
[FLASH] Writing histogram files.
[FLASH]  
[FLASH] FLASH v1.2.11 complete!
[FLASH] 0.182 seconds elapsed
Sun Aug 13 13:08:34 EDT 2017 flashing /home/mark/silage/16s/pairedReads/5101-176-MS515F-926R
[FLASH] Starting FLASH v1.2.11
[FLASH] Fast Length Adjustment of SHort reads
[FLASH]  
[FLASH] Input files:
[FLASH]     /home/mark/silage/16s/pairedReads/5101-176-MS515F-926R_R1.fastq
[FLASH]     /home/mark/silage/16s/pairedReads/5101-176-MS515F-926R_R2.fastq
[FLASH]  
[FLASH] Output files:
[FLASH]     /home/mark/silage/16s/pairedReads/flashed/sample_176.extendedFrags.fastq
[FLASH]     /home/mark/silage/16s/pairedReads/flashed/sample_176.notCombined_1.fastq
[FLASH]     /home/mark/silage/16s/pairedReads/flashed/sample_176.notCombined_2.fastq
[FLASH]     /home/mark/silage/16s/pairedReads/flashed/sample_176.hist
[FLASH]     /home/mark/silage/16s/pairedReads/flashed/sample_176.histogram
[FLASH]  
[FLASH] Parameters:
[FLASH]     Min overlap:           10
[FLASH]     Max overlap:           100
[FLASH]     Max mismatch density:  0.250000
[FLASH]     Allow "outie" pairs:   false
[FLASH]     Cap mismatch quals:    false
[FLASH]     Combiner threads:      8
[FLASH]     Input format:          FASTQ, phred_offset=33
[FLASH]     Output format:         FASTQ, phred_offset=33
[FLASH]  
[FLASH] Starting reader and writer threads
[FLASH] Starting 8 combiner threads
[FLASH] Processed 25000 read pairs
[FLASH] Processed 50000 read pairs
[FLASH] Processed 56298 read pairs
[FLASH]  
[FLASH] Read combination statistics:
[FLASH]     Total pairs:      56298
[FLASH]     Combined pairs:   55550
[FLASH]     Uncombined pairs: 748
[FLASH]     Percent combined: 98.67%
[FLASH]  
[FLASH] Writing histogram files.
[FLASH]  
[FLASH] FLASH v1.2.11 complete!
[FLASH] 0.183 seconds elapsed
Sun Aug 13 13:08:34 EDT 2017 flashing /home/mark/silage/16s/pairedReads/5101-177-MS515F-926R
[FLASH] Starting FLASH v1.2.11
[FLASH] Fast Length Adjustment of SHort reads
[FLASH]  
[FLASH] Input files:
[FLASH]     /home/mark/silage/16s/pairedReads/5101-177-MS515F-926R_R1.fastq
[FLASH]     /home/mark/silage/16s/pairedReads/5101-177-MS515F-926R_R2.fastq
[FLASH]  
[FLASH] Output files:
[FLASH]     /home/mark/silage/16s/pairedReads/flashed/sample_177.extendedFrags.fastq
[FLASH]     /home/mark/silage/16s/pairedReads/flashed/sample_177.notCombined_1.fastq
[FLASH]     /home/mark/silage/16s/pairedReads/flashed/sample_177.notCombined_2.fastq
[FLASH]     /home/mark/silage/16s/pairedReads/flashed/sample_177.hist
[FLASH]     /home/mark/silage/16s/pairedReads/flashed/sample_177.histogram
[FLASH]  
[FLASH] Parameters:
[FLASH]     Min overlap:           10
[FLASH]     Max overlap:           100
[FLASH]     Max mismatch density:  0.250000
[FLASH]     Allow "outie" pairs:   false
[FLASH]     Cap mismatch quals:    false
[FLASH]     Combiner threads:      8
[FLASH]     Input format:          FASTQ, phred_offset=33
[FLASH]     Output format:         FASTQ, phred_offset=33
[FLASH]  
[FLASH] Starting reader and writer threads
[FLASH] Starting 8 combiner threads
[FLASH] Processed 25000 read pairs
[FLASH] Processed 50000 read pairs
[FLASH] Processed 53548 read pairs
[FLASH]  
[FLASH] Read combination statistics:
[FLASH]     Total pairs:      53548
[FLASH]     Combined pairs:   52863
[FLASH]     Uncombined pairs: 685
[FLASH]     Percent combined: 98.72%
[FLASH]  
[FLASH] Writing histogram files.
[FLASH]  
[FLASH] FLASH v1.2.11 complete!
[FLASH] 0.185 seconds elapsed
Sun Aug 13 13:08:35 EDT 2017 flashing /home/mark/silage/16s/pairedReads/5101-178-MS515F-926R
[FLASH] Starting FLASH v1.2.11
[FLASH] Fast Length Adjustment of SHort reads
[FLASH]  
[FLASH] Input files:
[FLASH]     /home/mark/silage/16s/pairedReads/5101-178-MS515F-926R_R1.fastq
[FLASH]     /home/mark/silage/16s/pairedReads/5101-178-MS515F-926R_R2.fastq
[FLASH]  
[FLASH] Output files:
[FLASH]     /home/mark/silage/16s/pairedReads/flashed/sample_178.extendedFrags.fastq
[FLASH]     /home/mark/silage/16s/pairedReads/flashed/sample_178.notCombined_1.fastq
[FLASH]     /home/mark/silage/16s/pairedReads/flashed/sample_178.notCombined_2.fastq
[FLASH]     /home/mark/silage/16s/pairedReads/flashed/sample_178.hist
[FLASH]     /home/mark/silage/16s/pairedReads/flashed/sample_178.histogram
[FLASH]  
[FLASH] Parameters:
[FLASH]     Min overlap:           10
[FLASH]     Max overlap:           100
[FLASH]     Max mismatch density:  0.250000
[FLASH]     Allow "outie" pairs:   false
[FLASH]     Cap mismatch quals:    false
[FLASH]     Combiner threads:      8
[FLASH]     Input format:          FASTQ, phred_offset=33
[FLASH]     Output format:         FASTQ, phred_offset=33
[FLASH]  
[FLASH] Starting reader and writer threads
[FLASH] Starting 8 combiner threads
[FLASH] Processed 25000 read pairs
[FLASH] Processed 50000 read pairs
[FLASH] Processed 62241 read pairs
[FLASH]  
[FLASH] Read combination statistics:
[FLASH]     Total pairs:      62241
[FLASH]     Combined pairs:   61340
[FLASH]     Uncombined pairs: 901
[FLASH]     Percent combined: 98.55%
[FLASH]  
[FLASH] Writing histogram files.
[FLASH]  
[FLASH] FLASH v1.2.11 complete!
[FLASH] 0.200 seconds elapsed
Sun Aug 13 13:08:35 EDT 2017 fastqc'ing /home/mark/silage/16s/pairedReads/flashed/extended/sample_146.extendedFrags.fastq
Sun Aug 13 13:08:35 EDT 2017 fastqc'ing /home/mark/silage/16s/pairedReads/flashed/extended/sample_147.extendedFrags.fastq
Sun Aug 13 13:08:35 EDT 2017 fastqc'ing /home/mark/silage/16s/pairedReads/flashed/extended/sample_148.extendedFrags.fastq
Sun Aug 13 13:08:35 EDT 2017 fastqc'ing /home/mark/silage/16s/pairedReads/flashed/extended/sample_150.extendedFrags.fastq
Sun Aug 13 13:08:35 EDT 2017 fastqc'ing /home/mark/silage/16s/pairedReads/flashed/extended/sample_151.extendedFrags.fastq
Sun Aug 13 13:08:35 EDT 2017 fastqc'ing /home/mark/silage/16s/pairedReads/flashed/extended/sample_152.extendedFrags.fastq
Sun Aug 13 13:08:35 EDT 2017 fastqc'ing /home/mark/silage/16s/pairedReads/flashed/extended/sample_153.extendedFrags.fastq
Sun Aug 13 13:08:35 EDT 2017 fastqc'ing /home/mark/silage/16s/pairedReads/flashed/extended/sample_155.extendedFrags.fastq
Sun Aug 13 13:08:35 EDT 2017 fastqc'ing /home/mark/silage/16s/pairedReads/flashed/extended/sample_156.extendedFrags.fastq
Sun Aug 13 13:08:35 EDT 2017 fastqc'ing /home/mark/silage/16s/pairedReads/flashed/extended/sample_157.extendedFrags.fastq
Sun Aug 13 13:08:35 EDT 2017 fastqc'ing /home/mark/silage/16s/pairedReads/flashed/extended/sample_158.extendedFrags.fastq
Sun Aug 13 13:08:35 EDT 2017 fastqc'ing /home/mark/silage/16s/pairedReads/flashed/extended/sample_160.extendedFrags.fastq
Sun Aug 13 13:08:35 EDT 2017 fastqc'ing /home/mark/silage/16s/pairedReads/flashed/extended/sample_161.extendedFrags.fastq
Sun Aug 13 13:08:35 EDT 2017 fastqc'ing /home/mark/silage/16s/pairedReads/flashed/extended/sample_162.extendedFrags.fastq
Sun Aug 13 13:08:35 EDT 2017 fastqc'ing /home/mark/silage/16s/pairedReads/flashed/extended/sample_163.extendedFrags.fastq
Sun Aug 13 13:08:35 EDT 2017 fastqc'ing /home/mark/silage/16s/pairedReads/flashed/extended/sample_165.extendedFrags.fastq
Sun Aug 13 13:08:35 EDT 2017 fastqc'ing /home/mark/silage/16s/pairedReads/flashed/extended/sample_166.extendedFrags.fastq
Sun Aug 13 13:08:35 EDT 2017 fastqc'ing /home/mark/silage/16s/pairedReads/flashed/extended/sample_167.extendedFrags.fastq
Sun Aug 13 13:08:35 EDT 2017 fastqc'ing /home/mark/silage/16s/pairedReads/flashed/extended/sample_168.extendedFrags.fastq
Sun Aug 13 13:08:35 EDT 2017 fastqc'ing /home/mark/silage/16s/pairedReads/flashed/extended/sample_170.extendedFrags.fastq
Sun Aug 13 13:08:35 EDT 2017 fastqc'ing /home/mark/silage/16s/pairedReads/flashed/extended/sample_171.extendedFrags.fastq
Sun Aug 13 13:08:35 EDT 2017 fastqc'ing /home/mark/silage/16s/pairedReads/flashed/extended/sample_172.extendedFrags.fastq
Sun Aug 13 13:08:35 EDT 2017 fastqc'ing /home/mark/silage/16s/pairedReads/flashed/extended/sample_173.extendedFrags.fastq
Sun Aug 13 13:08:35 EDT 2017 fastqc'ing /home/mark/silage/16s/pairedReads/flashed/extended/sample_175.extendedFrags.fastq
Sun Aug 13 13:08:36 EDT 2017 fastqc'ing /home/mark/silage/16s/pairedReads/flashed/extended/sample_176.extendedFrags.fastq
Sun Aug 13 13:08:36 EDT 2017 fastqc'ing /home/mark/silage/16s/pairedReads/flashed/extended/sample_177.extendedFrags.fastq
Sun Aug 13 13:08:36 EDT 2017 fastqc'ing /home/mark/silage/16s/pairedReads/flashed/extended/sample_178.extendedFrags.fastq
Sun Aug 13 13:09:10 EDT 2017 'splitting' 146
Sun Aug 13 13:09:10 EDT 2017 'splitting' 147
Sun Aug 13 13:09:10 EDT 2017 'splitting' 148
Sun Aug 13 13:09:10 EDT 2017 'splitting' 150
Sun Aug 13 13:09:10 EDT 2017 'splitting' 151
Sun Aug 13 13:09:10 EDT 2017 'splitting' 152
Sun Aug 13 13:09:10 EDT 2017 'splitting' 153
Sun Aug 13 13:09:10 EDT 2017 'splitting' 155
Sun Aug 13 13:09:10 EDT 2017 'splitting' 156
Sun Aug 13 13:09:10 EDT 2017 'splitting' 157
Sun Aug 13 13:09:10 EDT 2017 'splitting' 158
Sun Aug 13 13:09:10 EDT 2017 'splitting' 160
Sun Aug 13 13:09:10 EDT 2017 'splitting' 161
Sun Aug 13 13:09:10 EDT 2017 'splitting' 162
Sun Aug 13 13:09:10 EDT 2017 'splitting' 163
Sun Aug 13 13:09:10 EDT 2017 'splitting' 165
Sun Aug 13 13:09:10 EDT 2017 'splitting' 166
Sun Aug 13 13:09:10 EDT 2017 'splitting' 167
Sun Aug 13 13:09:11 EDT 2017 'splitting' 168
Sun Aug 13 13:09:11 EDT 2017 'splitting' 170
Sun Aug 13 13:09:11 EDT 2017 'splitting' 171
Sun Aug 13 13:09:11 EDT 2017 'splitting' 172
Sun Aug 13 13:09:11 EDT 2017 'splitting' 173
Sun Aug 13 13:09:11 EDT 2017 'splitting' 175
Sun Aug 13 13:09:11 EDT 2017 'splitting' 176
Sun Aug 13 13:09:11 EDT 2017 'splitting' 177
Sun Aug 13 13:09:11 EDT 2017 'splitting' 178
Sun Aug 13 13:09:36 EDT 2017 start OTU picking
Sun Aug 13 13:24:56 EDT 2017 OTU picking complete
Num samples: 27
Num observations: 6269
Total count: 1209534
Table density (fraction of non-zero values): 0.110

Counts/sample summary:
 Min: 16078.0
 Max: 60716.0
 Median: 46603.000
 Mean: 44797.556
 Std. dev.: 9995.963
 Sample Metadata Categories: None provided
 Observation Metadata Categories: taxonomy

Counts/sample detail:
160: 16078.0
146: 30206.0
158: 32193.0
148: 33661.0
147: 35163.0
151: 36668.0
153: 38469.0
156: 38638.0
162: 40648.0
157: 41326.0
152: 42510.0
163: 44091.0
155: 45597.0
150: 46603.0
161: 46632.0
173: 46853.0
172: 47015.0
165: 50889.0
177: 51230.0
167: 52685.0
171: 52732.0
175: 53034.0
176: 54085.0
166: 54847.0
170: 57435.0
178: 59530.0
168: 60716.0
Sun Aug 13 13:24:58 EDT 2017 start core diversity
Sun Aug 13 13:29:07 EDT 2017 core diversity complete
configuration from understudy_16s_envvars.sh
export PROJ_GENE_TITLE="understudy_16S"
export PROJ_GENE_HOME="/home/mark/silage/16s"
export DATA_DIR="pairedReads"
export LOG_FILE="/home/mark/silage/understudy_16s.log"

export PAIR_PREFIX="5101-"
export PAIR_SUFFIX="-MS515F-926R"
export R1="_R1"
export R2="_R2"
export FILE_EXT=".fastq"

export FASTQC_PATH="/home/mark/silage/FastQC/fastqc"
export MULTIQC_PATH="multiqc"

export FLASH_PATH="/home/mark/silage/FLASH-1.2.11/flash"
export FLASH_OVERLAP="100"

export FLASHED_DIR="${PROJ_GENE_HOME}/${DATA_DIR}/flashed"
export EXTENDED_DIR="${FLASHED_DIR}/extended"
export PICKED_DIR="${EXTENDED_DIR}/flash_trim_cat_pick"

export QIIME_MAPPING_FILE="/home/mark/silage/map16S_MAM_some_factors.txt"

# look here for sample infomration, except mapping info (esp. barcode and primers)
export SAMPLE_METADATA_FILE="LalStressMicrobiomeInfo.txt"

# not doing any error/dependency checking yet
# not doing and cleanup from previous run yet
# FALSE
export FRESH_LOG="FALSE"
export INITIAL_FASTQC="FALSE"
export INITIAL_MULTIQC="FALSE"
export DO_FLASH="FALSE"
export POST_FLASH_BOTHQC="FALSE"
# export POST_FLASH_FASTQC="TRUE"
# export POST_FLASH_MULTIQC="TRUE"
export DO_QIIME_SPLIT="FALSE"
export DO_QIIME_PICK="FALSE"

export CORE_DIV_MIN_DEPTH=3000
export THREAD_CT=7

export REF_SEQ_FILE="/home/mark/silage/gg_13_8_otus/rep_set/97_otus.fasta"
export OTU_PICK_PARAM_FILE="/home/mark/silage/16s/otu_pick_para.txt"
Num samples: 27
Num observations: 6269
Total count: 1209534
Table density (fraction of non-zero values): 0.110

Counts/sample summary:
 Min: 16078.0
 Max: 60716.0
 Median: 46603.000
 Mean: 44797.556
 Std. dev.: 9995.963
 Sample Metadata Categories: None provided
 Observation Metadata Categories: taxonomy

Counts/sample detail:
160: 16078.0
146: 30206.0
158: 32193.0
148: 33661.0
147: 35163.0
151: 36668.0
153: 38469.0
156: 38638.0
162: 40648.0
157: 41326.0
152: 42510.0
163: 44091.0
155: 45597.0
150: 46603.0
161: 46632.0
173: 46853.0
172: 47015.0
165: 50889.0
177: 51230.0
167: 52685.0
171: 52732.0
175: 53034.0
176: 54085.0
166: 54847.0
170: 57435.0
178: 59530.0
168: 60716.0
Sun Aug 13 13:44:34 EDT 2017 start core diversity
Sun Aug 13 13:44:35 EDT 2017 core diversity complete
configuration from understudy_16s_envvars.sh
export PROJ_GENE_TITLE="understudy_16S"
export PROJ_GENE_HOME="/home/mark/silage/16s"
export DATA_DIR="pairedReads"
export LOG_FILE="/home/mark/silage/understudy_16s.log"

export PAIR_PREFIX="5101-"
export PAIR_SUFFIX="-MS515F-926R"
export R1="_R1"
export R2="_R2"
export FILE_EXT=".fastq"

export FASTQC_PATH="/home/mark/silage/FastQC/fastqc"
export MULTIQC_PATH="multiqc"

export FLASH_PATH="/home/mark/silage/FLASH-1.2.11/flash"
export FLASH_OVERLAP="100"

export FLASHED_DIR="${PROJ_GENE_HOME}/${DATA_DIR}/flashed"
export EXTENDED_DIR="${FLASHED_DIR}/extended"
export PICKED_DIR="${EXTENDED_DIR}/flash_trim_cat_pick"

export QIIME_MAPPING_FILE="/home/mark/silage/map16S_MAM_some_factors.txt"

# look here for sample infomration, except mapping info (esp. barcode and primers)
export SAMPLE_METADATA_FILE="LalStressMicrobiomeInfo.txt"

# not doing any error/dependency checking yet
# not doing and cleanup from previous run yet
# FALSE
export FRESH_LOG="FALSE"
export INITIAL_FASTQC="FALSE"
export INITIAL_MULTIQC="FALSE"
export DO_FLASH="FALSE"
export POST_FLASH_BOTHQC="FALSE"
# export POST_FLASH_FASTQC="TRUE"
# export POST_FLASH_MULTIQC="TRUE"
export DO_QIIME_SPLIT="FALSE"
export DO_QIIME_PICK="FALSE"

export CORE_DIV_MIN_DEPTH=3000
export THREAD_CT=7

export REF_SEQ_FILE="/home/mark/silage/gg_13_8_otus/rep_set/97_otus.fasta"
export OTU_PICK_PARAM_FILE="/home/mark/silage/16s/otu_pick_para.txt"
Num samples: 27
Num observations: 6269
Total count: 1209534
Table density (fraction of non-zero values): 0.110

Counts/sample summary:
 Min: 16078.0
 Max: 60716.0
 Median: 46603.000
 Mean: 44797.556
 Std. dev.: 9995.963
 Sample Metadata Categories: None provided
 Observation Metadata Categories: taxonomy

Counts/sample detail:
160: 16078.0
146: 30206.0
158: 32193.0
148: 33661.0
147: 35163.0
151: 36668.0
153: 38469.0
156: 38638.0
162: 40648.0
157: 41326.0
152: 42510.0
163: 44091.0
155: 45597.0
150: 46603.0
161: 46632.0
173: 46853.0
172: 47015.0
165: 50889.0
177: 51230.0
167: 52685.0
171: 52732.0
175: 53034.0
176: 54085.0
166: 54847.0
170: 57435.0
178: 59530.0
168: 60716.0
Sun Aug 13 13:45:25 EDT 2017 start core diversity
Sun Aug 13 13:45:26 EDT 2017 core diversity complete
configuration from understudy_16s_envvars.sh
export PROJ_GENE_TITLE="understudy_16S"
export PROJ_GENE_HOME="/home/mark/silage/16s"
export DATA_DIR="pairedReads"
export LOG_FILE="/home/mark/silage/understudy_16s.log"

export PAIR_PREFIX="5101-"
export PAIR_SUFFIX="-MS515F-926R"
export R1="_R1"
export R2="_R2"
export FILE_EXT=".fastq"

export FASTQC_PATH="/home/mark/silage/FastQC/fastqc"
export MULTIQC_PATH="multiqc"

export FLASH_PATH="/home/mark/silage/FLASH-1.2.11/flash"
export FLASH_OVERLAP="100"

export FLASHED_DIR="${PROJ_GENE_HOME}/${DATA_DIR}/flashed"
export EXTENDED_DIR="${FLASHED_DIR}/extended"
export PICKED_DIR="${EXTENDED_DIR}/flash_trim_cat_pick"

export QIIME_MAPPING_FILE="/home/mark/silage/map16S_MAM_some_factors.txt"

# look here for sample infomration, except mapping info (esp. barcode and primers)
export SAMPLE_METADATA_FILE="LalStressMicrobiomeInfo.txt"

# not doing any error/dependency checking yet
# not doing and cleanup from previous run yet
# FALSE
export FRESH_LOG="FALSE"
export INITIAL_FASTQC="FALSE"
export INITIAL_MULTIQC="FALSE"
export DO_FLASH="FALSE"
export POST_FLASH_BOTHQC="FALSE"
# export POST_FLASH_FASTQC="TRUE"
# export POST_FLASH_MULTIQC="TRUE"
export DO_QIIME_SPLIT="FALSE"
export DO_QIIME_PICK="FALSE"

export CORE_DIV_MIN_DEPTH=3000
export THREAD_CT=7

export REF_SEQ_FILE="/home/mark/silage/gg_13_8_otus/rep_set/97_otus.fasta"
export OTU_PICK_PARAM_FILE="/home/mark/silage/16s/otu_pick_para.txt"
Num samples: 27
Num observations: 6269
Total count: 1209534
Table density (fraction of non-zero values): 0.110

Counts/sample summary:
 Min: 16078.0
 Max: 60716.0
 Median: 46603.000
 Mean: 44797.556
 Std. dev.: 9995.963
 Sample Metadata Categories: None provided
 Observation Metadata Categories: taxonomy

Counts/sample detail:
160: 16078.0
146: 30206.0
158: 32193.0
148: 33661.0
147: 35163.0
151: 36668.0
153: 38469.0
156: 38638.0
162: 40648.0
157: 41326.0
152: 42510.0
163: 44091.0
155: 45597.0
150: 46603.0
161: 46632.0
173: 46853.0
172: 47015.0
165: 50889.0
177: 51230.0
167: 52685.0
171: 52732.0
175: 53034.0
176: 54085.0
166: 54847.0
170: 57435.0
178: 59530.0
168: 60716.0
Sun Aug 13 13:45:48 EDT 2017 start core diversity
Sun Aug 13 13:56:50 EDT 2017 core diversity complete
