[2017-08-13 13:08:20,753] multiqc                                            [DEBUG  ]  No MultiQC config found: /usr/local/lib/python2.7/dist-packages/multiqc_config.yaml
[2017-08-13 13:08:20,753] multiqc                                            [DEBUG  ]  No MultiQC config found: /home/mark/.multiqc_config.yaml
[2017-08-13 13:08:20,753] multiqc                                            [DEBUG  ]  No MultiQC config found: multiqc_config.yaml
[2017-08-13 13:08:20,753] multiqc                                            [DEBUG  ]  Command used: /usr/local/bin/multiqc /home/mark/silage/16s/pairedReads/fastqc -o /home/mark/silage/16s/pairedReads/multiqc
[2017-08-13 13:08:21,134] multiqc                                            [DEBUG  ]  Latest MultiQC version is v1.1
[2017-08-13 13:08:21,134] multiqc                                            [INFO   ]  This is MultiQC v1.1
[2017-08-13 13:08:21,134] multiqc                                            [DEBUG  ]  Command     : /usr/local/bin/multiqc /home/mark/silage/16s/pairedReads/fastqc -o /home/mark/silage/16s/pairedReads/multiqc
[2017-08-13 13:08:21,134] multiqc                                            [DEBUG  ]  Working dir : /home/mark/silage
[2017-08-13 13:08:21,134] multiqc                                            [INFO   ]  Template    : default
[2017-08-13 13:08:21,134] multiqc                                            [INFO   ]  Searching '/home/mark/silage/16s/pairedReads/fastqc'
[2017-08-13 13:08:21,135] multiqc                                            [DEBUG  ]  Analysing modules: custom_content, conpair, peddy, methylQA, qualimap, preseq, quast, qorts, rna_seqc, rseqc, busco, goleft_indexcov, disambiguate, homer, macs2, theta2, snpeff, gatk, htseq, bcftools, featureCounts, picard, prokka, samblaster, samtools, bamtools, jellyfish, bismark, hicup, salmon, kallisto, slamdunk, star, hisat2, tophat, bowtie2, bowtie1, adapterRemoval, cutadapt, flexbar, trimmomatic, skewer, sortmerna, biobloomtools, fastq_screen, fastqc, clusterflow
[2017-08-13 13:08:21,135] multiqc                                            [DEBUG  ]  Using temporary directory for creating report: /tmp/tmp_tukdh
[2017-08-13 13:08:21,172] multiqc                                            [DEBUG  ]  Ignoring file as matched an ignore pattern: 5101-146-MS515F-926R_R1_fastqc.html
[2017-08-13 13:08:21,173] multiqc                                            [DEBUG  ]  Ignoring file as matched an ignore pattern: 5101-175-MS515F-926R_R2_fastqc.html
[2017-08-13 13:08:21,173] multiqc                                            [DEBUG  ]  Ignoring file as matched an ignore pattern: 5101-166-MS515F-926R_R2_fastqc.html
[2017-08-13 13:08:21,174] multiqc                                            [DEBUG  ]  Ignoring file as matched an ignore pattern: 5101-155-MS515F-926R_R2_fastqc.html
[2017-08-13 13:08:21,174] multiqc                                            [DEBUG  ]  Ignoring file as matched an ignore pattern: 5101-177-MS515F-926R_R1_fastqc.html
[2017-08-13 13:08:21,174] multiqc                                            [DEBUG  ]  Ignoring file as matched an ignore pattern: 5101-173-MS515F-926R_R1_fastqc.html
[2017-08-13 13:08:21,174] multiqc                                            [DEBUG  ]  Ignoring file as matched an ignore pattern: 5101-158-MS515F-926R_R2_fastqc.html
[2017-08-13 13:08:21,174] multiqc                                            [DEBUG  ]  Ignoring file as matched an ignore pattern: 5101-153-MS515F-926R_R1_fastqc.html
[2017-08-13 13:08:21,175] multiqc                                            [DEBUG  ]  Ignoring file as matched an ignore pattern: 5101-173-MS515F-926R_R2_fastqc.html
[2017-08-13 13:08:21,175] multiqc                                            [DEBUG  ]  Ignoring file as matched an ignore pattern: 5101-162-MS515F-926R_R2_fastqc.html
[2017-08-13 13:08:21,175] multiqc                                            [DEBUG  ]  Ignoring file as matched an ignore pattern: 5101-171-MS515F-926R_R1_fastqc.html
[2017-08-13 13:08:21,176] multiqc                                            [DEBUG  ]  Ignoring file as matched an ignore pattern: 5101-148-MS515F-926R_R2_fastqc.html
[2017-08-13 13:08:21,176] multiqc                                            [DEBUG  ]  Ignoring file as matched an ignore pattern: 5101-156-MS515F-926R_R2_fastqc.html
[2017-08-13 13:08:21,176] multiqc                                            [DEBUG  ]  Ignoring file as matched an ignore pattern: 5101-155-MS515F-926R_R1_fastqc.html
[2017-08-13 13:08:21,176] multiqc                                            [DEBUG  ]  Ignoring file as matched an ignore pattern: 5101-153-MS515F-926R_R2_fastqc.html
[2017-08-13 13:08:21,176] multiqc                                            [DEBUG  ]  Ignoring file as matched an ignore pattern: 5101-167-MS515F-926R_R1_fastqc.html
[2017-08-13 13:08:21,177] multiqc                                            [DEBUG  ]  Ignoring file as matched an ignore pattern: 5101-161-MS515F-926R_R2_fastqc.html
[2017-08-13 13:08:21,177] multiqc                                            [DEBUG  ]  Ignoring file as matched an ignore pattern: 5101-157-MS515F-926R_R1_fastqc.html
[2017-08-13 13:08:21,178] multiqc                                            [DEBUG  ]  Ignoring file as matched an ignore pattern: 5101-175-MS515F-926R_R1_fastqc.html
[2017-08-13 13:08:21,179] multiqc                                            [DEBUG  ]  Ignoring file as matched an ignore pattern: 5101-163-MS515F-926R_R1_fastqc.html
[2017-08-13 13:08:21,181] multiqc                                            [DEBUG  ]  Ignoring file as matched an ignore pattern: 5101-167-MS515F-926R_R2_fastqc.html
[2017-08-13 13:08:21,182] multiqc                                            [DEBUG  ]  Ignoring file as matched an ignore pattern: 5101-157-MS515F-926R_R2_fastqc.html
[2017-08-13 13:08:21,183] multiqc                                            [DEBUG  ]  Ignoring file as matched an ignore pattern: 5101-150-MS515F-926R_R1_fastqc.html
[2017-08-13 13:08:21,183] multiqc                                            [DEBUG  ]  Ignoring file as matched an ignore pattern: 5101-178-MS515F-926R_R1_fastqc.html
[2017-08-13 13:08:21,183] multiqc                                            [DEBUG  ]  Ignoring file as matched an ignore pattern: 5101-176-MS515F-926R_R2_fastqc.html
[2017-08-13 13:08:21,184] multiqc                                            [DEBUG  ]  Ignoring file as matched an ignore pattern: 5101-147-MS515F-926R_R1_fastqc.html
[2017-08-13 13:08:21,184] multiqc                                            [DEBUG  ]  Ignoring file as matched an ignore pattern: 5101-151-MS515F-926R_R2_fastqc.html
[2017-08-13 13:08:21,184] multiqc                                            [DEBUG  ]  Ignoring file as matched an ignore pattern: 5101-161-MS515F-926R_R1_fastqc.html
[2017-08-13 13:08:21,185] multiqc                                            [DEBUG  ]  Ignoring file as matched an ignore pattern: 5101-147-MS515F-926R_R2_fastqc.html
[2017-08-13 13:08:21,186] multiqc                                            [DEBUG  ]  Ignoring file as matched an ignore pattern: 5101-171-MS515F-926R_R2_fastqc.html
[2017-08-13 13:08:21,186] multiqc                                            [DEBUG  ]  Ignoring file as matched an ignore pattern: 5101-151-MS515F-926R_R1_fastqc.html
[2017-08-13 13:08:21,187] multiqc                                            [DEBUG  ]  Ignoring file as matched an ignore pattern: 5101-160-MS515F-926R_R1_fastqc.html
[2017-08-13 13:08:21,188] multiqc                                            [DEBUG  ]  Ignoring file as matched an ignore pattern: 5101-168-MS515F-926R_R2_fastqc.html
[2017-08-13 13:08:21,189] multiqc                                            [DEBUG  ]  Ignoring file as matched an ignore pattern: 5101-172-MS515F-926R_R2_fastqc.html
[2017-08-13 13:08:21,191] multiqc                                            [DEBUG  ]  Ignoring file as matched an ignore pattern: 5101-162-MS515F-926R_R1_fastqc.html
[2017-08-13 13:08:21,192] multiqc                                            [DEBUG  ]  Ignoring file as matched an ignore pattern: 5101-176-MS515F-926R_R1_fastqc.html
[2017-08-13 13:08:21,192] multiqc                                            [DEBUG  ]  Ignoring file as matched an ignore pattern: 5101-160-MS515F-926R_R2_fastqc.html
[2017-08-13 13:08:21,193] multiqc                                            [DEBUG  ]  Ignoring file as matched an ignore pattern: 5101-168-MS515F-926R_R1_fastqc.html
[2017-08-13 13:08:21,193] multiqc                                            [DEBUG  ]  Ignoring file as matched an ignore pattern: 5101-150-MS515F-926R_R2_fastqc.html
[2017-08-13 13:08:21,193] multiqc                                            [DEBUG  ]  Ignoring file as matched an ignore pattern: 5101-170-MS515F-926R_R2_fastqc.html
[2017-08-13 13:08:21,194] multiqc                                            [DEBUG  ]  Ignoring file as matched an ignore pattern: 5101-152-MS515F-926R_R2_fastqc.html
[2017-08-13 13:08:21,194] multiqc                                            [DEBUG  ]  Ignoring file as matched an ignore pattern: 5101-165-MS515F-926R_R2_fastqc.html
[2017-08-13 13:08:21,194] multiqc                                            [DEBUG  ]  Ignoring file as matched an ignore pattern: 5101-146-MS515F-926R_R2_fastqc.html
[2017-08-13 13:08:21,196] multiqc                                            [DEBUG  ]  Ignoring file as matched an ignore pattern: 5101-172-MS515F-926R_R1_fastqc.html
[2017-08-13 13:08:21,196] multiqc                                            [DEBUG  ]  Ignoring file as matched an ignore pattern: 5101-158-MS515F-926R_R1_fastqc.html
[2017-08-13 13:08:21,196] multiqc                                            [DEBUG  ]  Ignoring file as matched an ignore pattern: 5101-152-MS515F-926R_R1_fastqc.html
[2017-08-13 13:08:21,197] multiqc                                            [DEBUG  ]  Ignoring file as matched an ignore pattern: 5101-178-MS515F-926R_R2_fastqc.html
[2017-08-13 13:08:21,197] multiqc                                            [DEBUG  ]  Ignoring file as matched an ignore pattern: 5101-148-MS515F-926R_R1_fastqc.html
[2017-08-13 13:08:21,198] multiqc                                            [DEBUG  ]  Ignoring file as matched an ignore pattern: 5101-166-MS515F-926R_R1_fastqc.html
[2017-08-13 13:08:21,198] multiqc                                            [DEBUG  ]  Ignoring file as matched an ignore pattern: 5101-163-MS515F-926R_R2_fastqc.html
[2017-08-13 13:08:21,198] multiqc                                            [DEBUG  ]  Ignoring file as matched an ignore pattern: 5101-170-MS515F-926R_R1_fastqc.html
[2017-08-13 13:08:21,199] multiqc                                            [DEBUG  ]  Ignoring file as matched an ignore pattern: 5101-165-MS515F-926R_R1_fastqc.html
[2017-08-13 13:08:21,199] multiqc                                            [DEBUG  ]  Ignoring file as matched an ignore pattern: 5101-156-MS515F-926R_R1_fastqc.html
[2017-08-13 13:08:21,199] multiqc                                            [DEBUG  ]  Ignoring file as matched an ignore pattern: 5101-177-MS515F-926R_R2_fastqc.html
[2017-08-13 13:08:21,412] multiqc.modules.custom_content.custom_content      [DEBUG  ]  No custom content found
[2017-08-13 13:08:21,414] multiqc.modules.conpair.conpair                    [DEBUG  ]  Could not find any reports in ('/home/mark/silage/16s/pairedReads/fastqc',)
[2017-08-13 13:08:21,416] multiqc.modules.peddy.peddy                        [DEBUG  ]  Could not find any reports in ('/home/mark/silage/16s/pairedReads/fastqc',)
[2017-08-13 13:08:21,418] multiqc.modules.methylQA.methylQA                  [DEBUG  ]  Could not find any reports in ('/home/mark/silage/16s/pairedReads/fastqc',)
[2017-08-13 13:08:21,420] multiqc.modules.qualimap.QM_BamQC                  [DEBUG  ]  Using default Qualimap thresholds: 1, 5, 10, 30, 50
[2017-08-13 13:08:21,421] multiqc.modules.qualimap.qualimap                  [DEBUG  ]  Could not find any reports in ('/home/mark/silage/16s/pairedReads/fastqc',)
[2017-08-13 13:08:21,422] multiqc.modules.preseq.preseq                      [DEBUG  ]  Could not find any preseq data in ('/home/mark/silage/16s/pairedReads/fastqc',)
[2017-08-13 13:08:21,424] multiqc.modules.quast.quast                        [DEBUG  ]  Could not find any reports in ('/home/mark/silage/16s/pairedReads/fastqc',)
[2017-08-13 13:08:21,426] multiqc.modules.qorts.qorts                        [DEBUG  ]  Could not find any QoRTs data in ('/home/mark/silage/16s/pairedReads/fastqc',)
[2017-08-13 13:08:21,428] multiqc.modules.rna_seqc.rna_seqc                  [DEBUG  ]  Could not find any RNA-SeQC data in ('/home/mark/silage/16s/pairedReads/fastqc',)
[2017-08-13 13:08:21,431] multiqc.modules.rseqc.rseqc                        [DEBUG  ]  Could not find any reports in ('/home/mark/silage/16s/pairedReads/fastqc',)
[2017-08-13 13:08:21,433] multiqc.modules.busco.busco                        [DEBUG  ]  Could not find any reports in ('/home/mark/silage/16s/pairedReads/fastqc',)
[2017-08-13 13:08:21,435] multiqc.modules.goleft_indexcov.goleft_indexcov    [DEBUG  ]  Did not find goleft indexcov outputs in ('/home/mark/silage/16s/pairedReads/fastqc',)
[2017-08-13 13:08:21,437] multiqc.modules.disambiguate.disambiguate          [DEBUG  ]  Could not find any data in ('/home/mark/silage/16s/pairedReads/fastqc',)
[2017-08-13 13:08:21,439] multiqc.modules.homer.homer                        [DEBUG  ]  Could not find any reports in ('/home/mark/silage/16s/pairedReads/fastqc',)
[2017-08-13 13:08:21,441] multiqc.modules.macs2.macs2                        [DEBUG  ]  Could not find any MACS2 data in ('/home/mark/silage/16s/pairedReads/fastqc',)
[2017-08-13 13:08:21,443] multiqc.modules.theta2.theta2                      [DEBUG  ]  Could not find any reports in ('/home/mark/silage/16s/pairedReads/fastqc',)
[2017-08-13 13:08:21,445] multiqc.modules.snpeff.snpeff                      [DEBUG  ]  Could not find any data in ('/home/mark/silage/16s/pairedReads/fastqc',)
[2017-08-13 13:08:21,447] multiqc.modules.gatk.gatk                          [DEBUG  ]  Could not find any reports in ('/home/mark/silage/16s/pairedReads/fastqc',)
[2017-08-13 13:08:21,449] multiqc.modules.htseq.htseq                        [DEBUG  ]  Could not find any reports in ('/home/mark/silage/16s/pairedReads/fastqc',)
[2017-08-13 13:08:21,452] multiqc.modules.bcftools.bcftools                  [DEBUG  ]  Could not find any reports in ('/home/mark/silage/16s/pairedReads/fastqc',)
[2017-08-13 13:08:21,453] multiqc.modules.featureCounts.feature_counts       [DEBUG  ]  Could not find any reports in ('/home/mark/silage/16s/pairedReads/fastqc',)
[2017-08-13 13:08:21,458] multiqc.modules.picard.picard                      [DEBUG  ]  Could not find any reports in ('/home/mark/silage/16s/pairedReads/fastqc',)
[2017-08-13 13:08:21,460] multiqc.modules.prokka.prokka                      [DEBUG  ]  Could not find any Prokka data in ('/home/mark/silage/16s/pairedReads/fastqc',)
[2017-08-13 13:08:21,462] multiqc.modules.samblaster.samblaster              [DEBUG  ]  Could not find any data in ('/home/mark/silage/16s/pairedReads/fastqc',)
[2017-08-13 13:08:21,465] multiqc.modules.samtools.samtools                  [DEBUG  ]  Could not find any reports in ('/home/mark/silage/16s/pairedReads/fastqc',)
[2017-08-13 13:08:21,467] multiqc.modules.bamtools.bamtools                  [DEBUG  ]  Could not find any reports in ('/home/mark/silage/16s/pairedReads/fastqc',)
[2017-08-13 13:08:21,469] multiqc.modules.jellyfish.jellyfish                [DEBUG  ]  Could not find any data in ('/home/mark/silage/16s/pairedReads/fastqc',)
[2017-08-13 13:08:21,471] multiqc.modules.bismark.bismark                    [DEBUG  ]  Could not find any reports in ('/home/mark/silage/16s/pairedReads/fastqc',)
[2017-08-13 13:08:21,473] multiqc.modules.hicup.hicup                        [DEBUG  ]  Could not find any HiCUP data in ('/home/mark/silage/16s/pairedReads/fastqc',)
[2017-08-13 13:08:21,475] multiqc.modules.salmon.salmon                      [DEBUG  ]  Could not find any Salmon data in ('/home/mark/silage/16s/pairedReads/fastqc',)
[2017-08-13 13:08:21,477] multiqc.modules.kallisto.kallisto                  [DEBUG  ]  Could not find any reports in ('/home/mark/silage/16s/pairedReads/fastqc',)
[2017-08-13 13:08:21,479] multiqc.modules.slamdunk.slamdunk                  [DEBUG  ]  No slamdunk reports found.
[2017-08-13 13:08:21,481] multiqc.modules.star.star                          [DEBUG  ]  Could not find any reports in ('/home/mark/silage/16s/pairedReads/fastqc',)
[2017-08-13 13:08:21,483] multiqc.modules.hisat2.hisat2                      [DEBUG  ]  Could not find any reports in ('/home/mark/silage/16s/pairedReads/fastqc',)
[2017-08-13 13:08:21,485] multiqc.modules.tophat.tophat                      [DEBUG  ]  Could not find any reports in ('/home/mark/silage/16s/pairedReads/fastqc',)
[2017-08-13 13:08:21,487] multiqc.modules.bowtie2.bowtie2                    [DEBUG  ]  Could not find any reports in ('/home/mark/silage/16s/pairedReads/fastqc',)
[2017-08-13 13:08:21,490] multiqc.modules.bowtie1.bowtie1                    [DEBUG  ]  Could not find any reports in ('/home/mark/silage/16s/pairedReads/fastqc',)
[2017-08-13 13:08:21,491] multiqc.modules.adapterRemoval.adapterRemoval      [DEBUG  ]  Could not find any reports in ('/home/mark/silage/16s/pairedReads/fastqc',)
[2017-08-13 13:08:21,493] multiqc.modules.cutadapt.cutadapt                  [DEBUG  ]  Could not find any reports in ('/home/mark/silage/16s/pairedReads/fastqc',)
[2017-08-13 13:08:21,495] multiqc.modules.flexbar.flexbar                    [DEBUG  ]  Could not find any Flexbar data in ('/home/mark/silage/16s/pairedReads/fastqc',)
[2017-08-13 13:08:21,497] multiqc.modules.trimmomatic.trimmomatic            [DEBUG  ]  Could not find any Trimmomatic data in ('/home/mark/silage/16s/pairedReads/fastqc',)
[2017-08-13 13:08:21,499] multiqc.modules.skewer.skewer                      [DEBUG  ]  Could not find any data in ('/home/mark/silage/16s/pairedReads/fastqc',)
[2017-08-13 13:08:21,500] multiqc.modules.sortmerna.sortmerna                [DEBUG  ]  Could not find any SortMeRNA data in ('/home/mark/silage/16s/pairedReads/fastqc',)
[2017-08-13 13:08:21,502] multiqc.modules.biobloomtools.biobloomtools        [DEBUG  ]  Could not find any reports in ('/home/mark/silage/16s/pairedReads/fastqc',)
[2017-08-13 13:08:21,504] multiqc.modules.fastq_screen.fastq_screen          [DEBUG  ]  Could not find any reports in ('/home/mark/silage/16s/pairedReads/fastqc',)
[2017-08-13 13:08:24,214] multiqc.modules.fastqc.fastqc                      [INFO   ]  Found 54 reports
[2017-08-13 13:08:28,080] multiqc.modules.clusterflow.clusterflow            [DEBUG  ]  Could not find any reports in ('/home/mark/silage/16s/pairedReads/fastqc',)
[2017-08-13 13:08:28,147] multiqc                                            [INFO   ]  Compressing plot data
[2017-08-13 13:08:30,538] multiqc                                            [INFO   ]  Report      : 16s/pairedReads/multiqc/multiqc_report.html
[2017-08-13 13:08:30,538] multiqc                                            [INFO   ]  Data        : 16s/pairedReads/multiqc/multiqc_data
[2017-08-13 13:08:30,538] multiqc                                            [DEBUG  ]  Moving data file from '/tmp/tmp_tukdh/multiqc_data/multiqc_general_stats.txt' to '/home/mark/silage/16s/pairedReads/multiqc/multiqc_data'
[2017-08-13 13:08:30,538] multiqc                                            [DEBUG  ]  Moving data file from '/tmp/tmp_tukdh/multiqc_data/multiqc_sources.txt' to '/home/mark/silage/16s/pairedReads/multiqc/multiqc_data'
[2017-08-13 13:08:30,538] multiqc                                            [DEBUG  ]  Moving data file from '/tmp/tmp_tukdh/multiqc_data/multiqc_fastqc.txt' to '/home/mark/silage/16s/pairedReads/multiqc/multiqc_data'
[2017-08-13 13:08:30,656] multiqc                                            [INFO   ]  MultiQC complete
