[2017-08-27 11:50:47,339] multiqc                                            [DEBUG  ]  No MultiQC config found: /usr/local/lib/python2.7/dist-packages/multiqc_config.yaml
[2017-08-27 11:50:47,340] multiqc                                            [DEBUG  ]  No MultiQC config found: /home/mark/.multiqc_config.yaml
[2017-08-27 11:50:47,340] multiqc                                            [DEBUG  ]  No MultiQC config found: multiqc_config.yaml
[2017-08-27 11:50:47,340] multiqc                                            [DEBUG  ]  Command used: /usr/local/bin/multiqc /home/mark/gitstage/uderica/silage/16s/pairedReads/fastqc -o /home/mark/gitstage/uderica/silage/16s/pairedReads/multiqc
[2017-08-27 11:50:48,249] multiqc                                            [WARNING]  MultiQC Version v1.2 now available!
[2017-08-27 11:50:48,249] multiqc                                            [INFO   ]  This is MultiQC v1.1
[2017-08-27 11:50:48,250] multiqc                                            [DEBUG  ]  Command     : /usr/local/bin/multiqc /home/mark/gitstage/uderica/silage/16s/pairedReads/fastqc -o /home/mark/gitstage/uderica/silage/16s/pairedReads/multiqc
[2017-08-27 11:50:48,250] multiqc                                            [DEBUG  ]  Working dir : /home/mark/gitstage/uderica/silage
[2017-08-27 11:50:48,250] multiqc                                            [INFO   ]  Template    : default
[2017-08-27 11:50:48,250] multiqc                                            [INFO   ]  Searching '/home/mark/gitstage/uderica/silage/16s/pairedReads/fastqc'
[2017-08-27 11:50:48,250] multiqc                                            [DEBUG  ]  Analysing modules: custom_content, conpair, peddy, methylQA, qualimap, preseq, quast, qorts, rna_seqc, rseqc, busco, goleft_indexcov, disambiguate, homer, macs2, theta2, snpeff, gatk, htseq, bcftools, featureCounts, picard, prokka, samblaster, samtools, bamtools, jellyfish, bismark, hicup, salmon, kallisto, slamdunk, star, hisat2, tophat, bowtie2, bowtie1, adapterRemoval, cutadapt, flexbar, trimmomatic, skewer, sortmerna, biobloomtools, fastq_screen, fastqc, clusterflow
[2017-08-27 11:50:48,250] multiqc                                            [DEBUG  ]  Using temporary directory for creating report: /tmp/tmpkcUZYX
[2017-08-27 11:50:48,295] multiqc                                            [DEBUG  ]  Ignoring file as matched an ignore pattern: 5101-146-MS515F-926R_R1_fastqc.html
[2017-08-27 11:50:48,296] multiqc                                            [DEBUG  ]  Ignoring file as matched an ignore pattern: 5101-175-MS515F-926R_R2_fastqc.html
[2017-08-27 11:50:48,296] multiqc                                            [DEBUG  ]  Ignoring file as matched an ignore pattern: 5101-166-MS515F-926R_R2_fastqc.html
[2017-08-27 11:50:48,297] multiqc                                            [DEBUG  ]  Ignoring file as matched an ignore pattern: 5101-155-MS515F-926R_R2_fastqc.html
[2017-08-27 11:50:48,297] multiqc                                            [DEBUG  ]  Ignoring file as matched an ignore pattern: 5101-177-MS515F-926R_R1_fastqc.html
[2017-08-27 11:50:48,297] multiqc                                            [DEBUG  ]  Ignoring file as matched an ignore pattern: 5101-173-MS515F-926R_R1_fastqc.html
[2017-08-27 11:50:48,298] multiqc                                            [DEBUG  ]  Ignoring file as matched an ignore pattern: 5101-158-MS515F-926R_R2_fastqc.html
[2017-08-27 11:50:48,298] multiqc                                            [DEBUG  ]  Ignoring file as matched an ignore pattern: 5101-153-MS515F-926R_R1_fastqc.html
[2017-08-27 11:50:48,298] multiqc                                            [DEBUG  ]  Ignoring file as matched an ignore pattern: 5101-173-MS515F-926R_R2_fastqc.html
[2017-08-27 11:50:48,298] multiqc                                            [DEBUG  ]  Ignoring file as matched an ignore pattern: 5101-162-MS515F-926R_R2_fastqc.html
[2017-08-27 11:50:48,299] multiqc                                            [DEBUG  ]  Ignoring file as matched an ignore pattern: 5101-171-MS515F-926R_R1_fastqc.html
[2017-08-27 11:50:48,299] multiqc                                            [DEBUG  ]  Ignoring file as matched an ignore pattern: 5101-148-MS515F-926R_R2_fastqc.html
[2017-08-27 11:50:48,299] multiqc                                            [DEBUG  ]  Ignoring file as matched an ignore pattern: 5101-156-MS515F-926R_R2_fastqc.html
[2017-08-27 11:50:48,299] multiqc                                            [DEBUG  ]  Ignoring file as matched an ignore pattern: 5101-155-MS515F-926R_R1_fastqc.html
[2017-08-27 11:50:48,300] multiqc                                            [DEBUG  ]  Ignoring file as matched an ignore pattern: 5101-153-MS515F-926R_R2_fastqc.html
[2017-08-27 11:50:48,300] multiqc                                            [DEBUG  ]  Ignoring file as matched an ignore pattern: 5101-167-MS515F-926R_R1_fastqc.html
[2017-08-27 11:50:48,300] multiqc                                            [DEBUG  ]  Ignoring file as matched an ignore pattern: 5101-161-MS515F-926R_R2_fastqc.html
[2017-08-27 11:50:48,300] multiqc                                            [DEBUG  ]  Ignoring file as matched an ignore pattern: 5101-157-MS515F-926R_R1_fastqc.html
[2017-08-27 11:50:48,302] multiqc                                            [DEBUG  ]  Ignoring file as matched an ignore pattern: 5101-175-MS515F-926R_R1_fastqc.html
[2017-08-27 11:50:48,302] multiqc                                            [DEBUG  ]  Ignoring file as matched an ignore pattern: 5101-163-MS515F-926R_R1_fastqc.html
[2017-08-27 11:50:48,304] multiqc                                            [DEBUG  ]  Ignoring file as matched an ignore pattern: 5101-167-MS515F-926R_R2_fastqc.html
[2017-08-27 11:50:48,305] multiqc                                            [DEBUG  ]  Ignoring file as matched an ignore pattern: 5101-157-MS515F-926R_R2_fastqc.html
[2017-08-27 11:50:48,306] multiqc                                            [DEBUG  ]  Ignoring file as matched an ignore pattern: 5101-150-MS515F-926R_R1_fastqc.html
[2017-08-27 11:50:48,306] multiqc                                            [DEBUG  ]  Ignoring file as matched an ignore pattern: 5101-178-MS515F-926R_R1_fastqc.html
[2017-08-27 11:50:48,306] multiqc                                            [DEBUG  ]  Ignoring file as matched an ignore pattern: 5101-176-MS515F-926R_R2_fastqc.html
[2017-08-27 11:50:48,307] multiqc                                            [DEBUG  ]  Ignoring file as matched an ignore pattern: 5101-147-MS515F-926R_R1_fastqc.html
[2017-08-27 11:50:48,307] multiqc                                            [DEBUG  ]  Ignoring file as matched an ignore pattern: 5101-151-MS515F-926R_R2_fastqc.html
[2017-08-27 11:50:48,308] multiqc                                            [DEBUG  ]  Ignoring file as matched an ignore pattern: 5101-161-MS515F-926R_R1_fastqc.html
[2017-08-27 11:50:48,308] multiqc                                            [DEBUG  ]  Ignoring file as matched an ignore pattern: 5101-147-MS515F-926R_R2_fastqc.html
[2017-08-27 11:50:48,309] multiqc                                            [DEBUG  ]  Ignoring file as matched an ignore pattern: 5101-171-MS515F-926R_R2_fastqc.html
[2017-08-27 11:50:48,309] multiqc                                            [DEBUG  ]  Ignoring file as matched an ignore pattern: 5101-151-MS515F-926R_R1_fastqc.html
[2017-08-27 11:50:48,310] multiqc                                            [DEBUG  ]  Ignoring file as matched an ignore pattern: 5101-160-MS515F-926R_R1_fastqc.html
[2017-08-27 11:50:48,311] multiqc                                            [DEBUG  ]  Ignoring file as matched an ignore pattern: 5101-168-MS515F-926R_R2_fastqc.html
[2017-08-27 11:50:48,312] multiqc                                            [DEBUG  ]  Ignoring file as matched an ignore pattern: 5101-172-MS515F-926R_R2_fastqc.html
[2017-08-27 11:50:48,314] multiqc                                            [DEBUG  ]  Ignoring file as matched an ignore pattern: 5101-162-MS515F-926R_R1_fastqc.html
[2017-08-27 11:50:48,314] multiqc                                            [DEBUG  ]  Ignoring file as matched an ignore pattern: 5101-176-MS515F-926R_R1_fastqc.html
[2017-08-27 11:50:48,315] multiqc                                            [DEBUG  ]  Ignoring file as matched an ignore pattern: 5101-160-MS515F-926R_R2_fastqc.html
[2017-08-27 11:50:48,315] multiqc                                            [DEBUG  ]  Ignoring file as matched an ignore pattern: 5101-168-MS515F-926R_R1_fastqc.html
[2017-08-27 11:50:48,316] multiqc                                            [DEBUG  ]  Ignoring file as matched an ignore pattern: 5101-150-MS515F-926R_R2_fastqc.html
[2017-08-27 11:50:48,316] multiqc                                            [DEBUG  ]  Ignoring file as matched an ignore pattern: 5101-170-MS515F-926R_R2_fastqc.html
[2017-08-27 11:50:48,317] multiqc                                            [DEBUG  ]  Ignoring file as matched an ignore pattern: 5101-152-MS515F-926R_R2_fastqc.html
[2017-08-27 11:50:48,317] multiqc                                            [DEBUG  ]  Ignoring file as matched an ignore pattern: 5101-165-MS515F-926R_R2_fastqc.html
[2017-08-27 11:50:48,317] multiqc                                            [DEBUG  ]  Ignoring file as matched an ignore pattern: 5101-146-MS515F-926R_R2_fastqc.html
[2017-08-27 11:50:48,319] multiqc                                            [DEBUG  ]  Ignoring file as matched an ignore pattern: 5101-172-MS515F-926R_R1_fastqc.html
[2017-08-27 11:50:48,319] multiqc                                            [DEBUG  ]  Ignoring file as matched an ignore pattern: 5101-158-MS515F-926R_R1_fastqc.html
[2017-08-27 11:50:48,319] multiqc                                            [DEBUG  ]  Ignoring file as matched an ignore pattern: 5101-152-MS515F-926R_R1_fastqc.html
[2017-08-27 11:50:48,320] multiqc                                            [DEBUG  ]  Ignoring file as matched an ignore pattern: 5101-178-MS515F-926R_R2_fastqc.html
[2017-08-27 11:50:48,320] multiqc                                            [DEBUG  ]  Ignoring file as matched an ignore pattern: 5101-148-MS515F-926R_R1_fastqc.html
[2017-08-27 11:50:48,321] multiqc                                            [DEBUG  ]  Ignoring file as matched an ignore pattern: 5101-166-MS515F-926R_R1_fastqc.html
[2017-08-27 11:50:48,321] multiqc                                            [DEBUG  ]  Ignoring file as matched an ignore pattern: 5101-163-MS515F-926R_R2_fastqc.html
[2017-08-27 11:50:48,321] multiqc                                            [DEBUG  ]  Ignoring file as matched an ignore pattern: 5101-170-MS515F-926R_R1_fastqc.html
[2017-08-27 11:50:48,322] multiqc                                            [DEBUG  ]  Ignoring file as matched an ignore pattern: 5101-165-MS515F-926R_R1_fastqc.html
[2017-08-27 11:50:48,322] multiqc                                            [DEBUG  ]  Ignoring file as matched an ignore pattern: 5101-156-MS515F-926R_R1_fastqc.html
[2017-08-27 11:50:48,322] multiqc                                            [DEBUG  ]  Ignoring file as matched an ignore pattern: 5101-177-MS515F-926R_R2_fastqc.html
[2017-08-27 11:50:48,552] multiqc.modules.custom_content.custom_content      [DEBUG  ]  No custom content found
[2017-08-27 11:50:48,555] multiqc.modules.conpair.conpair                    [DEBUG  ]  Could not find any reports in ('/home/mark/gitstage/uderica/silage/16s/pairedReads/fastqc',)
[2017-08-27 11:50:48,557] multiqc.modules.peddy.peddy                        [DEBUG  ]  Could not find any reports in ('/home/mark/gitstage/uderica/silage/16s/pairedReads/fastqc',)
[2017-08-27 11:50:48,559] multiqc.modules.methylQA.methylQA                  [DEBUG  ]  Could not find any reports in ('/home/mark/gitstage/uderica/silage/16s/pairedReads/fastqc',)
[2017-08-27 11:50:48,562] multiqc.modules.qualimap.QM_BamQC                  [DEBUG  ]  Using default Qualimap thresholds: 1, 5, 10, 30, 50
[2017-08-27 11:50:48,562] multiqc.modules.qualimap.qualimap                  [DEBUG  ]  Could not find any reports in ('/home/mark/gitstage/uderica/silage/16s/pairedReads/fastqc',)
[2017-08-27 11:50:48,564] multiqc.modules.preseq.preseq                      [DEBUG  ]  Could not find any preseq data in ('/home/mark/gitstage/uderica/silage/16s/pairedReads/fastqc',)
[2017-08-27 11:50:48,566] multiqc.modules.quast.quast                        [DEBUG  ]  Could not find any reports in ('/home/mark/gitstage/uderica/silage/16s/pairedReads/fastqc',)
[2017-08-27 11:50:48,568] multiqc.modules.qorts.qorts                        [DEBUG  ]  Could not find any QoRTs data in ('/home/mark/gitstage/uderica/silage/16s/pairedReads/fastqc',)
[2017-08-27 11:50:48,570] multiqc.modules.rna_seqc.rna_seqc                  [DEBUG  ]  Could not find any RNA-SeQC data in ('/home/mark/gitstage/uderica/silage/16s/pairedReads/fastqc',)
[2017-08-27 11:50:48,573] multiqc.modules.rseqc.rseqc                        [DEBUG  ]  Could not find any reports in ('/home/mark/gitstage/uderica/silage/16s/pairedReads/fastqc',)
[2017-08-27 11:50:48,575] multiqc.modules.busco.busco                        [DEBUG  ]  Could not find any reports in ('/home/mark/gitstage/uderica/silage/16s/pairedReads/fastqc',)
[2017-08-27 11:50:48,577] multiqc.modules.goleft_indexcov.goleft_indexcov    [DEBUG  ]  Did not find goleft indexcov outputs in ('/home/mark/gitstage/uderica/silage/16s/pairedReads/fastqc',)
[2017-08-27 11:50:48,579] multiqc.modules.disambiguate.disambiguate          [DEBUG  ]  Could not find any data in ('/home/mark/gitstage/uderica/silage/16s/pairedReads/fastqc',)
[2017-08-27 11:50:48,581] multiqc.modules.homer.homer                        [DEBUG  ]  Could not find any reports in ('/home/mark/gitstage/uderica/silage/16s/pairedReads/fastqc',)
[2017-08-27 11:50:48,583] multiqc.modules.macs2.macs2                        [DEBUG  ]  Could not find any MACS2 data in ('/home/mark/gitstage/uderica/silage/16s/pairedReads/fastqc',)
[2017-08-27 11:50:48,585] multiqc.modules.theta2.theta2                      [DEBUG  ]  Could not find any reports in ('/home/mark/gitstage/uderica/silage/16s/pairedReads/fastqc',)
[2017-08-27 11:50:48,587] multiqc.modules.snpeff.snpeff                      [DEBUG  ]  Could not find any data in ('/home/mark/gitstage/uderica/silage/16s/pairedReads/fastqc',)
[2017-08-27 11:50:48,589] multiqc.modules.gatk.gatk                          [DEBUG  ]  Could not find any reports in ('/home/mark/gitstage/uderica/silage/16s/pairedReads/fastqc',)
[2017-08-27 11:50:48,591] multiqc.modules.htseq.htseq                        [DEBUG  ]  Could not find any reports in ('/home/mark/gitstage/uderica/silage/16s/pairedReads/fastqc',)
[2017-08-27 11:50:48,594] multiqc.modules.bcftools.bcftools                  [DEBUG  ]  Could not find any reports in ('/home/mark/gitstage/uderica/silage/16s/pairedReads/fastqc',)
[2017-08-27 11:50:48,596] multiqc.modules.featureCounts.feature_counts       [DEBUG  ]  Could not find any reports in ('/home/mark/gitstage/uderica/silage/16s/pairedReads/fastqc',)
[2017-08-27 11:50:48,600] multiqc.modules.picard.picard                      [DEBUG  ]  Could not find any reports in ('/home/mark/gitstage/uderica/silage/16s/pairedReads/fastqc',)
[2017-08-27 11:50:48,602] multiqc.modules.prokka.prokka                      [DEBUG  ]  Could not find any Prokka data in ('/home/mark/gitstage/uderica/silage/16s/pairedReads/fastqc',)
[2017-08-27 11:50:48,604] multiqc.modules.samblaster.samblaster              [DEBUG  ]  Could not find any data in ('/home/mark/gitstage/uderica/silage/16s/pairedReads/fastqc',)
[2017-08-27 11:50:48,606] multiqc.modules.samtools.samtools                  [DEBUG  ]  Could not find any reports in ('/home/mark/gitstage/uderica/silage/16s/pairedReads/fastqc',)
[2017-08-27 11:50:48,609] multiqc.modules.bamtools.bamtools                  [DEBUG  ]  Could not find any reports in ('/home/mark/gitstage/uderica/silage/16s/pairedReads/fastqc',)
[2017-08-27 11:50:48,610] multiqc.modules.jellyfish.jellyfish                [DEBUG  ]  Could not find any data in ('/home/mark/gitstage/uderica/silage/16s/pairedReads/fastqc',)
[2017-08-27 11:50:48,613] multiqc.modules.bismark.bismark                    [DEBUG  ]  Could not find any reports in ('/home/mark/gitstage/uderica/silage/16s/pairedReads/fastqc',)
[2017-08-27 11:50:48,615] multiqc.modules.hicup.hicup                        [DEBUG  ]  Could not find any HiCUP data in ('/home/mark/gitstage/uderica/silage/16s/pairedReads/fastqc',)
[2017-08-27 11:50:48,617] multiqc.modules.salmon.salmon                      [DEBUG  ]  Could not find any Salmon data in ('/home/mark/gitstage/uderica/silage/16s/pairedReads/fastqc',)
[2017-08-27 11:50:48,619] multiqc.modules.kallisto.kallisto                  [DEBUG  ]  Could not find any reports in ('/home/mark/gitstage/uderica/silage/16s/pairedReads/fastqc',)
[2017-08-27 11:50:48,621] multiqc.modules.slamdunk.slamdunk                  [DEBUG  ]  No slamdunk reports found.
[2017-08-27 11:50:48,623] multiqc.modules.star.star                          [DEBUG  ]  Could not find any reports in ('/home/mark/gitstage/uderica/silage/16s/pairedReads/fastqc',)
[2017-08-27 11:50:48,625] multiqc.modules.hisat2.hisat2                      [DEBUG  ]  Could not find any reports in ('/home/mark/gitstage/uderica/silage/16s/pairedReads/fastqc',)
[2017-08-27 11:50:48,627] multiqc.modules.tophat.tophat                      [DEBUG  ]  Could not find any reports in ('/home/mark/gitstage/uderica/silage/16s/pairedReads/fastqc',)
[2017-08-27 11:50:48,629] multiqc.modules.bowtie2.bowtie2                    [DEBUG  ]  Could not find any reports in ('/home/mark/gitstage/uderica/silage/16s/pairedReads/fastqc',)
[2017-08-27 11:50:48,631] multiqc.modules.bowtie1.bowtie1                    [DEBUG  ]  Could not find any reports in ('/home/mark/gitstage/uderica/silage/16s/pairedReads/fastqc',)
[2017-08-27 11:50:48,633] multiqc.modules.adapterRemoval.adapterRemoval      [DEBUG  ]  Could not find any reports in ('/home/mark/gitstage/uderica/silage/16s/pairedReads/fastqc',)
[2017-08-27 11:50:48,635] multiqc.modules.cutadapt.cutadapt                  [DEBUG  ]  Could not find any reports in ('/home/mark/gitstage/uderica/silage/16s/pairedReads/fastqc',)
[2017-08-27 11:50:48,637] multiqc.modules.flexbar.flexbar                    [DEBUG  ]  Could not find any Flexbar data in ('/home/mark/gitstage/uderica/silage/16s/pairedReads/fastqc',)
[2017-08-27 11:50:48,639] multiqc.modules.trimmomatic.trimmomatic            [DEBUG  ]  Could not find any Trimmomatic data in ('/home/mark/gitstage/uderica/silage/16s/pairedReads/fastqc',)
[2017-08-27 11:50:48,641] multiqc.modules.skewer.skewer                      [DEBUG  ]  Could not find any data in ('/home/mark/gitstage/uderica/silage/16s/pairedReads/fastqc',)
[2017-08-27 11:50:48,643] multiqc.modules.sortmerna.sortmerna                [DEBUG  ]  Could not find any SortMeRNA data in ('/home/mark/gitstage/uderica/silage/16s/pairedReads/fastqc',)
[2017-08-27 11:50:48,645] multiqc.modules.biobloomtools.biobloomtools        [DEBUG  ]  Could not find any reports in ('/home/mark/gitstage/uderica/silage/16s/pairedReads/fastqc',)
[2017-08-27 11:50:48,647] multiqc.modules.fastq_screen.fastq_screen          [DEBUG  ]  Could not find any reports in ('/home/mark/gitstage/uderica/silage/16s/pairedReads/fastqc',)
[2017-08-27 11:50:51,343] multiqc.modules.fastqc.fastqc                      [INFO   ]  Found 54 reports
[2017-08-27 11:50:55,200] multiqc.modules.clusterflow.clusterflow            [DEBUG  ]  Could not find any reports in ('/home/mark/gitstage/uderica/silage/16s/pairedReads/fastqc',)
[2017-08-27 11:50:55,266] multiqc                                            [INFO   ]  Compressing plot data
[2017-08-27 11:50:57,530] multiqc                                            [INFO   ]  Report      : 16s/pairedReads/multiqc/multiqc_report.html
[2017-08-27 11:50:57,530] multiqc                                            [INFO   ]  Data        : 16s/pairedReads/multiqc/multiqc_data
[2017-08-27 11:50:57,530] multiqc                                            [DEBUG  ]  Moving data file from '/tmp/tmpkcUZYX/multiqc_data/multiqc_general_stats.txt' to '/home/mark/gitstage/uderica/silage/16s/pairedReads/multiqc/multiqc_data'
[2017-08-27 11:50:57,530] multiqc                                            [DEBUG  ]  Moving data file from '/tmp/tmpkcUZYX/multiqc_data/multiqc_sources.txt' to '/home/mark/gitstage/uderica/silage/16s/pairedReads/multiqc/multiqc_data'
[2017-08-27 11:50:57,530] multiqc                                            [DEBUG  ]  Moving data file from '/tmp/tmpkcUZYX/multiqc_data/multiqc_fastqc.txt' to '/home/mark/gitstage/uderica/silage/16s/pairedReads/multiqc/multiqc_data'
[2017-08-27 11:50:57,648] multiqc                                            [INFO   ]  MultiQC complete
