OtuPicker parameters:
Application:uclust
Similarity:0.97
chimeras_retention:union
enable_rev_strand_matching:True
exact:False
max_accepts:1
max_rejects:8
new_cluster_identifier:denovo
next_new_cluster_number:1
optimal:False
output_dir:/home/mark/gitstage/uderica/nordqiime/V-HMC/Bacteria/raw_data_bacteria/pick//step1_otus/POTU_qNtD_
prefilter_identical_sequences:True
presort_by_abundance:True
save_uc_files:True
stable_sort:True
stepwords:8
suppress_new_clusters:True
suppress_sort:True
word_length:8
Reference seqs:/home/mark/gitstage/uderica/nordqiime/gg_13_8_otus/rep_set/97_otus.fasta
Num OTUs:477
Num new OTUs:0
Num failures:23719
Result path: /home/mark/gitstage/uderica/nordqiime/V-HMC/Bacteria/raw_data_bacteria/pick//step1_otus/POTU_qNtD_/POTU_qNtD_.0_otus.txt
OtuPicker parameters:
Application:uclust
Similarity:0.97
chimeras_retention:union
enable_rev_strand_matching:True
exact:False
max_accepts:1
max_rejects:8
new_cluster_identifier:denovo
next_new_cluster_number:1
optimal:False
output_dir:/home/mark/gitstage/uderica/nordqiime/V-HMC/Bacteria/raw_data_bacteria/pick//step1_otus/POTU_qNtD_
prefilter_identical_sequences:True
presort_by_abundance:True
save_uc_files:True
stable_sort:True
stepwords:8
suppress_new_clusters:True
suppress_sort:True
word_length:8
Reference seqs:/home/mark/gitstage/uderica/nordqiime/gg_13_8_otus/rep_set/97_otus.fasta
Num OTUs:484
Num new OTUs:0
Num failures:23572
Result path: /home/mark/gitstage/uderica/nordqiime/V-HMC/Bacteria/raw_data_bacteria/pick//step1_otus/POTU_qNtD_/POTU_qNtD_.1_otus.txt
OtuPicker parameters:
Application:uclust
Similarity:0.97
chimeras_retention:union
enable_rev_strand_matching:True
exact:False
max_accepts:1
max_rejects:8
new_cluster_identifier:denovo
next_new_cluster_number:1
optimal:False
output_dir:/home/mark/gitstage/uderica/nordqiime/V-HMC/Bacteria/raw_data_bacteria/pick//step1_otus/POTU_qNtD_
prefilter_identical_sequences:True
presort_by_abundance:True
save_uc_files:True
stable_sort:True
stepwords:8
suppress_new_clusters:True
suppress_sort:True
word_length:8
Reference seqs:/home/mark/gitstage/uderica/nordqiime/gg_13_8_otus/rep_set/97_otus.fasta
Num OTUs:488
Num new OTUs:0
Num failures:25914
Result path: /home/mark/gitstage/uderica/nordqiime/V-HMC/Bacteria/raw_data_bacteria/pick//step1_otus/POTU_qNtD_/POTU_qNtD_.2_otus.txt
OtuPicker parameters:
Application:uclust
Similarity:0.97
chimeras_retention:union
enable_rev_strand_matching:True
exact:False
max_accepts:1
max_rejects:8
new_cluster_identifier:denovo
next_new_cluster_number:1
optimal:False
output_dir:/home/mark/gitstage/uderica/nordqiime/V-HMC/Bacteria/raw_data_bacteria/pick//step1_otus/POTU_qNtD_
prefilter_identical_sequences:True
presort_by_abundance:True
save_uc_files:True
stable_sort:True
stepwords:8
suppress_new_clusters:True
suppress_sort:True
word_length:8
Reference seqs:/home/mark/gitstage/uderica/nordqiime/gg_13_8_otus/rep_set/97_otus.fasta
Num OTUs:468
Num new OTUs:0
Num failures:22905
Result path: /home/mark/gitstage/uderica/nordqiime/V-HMC/Bacteria/raw_data_bacteria/pick//step1_otus/POTU_qNtD_/POTU_qNtD_.3_otus.txt
OtuPicker parameters:
Application:uclust
Similarity:0.97
chimeras_retention:union
enable_rev_strand_matching:True
exact:False
max_accepts:1
max_rejects:8
new_cluster_identifier:denovo
next_new_cluster_number:1
optimal:False
output_dir:/home/mark/gitstage/uderica/nordqiime/V-HMC/Bacteria/raw_data_bacteria/pick//step1_otus/POTU_qNtD_
prefilter_identical_sequences:True
presort_by_abundance:True
save_uc_files:True
stable_sort:True
stepwords:8
suppress_new_clusters:True
suppress_sort:True
word_length:8
Reference seqs:/home/mark/gitstage/uderica/nordqiime/gg_13_8_otus/rep_set/97_otus.fasta
Num OTUs:493
Num new OTUs:0
Num failures:23160
Result path: /home/mark/gitstage/uderica/nordqiime/V-HMC/Bacteria/raw_data_bacteria/pick//step1_otus/POTU_qNtD_/POTU_qNtD_.4_otus.txt
OtuPicker parameters:
Application:uclust
Similarity:0.97
chimeras_retention:union
enable_rev_strand_matching:True
exact:False
max_accepts:1
max_rejects:8
new_cluster_identifier:denovo
next_new_cluster_number:1
optimal:False
output_dir:/home/mark/gitstage/uderica/nordqiime/V-HMC/Bacteria/raw_data_bacteria/pick//step1_otus/POTU_qNtD_
prefilter_identical_sequences:True
presort_by_abundance:True
save_uc_files:True
stable_sort:True
stepwords:8
suppress_new_clusters:True
suppress_sort:True
word_length:8
Reference seqs:/home/mark/gitstage/uderica/nordqiime/gg_13_8_otus/rep_set/97_otus.fasta
Num OTUs:432
Num new OTUs:0
Num failures:20023
Result path: /home/mark/gitstage/uderica/nordqiime/V-HMC/Bacteria/raw_data_bacteria/pick//step1_otus/POTU_qNtD_/POTU_qNtD_.5_otus.txt
OtuPicker parameters:
Application:uclust
Similarity:0.97
chimeras_retention:union
enable_rev_strand_matching:True
exact:False
max_accepts:1
max_rejects:8
new_cluster_identifier:denovo
next_new_cluster_number:1
optimal:False
output_dir:/home/mark/gitstage/uderica/nordqiime/V-HMC/Bacteria/raw_data_bacteria/pick//step1_otus/POTU_qNtD_
prefilter_identical_sequences:True
presort_by_abundance:True
save_uc_files:True
stable_sort:True
stepwords:8
suppress_new_clusters:True
suppress_sort:True
word_length:8
Reference seqs:/home/mark/gitstage/uderica/nordqiime/gg_13_8_otus/rep_set/97_otus.fasta
Num OTUs:408
Num new OTUs:0
Num failures:22016
Result path: /home/mark/gitstage/uderica/nordqiime/V-HMC/Bacteria/raw_data_bacteria/pick//step1_otus/POTU_qNtD_/POTU_qNtD_.6_otus.txt
