OtuPicker parameters:
Application:uclust
Similarity:0.97
chimeras_retention:union
enable_rev_strand_matching:True
exact:False
max_accepts:1
max_rejects:8
new_cluster_identifier:denovo
next_new_cluster_number:1
optimal:False
output_dir:/home/mark/gitstage/uderica/silage/understudy/Fungi/raw_data_fungi/flashed/extended/flash_trim_cat_pick/step3_otus/POTU_cZfL_
prefilter_identical_sequences:True
presort_by_abundance:True
save_uc_files:True
stable_sort:True
stepwords:8
suppress_new_clusters:True
suppress_sort:True
word_length:8
Reference seqs:/home/mark/gitstage/uderica/silage/understudy/Fungi/raw_data_fungi/flashed/extended/flash_trim_cat_pick/step2_otus/step2_rep_set.fna
Num OTUs:25
Num new OTUs:0
Num failures:4228
Result path: /home/mark/gitstage/uderica/silage/understudy/Fungi/raw_data_fungi/flashed/extended/flash_trim_cat_pick/step3_otus/POTU_cZfL_/POTU_cZfL_.0_otus.txt
OtuPicker parameters:
Application:uclust
Similarity:0.97
chimeras_retention:union
enable_rev_strand_matching:True
exact:False
max_accepts:1
max_rejects:8
new_cluster_identifier:denovo
next_new_cluster_number:1
optimal:False
output_dir:/home/mark/gitstage/uderica/silage/understudy/Fungi/raw_data_fungi/flashed/extended/flash_trim_cat_pick/step3_otus/POTU_cZfL_
prefilter_identical_sequences:True
presort_by_abundance:True
save_uc_files:True
stable_sort:True
stepwords:8
suppress_new_clusters:True
suppress_sort:True
word_length:8
Reference seqs:/home/mark/gitstage/uderica/silage/understudy/Fungi/raw_data_fungi/flashed/extended/flash_trim_cat_pick/step2_otus/step2_rep_set.fna
Num OTUs:23
Num new OTUs:0
Num failures:2329
Result path: /home/mark/gitstage/uderica/silage/understudy/Fungi/raw_data_fungi/flashed/extended/flash_trim_cat_pick/step3_otus/POTU_cZfL_/POTU_cZfL_.1_otus.txt
OtuPicker parameters:
Application:uclust
Similarity:0.97
chimeras_retention:union
enable_rev_strand_matching:True
exact:False
max_accepts:1
max_rejects:8
new_cluster_identifier:denovo
next_new_cluster_number:1
optimal:False
output_dir:/home/mark/gitstage/uderica/silage/understudy/Fungi/raw_data_fungi/flashed/extended/flash_trim_cat_pick/step3_otus/POTU_cZfL_
prefilter_identical_sequences:True
presort_by_abundance:True
save_uc_files:True
stable_sort:True
stepwords:8
suppress_new_clusters:True
suppress_sort:True
word_length:8
Reference seqs:/home/mark/gitstage/uderica/silage/understudy/Fungi/raw_data_fungi/flashed/extended/flash_trim_cat_pick/step2_otus/step2_rep_set.fna
Num OTUs:25
Num new OTUs:0
Num failures:3829
Result path: /home/mark/gitstage/uderica/silage/understudy/Fungi/raw_data_fungi/flashed/extended/flash_trim_cat_pick/step3_otus/POTU_cZfL_/POTU_cZfL_.2_otus.txt
OtuPicker parameters:
Application:uclust
Similarity:0.97
chimeras_retention:union
enable_rev_strand_matching:True
exact:False
max_accepts:1
max_rejects:8
new_cluster_identifier:denovo
next_new_cluster_number:1
optimal:False
output_dir:/home/mark/gitstage/uderica/silage/understudy/Fungi/raw_data_fungi/flashed/extended/flash_trim_cat_pick/step3_otus/POTU_cZfL_
prefilter_identical_sequences:True
presort_by_abundance:True
save_uc_files:True
stable_sort:True
stepwords:8
suppress_new_clusters:True
suppress_sort:True
word_length:8
Reference seqs:/home/mark/gitstage/uderica/silage/understudy/Fungi/raw_data_fungi/flashed/extended/flash_trim_cat_pick/step2_otus/step2_rep_set.fna
Num OTUs:12
Num new OTUs:0
Num failures:633
Result path: /home/mark/gitstage/uderica/silage/understudy/Fungi/raw_data_fungi/flashed/extended/flash_trim_cat_pick/step3_otus/POTU_cZfL_/POTU_cZfL_.3_otus.txt
OtuPicker parameters:
Application:uclust
Similarity:0.97
chimeras_retention:union
enable_rev_strand_matching:True
exact:False
max_accepts:1
max_rejects:8
new_cluster_identifier:denovo
next_new_cluster_number:1
optimal:False
output_dir:/home/mark/gitstage/uderica/silage/understudy/Fungi/raw_data_fungi/flashed/extended/flash_trim_cat_pick/step3_otus/POTU_cZfL_
prefilter_identical_sequences:True
presort_by_abundance:True
save_uc_files:True
stable_sort:True
stepwords:8
suppress_new_clusters:True
suppress_sort:True
word_length:8
Reference seqs:/home/mark/gitstage/uderica/silage/understudy/Fungi/raw_data_fungi/flashed/extended/flash_trim_cat_pick/step2_otus/step2_rep_set.fna
Num OTUs:27
Num new OTUs:0
Num failures:1748
Result path: /home/mark/gitstage/uderica/silage/understudy/Fungi/raw_data_fungi/flashed/extended/flash_trim_cat_pick/step3_otus/POTU_cZfL_/POTU_cZfL_.4_otus.txt
OtuPicker parameters:
Application:uclust
Similarity:0.97
chimeras_retention:union
enable_rev_strand_matching:True
exact:False
max_accepts:1
max_rejects:8
new_cluster_identifier:denovo
next_new_cluster_number:1
optimal:False
output_dir:/home/mark/gitstage/uderica/silage/understudy/Fungi/raw_data_fungi/flashed/extended/flash_trim_cat_pick/step3_otus/POTU_cZfL_
prefilter_identical_sequences:True
presort_by_abundance:True
save_uc_files:True
stable_sort:True
stepwords:8
suppress_new_clusters:True
suppress_sort:True
word_length:8
Reference seqs:/home/mark/gitstage/uderica/silage/understudy/Fungi/raw_data_fungi/flashed/extended/flash_trim_cat_pick/step2_otus/step2_rep_set.fna
Num OTUs:8
Num new OTUs:0
Num failures:459
Result path: /home/mark/gitstage/uderica/silage/understudy/Fungi/raw_data_fungi/flashed/extended/flash_trim_cat_pick/step3_otus/POTU_cZfL_/POTU_cZfL_.5_otus.txt
