OtuPicker parameters:
Application:uclust
Similarity:0.97
chimeras_retention:union
enable_rev_strand_matching:True
exact:False
max_accepts:1
max_rejects:8
new_cluster_identifier:denovo
next_new_cluster_number:1
optimal:False
output_dir:/home/mark/silage/16s/pairedReads/flashed/extended/flash_trim_cat_pick/step1_otus/POTU_Gtkp_
prefilter_identical_sequences:True
presort_by_abundance:True
save_uc_files:True
stable_sort:True
stepwords:8
suppress_new_clusters:True
suppress_sort:True
word_length:8
Reference seqs:/home/mark/silage/gg_13_8_otus/rep_set/97_otus.fasta
Num OTUs:1180
Num new OTUs:0
Num failures:29022
Result path: /home/mark/silage/16s/pairedReads/flashed/extended/flash_trim_cat_pick/step1_otus/POTU_Gtkp_/POTU_Gtkp_.0_otus.txt
OtuPicker parameters:
Application:uclust
Similarity:0.97
chimeras_retention:union
enable_rev_strand_matching:True
exact:False
max_accepts:1
max_rejects:8
new_cluster_identifier:denovo
next_new_cluster_number:1
optimal:False
output_dir:/home/mark/silage/16s/pairedReads/flashed/extended/flash_trim_cat_pick/step1_otus/POTU_Gtkp_
prefilter_identical_sequences:True
presort_by_abundance:True
save_uc_files:True
stable_sort:True
stepwords:8
suppress_new_clusters:True
suppress_sort:True
word_length:8
Reference seqs:/home/mark/silage/gg_13_8_otus/rep_set/97_otus.fasta
Num OTUs:305
Num new OTUs:0
Num failures:12282
Result path: /home/mark/silage/16s/pairedReads/flashed/extended/flash_trim_cat_pick/step1_otus/POTU_Gtkp_/POTU_Gtkp_.1_otus.txt
OtuPicker parameters:
Application:uclust
Similarity:0.97
chimeras_retention:union
enable_rev_strand_matching:True
exact:False
max_accepts:1
max_rejects:8
new_cluster_identifier:denovo
next_new_cluster_number:1
optimal:False
output_dir:/home/mark/silage/16s/pairedReads/flashed/extended/flash_trim_cat_pick/step1_otus/POTU_Gtkp_
prefilter_identical_sequences:True
presort_by_abundance:True
save_uc_files:True
stable_sort:True
stepwords:8
suppress_new_clusters:True
suppress_sort:True
word_length:8
Reference seqs:/home/mark/silage/gg_13_8_otus/rep_set/97_otus.fasta
Num OTUs:588
Num new OTUs:0
Num failures:11510
Result path: /home/mark/silage/16s/pairedReads/flashed/extended/flash_trim_cat_pick/step1_otus/POTU_Gtkp_/POTU_Gtkp_.2_otus.txt
OtuPicker parameters:
Application:uclust
Similarity:0.97
chimeras_retention:union
enable_rev_strand_matching:True
exact:False
max_accepts:1
max_rejects:8
new_cluster_identifier:denovo
next_new_cluster_number:1
optimal:False
output_dir:/home/mark/silage/16s/pairedReads/flashed/extended/flash_trim_cat_pick/step1_otus/POTU_Gtkp_
prefilter_identical_sequences:True
presort_by_abundance:True
save_uc_files:True
stable_sort:True
stepwords:8
suppress_new_clusters:True
suppress_sort:True
word_length:8
Reference seqs:/home/mark/silage/gg_13_8_otus/rep_set/97_otus.fasta
Num OTUs:621
Num new OTUs:0
Num failures:15674
Result path: /home/mark/silage/16s/pairedReads/flashed/extended/flash_trim_cat_pick/step1_otus/POTU_Gtkp_/POTU_Gtkp_.3_otus.txt
OtuPicker parameters:
Application:uclust
Similarity:0.97
chimeras_retention:union
enable_rev_strand_matching:True
exact:False
max_accepts:1
max_rejects:8
new_cluster_identifier:denovo
next_new_cluster_number:1
optimal:False
output_dir:/home/mark/silage/16s/pairedReads/flashed/extended/flash_trim_cat_pick/step1_otus/POTU_Gtkp_
prefilter_identical_sequences:True
presort_by_abundance:True
save_uc_files:True
stable_sort:True
stepwords:8
suppress_new_clusters:True
suppress_sort:True
word_length:8
Reference seqs:/home/mark/silage/gg_13_8_otus/rep_set/97_otus.fasta
Num OTUs:272
Num new OTUs:0
Num failures:9085
Result path: /home/mark/silage/16s/pairedReads/flashed/extended/flash_trim_cat_pick/step1_otus/POTU_Gtkp_/POTU_Gtkp_.4_otus.txt
OtuPicker parameters:
Application:uclust
Similarity:0.97
chimeras_retention:union
enable_rev_strand_matching:True
exact:False
max_accepts:1
max_rejects:8
new_cluster_identifier:denovo
next_new_cluster_number:1
optimal:False
output_dir:/home/mark/silage/16s/pairedReads/flashed/extended/flash_trim_cat_pick/step1_otus/POTU_Gtkp_
prefilter_identical_sequences:True
presort_by_abundance:True
save_uc_files:True
stable_sort:True
stepwords:8
suppress_new_clusters:True
suppress_sort:True
word_length:8
Reference seqs:/home/mark/silage/gg_13_8_otus/rep_set/97_otus.fasta
Num OTUs:451
Num new OTUs:0
Num failures:11474
Result path: /home/mark/silage/16s/pairedReads/flashed/extended/flash_trim_cat_pick/step1_otus/POTU_Gtkp_/POTU_Gtkp_.5_otus.txt
OtuPicker parameters:
Application:uclust
Similarity:0.97
chimeras_retention:union
enable_rev_strand_matching:True
exact:False
max_accepts:1
max_rejects:8
new_cluster_identifier:denovo
next_new_cluster_number:1
optimal:False
output_dir:/home/mark/silage/16s/pairedReads/flashed/extended/flash_trim_cat_pick/step1_otus/POTU_Gtkp_
prefilter_identical_sequences:True
presort_by_abundance:True
save_uc_files:True
stable_sort:True
stepwords:8
suppress_new_clusters:True
suppress_sort:True
word_length:8
Reference seqs:/home/mark/silage/gg_13_8_otus/rep_set/97_otus.fasta
Num OTUs:388
Num new OTUs:0
Num failures:15560
Result path: /home/mark/silage/16s/pairedReads/flashed/extended/flash_trim_cat_pick/step1_otus/POTU_Gtkp_/POTU_Gtkp_.6_otus.txt
