OtuPicker parameters:
Application:uclust
Similarity:0.97
chimeras_retention:union
enable_rev_strand_matching:True
exact:False
max_accepts:1
max_rejects:8
new_cluster_identifier:denovo
next_new_cluster_number:1
optimal:False
output_dir:/home/mark/silage/16s/pairedReads/flashed/extended/flash_trim_cat_pick/step3_otus/POTU_NYhG_
prefilter_identical_sequences:True
presort_by_abundance:True
save_uc_files:True
stable_sort:True
stepwords:8
suppress_new_clusters:True
suppress_sort:True
word_length:8
Reference seqs:/home/mark/silage/16s/pairedReads/flashed/extended/flash_trim_cat_pick/step2_otus/step2_rep_set.fna
Num OTUs:35
Num new OTUs:0
Num failures:12457
Result path: /home/mark/silage/16s/pairedReads/flashed/extended/flash_trim_cat_pick/step3_otus/POTU_NYhG_/POTU_NYhG_.0_otus.txt
OtuPicker parameters:
Application:uclust
Similarity:0.97
chimeras_retention:union
enable_rev_strand_matching:True
exact:False
max_accepts:1
max_rejects:8
new_cluster_identifier:denovo
next_new_cluster_number:1
optimal:False
output_dir:/home/mark/silage/16s/pairedReads/flashed/extended/flash_trim_cat_pick/step3_otus/POTU_NYhG_
prefilter_identical_sequences:True
presort_by_abundance:True
save_uc_files:True
stable_sort:True
stepwords:8
suppress_new_clusters:True
suppress_sort:True
word_length:8
Reference seqs:/home/mark/silage/16s/pairedReads/flashed/extended/flash_trim_cat_pick/step2_otus/step2_rep_set.fna
Num OTUs:27
Num new OTUs:0
Num failures:14230
Result path: /home/mark/silage/16s/pairedReads/flashed/extended/flash_trim_cat_pick/step3_otus/POTU_NYhG_/POTU_NYhG_.1_otus.txt
OtuPicker parameters:
Application:uclust
Similarity:0.97
chimeras_retention:union
enable_rev_strand_matching:True
exact:False
max_accepts:1
max_rejects:8
new_cluster_identifier:denovo
next_new_cluster_number:1
optimal:False
output_dir:/home/mark/silage/16s/pairedReads/flashed/extended/flash_trim_cat_pick/step3_otus/POTU_NYhG_
prefilter_identical_sequences:True
presort_by_abundance:True
save_uc_files:True
stable_sort:True
stepwords:8
suppress_new_clusters:True
suppress_sort:True
word_length:8
Reference seqs:/home/mark/silage/16s/pairedReads/flashed/extended/flash_trim_cat_pick/step2_otus/step2_rep_set.fna
Num OTUs:31
Num new OTUs:0
Num failures:9978
Result path: /home/mark/silage/16s/pairedReads/flashed/extended/flash_trim_cat_pick/step3_otus/POTU_NYhG_/POTU_NYhG_.2_otus.txt
OtuPicker parameters:
Application:uclust
Similarity:0.97
chimeras_retention:union
enable_rev_strand_matching:True
exact:False
max_accepts:1
max_rejects:8
new_cluster_identifier:denovo
next_new_cluster_number:1
optimal:False
output_dir:/home/mark/silage/16s/pairedReads/flashed/extended/flash_trim_cat_pick/step3_otus/POTU_NYhG_
prefilter_identical_sequences:True
presort_by_abundance:True
save_uc_files:True
stable_sort:True
stepwords:8
suppress_new_clusters:True
suppress_sort:True
word_length:8
Reference seqs:/home/mark/silage/16s/pairedReads/flashed/extended/flash_trim_cat_pick/step2_otus/step2_rep_set.fna
Num OTUs:39
Num new OTUs:0
Num failures:12844
Result path: /home/mark/silage/16s/pairedReads/flashed/extended/flash_trim_cat_pick/step3_otus/POTU_NYhG_/POTU_NYhG_.3_otus.txt
OtuPicker parameters:
Application:uclust
Similarity:0.97
chimeras_retention:union
enable_rev_strand_matching:True
exact:False
max_accepts:1
max_rejects:8
new_cluster_identifier:denovo
next_new_cluster_number:1
optimal:False
output_dir:/home/mark/silage/16s/pairedReads/flashed/extended/flash_trim_cat_pick/step3_otus/POTU_NYhG_
prefilter_identical_sequences:True
presort_by_abundance:True
save_uc_files:True
stable_sort:True
stepwords:8
suppress_new_clusters:True
suppress_sort:True
word_length:8
Reference seqs:/home/mark/silage/16s/pairedReads/flashed/extended/flash_trim_cat_pick/step2_otus/step2_rep_set.fna
Num OTUs:31
Num new OTUs:0
Num failures:10414
Result path: /home/mark/silage/16s/pairedReads/flashed/extended/flash_trim_cat_pick/step3_otus/POTU_NYhG_/POTU_NYhG_.4_otus.txt
OtuPicker parameters:
Application:uclust
Similarity:0.97
chimeras_retention:union
enable_rev_strand_matching:True
exact:False
max_accepts:1
max_rejects:8
new_cluster_identifier:denovo
next_new_cluster_number:1
optimal:False
output_dir:/home/mark/silage/16s/pairedReads/flashed/extended/flash_trim_cat_pick/step3_otus/POTU_NYhG_
prefilter_identical_sequences:True
presort_by_abundance:True
save_uc_files:True
stable_sort:True
stepwords:8
suppress_new_clusters:True
suppress_sort:True
word_length:8
Reference seqs:/home/mark/silage/16s/pairedReads/flashed/extended/flash_trim_cat_pick/step2_otus/step2_rep_set.fna
Num OTUs:31
Num new OTUs:0
Num failures:10862
Result path: /home/mark/silage/16s/pairedReads/flashed/extended/flash_trim_cat_pick/step3_otus/POTU_NYhG_/POTU_NYhG_.5_otus.txt
OtuPicker parameters:
Application:uclust
Similarity:0.97
chimeras_retention:union
enable_rev_strand_matching:True
exact:False
max_accepts:1
max_rejects:8
new_cluster_identifier:denovo
next_new_cluster_number:1
optimal:False
output_dir:/home/mark/silage/16s/pairedReads/flashed/extended/flash_trim_cat_pick/step3_otus/POTU_NYhG_
prefilter_identical_sequences:True
presort_by_abundance:True
save_uc_files:True
stable_sort:True
stepwords:8
suppress_new_clusters:True
suppress_sort:True
word_length:8
Reference seqs:/home/mark/silage/16s/pairedReads/flashed/extended/flash_trim_cat_pick/step2_otus/step2_rep_set.fna
Num OTUs:34
Num new OTUs:0
Num failures:9357
Result path: /home/mark/silage/16s/pairedReads/flashed/extended/flash_trim_cat_pick/step3_otus/POTU_NYhG_/POTU_NYhG_.6_otus.txt
