[2017-09-02 09:38:58,527] multiqc                                            [DEBUG  ]  No MultiQC config found: /usr/local/lib/python2.7/dist-packages/multiqc_config.yaml
[2017-09-02 09:38:58,527] multiqc                                            [DEBUG  ]  No MultiQC config found: /home/mark/.multiqc_config.yaml
[2017-09-02 09:38:58,528] multiqc                                            [DEBUG  ]  Loading config settings from: multiqc_config.yaml
[2017-09-02 09:38:58,528] multiqc                                            [DEBUG  ]  New config 'read_count_prefix': K
[2017-09-02 09:38:58,529] multiqc                                            [DEBUG  ]  New config 'read_count_multiplier': 0.001
[2017-09-02 09:38:58,529] multiqc                                            [DEBUG  ]  New config 'read_count_desc': thousands
[2017-09-02 09:38:58,530] multiqc                                            [DEBUG  ]  Loading config settings from: /home/mark/gitstage/uderica/silage/multiqc_config.yaml
[2017-09-02 09:38:58,530] multiqc                                            [DEBUG  ]  New config 'read_count_prefix': K
[2017-09-02 09:38:58,530] multiqc                                            [DEBUG  ]  New config 'read_count_multiplier': 0.001
[2017-09-02 09:38:58,530] multiqc                                            [DEBUG  ]  New config 'read_count_desc': thousands
[2017-09-02 09:38:58,530] multiqc                                            [DEBUG  ]  Command used: /usr/local/bin/multiqc --config /home/mark/gitstage/uderica/silage/multiqc_config.yaml /home/mark/gitstage/uderica/silage/V-HMC/Fungi/raw_data_fungi/fastqc -o /home/mark/gitstage/uderica/silage/V-HMC/Fungi/raw_data_fungi/multiqc
[2017-09-02 09:38:59,037] multiqc                                            [WARNING]  MultiQC Version v1.2 now available!
[2017-09-02 09:38:59,037] multiqc                                            [INFO   ]  This is MultiQC v1.1
[2017-09-02 09:38:59,038] multiqc                                            [DEBUG  ]  Command     : /usr/local/bin/multiqc --config /home/mark/gitstage/uderica/silage/multiqc_config.yaml /home/mark/gitstage/uderica/silage/V-HMC/Fungi/raw_data_fungi/fastqc -o /home/mark/gitstage/uderica/silage/V-HMC/Fungi/raw_data_fungi/multiqc
[2017-09-02 09:38:59,038] multiqc                                            [DEBUG  ]  Working dir : /home/mark/gitstage/uderica/silage
[2017-09-02 09:38:59,038] multiqc                                            [INFO   ]  Template    : default
[2017-09-02 09:38:59,038] multiqc                                            [INFO   ]  Searching '/home/mark/gitstage/uderica/silage/V-HMC/Fungi/raw_data_fungi/fastqc'
[2017-09-02 09:38:59,039] multiqc                                            [DEBUG  ]  Analysing modules: custom_content, conpair, peddy, methylQA, qualimap, preseq, quast, qorts, rna_seqc, rseqc, busco, goleft_indexcov, disambiguate, homer, macs2, theta2, snpeff, gatk, htseq, bcftools, featureCounts, picard, prokka, samblaster, samtools, bamtools, jellyfish, bismark, hicup, salmon, kallisto, slamdunk, star, hisat2, tophat, bowtie2, bowtie1, adapterRemoval, cutadapt, flexbar, trimmomatic, skewer, sortmerna, biobloomtools, fastq_screen, fastqc, clusterflow
[2017-09-02 09:38:59,039] multiqc                                            [DEBUG  ]  Using temporary directory for creating report: /tmp/tmpeJDSM3
[2017-09-02 09:38:59,066] multiqc                                            [DEBUG  ]  Ignoring file as matched an ignore pattern: 4924-832-MSITS2a_R2_fastqc.html
[2017-09-02 09:38:59,076] multiqc                                            [DEBUG  ]  Ignoring file as matched an ignore pattern: 5101-1020-MSITS2a_R2_fastqc.html
[2017-09-02 09:38:59,076] multiqc                                            [DEBUG  ]  Ignoring file as matched an ignore pattern: 4924-441-MSITS2a_R2_fastqc.html
[2017-09-02 09:38:59,077] multiqc                                            [DEBUG  ]  Ignoring file as matched an ignore pattern: 5101-757-MSITS2a_R2_fastqc.html
[2017-09-02 09:38:59,077] multiqc                                            [DEBUG  ]  Ignoring file as matched an ignore pattern: 4924-844-MSITS2a_R1_fastqc.html
[2017-09-02 09:38:59,077] multiqc                                            [DEBUG  ]  Ignoring file as matched an ignore pattern: 4924-425-MSITS2a_R1_fastqc.html
[2017-09-02 09:38:59,078] multiqc                                            [DEBUG  ]  Ignoring file as matched an ignore pattern: 5101-1157-MSITS2a_R1_fastqc.html
[2017-09-02 09:38:59,078] multiqc                                            [DEBUG  ]  Ignoring file as matched an ignore pattern: 4924-839-MSITS2a_R1_fastqc.html
[2017-09-02 09:38:59,078] multiqc                                            [DEBUG  ]  Ignoring file as matched an ignore pattern: 5101-1141-MSITS2a_R2_fastqc.html
[2017-09-02 09:38:59,078] multiqc                                            [DEBUG  ]  Ignoring file as matched an ignore pattern: 5101-1034-MSITS2a_R2_fastqc.html
[2017-09-02 09:38:59,079] multiqc                                            [DEBUG  ]  Ignoring file as matched an ignore pattern: 5101-458-MSITS2a_R2_fastqc.html
[2017-09-02 09:38:59,079] multiqc                                            [DEBUG  ]  Ignoring file as matched an ignore pattern: 4924-432-MSITS2a_R2_fastqc.html
[2017-09-02 09:38:59,079] multiqc                                            [DEBUG  ]  Ignoring file as matched an ignore pattern: 5101-1142-MSITS2a_R2_fastqc.html
[2017-09-02 09:38:59,079] multiqc                                            [DEBUG  ]  Ignoring file as matched an ignore pattern: 5101-1158-MSITS2a_R1_fastqc.html
[2017-09-02 09:38:59,079] multiqc                                            [DEBUG  ]  Ignoring file as matched an ignore pattern: 5101-757-MSITS2a_R1_fastqc.html
[2017-09-02 09:38:59,080] multiqc                                            [DEBUG  ]  Ignoring file as matched an ignore pattern: 5101-1016-MSITS2a_R2_fastqc.html
[2017-09-02 09:38:59,080] multiqc                                            [DEBUG  ]  Ignoring file as matched an ignore pattern: 4924-839-MSITS2a_R2_fastqc.html
[2017-09-02 09:38:59,080] multiqc                                            [DEBUG  ]  Ignoring file as matched an ignore pattern: 4924-437-MSITS2a_R1_fastqc.html
[2017-09-02 09:38:59,080] multiqc                                            [DEBUG  ]  Ignoring file as matched an ignore pattern: 5101-758-MSITS2a_R1_fastqc.html
[2017-09-02 09:38:59,081] multiqc                                            [DEBUG  ]  Ignoring file as matched an ignore pattern: 4924-843-MSITS2a_R1_fastqc.html
[2017-09-02 09:38:59,081] multiqc                                            [DEBUG  ]  Ignoring file as matched an ignore pattern: 5101-758-MSITS2a_R2_fastqc.html
[2017-09-02 09:38:59,082] multiqc                                            [DEBUG  ]  Ignoring file as matched an ignore pattern: 5101-1017-MSITS2a_R2_fastqc.html
[2017-09-02 09:38:59,082] multiqc                                            [DEBUG  ]  Ignoring file as matched an ignore pattern: 4924-425-MSITS2a_R2_fastqc.html
[2017-09-02 09:38:59,082] multiqc                                            [DEBUG  ]  Ignoring file as matched an ignore pattern: 5101-1153-MSITS2a_R1_fastqc.html
[2017-09-02 09:38:59,082] multiqc                                            [DEBUG  ]  Ignoring file as matched an ignore pattern: 5101-1140-MSITS2a_R2_fastqc.html
[2017-09-02 09:38:59,082] multiqc                                            [DEBUG  ]  Ignoring file as matched an ignore pattern: 4924-431-MSITS2a_R2_fastqc.html
[2017-09-02 09:38:59,082] multiqc                                            [DEBUG  ]  Ignoring file as matched an ignore pattern: 5101-1155-MSITS2a_R2_fastqc.html
[2017-09-02 09:38:59,083] multiqc                                            [DEBUG  ]  Ignoring file as matched an ignore pattern: 5101-1017-MSITS2a_R1_fastqc.html
[2017-09-02 09:38:59,083] multiqc                                            [DEBUG  ]  Ignoring file as matched an ignore pattern: 5101-1155-MSITS2a_R1_fastqc.html
[2017-09-02 09:38:59,084] multiqc                                            [DEBUG  ]  Ignoring file as matched an ignore pattern: 4924-841-MSITS2a_R1_fastqc.html
[2017-09-02 09:38:59,084] multiqc                                            [DEBUG  ]  Ignoring file as matched an ignore pattern: 5101-1034-MSITS2a_R1_fastqc.html
[2017-09-02 09:38:59,084] multiqc                                            [DEBUG  ]  Ignoring file as matched an ignore pattern: 5101-1033-MSITS2a_R1_fastqc.html
[2017-09-02 09:38:59,085] multiqc                                            [DEBUG  ]  Ignoring file as matched an ignore pattern: 5101-450-MSITS2a_R1_fastqc.html
[2017-09-02 09:38:59,085] multiqc                                            [DEBUG  ]  Ignoring file as matched an ignore pattern: 5101-759-MSITS2a_R2_fastqc.html
[2017-09-02 09:38:59,086] multiqc                                            [DEBUG  ]  Ignoring file as matched an ignore pattern: 4924-427-MSITS2a_R1_fastqc.html
[2017-09-02 09:38:59,088] multiqc                                            [DEBUG  ]  Ignoring file as matched an ignore pattern: 4924-837-MSITS2a_R2_fastqc.html
[2017-09-02 09:38:59,088] multiqc                                            [DEBUG  ]  Ignoring file as matched an ignore pattern: 5101-1139-MSITS2a_R1_fastqc.html
[2017-09-02 09:38:59,088] multiqc                                            [DEBUG  ]  Ignoring file as matched an ignore pattern: 5101-1154-MSITS2a_R2_fastqc.html
[2017-09-02 09:38:59,089] multiqc                                            [DEBUG  ]  Ignoring file as matched an ignore pattern: 5101-1157-MSITS2a_R2_fastqc.html
[2017-09-02 09:38:59,089] multiqc                                            [DEBUG  ]  Ignoring file as matched an ignore pattern: 5101-449-MSITS2a_R1_fastqc.html
[2017-09-02 09:38:59,090] multiqc                                            [DEBUG  ]  Ignoring file as matched an ignore pattern: 5101-1162-MSITS2a_R1_fastqc.html
[2017-09-02 09:38:59,090] multiqc                                            [DEBUG  ]  Ignoring file as matched an ignore pattern: 4924-440-MSITS2a_R2_fastqc.html
[2017-09-02 09:38:59,092] multiqc                                            [DEBUG  ]  Ignoring file as matched an ignore pattern: 5101-1140-MSITS2a_R1_fastqc.html
[2017-09-02 09:38:59,093] multiqc                                            [DEBUG  ]  Ignoring file as matched an ignore pattern: 4924-836-MSITS2a_R1_fastqc.html
[2017-09-02 09:38:59,093] multiqc                                            [DEBUG  ]  Ignoring file as matched an ignore pattern: 5101-1154-MSITS2a_R1_fastqc.html
[2017-09-02 09:38:59,094] multiqc                                            [DEBUG  ]  Ignoring file as matched an ignore pattern: 5101-1138-MSITS2a_R1_fastqc.html
[2017-09-02 09:38:59,094] multiqc                                            [DEBUG  ]  Ignoring file as matched an ignore pattern: 5101-457-MSITS2a_R2_fastqc.html
[2017-09-02 09:38:59,095] multiqc                                            [DEBUG  ]  Ignoring file as matched an ignore pattern: 5101-1031-MSITS2a_R1_fastqc.html
[2017-09-02 09:38:59,095] multiqc                                            [DEBUG  ]  Ignoring file as matched an ignore pattern: 5101-1032-MSITS2a_R2_fastqc.html
[2017-09-02 09:38:59,095] multiqc                                            [DEBUG  ]  Ignoring file as matched an ignore pattern: 5101-1019-MSITS2a_R2_fastqc.html
[2017-09-02 09:38:59,095] multiqc                                            [DEBUG  ]  Ignoring file as matched an ignore pattern: 5101-1035-MSITS2a_R2_fastqc.html
[2017-09-02 09:38:59,096] multiqc                                            [DEBUG  ]  Ignoring file as matched an ignore pattern: 5101-761-MSITS2a_R1_fastqc.html
[2017-09-02 09:38:59,096] multiqc                                            [DEBUG  ]  Ignoring file as matched an ignore pattern: 5101-1142-MSITS2a_R1_fastqc.html
[2017-09-02 09:38:59,097] multiqc                                            [DEBUG  ]  Ignoring file as matched an ignore pattern: 5101-1040-MSITS2a_R1_fastqc.html
[2017-09-02 09:38:59,097] multiqc                                            [DEBUG  ]  Ignoring file as matched an ignore pattern: 5101-449-MSITS2a_R2_fastqc.html
[2017-09-02 09:38:59,098] multiqc                                            [DEBUG  ]  Ignoring file as matched an ignore pattern: 4924-833-MSITS2a_R2_fastqc.html
[2017-09-02 09:38:59,099] multiqc                                            [DEBUG  ]  Ignoring file as matched an ignore pattern: 5101-1016-MSITS2a_R1_fastqc.html
[2017-09-02 09:38:59,099] multiqc                                            [DEBUG  ]  Ignoring file as matched an ignore pattern: 4924-437-MSITS2a_R2_fastqc.html
[2017-09-02 09:38:59,099] multiqc                                            [DEBUG  ]  Ignoring file as matched an ignore pattern: 5101-1162-MSITS2a_R2_fastqc.html
[2017-09-02 09:38:59,100] multiqc                                            [DEBUG  ]  Ignoring file as matched an ignore pattern: 4924-426-MSITS2a_R1_fastqc.html
[2017-09-02 09:38:59,100] multiqc                                            [DEBUG  ]  Ignoring file as matched an ignore pattern: 4924-831-MSITS2a_R1_fastqc.html
[2017-09-02 09:38:59,100] multiqc                                            [DEBUG  ]  Ignoring file as matched an ignore pattern: 4924-831-MSITS2a_R2_fastqc.html
[2017-09-02 09:38:59,101] multiqc                                            [DEBUG  ]  Ignoring file as matched an ignore pattern: 4924-843-MSITS2a_R2_fastqc.html
[2017-09-02 09:38:59,101] multiqc                                            [DEBUG  ]  Ignoring file as matched an ignore pattern: 5101-759-MSITS2a_R1_fastqc.html
[2017-09-02 09:38:59,101] multiqc                                            [DEBUG  ]  Ignoring file as matched an ignore pattern: 5101-1156-MSITS2a_R2_fastqc.html
[2017-09-02 09:38:59,101] multiqc                                            [DEBUG  ]  Ignoring file as matched an ignore pattern: 5101-447-MSITS2a_R2_fastqc.html
[2017-09-02 09:38:59,101] multiqc                                            [DEBUG  ]  Ignoring file as matched an ignore pattern: 4924-842-MSITS2a_R1_fastqc.html
[2017-09-02 09:38:59,104] multiqc                                            [DEBUG  ]  Ignoring file as matched an ignore pattern: 5101-1018-MSITS2a_R1_fastqc.html
[2017-09-02 09:38:59,105] multiqc                                            [DEBUG  ]  Ignoring file as matched an ignore pattern: 4924-834-MSITS2a_R1_fastqc.html
[2017-09-02 09:38:59,105] multiqc                                            [DEBUG  ]  Ignoring file as matched an ignore pattern: 5101-451-MSITS2a_R2_fastqc.html
[2017-09-02 09:38:59,105] multiqc                                            [DEBUG  ]  Ignoring file as matched an ignore pattern: 5101-1139-MSITS2a_R2_fastqc.html
[2017-09-02 09:38:59,105] multiqc                                            [DEBUG  ]  Ignoring file as matched an ignore pattern: 4924-833-MSITS2a_R1_fastqc.html
[2017-09-02 09:38:59,105] multiqc                                            [DEBUG  ]  Ignoring file as matched an ignore pattern: 4924-834-MSITS2a_R2_fastqc.html
[2017-09-02 09:38:59,105] multiqc                                            [DEBUG  ]  Ignoring file as matched an ignore pattern: 4924-440-MSITS2a_R1_fastqc.html
[2017-09-02 09:38:59,105] multiqc                                            [DEBUG  ]  Ignoring file as matched an ignore pattern: 5101-1158-MSITS2a_R2_fastqc.html
[2017-09-02 09:38:59,105] multiqc                                            [DEBUG  ]  Ignoring file as matched an ignore pattern: 4924-435-MSITS2a_R2_fastqc.html
[2017-09-02 09:38:59,106] multiqc                                            [DEBUG  ]  Ignoring file as matched an ignore pattern: 5101-1141-MSITS2a_R1_fastqc.html
[2017-09-02 09:38:59,106] multiqc                                            [DEBUG  ]  Ignoring file as matched an ignore pattern: 5101-1138-MSITS2a_R2_fastqc.html
[2017-09-02 09:38:59,106] multiqc                                            [DEBUG  ]  Ignoring file as matched an ignore pattern: 4924-431-MSITS2a_R1_fastqc.html
[2017-09-02 09:38:59,106] multiqc                                            [DEBUG  ]  Ignoring file as matched an ignore pattern: 5101-1031-MSITS2a_R2_fastqc.html
[2017-09-02 09:38:59,106] multiqc                                            [DEBUG  ]  Ignoring file as matched an ignore pattern: 5101-1040-MSITS2a_R2_fastqc.html
[2017-09-02 09:38:59,108] multiqc                                            [DEBUG  ]  Ignoring file as matched an ignore pattern: 4924-432-MSITS2a_R1_fastqc.html
[2017-09-02 09:38:59,108] multiqc                                            [DEBUG  ]  Ignoring file as matched an ignore pattern: 4924-844-MSITS2a_R2_fastqc.html
[2017-09-02 09:38:59,109] multiqc                                            [DEBUG  ]  Ignoring file as matched an ignore pattern: 4924-837-MSITS2a_R1_fastqc.html
[2017-09-02 09:38:59,110] multiqc                                            [DEBUG  ]  Ignoring file as matched an ignore pattern: 5101-760-MSITS2a_R1_fastqc.html
[2017-09-02 09:38:59,110] multiqc                                            [DEBUG  ]  Ignoring file as matched an ignore pattern: 5101-1018-MSITS2a_R2_fastqc.html
[2017-09-02 09:38:59,111] multiqc                                            [DEBUG  ]  Ignoring file as matched an ignore pattern: 4924-429-MSITS2a_R2_fastqc.html
[2017-09-02 09:38:59,113] multiqc                                            [DEBUG  ]  Ignoring file as matched an ignore pattern: 5101-1156-MSITS2a_R1_fastqc.html
[2017-09-02 09:38:59,113] multiqc                                            [DEBUG  ]  Ignoring file as matched an ignore pattern: 4924-429-MSITS2a_R1_fastqc.html
[2017-09-02 09:38:59,114] multiqc                                            [DEBUG  ]  Ignoring file as matched an ignore pattern: 4924-832-MSITS2a_R1_fastqc.html
[2017-09-02 09:38:59,114] multiqc                                            [DEBUG  ]  Ignoring file as matched an ignore pattern: 4924-430-MSITS2a_R2_fastqc.html
[2017-09-02 09:38:59,115] multiqc                                            [DEBUG  ]  Ignoring file as matched an ignore pattern: 4924-424-MSITS2a_R2_fastqc.html
[2017-09-02 09:38:59,115] multiqc                                            [DEBUG  ]  Ignoring file as matched an ignore pattern: 5101-1024-MSITS2a_R2_fastqc.html
[2017-09-02 09:38:59,115] multiqc                                            [DEBUG  ]  Ignoring file as matched an ignore pattern: 5101-1033-MSITS2a_R2_fastqc.html
[2017-09-02 09:38:59,115] multiqc                                            [DEBUG  ]  Ignoring file as matched an ignore pattern: 5101-760-MSITS2a_R2_fastqc.html
[2017-09-02 09:38:59,116] multiqc                                            [DEBUG  ]  Ignoring file as matched an ignore pattern: 5101-1035-MSITS2a_R1_fastqc.html
[2017-09-02 09:38:59,117] multiqc                                            [DEBUG  ]  Ignoring file as matched an ignore pattern: 4924-441-MSITS2a_R1_fastqc.html
[2017-09-02 09:38:59,117] multiqc                                            [DEBUG  ]  Ignoring file as matched an ignore pattern: 5101-1032-MSITS2a_R1_fastqc.html
[2017-09-02 09:38:59,117] multiqc                                            [DEBUG  ]  Ignoring file as matched an ignore pattern: 5101-1145-MSITS2a_R2_fastqc.html
[2017-09-02 09:38:59,117] multiqc                                            [DEBUG  ]  Ignoring file as matched an ignore pattern: 5101-761-MSITS2a_R2_fastqc.html
[2017-09-02 09:38:59,117] multiqc                                            [DEBUG  ]  Ignoring file as matched an ignore pattern: 4924-426-MSITS2a_R2_fastqc.html
[2017-09-02 09:38:59,117] multiqc                                            [DEBUG  ]  Ignoring file as matched an ignore pattern: 4924-842-MSITS2a_R2_fastqc.html
[2017-09-02 09:38:59,118] multiqc                                            [DEBUG  ]  Ignoring file as matched an ignore pattern: 5101-1020-MSITS2a_R1_fastqc.html
[2017-09-02 09:38:59,118] multiqc                                            [DEBUG  ]  Ignoring file as matched an ignore pattern: 4924-424-MSITS2a_R1_fastqc.html
[2017-09-02 09:38:59,119] multiqc                                            [DEBUG  ]  Ignoring file as matched an ignore pattern: 4924-439-MSITS2a_R1_fastqc.html
[2017-09-02 09:38:59,119] multiqc                                            [DEBUG  ]  Ignoring file as matched an ignore pattern: 4924-435-MSITS2a_R1_fastqc.html
[2017-09-02 09:38:59,119] multiqc                                            [DEBUG  ]  Ignoring file as matched an ignore pattern: 4924-430-MSITS2a_R1_fastqc.html
[2017-09-02 09:38:59,119] multiqc                                            [DEBUG  ]  Ignoring file as matched an ignore pattern: 5101-1024-MSITS2a_R1_fastqc.html
[2017-09-02 09:38:59,120] multiqc                                            [DEBUG  ]  Ignoring file as matched an ignore pattern: 4924-841-MSITS2a_R2_fastqc.html
[2017-09-02 09:38:59,121] multiqc                                            [DEBUG  ]  Ignoring file as matched an ignore pattern: 4924-439-MSITS2a_R2_fastqc.html
[2017-09-02 09:38:59,122] multiqc                                            [DEBUG  ]  Ignoring file as matched an ignore pattern: 5101-457-MSITS2a_R1_fastqc.html
[2017-09-02 09:38:59,122] multiqc                                            [DEBUG  ]  Ignoring file as matched an ignore pattern: 5101-458-MSITS2a_R1_fastqc.html
[2017-09-02 09:38:59,123] multiqc                                            [DEBUG  ]  Ignoring file as matched an ignore pattern: 5101-450-MSITS2a_R2_fastqc.html
[2017-09-02 09:38:59,123] multiqc                                            [DEBUG  ]  Ignoring file as matched an ignore pattern: 4924-836-MSITS2a_R2_fastqc.html
[2017-09-02 09:38:59,123] multiqc                                            [DEBUG  ]  Ignoring file as matched an ignore pattern: 5101-1019-MSITS2a_R1_fastqc.html
[2017-09-02 09:38:59,123] multiqc                                            [DEBUG  ]  Ignoring file as matched an ignore pattern: 4924-838-MSITS2a_R2_fastqc.html
[2017-09-02 09:38:59,123] multiqc                                            [DEBUG  ]  Ignoring file as matched an ignore pattern: 5101-1145-MSITS2a_R1_fastqc.html
[2017-09-02 09:38:59,124] multiqc                                            [DEBUG  ]  Ignoring file as matched an ignore pattern: 5101-1153-MSITS2a_R2_fastqc.html
[2017-09-02 09:38:59,125] multiqc                                            [DEBUG  ]  Ignoring file as matched an ignore pattern: 4924-838-MSITS2a_R1_fastqc.html
[2017-09-02 09:38:59,125] multiqc                                            [DEBUG  ]  Ignoring file as matched an ignore pattern: 5101-447-MSITS2a_R1_fastqc.html
[2017-09-02 09:38:59,126] multiqc                                            [DEBUG  ]  Ignoring file as matched an ignore pattern: 4924-427-MSITS2a_R2_fastqc.html
[2017-09-02 09:38:59,126] multiqc                                            [DEBUG  ]  Ignoring file as matched an ignore pattern: 5101-451-MSITS2a_R1_fastqc.html
[2017-09-02 09:38:59,331] multiqc.modules.custom_content.custom_content      [DEBUG  ]  No custom content found
[2017-09-02 09:38:59,332] multiqc.modules.conpair.conpair                    [DEBUG  ]  Could not find any reports in ('/home/mark/gitstage/uderica/silage/V-HMC/Fungi/raw_data_fungi/fastqc',)
[2017-09-02 09:38:59,334] multiqc.modules.peddy.peddy                        [DEBUG  ]  Could not find any reports in ('/home/mark/gitstage/uderica/silage/V-HMC/Fungi/raw_data_fungi/fastqc',)
[2017-09-02 09:38:59,338] multiqc.modules.methylQA.methylQA                  [DEBUG  ]  Could not find any reports in ('/home/mark/gitstage/uderica/silage/V-HMC/Fungi/raw_data_fungi/fastqc',)
[2017-09-02 09:38:59,341] multiqc.modules.qualimap.QM_BamQC                  [DEBUG  ]  Using default Qualimap thresholds: 1, 5, 10, 30, 50
[2017-09-02 09:38:59,341] multiqc.modules.qualimap.qualimap                  [DEBUG  ]  Could not find any reports in ('/home/mark/gitstage/uderica/silage/V-HMC/Fungi/raw_data_fungi/fastqc',)
[2017-09-02 09:38:59,343] multiqc.modules.preseq.preseq                      [DEBUG  ]  Could not find any preseq data in ('/home/mark/gitstage/uderica/silage/V-HMC/Fungi/raw_data_fungi/fastqc',)
[2017-09-02 09:38:59,345] multiqc.modules.quast.quast                        [DEBUG  ]  Could not find any reports in ('/home/mark/gitstage/uderica/silage/V-HMC/Fungi/raw_data_fungi/fastqc',)
[2017-09-02 09:38:59,348] multiqc.modules.qorts.qorts                        [DEBUG  ]  Could not find any QoRTs data in ('/home/mark/gitstage/uderica/silage/V-HMC/Fungi/raw_data_fungi/fastqc',)
[2017-09-02 09:38:59,351] multiqc.modules.rna_seqc.rna_seqc                  [DEBUG  ]  Could not find any RNA-SeQC data in ('/home/mark/gitstage/uderica/silage/V-HMC/Fungi/raw_data_fungi/fastqc',)
[2017-09-02 09:38:59,356] multiqc.modules.rseqc.rseqc                        [DEBUG  ]  Could not find any reports in ('/home/mark/gitstage/uderica/silage/V-HMC/Fungi/raw_data_fungi/fastqc',)
[2017-09-02 09:38:59,359] multiqc.modules.busco.busco                        [DEBUG  ]  Could not find any reports in ('/home/mark/gitstage/uderica/silage/V-HMC/Fungi/raw_data_fungi/fastqc',)
[2017-09-02 09:38:59,361] multiqc.modules.goleft_indexcov.goleft_indexcov    [DEBUG  ]  Did not find goleft indexcov outputs in ('/home/mark/gitstage/uderica/silage/V-HMC/Fungi/raw_data_fungi/fastqc',)
[2017-09-02 09:38:59,362] multiqc.modules.disambiguate.disambiguate          [DEBUG  ]  Could not find any data in ('/home/mark/gitstage/uderica/silage/V-HMC/Fungi/raw_data_fungi/fastqc',)
[2017-09-02 09:38:59,364] multiqc.modules.homer.homer                        [DEBUG  ]  Could not find any reports in ('/home/mark/gitstage/uderica/silage/V-HMC/Fungi/raw_data_fungi/fastqc',)
[2017-09-02 09:38:59,366] multiqc.modules.macs2.macs2                        [DEBUG  ]  Could not find any MACS2 data in ('/home/mark/gitstage/uderica/silage/V-HMC/Fungi/raw_data_fungi/fastqc',)
[2017-09-02 09:38:59,367] multiqc.modules.theta2.theta2                      [DEBUG  ]  Could not find any reports in ('/home/mark/gitstage/uderica/silage/V-HMC/Fungi/raw_data_fungi/fastqc',)
[2017-09-02 09:38:59,369] multiqc.modules.snpeff.snpeff                      [DEBUG  ]  Could not find any data in ('/home/mark/gitstage/uderica/silage/V-HMC/Fungi/raw_data_fungi/fastqc',)
[2017-09-02 09:38:59,371] multiqc.modules.gatk.gatk                          [DEBUG  ]  Could not find any reports in ('/home/mark/gitstage/uderica/silage/V-HMC/Fungi/raw_data_fungi/fastqc',)
[2017-09-02 09:38:59,373] multiqc.modules.htseq.htseq                        [DEBUG  ]  Could not find any reports in ('/home/mark/gitstage/uderica/silage/V-HMC/Fungi/raw_data_fungi/fastqc',)
[2017-09-02 09:38:59,375] multiqc.modules.bcftools.bcftools                  [DEBUG  ]  Could not find any reports in ('/home/mark/gitstage/uderica/silage/V-HMC/Fungi/raw_data_fungi/fastqc',)
[2017-09-02 09:38:59,376] multiqc.modules.featureCounts.feature_counts       [DEBUG  ]  Could not find any reports in ('/home/mark/gitstage/uderica/silage/V-HMC/Fungi/raw_data_fungi/fastqc',)
[2017-09-02 09:38:59,380] multiqc.modules.picard.picard                      [DEBUG  ]  Could not find any reports in ('/home/mark/gitstage/uderica/silage/V-HMC/Fungi/raw_data_fungi/fastqc',)
[2017-09-02 09:38:59,382] multiqc.modules.prokka.prokka                      [DEBUG  ]  Could not find any Prokka data in ('/home/mark/gitstage/uderica/silage/V-HMC/Fungi/raw_data_fungi/fastqc',)
[2017-09-02 09:38:59,384] multiqc.modules.samblaster.samblaster              [DEBUG  ]  Could not find any data in ('/home/mark/gitstage/uderica/silage/V-HMC/Fungi/raw_data_fungi/fastqc',)
[2017-09-02 09:38:59,386] multiqc.modules.samtools.samtools                  [DEBUG  ]  Could not find any reports in ('/home/mark/gitstage/uderica/silage/V-HMC/Fungi/raw_data_fungi/fastqc',)
[2017-09-02 09:38:59,388] multiqc.modules.bamtools.bamtools                  [DEBUG  ]  Could not find any reports in ('/home/mark/gitstage/uderica/silage/V-HMC/Fungi/raw_data_fungi/fastqc',)
[2017-09-02 09:38:59,390] multiqc.modules.jellyfish.jellyfish                [DEBUG  ]  Could not find any data in ('/home/mark/gitstage/uderica/silage/V-HMC/Fungi/raw_data_fungi/fastqc',)
[2017-09-02 09:38:59,392] multiqc.modules.bismark.bismark                    [DEBUG  ]  Could not find any reports in ('/home/mark/gitstage/uderica/silage/V-HMC/Fungi/raw_data_fungi/fastqc',)
[2017-09-02 09:38:59,394] multiqc.modules.hicup.hicup                        [DEBUG  ]  Could not find any HiCUP data in ('/home/mark/gitstage/uderica/silage/V-HMC/Fungi/raw_data_fungi/fastqc',)
[2017-09-02 09:38:59,396] multiqc.modules.salmon.salmon                      [DEBUG  ]  Could not find any Salmon data in ('/home/mark/gitstage/uderica/silage/V-HMC/Fungi/raw_data_fungi/fastqc',)
[2017-09-02 09:38:59,397] multiqc.modules.kallisto.kallisto                  [DEBUG  ]  Could not find any reports in ('/home/mark/gitstage/uderica/silage/V-HMC/Fungi/raw_data_fungi/fastqc',)
[2017-09-02 09:38:59,399] multiqc.modules.slamdunk.slamdunk                  [DEBUG  ]  No slamdunk reports found.
[2017-09-02 09:38:59,401] multiqc.modules.star.star                          [DEBUG  ]  Could not find any reports in ('/home/mark/gitstage/uderica/silage/V-HMC/Fungi/raw_data_fungi/fastqc',)
[2017-09-02 09:38:59,403] multiqc.modules.hisat2.hisat2                      [DEBUG  ]  Could not find any reports in ('/home/mark/gitstage/uderica/silage/V-HMC/Fungi/raw_data_fungi/fastqc',)
[2017-09-02 09:38:59,404] multiqc.modules.tophat.tophat                      [DEBUG  ]  Could not find any reports in ('/home/mark/gitstage/uderica/silage/V-HMC/Fungi/raw_data_fungi/fastqc',)
[2017-09-02 09:38:59,406] multiqc.modules.bowtie2.bowtie2                    [DEBUG  ]  Could not find any reports in ('/home/mark/gitstage/uderica/silage/V-HMC/Fungi/raw_data_fungi/fastqc',)
[2017-09-02 09:38:59,408] multiqc.modules.bowtie1.bowtie1                    [DEBUG  ]  Could not find any reports in ('/home/mark/gitstage/uderica/silage/V-HMC/Fungi/raw_data_fungi/fastqc',)
[2017-09-02 09:38:59,410] multiqc.modules.adapterRemoval.adapterRemoval      [DEBUG  ]  Could not find any reports in ('/home/mark/gitstage/uderica/silage/V-HMC/Fungi/raw_data_fungi/fastqc',)
[2017-09-02 09:38:59,411] multiqc.modules.cutadapt.cutadapt                  [DEBUG  ]  Could not find any reports in ('/home/mark/gitstage/uderica/silage/V-HMC/Fungi/raw_data_fungi/fastqc',)
[2017-09-02 09:38:59,413] multiqc.modules.flexbar.flexbar                    [DEBUG  ]  Could not find any Flexbar data in ('/home/mark/gitstage/uderica/silage/V-HMC/Fungi/raw_data_fungi/fastqc',)
[2017-09-02 09:38:59,415] multiqc.modules.trimmomatic.trimmomatic            [DEBUG  ]  Could not find any Trimmomatic data in ('/home/mark/gitstage/uderica/silage/V-HMC/Fungi/raw_data_fungi/fastqc',)
[2017-09-02 09:38:59,416] multiqc.modules.skewer.skewer                      [DEBUG  ]  Could not find any data in ('/home/mark/gitstage/uderica/silage/V-HMC/Fungi/raw_data_fungi/fastqc',)
[2017-09-02 09:38:59,419] multiqc.modules.sortmerna.sortmerna                [DEBUG  ]  Could not find any SortMeRNA data in ('/home/mark/gitstage/uderica/silage/V-HMC/Fungi/raw_data_fungi/fastqc',)
[2017-09-02 09:38:59,421] multiqc.modules.biobloomtools.biobloomtools        [DEBUG  ]  Could not find any reports in ('/home/mark/gitstage/uderica/silage/V-HMC/Fungi/raw_data_fungi/fastqc',)
[2017-09-02 09:38:59,422] multiqc.modules.fastq_screen.fastq_screen          [DEBUG  ]  Could not find any reports in ('/home/mark/gitstage/uderica/silage/V-HMC/Fungi/raw_data_fungi/fastqc',)
[2017-09-02 09:39:05,445] multiqc.modules.fastqc.fastqc                      [INFO   ]  Found 122 reports
[2017-09-02 09:39:18,943] multiqc.modules.clusterflow.clusterflow            [DEBUG  ]  Could not find any reports in ('/home/mark/gitstage/uderica/silage/V-HMC/Fungi/raw_data_fungi/fastqc',)
[2017-09-02 09:39:19,092] multiqc                                            [INFO   ]  Compressing plot data
[2017-09-02 09:39:19,457] multiqc                                            [INFO   ]  Report      : V-HMC/Fungi/raw_data_fungi/multiqc/multiqc_report.html
[2017-09-02 09:39:19,457] multiqc                                            [INFO   ]  Data        : V-HMC/Fungi/raw_data_fungi/multiqc/multiqc_data
[2017-09-02 09:39:19,457] multiqc                                            [DEBUG  ]  Moving data file from '/tmp/tmpeJDSM3/multiqc_data/mqc_fastqc_overrepresented_sequencesi_plot_1.txt' to '/home/mark/gitstage/uderica/silage/V-HMC/Fungi/raw_data_fungi/multiqc/multiqc_data'
[2017-09-02 09:39:19,457] multiqc                                            [DEBUG  ]  Moving data file from '/tmp/tmpeJDSM3/multiqc_data/mqc_fastqc_per_base_n_content_plot_1.txt' to '/home/mark/gitstage/uderica/silage/V-HMC/Fungi/raw_data_fungi/multiqc/multiqc_data'
[2017-09-02 09:39:19,457] multiqc                                            [DEBUG  ]  Moving data file from '/tmp/tmpeJDSM3/multiqc_data/mqc_fastqc_sequence_duplication_levels_plot_1.txt' to '/home/mark/gitstage/uderica/silage/V-HMC/Fungi/raw_data_fungi/multiqc/multiqc_data'
[2017-09-02 09:39:19,457] multiqc                                            [DEBUG  ]  Moving data file from '/tmp/tmpeJDSM3/multiqc_data/mqc_fastqc_per_sequence_quality_scores_plot_1.txt' to '/home/mark/gitstage/uderica/silage/V-HMC/Fungi/raw_data_fungi/multiqc/multiqc_data'
[2017-09-02 09:39:19,457] multiqc                                            [DEBUG  ]  Moving data file from '/tmp/tmpeJDSM3/multiqc_data/mqc_fastqc_per_sequence_gc_content_plot_Counts.txt' to '/home/mark/gitstage/uderica/silage/V-HMC/Fungi/raw_data_fungi/multiqc/multiqc_data'
[2017-09-02 09:39:19,457] multiqc                                            [DEBUG  ]  Moving data file from '/tmp/tmpeJDSM3/multiqc_data/mqc_fastqc_sequence_length_distribution_plot_1.txt' to '/home/mark/gitstage/uderica/silage/V-HMC/Fungi/raw_data_fungi/multiqc/multiqc_data'
[2017-09-02 09:39:19,457] multiqc                                            [DEBUG  ]  Moving data file from '/tmp/tmpeJDSM3/multiqc_data/mqc_fastqc_per_sequence_gc_content_plot_Percentages.txt' to '/home/mark/gitstage/uderica/silage/V-HMC/Fungi/raw_data_fungi/multiqc/multiqc_data'
[2017-09-02 09:39:19,458] multiqc                                            [DEBUG  ]  Moving data file from '/tmp/tmpeJDSM3/multiqc_data/mqc_fastqc_per_base_sequence_quality_plot_1.txt' to '/home/mark/gitstage/uderica/silage/V-HMC/Fungi/raw_data_fungi/multiqc/multiqc_data'
[2017-09-02 09:39:19,458] multiqc                                            [DEBUG  ]  Moving data file from '/tmp/tmpeJDSM3/multiqc_data/multiqc_general_stats.txt' to '/home/mark/gitstage/uderica/silage/V-HMC/Fungi/raw_data_fungi/multiqc/multiqc_data'
[2017-09-02 09:39:19,458] multiqc                                            [DEBUG  ]  Moving data file from '/tmp/tmpeJDSM3/multiqc_data/multiqc_sources.txt' to '/home/mark/gitstage/uderica/silage/V-HMC/Fungi/raw_data_fungi/multiqc/multiqc_data'
[2017-09-02 09:39:19,458] multiqc                                            [DEBUG  ]  Moving data file from '/tmp/tmpeJDSM3/multiqc_data/multiqc_fastqc.txt' to '/home/mark/gitstage/uderica/silage/V-HMC/Fungi/raw_data_fungi/multiqc/multiqc_data'
[2017-09-02 09:39:19,590] multiqc                                            [INFO   ]  MultiQC complete
