Sun Aug  6 16:45:56 EDT 2017
[FLASH] Starting FLASH v1.2.11
[FLASH] Fast Length Adjustment of SHort reads
[FLASH]  
[FLASH] Input files:
[FLASH]     /home/mark/silage/Silva_5101Raw05052017/5101-145-MS515F-926R_R1.fastq
[FLASH]     /home/mark/silage/Silva_5101Raw05052017/5101-145-MS515F-926R_R2.fastq
[FLASH]  
[FLASH] Output files:
[FLASH]     ./Silva_5101Raw05052017/5101-145-MS515F-926R.extendedFrags.fastq
[FLASH]     ./Silva_5101Raw05052017/5101-145-MS515F-926R.notCombined_1.fastq
[FLASH]     ./Silva_5101Raw05052017/5101-145-MS515F-926R.notCombined_2.fastq
[FLASH]     ./Silva_5101Raw05052017/5101-145-MS515F-926R.hist
[FLASH]     ./Silva_5101Raw05052017/5101-145-MS515F-926R.histogram
[FLASH]  
[FLASH] Parameters:
[FLASH]     Min overlap:           10
[FLASH]     Max overlap:           100
[FLASH]     Max mismatch density:  0.250000
[FLASH]     Allow "outie" pairs:   false
[FLASH]     Cap mismatch quals:    false
[FLASH]     Combiner threads:      8
[FLASH]     Input format:          FASTQ, phred_offset=33
[FLASH]     Output format:         FASTQ, phred_offset=33
[FLASH]  
[FLASH] Starting reader and writer threads
[FLASH] Starting 8 combiner threads
[FLASH] Processed 25000 read pairs
[FLASH] Processed 37725 read pairs
[FLASH]  
[FLASH] Read combination statistics:
[FLASH]     Total pairs:      37725
[FLASH]     Combined pairs:   36981
[FLASH]     Uncombined pairs: 744
[FLASH]     Percent combined: 98.03%
[FLASH]  
[FLASH] Writing histogram files.
[FLASH]  
[FLASH] FLASH v1.2.11 complete!
[FLASH] 0.171 seconds elapsed
[FLASH] Starting FLASH v1.2.11
[FLASH] Fast Length Adjustment of SHort reads
[FLASH]  
[FLASH] Input files:
[FLASH]     /home/mark/silage/Silva_5101Raw05052017/5101-145-MSITS2a_R1.fastq
[FLASH]     /home/mark/silage/Silva_5101Raw05052017/5101-145-MSITS2a_R2.fastq
[FLASH]  
[FLASH] Output files:
[FLASH]     ./Silva_5101Raw05052017/5101-145-MSITS2a.extendedFrags.fastq
[FLASH]     ./Silva_5101Raw05052017/5101-145-MSITS2a.notCombined_1.fastq
[FLASH]     ./Silva_5101Raw05052017/5101-145-MSITS2a.notCombined_2.fastq
[FLASH]     ./Silva_5101Raw05052017/5101-145-MSITS2a.hist
[FLASH]     ./Silva_5101Raw05052017/5101-145-MSITS2a.histogram
[FLASH]  
[FLASH] Parameters:
[FLASH]     Min overlap:           10
[FLASH]     Max overlap:           100
[FLASH]     Max mismatch density:  0.250000
[FLASH]     Allow "outie" pairs:   false
[FLASH]     Cap mismatch quals:    false
[FLASH]     Combiner threads:      8
[FLASH]     Input format:          FASTQ, phred_offset=33
[FLASH]     Output format:         FASTQ, phred_offset=33
[FLASH]  
[FLASH] Starting reader and writer threads
[FLASH] Starting 8 combiner threads
[FLASH] Processed 25000 read pairs
[FLASH] Processed 50000 read pairs
[FLASH] Processed 56114 read pairs
[FLASH]  
[FLASH] Read combination statistics:
[FLASH]     Total pairs:      56114
[FLASH]     Combined pairs:   53321
[FLASH]     Uncombined pairs: 2793
[FLASH]     Percent combined: 95.02%
[FLASH]  
[FLASH] Writing histogram files.
[FLASH]  
[FLASH] FLASH v1.2.11 complete!
[FLASH] 0.209 seconds elapsed
[FLASH] Finished with 1 warning (see above)
[FLASH] Starting FLASH v1.2.11
[FLASH] Fast Length Adjustment of SHort reads
[FLASH]  
[FLASH] Input files:
[FLASH]     /home/mark/silage/Silva_5101Raw05052017/5101-146-MS515F-926R_R1.fastq
[FLASH]     /home/mark/silage/Silva_5101Raw05052017/5101-146-MS515F-926R_R2.fastq
[FLASH]  
[FLASH] Output files:
[FLASH]     ./Silva_5101Raw05052017/5101-146-MS515F-926R.extendedFrags.fastq
[FLASH]     ./Silva_5101Raw05052017/5101-146-MS515F-926R.notCombined_1.fastq
[FLASH]     ./Silva_5101Raw05052017/5101-146-MS515F-926R.notCombined_2.fastq
[FLASH]     ./Silva_5101Raw05052017/5101-146-MS515F-926R.hist
[FLASH]     ./Silva_5101Raw05052017/5101-146-MS515F-926R.histogram
[FLASH]  
[FLASH] Parameters:
[FLASH]     Min overlap:           10
[FLASH]     Max overlap:           100
[FLASH]     Max mismatch density:  0.250000
[FLASH]     Allow "outie" pairs:   false
[FLASH]     Cap mismatch quals:    false
[FLASH]     Combiner threads:      8
[FLASH]     Input format:          FASTQ, phred_offset=33
[FLASH]     Output format:         FASTQ, phred_offset=33
[FLASH]  
[FLASH] Starting reader and writer threads
[FLASH] Starting 8 combiner threads
[FLASH] Processed 25000 read pairs
[FLASH] Processed 33880 read pairs
[FLASH]  
[FLASH] Read combination statistics:
[FLASH]     Total pairs:      33880
[FLASH]     Combined pairs:   33266
[FLASH]     Uncombined pairs: 614
[FLASH]     Percent combined: 98.19%
[FLASH]  
[FLASH] Writing histogram files.
[FLASH]  
[FLASH] FLASH v1.2.11 complete!
[FLASH] 0.149 seconds elapsed
[FLASH] Starting FLASH v1.2.11
[FLASH] Fast Length Adjustment of SHort reads
[FLASH]  
[FLASH] Input files:
[FLASH]     /home/mark/silage/Silva_5101Raw05052017/5101-146-MSITS2a_R1.fastq
[FLASH]     /home/mark/silage/Silva_5101Raw05052017/5101-146-MSITS2a_R2.fastq
[FLASH]  
[FLASH] Output files:
[FLASH]     ./Silva_5101Raw05052017/5101-146-MSITS2a.extendedFrags.fastq
[FLASH]     ./Silva_5101Raw05052017/5101-146-MSITS2a.notCombined_1.fastq
[FLASH]     ./Silva_5101Raw05052017/5101-146-MSITS2a.notCombined_2.fastq
[FLASH]     ./Silva_5101Raw05052017/5101-146-MSITS2a.hist
[FLASH]     ./Silva_5101Raw05052017/5101-146-MSITS2a.histogram
[FLASH]  
[FLASH] Parameters:
[FLASH]     Min overlap:           10
[FLASH]     Max overlap:           100
[FLASH]     Max mismatch density:  0.250000
[FLASH]     Allow "outie" pairs:   false
[FLASH]     Cap mismatch quals:    false
[FLASH]     Combiner threads:      8
[FLASH]     Input format:          FASTQ, phred_offset=33
[FLASH]     Output format:         FASTQ, phred_offset=33
[FLASH]  
[FLASH] Starting reader and writer threads
[FLASH] Starting 8 combiner threads
[FLASH] Processed 25000 read pairs
[FLASH] Processed 49109 read pairs
[FLASH]  
[FLASH] Read combination statistics:
[FLASH]     Total pairs:      49109
[FLASH]     Combined pairs:   46536
[FLASH]     Uncombined pairs: 2573
[FLASH]     Percent combined: 94.76%
[FLASH]  
[FLASH] Writing histogram files.
[FLASH]  
[FLASH] FLASH v1.2.11 complete!
[FLASH] 0.184 seconds elapsed
[FLASH] Finished with 1 warning (see above)
[FLASH] Starting FLASH v1.2.11
[FLASH] Fast Length Adjustment of SHort reads
[FLASH]  
[FLASH] Input files:
[FLASH]     /home/mark/silage/Silva_5101Raw05052017/5101-147-MS515F-926R_R1.fastq
[FLASH]     /home/mark/silage/Silva_5101Raw05052017/5101-147-MS515F-926R_R2.fastq
[FLASH]  
[FLASH] Output files:
[FLASH]     ./Silva_5101Raw05052017/5101-147-MS515F-926R.extendedFrags.fastq
[FLASH]     ./Silva_5101Raw05052017/5101-147-MS515F-926R.notCombined_1.fastq
[FLASH]     ./Silva_5101Raw05052017/5101-147-MS515F-926R.notCombined_2.fastq
[FLASH]     ./Silva_5101Raw05052017/5101-147-MS515F-926R.hist
[FLASH]     ./Silva_5101Raw05052017/5101-147-MS515F-926R.histogram
[FLASH]  
[FLASH] Parameters:
[FLASH]     Min overlap:           10
[FLASH]     Max overlap:           100
[FLASH]     Max mismatch density:  0.250000
[FLASH]     Allow "outie" pairs:   false
[FLASH]     Cap mismatch quals:    false
[FLASH]     Combiner threads:      8
[FLASH]     Input format:          FASTQ, phred_offset=33
[FLASH]     Output format:         FASTQ, phred_offset=33
[FLASH]  
[FLASH] Starting reader and writer threads
[FLASH] Starting 8 combiner threads
[FLASH] Processed 25000 read pairs
[FLASH] Processed 38934 read pairs
[FLASH]  
[FLASH] Read combination statistics:
[FLASH]     Total pairs:      38934
[FLASH]     Combined pairs:   38123
[FLASH]     Uncombined pairs: 811
[FLASH]     Percent combined: 97.92%
[FLASH]  
[FLASH] Writing histogram files.
[FLASH]  
[FLASH] FLASH v1.2.11 complete!
[FLASH] 0.156 seconds elapsed
[FLASH] Starting FLASH v1.2.11
[FLASH] Fast Length Adjustment of SHort reads
[FLASH]  
[FLASH] Input files:
[FLASH]     /home/mark/silage/Silva_5101Raw05052017/5101-147-MSITS2a_R1.fastq
[FLASH]     /home/mark/silage/Silva_5101Raw05052017/5101-147-MSITS2a_R2.fastq
[FLASH]  
[FLASH] Output files:
[FLASH]     ./Silva_5101Raw05052017/5101-147-MSITS2a.extendedFrags.fastq
[FLASH]     ./Silva_5101Raw05052017/5101-147-MSITS2a.notCombined_1.fastq
[FLASH]     ./Silva_5101Raw05052017/5101-147-MSITS2a.notCombined_2.fastq
[FLASH]     ./Silva_5101Raw05052017/5101-147-MSITS2a.hist
[FLASH]     ./Silva_5101Raw05052017/5101-147-MSITS2a.histogram
[FLASH]  
[FLASH] Parameters:
[FLASH]     Min overlap:           10
[FLASH]     Max overlap:           100
[FLASH]     Max mismatch density:  0.250000
[FLASH]     Allow "outie" pairs:   false
[FLASH]     Cap mismatch quals:    false
[FLASH]     Combiner threads:      8
[FLASH]     Input format:          FASTQ, phred_offset=33
[FLASH]     Output format:         FASTQ, phred_offset=33
[FLASH]  
[FLASH] Starting reader and writer threads
[FLASH] Starting 8 combiner threads
[FLASH] Processed 25000 read pairs
[FLASH] Processed 48254 read pairs
[FLASH]  
[FLASH] Read combination statistics:
[FLASH]     Total pairs:      48254
[FLASH]     Combined pairs:   45595
[FLASH]     Uncombined pairs: 2659
[FLASH]     Percent combined: 94.49%
[FLASH]  
[FLASH] Writing histogram files.
[FLASH]  
[FLASH] FLASH v1.2.11 complete!
[FLASH] 0.169 seconds elapsed
[FLASH] Finished with 1 warning (see above)
[FLASH] Starting FLASH v1.2.11
[FLASH] Fast Length Adjustment of SHort reads
[FLASH]  
[FLASH] Input files:
[FLASH]     /home/mark/silage/Silva_5101Raw05052017/5101-148-MS515F-926R_R1.fastq
[FLASH]     /home/mark/silage/Silva_5101Raw05052017/5101-148-MS515F-926R_R2.fastq
[FLASH]  
[FLASH] Output files:
[FLASH]     ./Silva_5101Raw05052017/5101-148-MS515F-926R.extendedFrags.fastq
[FLASH]     ./Silva_5101Raw05052017/5101-148-MS515F-926R.notCombined_1.fastq
[FLASH]     ./Silva_5101Raw05052017/5101-148-MS515F-926R.notCombined_2.fastq
[FLASH]     ./Silva_5101Raw05052017/5101-148-MS515F-926R.hist
[FLASH]     ./Silva_5101Raw05052017/5101-148-MS515F-926R.histogram
[FLASH]  
[FLASH] Parameters:
[FLASH]     Min overlap:           10
[FLASH]     Max overlap:           100
[FLASH]     Max mismatch density:  0.250000
[FLASH]     Allow "outie" pairs:   false
[FLASH]     Cap mismatch quals:    false
[FLASH]     Combiner threads:      8
[FLASH]     Input format:          FASTQ, phred_offset=33
[FLASH]     Output format:         FASTQ, phred_offset=33
[FLASH]  
[FLASH] Starting reader and writer threads
[FLASH] Starting 8 combiner threads
[FLASH] Processed 25000 read pairs
[FLASH] Processed 37851 read pairs
[FLASH]  
[FLASH] Read combination statistics:
[FLASH]     Total pairs:      37851
[FLASH]     Combined pairs:   37033
[FLASH]     Uncombined pairs: 818
[FLASH]     Percent combined: 97.84%
[FLASH]  
[FLASH] Writing histogram files.
[FLASH]  
[FLASH] FLASH v1.2.11 complete!
[FLASH] 0.159 seconds elapsed
[FLASH] Starting FLASH v1.2.11
[FLASH] Fast Length Adjustment of SHort reads
[FLASH]  
[FLASH] Input files:
[FLASH]     /home/mark/silage/Silva_5101Raw05052017/5101-148-MSITS2a_R1.fastq
[FLASH]     /home/mark/silage/Silva_5101Raw05052017/5101-148-MSITS2a_R2.fastq
[FLASH]  
[FLASH] Output files:
[FLASH]     ./Silva_5101Raw05052017/5101-148-MSITS2a.extendedFrags.fastq
[FLASH]     ./Silva_5101Raw05052017/5101-148-MSITS2a.notCombined_1.fastq
[FLASH]     ./Silva_5101Raw05052017/5101-148-MSITS2a.notCombined_2.fastq
[FLASH]     ./Silva_5101Raw05052017/5101-148-MSITS2a.hist
[FLASH]     ./Silva_5101Raw05052017/5101-148-MSITS2a.histogram
[FLASH]  
[FLASH] Parameters:
[FLASH]     Min overlap:           10
[FLASH]     Max overlap:           100
[FLASH]     Max mismatch density:  0.250000
[FLASH]     Allow "outie" pairs:   false
[FLASH]     Cap mismatch quals:    false
[FLASH]     Combiner threads:      8
[FLASH]     Input format:          FASTQ, phred_offset=33
[FLASH]     Output format:         FASTQ, phred_offset=33
[FLASH]  
[FLASH] Starting reader and writer threads
[FLASH] Starting 8 combiner threads
[FLASH] Processed 25000 read pairs
[FLASH] Processed 41707 read pairs
[FLASH]  
[FLASH] Read combination statistics:
[FLASH]     Total pairs:      41707
[FLASH]     Combined pairs:   39231
[FLASH]     Uncombined pairs: 2476
[FLASH]     Percent combined: 94.06%
[FLASH]  
[FLASH] Writing histogram files.
[FLASH]  
[FLASH] FLASH v1.2.11 complete!
[FLASH] 0.159 seconds elapsed
[FLASH] Finished with 1 warning (see above)
[FLASH] Starting FLASH v1.2.11
[FLASH] Fast Length Adjustment of SHort reads
[FLASH]  
[FLASH] Input files:
[FLASH]     /home/mark/silage/Silva_5101Raw05052017/5101-150-MS515F-926R_R1.fastq
[FLASH]     /home/mark/silage/Silva_5101Raw05052017/5101-150-MS515F-926R_R2.fastq
[FLASH]  
[FLASH] Output files:
[FLASH]     ./Silva_5101Raw05052017/5101-150-MS515F-926R.extendedFrags.fastq
[FLASH]     ./Silva_5101Raw05052017/5101-150-MS515F-926R.notCombined_1.fastq
[FLASH]     ./Silva_5101Raw05052017/5101-150-MS515F-926R.notCombined_2.fastq
[FLASH]     ./Silva_5101Raw05052017/5101-150-MS515F-926R.hist
[FLASH]     ./Silva_5101Raw05052017/5101-150-MS515F-926R.histogram
[FLASH]  
[FLASH] Parameters:
[FLASH]     Min overlap:           10
[FLASH]     Max overlap:           100
[FLASH]     Max mismatch density:  0.250000
[FLASH]     Allow "outie" pairs:   false
[FLASH]     Cap mismatch quals:    false
[FLASH]     Combiner threads:      8
[FLASH]     Input format:          FASTQ, phred_offset=33
[FLASH]     Output format:         FASTQ, phred_offset=33
[FLASH]  
[FLASH] Starting reader and writer threads
[FLASH] Starting 8 combiner threads
[FLASH] Processed 25000 read pairs
[FLASH] Processed 47978 read pairs
[FLASH]  
[FLASH] Read combination statistics:
[FLASH]     Total pairs:      47978
[FLASH]     Combined pairs:   47489
[FLASH]     Uncombined pairs: 489
[FLASH]     Percent combined: 98.98%
[FLASH]  
[FLASH] Writing histogram files.
[FLASH]  
[FLASH] FLASH v1.2.11 complete!
[FLASH] 0.189 seconds elapsed
[FLASH] Starting FLASH v1.2.11
[FLASH] Fast Length Adjustment of SHort reads
[FLASH]  
[FLASH] Input files:
[FLASH]     /home/mark/silage/Silva_5101Raw05052017/5101-150-MSITS2a_R1.fastq
[FLASH]     /home/mark/silage/Silva_5101Raw05052017/5101-150-MSITS2a_R2.fastq
[FLASH]  
[FLASH] Output files:
[FLASH]     ./Silva_5101Raw05052017/5101-150-MSITS2a.extendedFrags.fastq
[FLASH]     ./Silva_5101Raw05052017/5101-150-MSITS2a.notCombined_1.fastq
[FLASH]     ./Silva_5101Raw05052017/5101-150-MSITS2a.notCombined_2.fastq
[FLASH]     ./Silva_5101Raw05052017/5101-150-MSITS2a.hist
[FLASH]     ./Silva_5101Raw05052017/5101-150-MSITS2a.histogram
[FLASH]  
[FLASH] Parameters:
[FLASH]     Min overlap:           10
[FLASH]     Max overlap:           100
[FLASH]     Max mismatch density:  0.250000
[FLASH]     Allow "outie" pairs:   false
[FLASH]     Cap mismatch quals:    false
[FLASH]     Combiner threads:      8
[FLASH]     Input format:          FASTQ, phred_offset=33
[FLASH]     Output format:         FASTQ, phred_offset=33
[FLASH]  
[FLASH] Starting reader and writer threads
[FLASH] Starting 8 combiner threads
[FLASH] Processed 25000 read pairs
[FLASH] Processed 27980 read pairs
[FLASH]  
[FLASH] Read combination statistics:
[FLASH]     Total pairs:      27980
[FLASH]     Combined pairs:   23958
[FLASH]     Uncombined pairs: 4022
[FLASH]     Percent combined: 85.63%
[FLASH]  
[FLASH] Writing histogram files.
[FLASH]  
[FLASH] FLASH v1.2.11 complete!
[FLASH] 0.111 seconds elapsed
[FLASH] Finished with 1 warning (see above)
[FLASH] Starting FLASH v1.2.11
[FLASH] Fast Length Adjustment of SHort reads
[FLASH]  
[FLASH] Input files:
[FLASH]     /home/mark/silage/Silva_5101Raw05052017/5101-151-MS515F-926R_R1.fastq
[FLASH]     /home/mark/silage/Silva_5101Raw05052017/5101-151-MS515F-926R_R2.fastq
[FLASH]  
[FLASH] Output files:
[FLASH]     ./Silva_5101Raw05052017/5101-151-MS515F-926R.extendedFrags.fastq
[FLASH]     ./Silva_5101Raw05052017/5101-151-MS515F-926R.notCombined_1.fastq
[FLASH]     ./Silva_5101Raw05052017/5101-151-MS515F-926R.notCombined_2.fastq
[FLASH]     ./Silva_5101Raw05052017/5101-151-MS515F-926R.hist
[FLASH]     ./Silva_5101Raw05052017/5101-151-MS515F-926R.histogram
[FLASH]  
[FLASH] Parameters:
[FLASH]     Min overlap:           10
[FLASH]     Max overlap:           100
[FLASH]     Max mismatch density:  0.250000
[FLASH]     Allow "outie" pairs:   false
[FLASH]     Cap mismatch quals:    false
[FLASH]     Combiner threads:      8
[FLASH]     Input format:          FASTQ, phred_offset=33
[FLASH]     Output format:         FASTQ, phred_offset=33
[FLASH]  
[FLASH] Starting reader and writer threads
[FLASH] Starting 8 combiner threads
[FLASH] Processed 25000 read pairs
[FLASH] Processed 37806 read pairs
[FLASH]  
[FLASH] Read combination statistics:
[FLASH]     Total pairs:      37806
[FLASH]     Combined pairs:   37421
[FLASH]     Uncombined pairs: 385
[FLASH]     Percent combined: 98.98%
[FLASH]  
[FLASH] Writing histogram files.
[FLASH]  
[FLASH] FLASH v1.2.11 complete!
[FLASH] 0.149 seconds elapsed
[FLASH] Starting FLASH v1.2.11
[FLASH] Fast Length Adjustment of SHort reads
[FLASH]  
[FLASH] Input files:
[FLASH]     /home/mark/silage/Silva_5101Raw05052017/5101-151-MSITS2a_R1.fastq
[FLASH]     /home/mark/silage/Silva_5101Raw05052017/5101-151-MSITS2a_R2.fastq
[FLASH]  
[FLASH] Output files:
[FLASH]     ./Silva_5101Raw05052017/5101-151-MSITS2a.extendedFrags.fastq
[FLASH]     ./Silva_5101Raw05052017/5101-151-MSITS2a.notCombined_1.fastq
[FLASH]     ./Silva_5101Raw05052017/5101-151-MSITS2a.notCombined_2.fastq
[FLASH]     ./Silva_5101Raw05052017/5101-151-MSITS2a.hist
[FLASH]     ./Silva_5101Raw05052017/5101-151-MSITS2a.histogram
[FLASH]  
[FLASH] Parameters:
[FLASH]     Min overlap:           10
[FLASH]     Max overlap:           100
[FLASH]     Max mismatch density:  0.250000
[FLASH]     Allow "outie" pairs:   false
[FLASH]     Cap mismatch quals:    false
[FLASH]     Combiner threads:      8
[FLASH]     Input format:          FASTQ, phred_offset=33
[FLASH]     Output format:         FASTQ, phred_offset=33
[FLASH]  
[FLASH] Starting reader and writer threads
[FLASH] Starting 8 combiner threads
[FLASH] Processed 23902 read pairs
[FLASH]  
[FLASH] Read combination statistics:
[FLASH]     Total pairs:      23902
[FLASH]     Combined pairs:   21644
[FLASH]     Uncombined pairs: 2258
[FLASH]     Percent combined: 90.55%
[FLASH]  
[FLASH] Writing histogram files.
[FLASH]  
[FLASH] FLASH v1.2.11 complete!
[FLASH] 0.111 seconds elapsed
[FLASH] Finished with 1 warning (see above)
[FLASH] Starting FLASH v1.2.11
[FLASH] Fast Length Adjustment of SHort reads
[FLASH]  
[FLASH] Input files:
[FLASH]     /home/mark/silage/Silva_5101Raw05052017/5101-152-MS515F-926R_R1.fastq
[FLASH]     /home/mark/silage/Silva_5101Raw05052017/5101-152-MS515F-926R_R2.fastq
[FLASH]  
[FLASH] Output files:
[FLASH]     ./Silva_5101Raw05052017/5101-152-MS515F-926R.extendedFrags.fastq
[FLASH]     ./Silva_5101Raw05052017/5101-152-MS515F-926R.notCombined_1.fastq
[FLASH]     ./Silva_5101Raw05052017/5101-152-MS515F-926R.notCombined_2.fastq
[FLASH]     ./Silva_5101Raw05052017/5101-152-MS515F-926R.hist
[FLASH]     ./Silva_5101Raw05052017/5101-152-MS515F-926R.histogram
[FLASH]  
[FLASH] Parameters:
[FLASH]     Min overlap:           10
[FLASH]     Max overlap:           100
[FLASH]     Max mismatch density:  0.250000
[FLASH]     Allow "outie" pairs:   false
[FLASH]     Cap mismatch quals:    false
[FLASH]     Combiner threads:      8
[FLASH]     Input format:          FASTQ, phred_offset=33
[FLASH]     Output format:         FASTQ, phred_offset=33
[FLASH]  
[FLASH] Starting reader and writer threads
[FLASH] Starting 8 combiner threads
[FLASH] Processed 25000 read pairs
[FLASH] Processed 43581 read pairs
[FLASH]  
[FLASH] Read combination statistics:
[FLASH]     Total pairs:      43581
[FLASH]     Combined pairs:   43185
[FLASH]     Uncombined pairs: 396
[FLASH]     Percent combined: 99.09%
[FLASH]  
[FLASH] Writing histogram files.
[FLASH]  
[FLASH] FLASH v1.2.11 complete!
[FLASH] 0.191 seconds elapsed
[FLASH] Starting FLASH v1.2.11
[FLASH] Fast Length Adjustment of SHort reads
[FLASH]  
[FLASH] Input files:
[FLASH]     /home/mark/silage/Silva_5101Raw05052017/5101-152-MSITS2a_R1.fastq
[FLASH]     /home/mark/silage/Silva_5101Raw05052017/5101-152-MSITS2a_R2.fastq
[FLASH]  
[FLASH] Output files:
[FLASH]     ./Silva_5101Raw05052017/5101-152-MSITS2a.extendedFrags.fastq
[FLASH]     ./Silva_5101Raw05052017/5101-152-MSITS2a.notCombined_1.fastq
[FLASH]     ./Silva_5101Raw05052017/5101-152-MSITS2a.notCombined_2.fastq
[FLASH]     ./Silva_5101Raw05052017/5101-152-MSITS2a.hist
[FLASH]     ./Silva_5101Raw05052017/5101-152-MSITS2a.histogram
[FLASH]  
[FLASH] Parameters:
[FLASH]     Min overlap:           10
[FLASH]     Max overlap:           100
[FLASH]     Max mismatch density:  0.250000
[FLASH]     Allow "outie" pairs:   false
[FLASH]     Cap mismatch quals:    false
[FLASH]     Combiner threads:      8
[FLASH]     Input format:          FASTQ, phred_offset=33
[FLASH]     Output format:         FASTQ, phred_offset=33
[FLASH]  
[FLASH] Starting reader and writer threads
[FLASH] Starting 8 combiner threads
[FLASH] Processed 25000 read pairs
[FLASH] Processed 49832 read pairs
[FLASH]  
[FLASH] Read combination statistics:
[FLASH]     Total pairs:      49832
[FLASH]     Combined pairs:   44548
[FLASH]     Uncombined pairs: 5284
[FLASH]     Percent combined: 89.40%
[FLASH]  
[FLASH] Writing histogram files.
[FLASH]  
[FLASH] FLASH v1.2.11 complete!
[FLASH] 0.171 seconds elapsed
[FLASH] Finished with 1 warning (see above)
[FLASH] Starting FLASH v1.2.11
[FLASH] Fast Length Adjustment of SHort reads
[FLASH]  
[FLASH] Input files:
[FLASH]     /home/mark/silage/Silva_5101Raw05052017/5101-153-MS515F-926R_R1.fastq
[FLASH]     /home/mark/silage/Silva_5101Raw05052017/5101-153-MS515F-926R_R2.fastq
[FLASH]  
[FLASH] Output files:
[FLASH]     ./Silva_5101Raw05052017/5101-153-MS515F-926R.extendedFrags.fastq
[FLASH]     ./Silva_5101Raw05052017/5101-153-MS515F-926R.notCombined_1.fastq
[FLASH]     ./Silva_5101Raw05052017/5101-153-MS515F-926R.notCombined_2.fastq
[FLASH]     ./Silva_5101Raw05052017/5101-153-MS515F-926R.hist
[FLASH]     ./Silva_5101Raw05052017/5101-153-MS515F-926R.histogram
[FLASH]  
[FLASH] Parameters:
[FLASH]     Min overlap:           10
[FLASH]     Max overlap:           100
[FLASH]     Max mismatch density:  0.250000
[FLASH]     Allow "outie" pairs:   false
[FLASH]     Cap mismatch quals:    false
[FLASH]     Combiner threads:      8
[FLASH]     Input format:          FASTQ, phred_offset=33
[FLASH]     Output format:         FASTQ, phred_offset=33
[FLASH]  
[FLASH] Starting reader and writer threads
[FLASH] Starting 8 combiner threads
[FLASH] Processed 25000 read pairs
[FLASH] Processed 39656 read pairs
[FLASH]  
[FLASH] Read combination statistics:
[FLASH]     Total pairs:      39656
[FLASH]     Combined pairs:   39272
[FLASH]     Uncombined pairs: 384
[FLASH]     Percent combined: 99.03%
[FLASH]  
[FLASH] Writing histogram files.
[FLASH]  
[FLASH] FLASH v1.2.11 complete!
[FLASH] 0.148 seconds elapsed
[FLASH] Starting FLASH v1.2.11
[FLASH] Fast Length Adjustment of SHort reads
[FLASH]  
[FLASH] Input files:
[FLASH]     /home/mark/silage/Silva_5101Raw05052017/5101-153-MSITS2a_R1.fastq
[FLASH]     /home/mark/silage/Silva_5101Raw05052017/5101-153-MSITS2a_R2.fastq
[FLASH]  
[FLASH] Output files:
[FLASH]     ./Silva_5101Raw05052017/5101-153-MSITS2a.extendedFrags.fastq
[FLASH]     ./Silva_5101Raw05052017/5101-153-MSITS2a.notCombined_1.fastq
[FLASH]     ./Silva_5101Raw05052017/5101-153-MSITS2a.notCombined_2.fastq
[FLASH]     ./Silva_5101Raw05052017/5101-153-MSITS2a.hist
[FLASH]     ./Silva_5101Raw05052017/5101-153-MSITS2a.histogram
[FLASH]  
[FLASH] Parameters:
[FLASH]     Min overlap:           10
[FLASH]     Max overlap:           100
[FLASH]     Max mismatch density:  0.250000
[FLASH]     Allow "outie" pairs:   false
[FLASH]     Cap mismatch quals:    false
[FLASH]     Combiner threads:      8
[FLASH]     Input format:          FASTQ, phred_offset=33
[FLASH]     Output format:         FASTQ, phred_offset=33
[FLASH]  
[FLASH] Starting reader and writer threads
[FLASH] Starting 8 combiner threads
[FLASH] Processed 25000 read pairs
[FLASH] Processed 44625 read pairs
[FLASH]  
[FLASH] Read combination statistics:
[FLASH]     Total pairs:      44625
[FLASH]     Combined pairs:   40456
[FLASH]     Uncombined pairs: 4169
[FLASH]     Percent combined: 90.66%
[FLASH]  
[FLASH] Writing histogram files.
[FLASH]  
[FLASH] FLASH v1.2.11 complete!
[FLASH] 0.153 seconds elapsed
[FLASH] Finished with 1 warning (see above)
[FLASH] Starting FLASH v1.2.11
[FLASH] Fast Length Adjustment of SHort reads
[FLASH]  
[FLASH] Input files:
[FLASH]     /home/mark/silage/Silva_5101Raw05052017/5101-155-MS515F-926R_R1.fastq
[FLASH]     /home/mark/silage/Silva_5101Raw05052017/5101-155-MS515F-926R_R2.fastq
[FLASH]  
[FLASH] Output files:
[FLASH]     ./Silva_5101Raw05052017/5101-155-MS515F-926R.extendedFrags.fastq
[FLASH]     ./Silva_5101Raw05052017/5101-155-MS515F-926R.notCombined_1.fastq
[FLASH]     ./Silva_5101Raw05052017/5101-155-MS515F-926R.notCombined_2.fastq
[FLASH]     ./Silva_5101Raw05052017/5101-155-MS515F-926R.hist
[FLASH]     ./Silva_5101Raw05052017/5101-155-MS515F-926R.histogram
[FLASH]  
[FLASH] Parameters:
[FLASH]     Min overlap:           10
[FLASH]     Max overlap:           100
[FLASH]     Max mismatch density:  0.250000
[FLASH]     Allow "outie" pairs:   false
[FLASH]     Cap mismatch quals:    false
[FLASH]     Combiner threads:      8
[FLASH]     Input format:          FASTQ, phred_offset=33
[FLASH]     Output format:         FASTQ, phred_offset=33
[FLASH]  
[FLASH] Starting reader and writer threads
[FLASH] Starting 8 combiner threads
[FLASH] Processed 25000 read pairs
[FLASH] Processed 47274 read pairs
[FLASH]  
[FLASH] Read combination statistics:
[FLASH]     Total pairs:      47274
[FLASH]     Combined pairs:   46773
[FLASH]     Uncombined pairs: 501
[FLASH]     Percent combined: 98.94%
[FLASH]  
[FLASH] Writing histogram files.
[FLASH]  
[FLASH] FLASH v1.2.11 complete!
[FLASH] 0.173 seconds elapsed
[FLASH] Starting FLASH v1.2.11
[FLASH] Fast Length Adjustment of SHort reads
[FLASH]  
[FLASH] Input files:
[FLASH]     /home/mark/silage/Silva_5101Raw05052017/5101-155-MSITS2a_R1.fastq
[FLASH]     /home/mark/silage/Silva_5101Raw05052017/5101-155-MSITS2a_R2.fastq
[FLASH]  
[FLASH] Output files:
[FLASH]     ./Silva_5101Raw05052017/5101-155-MSITS2a.extendedFrags.fastq
[FLASH]     ./Silva_5101Raw05052017/5101-155-MSITS2a.notCombined_1.fastq
[FLASH]     ./Silva_5101Raw05052017/5101-155-MSITS2a.notCombined_2.fastq
[FLASH]     ./Silva_5101Raw05052017/5101-155-MSITS2a.hist
[FLASH]     ./Silva_5101Raw05052017/5101-155-MSITS2a.histogram
[FLASH]  
[FLASH] Parameters:
[FLASH]     Min overlap:           10
[FLASH]     Max overlap:           100
[FLASH]     Max mismatch density:  0.250000
[FLASH]     Allow "outie" pairs:   false
[FLASH]     Cap mismatch quals:    false
[FLASH]     Combiner threads:      8
[FLASH]     Input format:          FASTQ, phred_offset=33
[FLASH]     Output format:         FASTQ, phred_offset=33
[FLASH]  
[FLASH] Starting reader and writer threads
[FLASH] Starting 8 combiner threads
[FLASH] Processed 25000 read pairs
[FLASH] Processed 43233 read pairs
[FLASH]  
[FLASH] Read combination statistics:
[FLASH]     Total pairs:      43233
[FLASH]     Combined pairs:   41735
[FLASH]     Uncombined pairs: 1498
[FLASH]     Percent combined: 96.54%
[FLASH]  
[FLASH] Writing histogram files.
[FLASH]  
[FLASH] FLASH v1.2.11 complete!
[FLASH] 0.149 seconds elapsed
[FLASH] Finished with 1 warning (see above)
[FLASH] Starting FLASH v1.2.11
[FLASH] Fast Length Adjustment of SHort reads
[FLASH]  
[FLASH] Input files:
[FLASH]     /home/mark/silage/Silva_5101Raw05052017/5101-156-MS515F-926R_R1.fastq
[FLASH]     /home/mark/silage/Silva_5101Raw05052017/5101-156-MS515F-926R_R2.fastq
[FLASH]  
[FLASH] Output files:
[FLASH]     ./Silva_5101Raw05052017/5101-156-MS515F-926R.extendedFrags.fastq
[FLASH]     ./Silva_5101Raw05052017/5101-156-MS515F-926R.notCombined_1.fastq
[FLASH]     ./Silva_5101Raw05052017/5101-156-MS515F-926R.notCombined_2.fastq
[FLASH]     ./Silva_5101Raw05052017/5101-156-MS515F-926R.hist
[FLASH]     ./Silva_5101Raw05052017/5101-156-MS515F-926R.histogram
[FLASH]  
[FLASH] Parameters:
[FLASH]     Min overlap:           10
[FLASH]     Max overlap:           100
[FLASH]     Max mismatch density:  0.250000
[FLASH]     Allow "outie" pairs:   false
[FLASH]     Cap mismatch quals:    false
[FLASH]     Combiner threads:      8
[FLASH]     Input format:          FASTQ, phred_offset=33
[FLASH]     Output format:         FASTQ, phred_offset=33
[FLASH]  
[FLASH] Starting reader and writer threads
[FLASH] Starting 8 combiner threads
[FLASH] Processed 25000 read pairs
[FLASH] Processed 41502 read pairs
[FLASH]  
[FLASH] Read combination statistics:
[FLASH]     Total pairs:      41502
[FLASH]     Combined pairs:   40855
[FLASH]     Uncombined pairs: 647
[FLASH]     Percent combined: 98.44%
[FLASH]  
[FLASH] Writing histogram files.
[FLASH]  
[FLASH] FLASH v1.2.11 complete!
[FLASH] 0.148 seconds elapsed
[FLASH] Starting FLASH v1.2.11
[FLASH] Fast Length Adjustment of SHort reads
[FLASH]  
[FLASH] Input files:
[FLASH]     /home/mark/silage/Silva_5101Raw05052017/5101-156-MSITS2a_R1.fastq
[FLASH]     /home/mark/silage/Silva_5101Raw05052017/5101-156-MSITS2a_R2.fastq
[FLASH]  
[FLASH] Output files:
[FLASH]     ./Silva_5101Raw05052017/5101-156-MSITS2a.extendedFrags.fastq
[FLASH]     ./Silva_5101Raw05052017/5101-156-MSITS2a.notCombined_1.fastq
[FLASH]     ./Silva_5101Raw05052017/5101-156-MSITS2a.notCombined_2.fastq
[FLASH]     ./Silva_5101Raw05052017/5101-156-MSITS2a.hist
[FLASH]     ./Silva_5101Raw05052017/5101-156-MSITS2a.histogram
[FLASH]  
[FLASH] Parameters:
[FLASH]     Min overlap:           10
[FLASH]     Max overlap:           100
[FLASH]     Max mismatch density:  0.250000
[FLASH]     Allow "outie" pairs:   false
[FLASH]     Cap mismatch quals:    false
[FLASH]     Combiner threads:      8
[FLASH]     Input format:          FASTQ, phred_offset=33
[FLASH]     Output format:         FASTQ, phred_offset=33
[FLASH]  
[FLASH] Starting reader and writer threads
[FLASH] Starting 8 combiner threads
[FLASH] Processed 25000 read pairs
[FLASH] Processed 33067 read pairs
[FLASH]  
[FLASH] Read combination statistics:
[FLASH]     Total pairs:      33067
[FLASH]     Combined pairs:   29933
[FLASH]     Uncombined pairs: 3134
[FLASH]     Percent combined: 90.52%
[FLASH]  
[FLASH] Writing histogram files.
[FLASH]  
[FLASH] FLASH v1.2.11 complete!
[FLASH] 0.125 seconds elapsed
[FLASH] Finished with 1 warning (see above)
[FLASH] Starting FLASH v1.2.11
[FLASH] Fast Length Adjustment of SHort reads
[FLASH]  
[FLASH] Input files:
[FLASH]     /home/mark/silage/Silva_5101Raw05052017/5101-157-MS515F-926R_R1.fastq
[FLASH]     /home/mark/silage/Silva_5101Raw05052017/5101-157-MS515F-926R_R2.fastq
[FLASH]  
[FLASH] Output files:
[FLASH]     ./Silva_5101Raw05052017/5101-157-MS515F-926R.extendedFrags.fastq
[FLASH]     ./Silva_5101Raw05052017/5101-157-MS515F-926R.notCombined_1.fastq
[FLASH]     ./Silva_5101Raw05052017/5101-157-MS515F-926R.notCombined_2.fastq
[FLASH]     ./Silva_5101Raw05052017/5101-157-MS515F-926R.hist
[FLASH]     ./Silva_5101Raw05052017/5101-157-MS515F-926R.histogram
[FLASH]  
[FLASH] Parameters:
[FLASH]     Min overlap:           10
[FLASH]     Max overlap:           100
[FLASH]     Max mismatch density:  0.250000
[FLASH]     Allow "outie" pairs:   false
[FLASH]     Cap mismatch quals:    false
[FLASH]     Combiner threads:      8
[FLASH]     Input format:          FASTQ, phred_offset=33
[FLASH]     Output format:         FASTQ, phred_offset=33
[FLASH]  
[FLASH] Starting reader and writer threads
[FLASH] Starting 8 combiner threads
[FLASH] Processed 25000 read pairs
[FLASH] Processed 42983 read pairs
[FLASH]  
[FLASH] Read combination statistics:
[FLASH]     Total pairs:      42983
[FLASH]     Combined pairs:   42482
[FLASH]     Uncombined pairs: 501
[FLASH]     Percent combined: 98.83%
[FLASH]  
[FLASH] Writing histogram files.
[FLASH]  
[FLASH] FLASH v1.2.11 complete!
[FLASH] 0.153 seconds elapsed
[FLASH] Starting FLASH v1.2.11
[FLASH] Fast Length Adjustment of SHort reads
[FLASH]  
[FLASH] Input files:
[FLASH]     /home/mark/silage/Silva_5101Raw05052017/5101-157-MSITS2a_R1.fastq
[FLASH]     /home/mark/silage/Silva_5101Raw05052017/5101-157-MSITS2a_R2.fastq
[FLASH]  
[FLASH] Output files:
[FLASH]     ./Silva_5101Raw05052017/5101-157-MSITS2a.extendedFrags.fastq
[FLASH]     ./Silva_5101Raw05052017/5101-157-MSITS2a.notCombined_1.fastq
[FLASH]     ./Silva_5101Raw05052017/5101-157-MSITS2a.notCombined_2.fastq
[FLASH]     ./Silva_5101Raw05052017/5101-157-MSITS2a.hist
[FLASH]     ./Silva_5101Raw05052017/5101-157-MSITS2a.histogram
[FLASH]  
[FLASH] Parameters:
[FLASH]     Min overlap:           10
[FLASH]     Max overlap:           100
[FLASH]     Max mismatch density:  0.250000
[FLASH]     Allow "outie" pairs:   false
[FLASH]     Cap mismatch quals:    false
[FLASH]     Combiner threads:      8
[FLASH]     Input format:          FASTQ, phred_offset=33
[FLASH]     Output format:         FASTQ, phred_offset=33
[FLASH]  
[FLASH] Starting reader and writer threads
[FLASH] Starting 8 combiner threads
[FLASH] Processed 25000 read pairs
[FLASH] Processed 43946 read pairs
[FLASH]  
[FLASH] Read combination statistics:
[FLASH]     Total pairs:      43946
[FLASH]     Combined pairs:   40412
[FLASH]     Uncombined pairs: 3534
[FLASH]     Percent combined: 91.96%
[FLASH]  
[FLASH] Writing histogram files.
[FLASH]  
[FLASH] FLASH v1.2.11 complete!
[FLASH] 0.157 seconds elapsed
[FLASH] Finished with 1 warning (see above)
[FLASH] Starting FLASH v1.2.11
[FLASH] Fast Length Adjustment of SHort reads
[FLASH]  
[FLASH] Input files:
[FLASH]     /home/mark/silage/Silva_5101Raw05052017/5101-158-MS515F-926R_R1.fastq
[FLASH]     /home/mark/silage/Silva_5101Raw05052017/5101-158-MS515F-926R_R2.fastq
[FLASH]  
[FLASH] Output files:
[FLASH]     ./Silva_5101Raw05052017/5101-158-MS515F-926R.extendedFrags.fastq
[FLASH]     ./Silva_5101Raw05052017/5101-158-MS515F-926R.notCombined_1.fastq
[FLASH]     ./Silva_5101Raw05052017/5101-158-MS515F-926R.notCombined_2.fastq
[FLASH]     ./Silva_5101Raw05052017/5101-158-MS515F-926R.hist
[FLASH]     ./Silva_5101Raw05052017/5101-158-MS515F-926R.histogram
[FLASH]  
[FLASH] Parameters:
[FLASH]     Min overlap:           10
[FLASH]     Max overlap:           100
[FLASH]     Max mismatch density:  0.250000
[FLASH]     Allow "outie" pairs:   false
[FLASH]     Cap mismatch quals:    false
[FLASH]     Combiner threads:      8
[FLASH]     Input format:          FASTQ, phred_offset=33
[FLASH]     Output format:         FASTQ, phred_offset=33
[FLASH]  
[FLASH] Starting reader and writer threads
[FLASH] Starting 8 combiner threads
[FLASH] Processed 25000 read pairs
[FLASH] Processed 33858 read pairs
[FLASH]  
[FLASH] Read combination statistics:
[FLASH]     Total pairs:      33858
[FLASH]     Combined pairs:   33381
[FLASH]     Uncombined pairs: 477
[FLASH]     Percent combined: 98.59%
[FLASH]  
[FLASH] Writing histogram files.
[FLASH]  
[FLASH] FLASH v1.2.11 complete!
[FLASH] 0.122 seconds elapsed
[FLASH] Starting FLASH v1.2.11
[FLASH] Fast Length Adjustment of SHort reads
[FLASH]  
[FLASH] Input files:
[FLASH]     /home/mark/silage/Silva_5101Raw05052017/5101-158-MSITS2a_R1.fastq
[FLASH]     /home/mark/silage/Silva_5101Raw05052017/5101-158-MSITS2a_R2.fastq
[FLASH]  
[FLASH] Output files:
[FLASH]     ./Silva_5101Raw05052017/5101-158-MSITS2a.extendedFrags.fastq
[FLASH]     ./Silva_5101Raw05052017/5101-158-MSITS2a.notCombined_1.fastq
[FLASH]     ./Silva_5101Raw05052017/5101-158-MSITS2a.notCombined_2.fastq
[FLASH]     ./Silva_5101Raw05052017/5101-158-MSITS2a.hist
[FLASH]     ./Silva_5101Raw05052017/5101-158-MSITS2a.histogram
[FLASH]  
[FLASH] Parameters:
[FLASH]     Min overlap:           10
[FLASH]     Max overlap:           100
[FLASH]     Max mismatch density:  0.250000
[FLASH]     Allow "outie" pairs:   false
[FLASH]     Cap mismatch quals:    false
[FLASH]     Combiner threads:      8
[FLASH]     Input format:          FASTQ, phred_offset=33
[FLASH]     Output format:         FASTQ, phred_offset=33
[FLASH]  
[FLASH] Starting reader and writer threads
[FLASH] Starting 8 combiner threads
[FLASH] Processed 25000 read pairs
[FLASH] Processed 50000 read pairs
[FLASH] Processed 51523 read pairs
[FLASH]  
[FLASH] Read combination statistics:
[FLASH]     Total pairs:      51523
[FLASH]     Combined pairs:   49044
[FLASH]     Uncombined pairs: 2479
[FLASH]     Percent combined: 95.19%
[FLASH]  
[FLASH] Writing histogram files.
[FLASH]  
[FLASH] FLASH v1.2.11 complete!
[FLASH] 0.176 seconds elapsed
[FLASH] Finished with 1 warning (see above)
[FLASH] Starting FLASH v1.2.11
[FLASH] Fast Length Adjustment of SHort reads
[FLASH]  
[FLASH] Input files:
[FLASH]     /home/mark/silage/Silva_5101Raw05052017/5101-160-MS515F-926R_R1.fastq
[FLASH]     /home/mark/silage/Silva_5101Raw05052017/5101-160-MS515F-926R_R2.fastq
[FLASH]  
[FLASH] Output files:
[FLASH]     ./Silva_5101Raw05052017/5101-160-MS515F-926R.extendedFrags.fastq
[FLASH]     ./Silva_5101Raw05052017/5101-160-MS515F-926R.notCombined_1.fastq
[FLASH]     ./Silva_5101Raw05052017/5101-160-MS515F-926R.notCombined_2.fastq
[FLASH]     ./Silva_5101Raw05052017/5101-160-MS515F-926R.hist
[FLASH]     ./Silva_5101Raw05052017/5101-160-MS515F-926R.histogram
[FLASH]  
[FLASH] Parameters:
[FLASH]     Min overlap:           10
[FLASH]     Max overlap:           100
[FLASH]     Max mismatch density:  0.250000
[FLASH]     Allow "outie" pairs:   false
[FLASH]     Cap mismatch quals:    false
[FLASH]     Combiner threads:      8
[FLASH]     Input format:          FASTQ, phred_offset=33
[FLASH]     Output format:         FASTQ, phred_offset=33
[FLASH]  
[FLASH] Starting reader and writer threads
[FLASH] Starting 8 combiner threads
[FLASH] Processed 16712 read pairs
[FLASH]  
[FLASH] Read combination statistics:
[FLASH]     Total pairs:      16712
[FLASH]     Combined pairs:   16489
[FLASH]     Uncombined pairs: 223
[FLASH]     Percent combined: 98.67%
[FLASH]  
[FLASH] Writing histogram files.
[FLASH]  
[FLASH] FLASH v1.2.11 complete!
[FLASH] 0.072 seconds elapsed
[FLASH] Starting FLASH v1.2.11
[FLASH] Fast Length Adjustment of SHort reads
[FLASH]  
[FLASH] Input files:
[FLASH]     /home/mark/silage/Silva_5101Raw05052017/5101-160-MSITS2a_R1.fastq
[FLASH]     /home/mark/silage/Silva_5101Raw05052017/5101-160-MSITS2a_R2.fastq
[FLASH]  
[FLASH] Output files:
[FLASH]     ./Silva_5101Raw05052017/5101-160-MSITS2a.extendedFrags.fastq
[FLASH]     ./Silva_5101Raw05052017/5101-160-MSITS2a.notCombined_1.fastq
[FLASH]     ./Silva_5101Raw05052017/5101-160-MSITS2a.notCombined_2.fastq
[FLASH]     ./Silva_5101Raw05052017/5101-160-MSITS2a.hist
[FLASH]     ./Silva_5101Raw05052017/5101-160-MSITS2a.histogram
[FLASH]  
[FLASH] Parameters:
[FLASH]     Min overlap:           10
[FLASH]     Max overlap:           100
[FLASH]     Max mismatch density:  0.250000
[FLASH]     Allow "outie" pairs:   false
[FLASH]     Cap mismatch quals:    false
[FLASH]     Combiner threads:      8
[FLASH]     Input format:          FASTQ, phred_offset=33
[FLASH]     Output format:         FASTQ, phred_offset=33
[FLASH]  
[FLASH] Starting reader and writer threads
[FLASH] Starting 8 combiner threads
[FLASH] Processed 25000 read pairs
[FLASH] Processed 50000 read pairs
[FLASH] Processed 75000 read pairs
[FLASH] Processed 100000 read pairs
[FLASH] Processed 125000 read pairs
[FLASH] Processed 146206 read pairs
[FLASH]  
[FLASH] Read combination statistics:
[FLASH]     Total pairs:      146206
[FLASH]     Combined pairs:   129904
[FLASH]     Uncombined pairs: 16302
[FLASH]     Percent combined: 88.85%
[FLASH]  
[FLASH] Writing histogram files.
[FLASH]  
[FLASH] FLASH v1.2.11 complete!
[FLASH] 0.408 seconds elapsed
[FLASH] Finished with 1 warning (see above)
[FLASH] Starting FLASH v1.2.11
[FLASH] Fast Length Adjustment of SHort reads
[FLASH]  
[FLASH] Input files:
[FLASH]     /home/mark/silage/Silva_5101Raw05052017/5101-161-MS515F-926R_R1.fastq
[FLASH]     /home/mark/silage/Silva_5101Raw05052017/5101-161-MS515F-926R_R2.fastq
[FLASH]  
[FLASH] Output files:
[FLASH]     ./Silva_5101Raw05052017/5101-161-MS515F-926R.extendedFrags.fastq
[FLASH]     ./Silva_5101Raw05052017/5101-161-MS515F-926R.notCombined_1.fastq
[FLASH]     ./Silva_5101Raw05052017/5101-161-MS515F-926R.notCombined_2.fastq
[FLASH]     ./Silva_5101Raw05052017/5101-161-MS515F-926R.hist
[FLASH]     ./Silva_5101Raw05052017/5101-161-MS515F-926R.histogram
[FLASH]  
[FLASH] Parameters:
[FLASH]     Min overlap:           10
[FLASH]     Max overlap:           100
[FLASH]     Max mismatch density:  0.250000
[FLASH]     Allow "outie" pairs:   false
[FLASH]     Cap mismatch quals:    false
[FLASH]     Combiner threads:      8
[FLASH]     Input format:          FASTQ, phred_offset=33
[FLASH]     Output format:         FASTQ, phred_offset=33
[FLASH]  
[FLASH] Starting reader and writer threads
[FLASH] Starting 8 combiner threads
[FLASH] Processed 25000 read pairs
[FLASH] Processed 48273 read pairs
[FLASH]  
[FLASH] Read combination statistics:
[FLASH]     Total pairs:      48273
[FLASH]     Combined pairs:   47750
[FLASH]     Uncombined pairs: 523
[FLASH]     Percent combined: 98.92%
[FLASH]  
[FLASH] Writing histogram files.
[FLASH]  
[FLASH] FLASH v1.2.11 complete!
[FLASH] 0.168 seconds elapsed
[FLASH] Starting FLASH v1.2.11
[FLASH] Fast Length Adjustment of SHort reads
[FLASH]  
[FLASH] Input files:
[FLASH]     /home/mark/silage/Silva_5101Raw05052017/5101-161-MSITS2a_R1.fastq
[FLASH]     /home/mark/silage/Silva_5101Raw05052017/5101-161-MSITS2a_R2.fastq
[FLASH]  
[FLASH] Output files:
[FLASH]     ./Silva_5101Raw05052017/5101-161-MSITS2a.extendedFrags.fastq
[FLASH]     ./Silva_5101Raw05052017/5101-161-MSITS2a.notCombined_1.fastq
[FLASH]     ./Silva_5101Raw05052017/5101-161-MSITS2a.notCombined_2.fastq
[FLASH]     ./Silva_5101Raw05052017/5101-161-MSITS2a.hist
[FLASH]     ./Silva_5101Raw05052017/5101-161-MSITS2a.histogram
[FLASH]  
[FLASH] Parameters:
[FLASH]     Min overlap:           10
[FLASH]     Max overlap:           100
[FLASH]     Max mismatch density:  0.250000
[FLASH]     Allow "outie" pairs:   false
[FLASH]     Cap mismatch quals:    false
[FLASH]     Combiner threads:      8
[FLASH]     Input format:          FASTQ, phred_offset=33
[FLASH]     Output format:         FASTQ, phred_offset=33
[FLASH]  
[FLASH] Starting reader and writer threads
[FLASH] Starting 8 combiner threads
[FLASH] Processed 25000 read pairs
[FLASH] Processed 50000 read pairs
[FLASH] Processed 69545 read pairs
[FLASH]  
[FLASH] Read combination statistics:
[FLASH]     Total pairs:      69545
[FLASH]     Combined pairs:   63241
[FLASH]     Uncombined pairs: 6304
[FLASH]     Percent combined: 90.94%
[FLASH]  
[FLASH] Writing histogram files.
[FLASH]  
[FLASH] FLASH v1.2.11 complete!
[FLASH] 0.216 seconds elapsed
[FLASH] Finished with 1 warning (see above)
[FLASH] Starting FLASH v1.2.11
[FLASH] Fast Length Adjustment of SHort reads
[FLASH]  
[FLASH] Input files:
[FLASH]     /home/mark/silage/Silva_5101Raw05052017/5101-162-MS515F-926R_R1.fastq
[FLASH]     /home/mark/silage/Silva_5101Raw05052017/5101-162-MS515F-926R_R2.fastq
[FLASH]  
[FLASH] Output files:
[FLASH]     ./Silva_5101Raw05052017/5101-162-MS515F-926R.extendedFrags.fastq
[FLASH]     ./Silva_5101Raw05052017/5101-162-MS515F-926R.notCombined_1.fastq
[FLASH]     ./Silva_5101Raw05052017/5101-162-MS515F-926R.notCombined_2.fastq
[FLASH]     ./Silva_5101Raw05052017/5101-162-MS515F-926R.hist
[FLASH]     ./Silva_5101Raw05052017/5101-162-MS515F-926R.histogram
[FLASH]  
[FLASH] Parameters:
[FLASH]     Min overlap:           10
[FLASH]     Max overlap:           100
[FLASH]     Max mismatch density:  0.250000
[FLASH]     Allow "outie" pairs:   false
[FLASH]     Cap mismatch quals:    false
[FLASH]     Combiner threads:      8
[FLASH]     Input format:          FASTQ, phred_offset=33
[FLASH]     Output format:         FASTQ, phred_offset=33
[FLASH]  
[FLASH] Starting reader and writer threads
[FLASH] Starting 8 combiner threads
[FLASH] Processed 25000 read pairs
[FLASH] Processed 41927 read pairs
[FLASH]  
[FLASH] Read combination statistics:
[FLASH]     Total pairs:      41927
[FLASH]     Combined pairs:   41475
[FLASH]     Uncombined pairs: 452
[FLASH]     Percent combined: 98.92%
[FLASH]  
[FLASH] Writing histogram files.
[FLASH]  
[FLASH] FLASH v1.2.11 complete!
[FLASH] 0.136 seconds elapsed
[FLASH] Starting FLASH v1.2.11
[FLASH] Fast Length Adjustment of SHort reads
[FLASH]  
[FLASH] Input files:
[FLASH]     /home/mark/silage/Silva_5101Raw05052017/5101-162-MSITS2a_R1.fastq
[FLASH]     /home/mark/silage/Silva_5101Raw05052017/5101-162-MSITS2a_R2.fastq
[FLASH]  
[FLASH] Output files:
[FLASH]     ./Silva_5101Raw05052017/5101-162-MSITS2a.extendedFrags.fastq
[FLASH]     ./Silva_5101Raw05052017/5101-162-MSITS2a.notCombined_1.fastq
[FLASH]     ./Silva_5101Raw05052017/5101-162-MSITS2a.notCombined_2.fastq
[FLASH]     ./Silva_5101Raw05052017/5101-162-MSITS2a.hist
[FLASH]     ./Silva_5101Raw05052017/5101-162-MSITS2a.histogram
[FLASH]  
[FLASH] Parameters:
[FLASH]     Min overlap:           10
[FLASH]     Max overlap:           100
[FLASH]     Max mismatch density:  0.250000
[FLASH]     Allow "outie" pairs:   false
[FLASH]     Cap mismatch quals:    false
[FLASH]     Combiner threads:      8
[FLASH]     Input format:          FASTQ, phred_offset=33
[FLASH]     Output format:         FASTQ, phred_offset=33
[FLASH]  
[FLASH] Starting reader and writer threads
[FLASH] Starting 8 combiner threads
[FLASH] Processed 25000 read pairs
[FLASH] Processed 50000 read pairs
[FLASH] Processed 72893 read pairs
[FLASH]  
[FLASH] Read combination statistics:
[FLASH]     Total pairs:      72893
[FLASH]     Combined pairs:   66813
[FLASH]     Uncombined pairs: 6080
[FLASH]     Percent combined: 91.66%
[FLASH]  
[FLASH] Writing histogram files.
[FLASH]  
[FLASH] FLASH v1.2.11 complete!
[FLASH] 0.525 seconds elapsed
[FLASH] Finished with 1 warning (see above)
[FLASH] Starting FLASH v1.2.11
[FLASH] Fast Length Adjustment of SHort reads
[FLASH]  
[FLASH] Input files:
[FLASH]     /home/mark/silage/Silva_5101Raw05052017/5101-163-MS515F-926R_R1.fastq
[FLASH]     /home/mark/silage/Silva_5101Raw05052017/5101-163-MS515F-926R_R2.fastq
[FLASH]  
[FLASH] Output files:
[FLASH]     ./Silva_5101Raw05052017/5101-163-MS515F-926R.extendedFrags.fastq
[FLASH]     ./Silva_5101Raw05052017/5101-163-MS515F-926R.notCombined_1.fastq
[FLASH]     ./Silva_5101Raw05052017/5101-163-MS515F-926R.notCombined_2.fastq
[FLASH]     ./Silva_5101Raw05052017/5101-163-MS515F-926R.hist
[FLASH]     ./Silva_5101Raw05052017/5101-163-MS515F-926R.histogram
[FLASH]  
[FLASH] Parameters:
[FLASH]     Min overlap:           10
[FLASH]     Max overlap:           100
[FLASH]     Max mismatch density:  0.250000
[FLASH]     Allow "outie" pairs:   false
[FLASH]     Cap mismatch quals:    false
[FLASH]     Combiner threads:      8
[FLASH]     Input format:          FASTQ, phred_offset=33
[FLASH]     Output format:         FASTQ, phred_offset=33
[FLASH]  
[FLASH] Starting reader and writer threads
[FLASH] Starting 8 combiner threads
[FLASH] Processed 25000 read pairs
[FLASH] Processed 45556 read pairs
[FLASH]  
[FLASH] Read combination statistics:
[FLASH]     Total pairs:      45556
[FLASH]     Combined pairs:   45054
[FLASH]     Uncombined pairs: 502
[FLASH]     Percent combined: 98.90%
[FLASH]  
[FLASH] Writing histogram files.
[FLASH]  
[FLASH] FLASH v1.2.11 complete!
[FLASH] 0.148 seconds elapsed
[FLASH] Starting FLASH v1.2.11
[FLASH] Fast Length Adjustment of SHort reads
[FLASH]  
[FLASH] Input files:
[FLASH]     /home/mark/silage/Silva_5101Raw05052017/5101-163-MSITS2a_R1.fastq
[FLASH]     /home/mark/silage/Silva_5101Raw05052017/5101-163-MSITS2a_R2.fastq
[FLASH]  
[FLASH] Output files:
[FLASH]     ./Silva_5101Raw05052017/5101-163-MSITS2a.extendedFrags.fastq
[FLASH]     ./Silva_5101Raw05052017/5101-163-MSITS2a.notCombined_1.fastq
[FLASH]     ./Silva_5101Raw05052017/5101-163-MSITS2a.notCombined_2.fastq
[FLASH]     ./Silva_5101Raw05052017/5101-163-MSITS2a.hist
[FLASH]     ./Silva_5101Raw05052017/5101-163-MSITS2a.histogram
[FLASH]  
[FLASH] Parameters:
[FLASH]     Min overlap:           10
[FLASH]     Max overlap:           100
[FLASH]     Max mismatch density:  0.250000
[FLASH]     Allow "outie" pairs:   false
[FLASH]     Cap mismatch quals:    false
[FLASH]     Combiner threads:      8
[FLASH]     Input format:          FASTQ, phred_offset=33
[FLASH]     Output format:         FASTQ, phred_offset=33
[FLASH]  
[FLASH] Starting reader and writer threads
[FLASH] Starting 8 combiner threads
[FLASH] Processed 25000 read pairs
[FLASH] Processed 50000 read pairs
[FLASH] Processed 70859 read pairs
[FLASH]  
[FLASH] Read combination statistics:
[FLASH]     Total pairs:      70859
[FLASH]     Combined pairs:   65154
[FLASH]     Uncombined pairs: 5705
[FLASH]     Percent combined: 91.95%
[FLASH]  
[FLASH] Writing histogram files.
[FLASH]  
[FLASH] FLASH v1.2.11 complete!
[FLASH] 0.205 seconds elapsed
[FLASH] Finished with 1 warning (see above)
[FLASH] Starting FLASH v1.2.11
[FLASH] Fast Length Adjustment of SHort reads
[FLASH]  
[FLASH] Input files:
[FLASH]     /home/mark/silage/Silva_5101Raw05052017/5101-165-MS515F-926R_R1.fastq
[FLASH]     /home/mark/silage/Silva_5101Raw05052017/5101-165-MS515F-926R_R2.fastq
[FLASH]  
[FLASH] Output files:
[FLASH]     ./Silva_5101Raw05052017/5101-165-MS515F-926R.extendedFrags.fastq
[FLASH]     ./Silva_5101Raw05052017/5101-165-MS515F-926R.notCombined_1.fastq
[FLASH]     ./Silva_5101Raw05052017/5101-165-MS515F-926R.notCombined_2.fastq
[FLASH]     ./Silva_5101Raw05052017/5101-165-MS515F-926R.hist
[FLASH]     ./Silva_5101Raw05052017/5101-165-MS515F-926R.histogram
[FLASH]  
[FLASH] Parameters:
[FLASH]     Min overlap:           10
[FLASH]     Max overlap:           100
[FLASH]     Max mismatch density:  0.250000
[FLASH]     Allow "outie" pairs:   false
[FLASH]     Cap mismatch quals:    false
[FLASH]     Combiner threads:      8
[FLASH]     Input format:          FASTQ, phred_offset=33
[FLASH]     Output format:         FASTQ, phred_offset=33
[FLASH]  
[FLASH] Starting reader and writer threads
[FLASH] Starting 8 combiner threads
[FLASH] Processed 25000 read pairs
[FLASH] Processed 50000 read pairs
[FLASH] Processed 53230 read pairs
[FLASH]  
[FLASH] Read combination statistics:
[FLASH]     Total pairs:      53230
[FLASH]     Combined pairs:   52545
[FLASH]     Uncombined pairs: 685
[FLASH]     Percent combined: 98.71%
[FLASH]  
[FLASH] Writing histogram files.
[FLASH]  
[FLASH] FLASH v1.2.11 complete!
[FLASH] 0.566 seconds elapsed
[FLASH] Starting FLASH v1.2.11
[FLASH] Fast Length Adjustment of SHort reads
[FLASH]  
[FLASH] Input files:
[FLASH]     /home/mark/silage/Silva_5101Raw05052017/5101-165-MSITS2a_R1.fastq
[FLASH]     /home/mark/silage/Silva_5101Raw05052017/5101-165-MSITS2a_R2.fastq
[FLASH]  
[FLASH] Output files:
[FLASH]     ./Silva_5101Raw05052017/5101-165-MSITS2a.extendedFrags.fastq
[FLASH]     ./Silva_5101Raw05052017/5101-165-MSITS2a.notCombined_1.fastq
[FLASH]     ./Silva_5101Raw05052017/5101-165-MSITS2a.notCombined_2.fastq
[FLASH]     ./Silva_5101Raw05052017/5101-165-MSITS2a.hist
[FLASH]     ./Silva_5101Raw05052017/5101-165-MSITS2a.histogram
[FLASH]  
[FLASH] Parameters:
[FLASH]     Min overlap:           10
[FLASH]     Max overlap:           100
[FLASH]     Max mismatch density:  0.250000
[FLASH]     Allow "outie" pairs:   false
[FLASH]     Cap mismatch quals:    false
[FLASH]     Combiner threads:      8
[FLASH]     Input format:          FASTQ, phred_offset=33
[FLASH]     Output format:         FASTQ, phred_offset=33
[FLASH]  
[FLASH] Starting reader and writer threads
[FLASH] Starting 8 combiner threads
[FLASH] Processed 25000 read pairs
[FLASH] Processed 48241 read pairs
[FLASH]  
[FLASH] Read combination statistics:
[FLASH]     Total pairs:      48241
[FLASH]     Combined pairs:   41963
[FLASH]     Uncombined pairs: 6278
[FLASH]     Percent combined: 86.99%
[FLASH]  
[FLASH] Writing histogram files.
[FLASH]  
[FLASH] FLASH v1.2.11 complete!
[FLASH] 0.180 seconds elapsed
[FLASH] Finished with 1 warning (see above)
[FLASH] Starting FLASH v1.2.11
[FLASH] Fast Length Adjustment of SHort reads
[FLASH]  
[FLASH] Input files:
[FLASH]     /home/mark/silage/Silva_5101Raw05052017/5101-166-MS515F-926R_R1.fastq
[FLASH]     /home/mark/silage/Silva_5101Raw05052017/5101-166-MS515F-926R_R2.fastq
[FLASH]  
[FLASH] Output files:
[FLASH]     ./Silva_5101Raw05052017/5101-166-MS515F-926R.extendedFrags.fastq
[FLASH]     ./Silva_5101Raw05052017/5101-166-MS515F-926R.notCombined_1.fastq
[FLASH]     ./Silva_5101Raw05052017/5101-166-MS515F-926R.notCombined_2.fastq
[FLASH]     ./Silva_5101Raw05052017/5101-166-MS515F-926R.hist
[FLASH]     ./Silva_5101Raw05052017/5101-166-MS515F-926R.histogram
[FLASH]  
[FLASH] Parameters:
[FLASH]     Min overlap:           10
[FLASH]     Max overlap:           100
[FLASH]     Max mismatch density:  0.250000
[FLASH]     Allow "outie" pairs:   false
[FLASH]     Cap mismatch quals:    false
[FLASH]     Combiner threads:      8
[FLASH]     Input format:          FASTQ, phred_offset=33
[FLASH]     Output format:         FASTQ, phred_offset=33
[FLASH]  
[FLASH] Starting reader and writer threads
[FLASH] Starting 8 combiner threads
[FLASH] Processed 25000 read pairs
[FLASH] Processed 50000 read pairs
[FLASH] Processed 57544 read pairs
[FLASH]  
[FLASH] Read combination statistics:
[FLASH]     Total pairs:      57544
[FLASH]     Combined pairs:   56752
[FLASH]     Uncombined pairs: 792
[FLASH]     Percent combined: 98.62%
[FLASH]  
[FLASH] Writing histogram files.
[FLASH]  
[FLASH] FLASH v1.2.11 complete!
[FLASH] 0.182 seconds elapsed
[FLASH] Starting FLASH v1.2.11
[FLASH] Fast Length Adjustment of SHort reads
[FLASH]  
[FLASH] Input files:
[FLASH]     /home/mark/silage/Silva_5101Raw05052017/5101-166-MSITS2a_R1.fastq
[FLASH]     /home/mark/silage/Silva_5101Raw05052017/5101-166-MSITS2a_R2.fastq
[FLASH]  
[FLASH] Output files:
[FLASH]     ./Silva_5101Raw05052017/5101-166-MSITS2a.extendedFrags.fastq
[FLASH]     ./Silva_5101Raw05052017/5101-166-MSITS2a.notCombined_1.fastq
[FLASH]     ./Silva_5101Raw05052017/5101-166-MSITS2a.notCombined_2.fastq
[FLASH]     ./Silva_5101Raw05052017/5101-166-MSITS2a.hist
[FLASH]     ./Silva_5101Raw05052017/5101-166-MSITS2a.histogram
[FLASH]  
[FLASH] Parameters:
[FLASH]     Min overlap:           10
[FLASH]     Max overlap:           100
[FLASH]     Max mismatch density:  0.250000
[FLASH]     Allow "outie" pairs:   false
[FLASH]     Cap mismatch quals:    false
[FLASH]     Combiner threads:      8
[FLASH]     Input format:          FASTQ, phred_offset=33
[FLASH]     Output format:         FASTQ, phred_offset=33
[FLASH]  
[FLASH] Starting reader and writer threads
[FLASH] Starting 8 combiner threads
[FLASH] Processed 25000 read pairs
[FLASH] Processed 47679 read pairs
[FLASH]  
[FLASH] Read combination statistics:
[FLASH]     Total pairs:      47679
[FLASH]     Combined pairs:   43759
[FLASH]     Uncombined pairs: 3920
[FLASH]     Percent combined: 91.78%
[FLASH]  
[FLASH] Writing histogram files.
[FLASH]  
[FLASH] FLASH v1.2.11 complete!
[FLASH] 0.151 seconds elapsed
[FLASH] Finished with 1 warning (see above)
[FLASH] Starting FLASH v1.2.11
[FLASH] Fast Length Adjustment of SHort reads
[FLASH]  
[FLASH] Input files:
[FLASH]     /home/mark/silage/Silva_5101Raw05052017/5101-167-MS515F-926R_R1.fastq
[FLASH]     /home/mark/silage/Silva_5101Raw05052017/5101-167-MS515F-926R_R2.fastq
[FLASH]  
[FLASH] Output files:
[FLASH]     ./Silva_5101Raw05052017/5101-167-MS515F-926R.extendedFrags.fastq
[FLASH]     ./Silva_5101Raw05052017/5101-167-MS515F-926R.notCombined_1.fastq
[FLASH]     ./Silva_5101Raw05052017/5101-167-MS515F-926R.notCombined_2.fastq
[FLASH]     ./Silva_5101Raw05052017/5101-167-MS515F-926R.hist
[FLASH]     ./Silva_5101Raw05052017/5101-167-MS515F-926R.histogram
[FLASH]  
[FLASH] Parameters:
[FLASH]     Min overlap:           10
[FLASH]     Max overlap:           100
[FLASH]     Max mismatch density:  0.250000
[FLASH]     Allow "outie" pairs:   false
[FLASH]     Cap mismatch quals:    false
[FLASH]     Combiner threads:      8
[FLASH]     Input format:          FASTQ, phred_offset=33
[FLASH]     Output format:         FASTQ, phred_offset=33
[FLASH]  
[FLASH] Starting reader and writer threads
[FLASH] Starting 8 combiner threads
[FLASH] Processed 25000 read pairs
[FLASH] Processed 50000 read pairs
[FLASH] Processed 55017 read pairs
[FLASH]  
[FLASH] Read combination statistics:
[FLASH]     Total pairs:      55017
[FLASH]     Combined pairs:   54247
[FLASH]     Uncombined pairs: 770
[FLASH]     Percent combined: 98.60%
[FLASH]  
[FLASH] Writing histogram files.
[FLASH]  
[FLASH] FLASH v1.2.11 complete!
[FLASH] 0.180 seconds elapsed
[FLASH] Starting FLASH v1.2.11
[FLASH] Fast Length Adjustment of SHort reads
[FLASH]  
[FLASH] Input files:
[FLASH]     /home/mark/silage/Silva_5101Raw05052017/5101-167-MSITS2a_R1.fastq
[FLASH]     /home/mark/silage/Silva_5101Raw05052017/5101-167-MSITS2a_R2.fastq
[FLASH]  
[FLASH] Output files:
[FLASH]     ./Silva_5101Raw05052017/5101-167-MSITS2a.extendedFrags.fastq
[FLASH]     ./Silva_5101Raw05052017/5101-167-MSITS2a.notCombined_1.fastq
[FLASH]     ./Silva_5101Raw05052017/5101-167-MSITS2a.notCombined_2.fastq
[FLASH]     ./Silva_5101Raw05052017/5101-167-MSITS2a.hist
[FLASH]     ./Silva_5101Raw05052017/5101-167-MSITS2a.histogram
[FLASH]  
[FLASH] Parameters:
[FLASH]     Min overlap:           10
[FLASH]     Max overlap:           100
[FLASH]     Max mismatch density:  0.250000
[FLASH]     Allow "outie" pairs:   false
[FLASH]     Cap mismatch quals:    false
[FLASH]     Combiner threads:      8
[FLASH]     Input format:          FASTQ, phred_offset=33
[FLASH]     Output format:         FASTQ, phred_offset=33
[FLASH]  
[FLASH] Starting reader and writer threads
[FLASH] Starting 8 combiner threads
[FLASH] Processed 25000 read pairs
[FLASH] Processed 50000 read pairs
[FLASH] Processed 75000 read pairs
[FLASH] Processed 96056 read pairs
[FLASH]  
[FLASH] Read combination statistics:
[FLASH]     Total pairs:      96056
[FLASH]     Combined pairs:   87039
[FLASH]     Uncombined pairs: 9017
[FLASH]     Percent combined: 90.61%
[FLASH]  
[FLASH] Writing histogram files.
[FLASH]  
[FLASH] FLASH v1.2.11 complete!
[FLASH] 0.655 seconds elapsed
[FLASH] Finished with 1 warning (see above)
[FLASH] Starting FLASH v1.2.11
[FLASH] Fast Length Adjustment of SHort reads
[FLASH]  
[FLASH] Input files:
[FLASH]     /home/mark/silage/Silva_5101Raw05052017/5101-168-MS515F-926R_R1.fastq
[FLASH]     /home/mark/silage/Silva_5101Raw05052017/5101-168-MS515F-926R_R2.fastq
[FLASH]  
[FLASH] Output files:
[FLASH]     ./Silva_5101Raw05052017/5101-168-MS515F-926R.extendedFrags.fastq
[FLASH]     ./Silva_5101Raw05052017/5101-168-MS515F-926R.notCombined_1.fastq
[FLASH]     ./Silva_5101Raw05052017/5101-168-MS515F-926R.notCombined_2.fastq
[FLASH]     ./Silva_5101Raw05052017/5101-168-MS515F-926R.hist
[FLASH]     ./Silva_5101Raw05052017/5101-168-MS515F-926R.histogram
[FLASH]  
[FLASH] Parameters:
[FLASH]     Min overlap:           10
[FLASH]     Max overlap:           100
[FLASH]     Max mismatch density:  0.250000
[FLASH]     Allow "outie" pairs:   false
[FLASH]     Cap mismatch quals:    false
[FLASH]     Combiner threads:      8
[FLASH]     Input format:          FASTQ, phred_offset=33
[FLASH]     Output format:         FASTQ, phred_offset=33
[FLASH]  
[FLASH] Starting reader and writer threads
[FLASH] Starting 8 combiner threads
[FLASH] Processed 25000 read pairs
[FLASH] Processed 50000 read pairs
[FLASH] Processed 63557 read pairs
[FLASH]  
[FLASH] Read combination statistics:
[FLASH]     Total pairs:      63557
[FLASH]     Combined pairs:   62650
[FLASH]     Uncombined pairs: 907
[FLASH]     Percent combined: 98.57%
[FLASH]  
[FLASH] Writing histogram files.
[FLASH]  
[FLASH] FLASH v1.2.11 complete!
[FLASH] 0.206 seconds elapsed
[FLASH] Starting FLASH v1.2.11
[FLASH] Fast Length Adjustment of SHort reads
[FLASH]  
[FLASH] Input files:
[FLASH]     /home/mark/silage/Silva_5101Raw05052017/5101-168-MSITS2a_R1.fastq
[FLASH]     /home/mark/silage/Silva_5101Raw05052017/5101-168-MSITS2a_R2.fastq
[FLASH]  
[FLASH] Output files:
[FLASH]     ./Silva_5101Raw05052017/5101-168-MSITS2a.extendedFrags.fastq
[FLASH]     ./Silva_5101Raw05052017/5101-168-MSITS2a.notCombined_1.fastq
[FLASH]     ./Silva_5101Raw05052017/5101-168-MSITS2a.notCombined_2.fastq
[FLASH]     ./Silva_5101Raw05052017/5101-168-MSITS2a.hist
[FLASH]     ./Silva_5101Raw05052017/5101-168-MSITS2a.histogram
[FLASH]  
[FLASH] Parameters:
[FLASH]     Min overlap:           10
[FLASH]     Max overlap:           100
[FLASH]     Max mismatch density:  0.250000
[FLASH]     Allow "outie" pairs:   false
[FLASH]     Cap mismatch quals:    false
[FLASH]     Combiner threads:      8
[FLASH]     Input format:          FASTQ, phred_offset=33
[FLASH]     Output format:         FASTQ, phred_offset=33
[FLASH]  
[FLASH] Starting reader and writer threads
[FLASH] Starting 8 combiner threads
[FLASH] Processed 25000 read pairs
[FLASH] Processed 49548 read pairs
[FLASH]  
[FLASH] Read combination statistics:
[FLASH]     Total pairs:      49548
[FLASH]     Combined pairs:   41894
[FLASH]     Uncombined pairs: 7654
[FLASH]     Percent combined: 84.55%
[FLASH]  
[FLASH] Writing histogram files.
[FLASH]  
[FLASH] FLASH v1.2.11 complete!
[FLASH] 0.159 seconds elapsed
[FLASH] Finished with 1 warning (see above)
[FLASH] Starting FLASH v1.2.11
[FLASH] Fast Length Adjustment of SHort reads
[FLASH]  
[FLASH] Input files:
[FLASH]     /home/mark/silage/Silva_5101Raw05052017/5101-170-MS515F-926R_R1.fastq
[FLASH]     /home/mark/silage/Silva_5101Raw05052017/5101-170-MS515F-926R_R2.fastq
[FLASH]  
[FLASH] Output files:
[FLASH]     ./Silva_5101Raw05052017/5101-170-MS515F-926R.extendedFrags.fastq
[FLASH]     ./Silva_5101Raw05052017/5101-170-MS515F-926R.notCombined_1.fastq
[FLASH]     ./Silva_5101Raw05052017/5101-170-MS515F-926R.notCombined_2.fastq
[FLASH]     ./Silva_5101Raw05052017/5101-170-MS515F-926R.hist
[FLASH]     ./Silva_5101Raw05052017/5101-170-MS515F-926R.histogram
[FLASH]  
[FLASH] Parameters:
[FLASH]     Min overlap:           10
[FLASH]     Max overlap:           100
[FLASH]     Max mismatch density:  0.250000
[FLASH]     Allow "outie" pairs:   false
[FLASH]     Cap mismatch quals:    false
[FLASH]     Combiner threads:      8
[FLASH]     Input format:          FASTQ, phred_offset=33
[FLASH]     Output format:         FASTQ, phred_offset=33
[FLASH]  
[FLASH] Starting reader and writer threads
[FLASH] Starting 8 combiner threads
[FLASH] Processed 25000 read pairs
[FLASH] Processed 50000 read pairs
[FLASH] Processed 59964 read pairs
[FLASH]  
[FLASH] Read combination statistics:
[FLASH]     Total pairs:      59964
[FLASH]     Combined pairs:   59057
[FLASH]     Uncombined pairs: 907
[FLASH]     Percent combined: 98.49%
[FLASH]  
[FLASH] Writing histogram files.
[FLASH]  
[FLASH] FLASH v1.2.11 complete!
[FLASH] 0.444 seconds elapsed
[FLASH] Starting FLASH v1.2.11
[FLASH] Fast Length Adjustment of SHort reads
[FLASH]  
[FLASH] Input files:
[FLASH]     /home/mark/silage/Silva_5101Raw05052017/5101-170-MSITS2a_R1.fastq
[FLASH]     /home/mark/silage/Silva_5101Raw05052017/5101-170-MSITS2a_R2.fastq
[FLASH]  
[FLASH] Output files:
[FLASH]     ./Silva_5101Raw05052017/5101-170-MSITS2a.extendedFrags.fastq
[FLASH]     ./Silva_5101Raw05052017/5101-170-MSITS2a.notCombined_1.fastq
[FLASH]     ./Silva_5101Raw05052017/5101-170-MSITS2a.notCombined_2.fastq
[FLASH]     ./Silva_5101Raw05052017/5101-170-MSITS2a.hist
[FLASH]     ./Silva_5101Raw05052017/5101-170-MSITS2a.histogram
[FLASH]  
[FLASH] Parameters:
[FLASH]     Min overlap:           10
[FLASH]     Max overlap:           100
[FLASH]     Max mismatch density:  0.250000
[FLASH]     Allow "outie" pairs:   false
[FLASH]     Cap mismatch quals:    false
[FLASH]     Combiner threads:      8
[FLASH]     Input format:          FASTQ, phred_offset=33
[FLASH]     Output format:         FASTQ, phred_offset=33
[FLASH]  
[FLASH] Starting reader and writer threads
[FLASH] Starting 8 combiner threads
[FLASH] Processed 25000 read pairs
[FLASH] Processed 50000 read pairs
[FLASH] Processed 75000 read pairs
[FLASH] Processed 82864 read pairs
[FLASH]  
[FLASH] Read combination statistics:
[FLASH]     Total pairs:      82864
[FLASH]     Combined pairs:   75421
[FLASH]     Uncombined pairs: 7443
[FLASH]     Percent combined: 91.02%
[FLASH]  
[FLASH] Writing histogram files.
[FLASH]  
[FLASH] FLASH v1.2.11 complete!
[FLASH] 0.871 seconds elapsed
[FLASH] Finished with 1 warning (see above)
[FLASH] Starting FLASH v1.2.11
[FLASH] Fast Length Adjustment of SHort reads
[FLASH]  
[FLASH] Input files:
[FLASH]     /home/mark/silage/Silva_5101Raw05052017/5101-171-MS515F-926R_R1.fastq
[FLASH]     /home/mark/silage/Silva_5101Raw05052017/5101-171-MS515F-926R_R2.fastq
[FLASH]  
[FLASH] Output files:
[FLASH]     ./Silva_5101Raw05052017/5101-171-MS515F-926R.extendedFrags.fastq
[FLASH]     ./Silva_5101Raw05052017/5101-171-MS515F-926R.notCombined_1.fastq
[FLASH]     ./Silva_5101Raw05052017/5101-171-MS515F-926R.notCombined_2.fastq
[FLASH]     ./Silva_5101Raw05052017/5101-171-MS515F-926R.hist
[FLASH]     ./Silva_5101Raw05052017/5101-171-MS515F-926R.histogram
[FLASH]  
[FLASH] Parameters:
[FLASH]     Min overlap:           10
[FLASH]     Max overlap:           100
[FLASH]     Max mismatch density:  0.250000
[FLASH]     Allow "outie" pairs:   false
[FLASH]     Cap mismatch quals:    false
[FLASH]     Combiner threads:      8
[FLASH]     Input format:          FASTQ, phred_offset=33
[FLASH]     Output format:         FASTQ, phred_offset=33
[FLASH]  
[FLASH] Starting reader and writer threads
[FLASH] Starting 8 combiner threads
[FLASH] Processed 25000 read pairs
[FLASH] Processed 50000 read pairs
[FLASH] Processed 55070 read pairs
[FLASH]  
[FLASH] Read combination statistics:
[FLASH]     Total pairs:      55070
[FLASH]     Combined pairs:   54244
[FLASH]     Uncombined pairs: 826
[FLASH]     Percent combined: 98.50%
[FLASH]  
[FLASH] Writing histogram files.
[FLASH]  
[FLASH] FLASH v1.2.11 complete!
[FLASH] 0.187 seconds elapsed
[FLASH] Starting FLASH v1.2.11
[FLASH] Fast Length Adjustment of SHort reads
[FLASH]  
[FLASH] Input files:
[FLASH]     /home/mark/silage/Silva_5101Raw05052017/5101-171-MSITS2a_R1.fastq
[FLASH]     /home/mark/silage/Silva_5101Raw05052017/5101-171-MSITS2a_R2.fastq
[FLASH]  
[FLASH] Output files:
[FLASH]     ./Silva_5101Raw05052017/5101-171-MSITS2a.extendedFrags.fastq
[FLASH]     ./Silva_5101Raw05052017/5101-171-MSITS2a.notCombined_1.fastq
[FLASH]     ./Silva_5101Raw05052017/5101-171-MSITS2a.notCombined_2.fastq
[FLASH]     ./Silva_5101Raw05052017/5101-171-MSITS2a.hist
[FLASH]     ./Silva_5101Raw05052017/5101-171-MSITS2a.histogram
[FLASH]  
[FLASH] Parameters:
[FLASH]     Min overlap:           10
[FLASH]     Max overlap:           100
[FLASH]     Max mismatch density:  0.250000
[FLASH]     Allow "outie" pairs:   false
[FLASH]     Cap mismatch quals:    false
[FLASH]     Combiner threads:      8
[FLASH]     Input format:          FASTQ, phred_offset=33
[FLASH]     Output format:         FASTQ, phred_offset=33
[FLASH]  
[FLASH] Starting reader and writer threads
[FLASH] Starting 8 combiner threads
[FLASH] Processed 21709 read pairs
[FLASH]  
[FLASH] Read combination statistics:
[FLASH]     Total pairs:      21709
[FLASH]     Combined pairs:   18388
[FLASH]     Uncombined pairs: 3321
[FLASH]     Percent combined: 84.70%
[FLASH]  
[FLASH] Writing histogram files.
[FLASH]  
[FLASH] FLASH v1.2.11 complete!
[FLASH] 0.090 seconds elapsed
[FLASH] Finished with 1 warning (see above)
[FLASH] Starting FLASH v1.2.11
[FLASH] Fast Length Adjustment of SHort reads
[FLASH]  
[FLASH] Input files:
[FLASH]     /home/mark/silage/Silva_5101Raw05052017/5101-172-MS515F-926R_R1.fastq
[FLASH]     /home/mark/silage/Silva_5101Raw05052017/5101-172-MS515F-926R_R2.fastq
[FLASH]  
[FLASH] Output files:
[FLASH]     ./Silva_5101Raw05052017/5101-172-MS515F-926R.extendedFrags.fastq
[FLASH]     ./Silva_5101Raw05052017/5101-172-MS515F-926R.notCombined_1.fastq
[FLASH]     ./Silva_5101Raw05052017/5101-172-MS515F-926R.notCombined_2.fastq
[FLASH]     ./Silva_5101Raw05052017/5101-172-MS515F-926R.hist
[FLASH]     ./Silva_5101Raw05052017/5101-172-MS515F-926R.histogram
[FLASH]  
[FLASH] Parameters:
[FLASH]     Min overlap:           10
[FLASH]     Max overlap:           100
[FLASH]     Max mismatch density:  0.250000
[FLASH]     Allow "outie" pairs:   false
[FLASH]     Cap mismatch quals:    false
[FLASH]     Combiner threads:      8
[FLASH]     Input format:          FASTQ, phred_offset=33
[FLASH]     Output format:         FASTQ, phred_offset=33
[FLASH]  
[FLASH] Starting reader and writer threads
[FLASH] Starting 8 combiner threads
[FLASH] Processed 25000 read pairs
[FLASH] Processed 48995 read pairs
[FLASH]  
[FLASH] Read combination statistics:
[FLASH]     Total pairs:      48995
[FLASH]     Combined pairs:   48400
[FLASH]     Uncombined pairs: 595
[FLASH]     Percent combined: 98.79%
[FLASH]  
[FLASH] Writing histogram files.
[FLASH]  
[FLASH] FLASH v1.2.11 complete!
[FLASH] 0.160 seconds elapsed
[FLASH] Starting FLASH v1.2.11
[FLASH] Fast Length Adjustment of SHort reads
[FLASH]  
[FLASH] Input files:
[FLASH]     /home/mark/silage/Silva_5101Raw05052017/5101-172-MSITS2a_R1.fastq
[FLASH]     /home/mark/silage/Silva_5101Raw05052017/5101-172-MSITS2a_R2.fastq
[FLASH]  
[FLASH] Output files:
[FLASH]     ./Silva_5101Raw05052017/5101-172-MSITS2a.extendedFrags.fastq
[FLASH]     ./Silva_5101Raw05052017/5101-172-MSITS2a.notCombined_1.fastq
[FLASH]     ./Silva_5101Raw05052017/5101-172-MSITS2a.notCombined_2.fastq
[FLASH]     ./Silva_5101Raw05052017/5101-172-MSITS2a.hist
[FLASH]     ./Silva_5101Raw05052017/5101-172-MSITS2a.histogram
[FLASH]  
[FLASH] Parameters:
[FLASH]     Min overlap:           10
[FLASH]     Max overlap:           100
[FLASH]     Max mismatch density:  0.250000
[FLASH]     Allow "outie" pairs:   false
[FLASH]     Cap mismatch quals:    false
[FLASH]     Combiner threads:      8
[FLASH]     Input format:          FASTQ, phred_offset=33
[FLASH]     Output format:         FASTQ, phred_offset=33
[FLASH]  
[FLASH] Starting reader and writer threads
[FLASH] Starting 8 combiner threads
[FLASH] Processed 944 read pairs
[FLASH]  
[FLASH] Read combination statistics:
[FLASH]     Total pairs:      944
[FLASH]     Combined pairs:   722
[FLASH]     Uncombined pairs: 222
[FLASH]     Percent combined: 76.48%
[FLASH]  
[FLASH] Writing histogram files.
[FLASH]  
[FLASH] FLASH v1.2.11 complete!
[FLASH] 0.012 seconds elapsed
[FLASH] Finished with 1 warning (see above)
[FLASH] Starting FLASH v1.2.11
[FLASH] Fast Length Adjustment of SHort reads
[FLASH]  
[FLASH] Input files:
[FLASH]     /home/mark/silage/Silva_5101Raw05052017/5101-173-MS515F-926R_R1.fastq
[FLASH]     /home/mark/silage/Silva_5101Raw05052017/5101-173-MS515F-926R_R2.fastq
[FLASH]  
[FLASH] Output files:
[FLASH]     ./Silva_5101Raw05052017/5101-173-MS515F-926R.extendedFrags.fastq
[FLASH]     ./Silva_5101Raw05052017/5101-173-MS515F-926R.notCombined_1.fastq
[FLASH]     ./Silva_5101Raw05052017/5101-173-MS515F-926R.notCombined_2.fastq
[FLASH]     ./Silva_5101Raw05052017/5101-173-MS515F-926R.hist
[FLASH]     ./Silva_5101Raw05052017/5101-173-MS515F-926R.histogram
[FLASH]  
[FLASH] Parameters:
[FLASH]     Min overlap:           10
[FLASH]     Max overlap:           100
[FLASH]     Max mismatch density:  0.250000
[FLASH]     Allow "outie" pairs:   false
[FLASH]     Cap mismatch quals:    false
[FLASH]     Combiner threads:      8
[FLASH]     Input format:          FASTQ, phred_offset=33
[FLASH]     Output format:         FASTQ, phred_offset=33
[FLASH]  
[FLASH] Starting reader and writer threads
[FLASH] Starting 8 combiner threads
[FLASH] Processed 25000 read pairs
[FLASH] Processed 48886 read pairs
[FLASH]  
[FLASH] Read combination statistics:
[FLASH]     Total pairs:      48886
[FLASH]     Combined pairs:   48194
[FLASH]     Uncombined pairs: 692
[FLASH]     Percent combined: 98.58%
[FLASH]  
[FLASH] Writing histogram files.
[FLASH]  
[FLASH] FLASH v1.2.11 complete!
[FLASH] 0.168 seconds elapsed
[FLASH] Starting FLASH v1.2.11
[FLASH] Fast Length Adjustment of SHort reads
[FLASH]  
[FLASH] Input files:
[FLASH]     /home/mark/silage/Silva_5101Raw05052017/5101-173-MSITS2a_R1.fastq
[FLASH]     /home/mark/silage/Silva_5101Raw05052017/5101-173-MSITS2a_R2.fastq
[FLASH]  
[FLASH] Output files:
[FLASH]     ./Silva_5101Raw05052017/5101-173-MSITS2a.extendedFrags.fastq
[FLASH]     ./Silva_5101Raw05052017/5101-173-MSITS2a.notCombined_1.fastq
[FLASH]     ./Silva_5101Raw05052017/5101-173-MSITS2a.notCombined_2.fastq
[FLASH]     ./Silva_5101Raw05052017/5101-173-MSITS2a.hist
[FLASH]     ./Silva_5101Raw05052017/5101-173-MSITS2a.histogram
[FLASH]  
[FLASH] Parameters:
[FLASH]     Min overlap:           10
[FLASH]     Max overlap:           100
[FLASH]     Max mismatch density:  0.250000
[FLASH]     Allow "outie" pairs:   false
[FLASH]     Cap mismatch quals:    false
[FLASH]     Combiner threads:      8
[FLASH]     Input format:          FASTQ, phred_offset=33
[FLASH]     Output format:         FASTQ, phred_offset=33
[FLASH]  
[FLASH] Starting reader and writer threads
[FLASH] Starting 8 combiner threads
[FLASH] Processed 25000 read pairs
[FLASH] Processed 48771 read pairs
[FLASH]  
[FLASH] Read combination statistics:
[FLASH]     Total pairs:      48771
[FLASH]     Combined pairs:   46717
[FLASH]     Uncombined pairs: 2054
[FLASH]     Percent combined: 95.79%
[FLASH]  
[FLASH] Writing histogram files.
[FLASH]  
[FLASH] FLASH v1.2.11 complete!
[FLASH] 0.163 seconds elapsed
[FLASH] Finished with 1 warning (see above)
[FLASH] Starting FLASH v1.2.11
[FLASH] Fast Length Adjustment of SHort reads
[FLASH]  
[FLASH] Input files:
[FLASH]     /home/mark/silage/Silva_5101Raw05052017/5101-175-MS515F-926R_R1.fastq
[FLASH]     /home/mark/silage/Silva_5101Raw05052017/5101-175-MS515F-926R_R2.fastq
[FLASH]  
[FLASH] Output files:
[FLASH]     ./Silva_5101Raw05052017/5101-175-MS515F-926R.extendedFrags.fastq
[FLASH]     ./Silva_5101Raw05052017/5101-175-MS515F-926R.notCombined_1.fastq
[FLASH]     ./Silva_5101Raw05052017/5101-175-MS515F-926R.notCombined_2.fastq
[FLASH]     ./Silva_5101Raw05052017/5101-175-MS515F-926R.hist
[FLASH]     ./Silva_5101Raw05052017/5101-175-MS515F-926R.histogram
[FLASH]  
[FLASH] Parameters:
[FLASH]     Min overlap:           10
[FLASH]     Max overlap:           100
[FLASH]     Max mismatch density:  0.250000
[FLASH]     Allow "outie" pairs:   false
[FLASH]     Cap mismatch quals:    false
[FLASH]     Combiner threads:      8
[FLASH]     Input format:          FASTQ, phred_offset=33
[FLASH]     Output format:         FASTQ, phred_offset=33
[FLASH]  
[FLASH] Starting reader and writer threads
[FLASH] Starting 8 combiner threads
[FLASH] Processed 25000 read pairs
[FLASH] Processed 50000 read pairs
[FLASH] Processed 55285 read pairs
[FLASH]  
[FLASH] Read combination statistics:
[FLASH]     Total pairs:      55285
[FLASH]     Combined pairs:   54504
[FLASH]     Uncombined pairs: 781
[FLASH]     Percent combined: 98.59%
[FLASH]  
[FLASH] Writing histogram files.
[FLASH]  
[FLASH] FLASH v1.2.11 complete!
[FLASH] 0.193 seconds elapsed
[FLASH] Starting FLASH v1.2.11
[FLASH] Fast Length Adjustment of SHort reads
[FLASH]  
[FLASH] Input files:
[FLASH]     /home/mark/silage/Silva_5101Raw05052017/5101-175-MSITS2a_R1.fastq
[FLASH]     /home/mark/silage/Silva_5101Raw05052017/5101-175-MSITS2a_R2.fastq
[FLASH]  
[FLASH] Output files:
[FLASH]     ./Silva_5101Raw05052017/5101-175-MSITS2a.extendedFrags.fastq
[FLASH]     ./Silva_5101Raw05052017/5101-175-MSITS2a.notCombined_1.fastq
[FLASH]     ./Silva_5101Raw05052017/5101-175-MSITS2a.notCombined_2.fastq
[FLASH]     ./Silva_5101Raw05052017/5101-175-MSITS2a.hist
[FLASH]     ./Silva_5101Raw05052017/5101-175-MSITS2a.histogram
[FLASH]  
[FLASH] Parameters:
[FLASH]     Min overlap:           10
[FLASH]     Max overlap:           100
[FLASH]     Max mismatch density:  0.250000
[FLASH]     Allow "outie" pairs:   false
[FLASH]     Cap mismatch quals:    false
[FLASH]     Combiner threads:      8
[FLASH]     Input format:          FASTQ, phred_offset=33
[FLASH]     Output format:         FASTQ, phred_offset=33
[FLASH]  
[FLASH] Starting reader and writer threads
[FLASH] Starting 8 combiner threads
[FLASH] Processed 25000 read pairs
[FLASH] Processed 50000 read pairs
[FLASH] Processed 63031 read pairs
[FLASH]  
[FLASH] Read combination statistics:
[FLASH]     Total pairs:      63031
[FLASH]     Combined pairs:   55067
[FLASH]     Uncombined pairs: 7964
[FLASH]     Percent combined: 87.36%
[FLASH]  
[FLASH] Writing histogram files.
[FLASH]  
[FLASH] FLASH v1.2.11 complete!
[FLASH] 0.190 seconds elapsed
[FLASH] Finished with 1 warning (see above)
[FLASH] Starting FLASH v1.2.11
[FLASH] Fast Length Adjustment of SHort reads
[FLASH]  
[FLASH] Input files:
[FLASH]     /home/mark/silage/Silva_5101Raw05052017/5101-176-MS515F-926R_R1.fastq
[FLASH]     /home/mark/silage/Silva_5101Raw05052017/5101-176-MS515F-926R_R2.fastq
[FLASH]  
[FLASH] Output files:
[FLASH]     ./Silva_5101Raw05052017/5101-176-MS515F-926R.extendedFrags.fastq
[FLASH]     ./Silva_5101Raw05052017/5101-176-MS515F-926R.notCombined_1.fastq
[FLASH]     ./Silva_5101Raw05052017/5101-176-MS515F-926R.notCombined_2.fastq
[FLASH]     ./Silva_5101Raw05052017/5101-176-MS515F-926R.hist
[FLASH]     ./Silva_5101Raw05052017/5101-176-MS515F-926R.histogram
[FLASH]  
[FLASH] Parameters:
[FLASH]     Min overlap:           10
[FLASH]     Max overlap:           100
[FLASH]     Max mismatch density:  0.250000
[FLASH]     Allow "outie" pairs:   false
[FLASH]     Cap mismatch quals:    false
[FLASH]     Combiner threads:      8
[FLASH]     Input format:          FASTQ, phred_offset=33
[FLASH]     Output format:         FASTQ, phred_offset=33
[FLASH]  
[FLASH] Starting reader and writer threads
[FLASH] Starting 8 combiner threads
[FLASH] Processed 25000 read pairs
[FLASH] Processed 50000 read pairs
[FLASH] Processed 56298 read pairs
[FLASH]  
[FLASH] Read combination statistics:
[FLASH]     Total pairs:      56298
[FLASH]     Combined pairs:   55550
[FLASH]     Uncombined pairs: 748
[FLASH]     Percent combined: 98.67%
[FLASH]  
[FLASH] Writing histogram files.
[FLASH]  
[FLASH] FLASH v1.2.11 complete!
[FLASH] 0.197 seconds elapsed
[FLASH] Starting FLASH v1.2.11
[FLASH] Fast Length Adjustment of SHort reads
[FLASH]  
[FLASH] Input files:
[FLASH]     /home/mark/silage/Silva_5101Raw05052017/5101-176-MSITS2a_R1.fastq
[FLASH]     /home/mark/silage/Silva_5101Raw05052017/5101-176-MSITS2a_R2.fastq
[FLASH]  
[FLASH] Output files:
[FLASH]     ./Silva_5101Raw05052017/5101-176-MSITS2a.extendedFrags.fastq
[FLASH]     ./Silva_5101Raw05052017/5101-176-MSITS2a.notCombined_1.fastq
[FLASH]     ./Silva_5101Raw05052017/5101-176-MSITS2a.notCombined_2.fastq
[FLASH]     ./Silva_5101Raw05052017/5101-176-MSITS2a.hist
[FLASH]     ./Silva_5101Raw05052017/5101-176-MSITS2a.histogram
[FLASH]  
[FLASH] Parameters:
[FLASH]     Min overlap:           10
[FLASH]     Max overlap:           100
[FLASH]     Max mismatch density:  0.250000
[FLASH]     Allow "outie" pairs:   false
[FLASH]     Cap mismatch quals:    false
[FLASH]     Combiner threads:      8
[FLASH]     Input format:          FASTQ, phred_offset=33
[FLASH]     Output format:         FASTQ, phred_offset=33
[FLASH]  
[FLASH] Starting reader and writer threads
[FLASH] Starting 8 combiner threads
[FLASH] Processed 19267 read pairs
[FLASH]  
[FLASH] Read combination statistics:
[FLASH]     Total pairs:      19267
[FLASH]     Combined pairs:   16335
[FLASH]     Uncombined pairs: 2932
[FLASH]     Percent combined: 84.78%
[FLASH]  
[FLASH] Writing histogram files.
[FLASH]  
[FLASH] FLASH v1.2.11 complete!
[FLASH] 0.077 seconds elapsed
[FLASH] Finished with 1 warning (see above)
[FLASH] Starting FLASH v1.2.11
[FLASH] Fast Length Adjustment of SHort reads
[FLASH]  
[FLASH] Input files:
[FLASH]     /home/mark/silage/Silva_5101Raw05052017/5101-177-MS515F-926R_R1.fastq
[FLASH]     /home/mark/silage/Silva_5101Raw05052017/5101-177-MS515F-926R_R2.fastq
[FLASH]  
[FLASH] Output files:
[FLASH]     ./Silva_5101Raw05052017/5101-177-MS515F-926R.extendedFrags.fastq
[FLASH]     ./Silva_5101Raw05052017/5101-177-MS515F-926R.notCombined_1.fastq
[FLASH]     ./Silva_5101Raw05052017/5101-177-MS515F-926R.notCombined_2.fastq
[FLASH]     ./Silva_5101Raw05052017/5101-177-MS515F-926R.hist
[FLASH]     ./Silva_5101Raw05052017/5101-177-MS515F-926R.histogram
[FLASH]  
[FLASH] Parameters:
[FLASH]     Min overlap:           10
[FLASH]     Max overlap:           100
[FLASH]     Max mismatch density:  0.250000
[FLASH]     Allow "outie" pairs:   false
[FLASH]     Cap mismatch quals:    false
[FLASH]     Combiner threads:      8
[FLASH]     Input format:          FASTQ, phred_offset=33
[FLASH]     Output format:         FASTQ, phred_offset=33
[FLASH]  
[FLASH] Starting reader and writer threads
[FLASH] Starting 8 combiner threads
[FLASH] Processed 25000 read pairs
[FLASH] Processed 50000 read pairs
[FLASH] Processed 53548 read pairs
[FLASH]  
[FLASH] Read combination statistics:
[FLASH]     Total pairs:      53548
[FLASH]     Combined pairs:   52863
[FLASH]     Uncombined pairs: 685
[FLASH]     Percent combined: 98.72%
[FLASH]  
[FLASH] Writing histogram files.
[FLASH]  
[FLASH] FLASH v1.2.11 complete!
[FLASH] 0.180 seconds elapsed
[FLASH] Starting FLASH v1.2.11
[FLASH] Fast Length Adjustment of SHort reads
[FLASH]  
[FLASH] Input files:
[FLASH]     /home/mark/silage/Silva_5101Raw05052017/5101-177-MSITS2a_R1.fastq
[FLASH]     /home/mark/silage/Silva_5101Raw05052017/5101-177-MSITS2a_R2.fastq
[FLASH]  
[FLASH] Output files:
[FLASH]     ./Silva_5101Raw05052017/5101-177-MSITS2a.extendedFrags.fastq
[FLASH]     ./Silva_5101Raw05052017/5101-177-MSITS2a.notCombined_1.fastq
[FLASH]     ./Silva_5101Raw05052017/5101-177-MSITS2a.notCombined_2.fastq
[FLASH]     ./Silva_5101Raw05052017/5101-177-MSITS2a.hist
[FLASH]     ./Silva_5101Raw05052017/5101-177-MSITS2a.histogram
[FLASH]  
[FLASH] Parameters:
[FLASH]     Min overlap:           10
[FLASH]     Max overlap:           100
[FLASH]     Max mismatch density:  0.250000
[FLASH]     Allow "outie" pairs:   false
[FLASH]     Cap mismatch quals:    false
[FLASH]     Combiner threads:      8
[FLASH]     Input format:          FASTQ, phred_offset=33
[FLASH]     Output format:         FASTQ, phred_offset=33
[FLASH]  
[FLASH] Starting reader and writer threads
[FLASH] Starting 8 combiner threads
[FLASH] Processed 25000 read pairs
[FLASH] Processed 47649 read pairs
[FLASH]  
[FLASH] Read combination statistics:
[FLASH]     Total pairs:      47649
[FLASH]     Combined pairs:   40615
[FLASH]     Uncombined pairs: 7034
[FLASH]     Percent combined: 85.24%
[FLASH]  
[FLASH] Writing histogram files.
[FLASH]  
[FLASH] FLASH v1.2.11 complete!
[FLASH] 0.464 seconds elapsed
[FLASH] Finished with 1 warning (see above)
[FLASH] Starting FLASH v1.2.11
[FLASH] Fast Length Adjustment of SHort reads
[FLASH]  
[FLASH] Input files:
[FLASH]     /home/mark/silage/Silva_5101Raw05052017/5101-178-MS515F-926R_R1.fastq
[FLASH]     /home/mark/silage/Silva_5101Raw05052017/5101-178-MS515F-926R_R2.fastq
[FLASH]  
[FLASH] Output files:
[FLASH]     ./Silva_5101Raw05052017/5101-178-MS515F-926R.extendedFrags.fastq
[FLASH]     ./Silva_5101Raw05052017/5101-178-MS515F-926R.notCombined_1.fastq
[FLASH]     ./Silva_5101Raw05052017/5101-178-MS515F-926R.notCombined_2.fastq
[FLASH]     ./Silva_5101Raw05052017/5101-178-MS515F-926R.hist
[FLASH]     ./Silva_5101Raw05052017/5101-178-MS515F-926R.histogram
[FLASH]  
[FLASH] Parameters:
[FLASH]     Min overlap:           10
[FLASH]     Max overlap:           100
[FLASH]     Max mismatch density:  0.250000
[FLASH]     Allow "outie" pairs:   false
[FLASH]     Cap mismatch quals:    false
[FLASH]     Combiner threads:      8
[FLASH]     Input format:          FASTQ, phred_offset=33
[FLASH]     Output format:         FASTQ, phred_offset=33
[FLASH]  
[FLASH] Starting reader and writer threads
[FLASH] Starting 8 combiner threads
[FLASH] Processed 25000 read pairs
[FLASH] Processed 50000 read pairs
[FLASH] Processed 62241 read pairs
[FLASH]  
[FLASH] Read combination statistics:
[FLASH]     Total pairs:      62241
[FLASH]     Combined pairs:   61340
[FLASH]     Uncombined pairs: 901
[FLASH]     Percent combined: 98.55%
[FLASH]  
[FLASH] Writing histogram files.
[FLASH]  
[FLASH] FLASH v1.2.11 complete!
[FLASH] 0.210 seconds elapsed
[FLASH] Starting FLASH v1.2.11
[FLASH] Fast Length Adjustment of SHort reads
[FLASH]  
[FLASH] Input files:
[FLASH]     /home/mark/silage/Silva_5101Raw05052017/5101-178-MSITS2a_R1.fastq
[FLASH]     /home/mark/silage/Silva_5101Raw05052017/5101-178-MSITS2a_R2.fastq
[FLASH]  
[FLASH] Output files:
[FLASH]     ./Silva_5101Raw05052017/5101-178-MSITS2a.extendedFrags.fastq
[FLASH]     ./Silva_5101Raw05052017/5101-178-MSITS2a.notCombined_1.fastq
[FLASH]     ./Silva_5101Raw05052017/5101-178-MSITS2a.notCombined_2.fastq
[FLASH]     ./Silva_5101Raw05052017/5101-178-MSITS2a.hist
[FLASH]     ./Silva_5101Raw05052017/5101-178-MSITS2a.histogram
[FLASH]  
[FLASH] Parameters:
[FLASH]     Min overlap:           10
[FLASH]     Max overlap:           100
[FLASH]     Max mismatch density:  0.250000
[FLASH]     Allow "outie" pairs:   false
[FLASH]     Cap mismatch quals:    false
[FLASH]     Combiner threads:      8
[FLASH]     Input format:          FASTQ, phred_offset=33
[FLASH]     Output format:         FASTQ, phred_offset=33
[FLASH]  
[FLASH] Starting reader and writer threads
[FLASH] Starting 8 combiner threads
[FLASH] Processed 21948 read pairs
[FLASH]  
[FLASH] Read combination statistics:
[FLASH]     Total pairs:      21948
[FLASH]     Combined pairs:   18890
[FLASH]     Uncombined pairs: 3058
[FLASH]     Percent combined: 86.07%
[FLASH]  
[FLASH] Writing histogram files.
[FLASH]  
[FLASH] FLASH v1.2.11 complete!
[FLASH] 0.089 seconds elapsed
[FLASH] Finished with 1 warning (see above)
Sun Aug  6 16:46:09 EDT 2017
