OtuPicker parameters:
Application:uclust
Similarity:0.97
chimeras_retention:union
enable_rev_strand_matching:True
exact:False
max_accepts:1
max_rejects:8
new_cluster_identifier:denovo
next_new_cluster_number:1
optimal:False
output_dir:/home/mark/gitstage/uderica/silage/LalStress/Fungi/raw_data_fungi/flashed/extended/flash_trim_cat_pick/step1_otus/POTU_R31m_
prefilter_identical_sequences:True
presort_by_abundance:True
save_uc_files:True
stable_sort:True
stepwords:8
suppress_new_clusters:True
suppress_sort:True
word_length:8
Reference seqs:/home/mark/gitstage/uderica/silage/its_12_11_otus/rep_set/97_otus.fasta
Num OTUs:238
Num new OTUs:0
Num failures:39517
Result path: /home/mark/gitstage/uderica/silage/LalStress/Fungi/raw_data_fungi/flashed/extended/flash_trim_cat_pick/step1_otus/POTU_R31m_/POTU_R31m_.0_otus.txt
OtuPicker parameters:
Application:uclust
Similarity:0.97
chimeras_retention:union
enable_rev_strand_matching:True
exact:False
max_accepts:1
max_rejects:8
new_cluster_identifier:denovo
next_new_cluster_number:1
optimal:False
output_dir:/home/mark/gitstage/uderica/silage/LalStress/Fungi/raw_data_fungi/flashed/extended/flash_trim_cat_pick/step1_otus/POTU_R31m_
prefilter_identical_sequences:True
presort_by_abundance:True
save_uc_files:True
stable_sort:True
stepwords:8
suppress_new_clusters:True
suppress_sort:True
word_length:8
Reference seqs:/home/mark/gitstage/uderica/silage/its_12_11_otus/rep_set/97_otus.fasta
Num OTUs:98
Num new OTUs:0
Num failures:51764
Result path: /home/mark/gitstage/uderica/silage/LalStress/Fungi/raw_data_fungi/flashed/extended/flash_trim_cat_pick/step1_otus/POTU_R31m_/POTU_R31m_.1_otus.txt
OtuPicker parameters:
Application:uclust
Similarity:0.97
chimeras_retention:union
enable_rev_strand_matching:True
exact:False
max_accepts:1
max_rejects:8
new_cluster_identifier:denovo
next_new_cluster_number:1
optimal:False
output_dir:/home/mark/gitstage/uderica/silage/LalStress/Fungi/raw_data_fungi/flashed/extended/flash_trim_cat_pick/step1_otus/POTU_R31m_
prefilter_identical_sequences:True
presort_by_abundance:True
save_uc_files:True
stable_sort:True
stepwords:8
suppress_new_clusters:True
suppress_sort:True
word_length:8
Reference seqs:/home/mark/gitstage/uderica/silage/its_12_11_otus/rep_set/97_otus.fasta
Num OTUs:197
Num new OTUs:0
Num failures:54769
Result path: /home/mark/gitstage/uderica/silage/LalStress/Fungi/raw_data_fungi/flashed/extended/flash_trim_cat_pick/step1_otus/POTU_R31m_/POTU_R31m_.2_otus.txt
OtuPicker parameters:
Application:uclust
Similarity:0.97
chimeras_retention:union
enable_rev_strand_matching:True
exact:False
max_accepts:1
max_rejects:8
new_cluster_identifier:denovo
next_new_cluster_number:1
optimal:False
output_dir:/home/mark/gitstage/uderica/silage/LalStress/Fungi/raw_data_fungi/flashed/extended/flash_trim_cat_pick/step1_otus/POTU_R31m_
prefilter_identical_sequences:True
presort_by_abundance:True
save_uc_files:True
stable_sort:True
stepwords:8
suppress_new_clusters:True
suppress_sort:True
word_length:8
Reference seqs:/home/mark/gitstage/uderica/silage/its_12_11_otus/rep_set/97_otus.fasta
Num OTUs:109
Num new OTUs:0
Num failures:60487
Result path: /home/mark/gitstage/uderica/silage/LalStress/Fungi/raw_data_fungi/flashed/extended/flash_trim_cat_pick/step1_otus/POTU_R31m_/POTU_R31m_.3_otus.txt
OtuPicker parameters:
Application:uclust
Similarity:0.97
chimeras_retention:union
enable_rev_strand_matching:True
exact:False
max_accepts:1
max_rejects:8
new_cluster_identifier:denovo
next_new_cluster_number:1
optimal:False
output_dir:/home/mark/gitstage/uderica/silage/LalStress/Fungi/raw_data_fungi/flashed/extended/flash_trim_cat_pick/step1_otus/POTU_R31m_
prefilter_identical_sequences:True
presort_by_abundance:True
save_uc_files:True
stable_sort:True
stepwords:8
suppress_new_clusters:True
suppress_sort:True
word_length:8
Reference seqs:/home/mark/gitstage/uderica/silage/its_12_11_otus/rep_set/97_otus.fasta
Num OTUs:243
Num new OTUs:0
Num failures:75544
Result path: /home/mark/gitstage/uderica/silage/LalStress/Fungi/raw_data_fungi/flashed/extended/flash_trim_cat_pick/step1_otus/POTU_R31m_/POTU_R31m_.4_otus.txt
OtuPicker parameters:
Application:uclust
Similarity:0.97
chimeras_retention:union
enable_rev_strand_matching:True
exact:False
max_accepts:1
max_rejects:8
new_cluster_identifier:denovo
next_new_cluster_number:1
optimal:False
output_dir:/home/mark/gitstage/uderica/silage/LalStress/Fungi/raw_data_fungi/flashed/extended/flash_trim_cat_pick/step1_otus/POTU_R31m_
prefilter_identical_sequences:True
presort_by_abundance:True
save_uc_files:True
stable_sort:True
stepwords:8
suppress_new_clusters:True
suppress_sort:True
word_length:8
Reference seqs:/home/mark/gitstage/uderica/silage/its_12_11_otus/rep_set/97_otus.fasta
Num OTUs:127
Num new OTUs:0
Num failures:101133
Result path: /home/mark/gitstage/uderica/silage/LalStress/Fungi/raw_data_fungi/flashed/extended/flash_trim_cat_pick/step1_otus/POTU_R31m_/POTU_R31m_.5_otus.txt
