OtuPicker parameters:
Application:uclust
Similarity:0.97
chimeras_retention:union
enable_rev_strand_matching:True
exact:False
max_accepts:1
max_rejects:8
new_cluster_identifier:denovo
next_new_cluster_number:1
optimal:False
output_dir:otus//step1_otus
prefilter_identical_sequences:True
presort_by_abundance:True
save_uc_files:True
stable_sort:True
stepwords:8
suppress_new_clusters:True
suppress_sort:True
word_length:8
Reference seqs:/usr/local/lib/python2.7/dist-packages/qiime_default_reference/gg_13_8_otus/rep_set/97_otus.fasta
Num OTUs:4403
Num new OTUs:0
Num failures:8451
Result path: otus//step1_otus/seqs_otus.txt