OtuPicker parameters:
Application:uclust
Similarity:0.97
chimeras_retention:union
enable_rev_strand_matching:True
exact:False
max_accepts:1
max_rejects:8
new_cluster_identifier:denovo
next_new_cluster_number:1
optimal:False
output_dir:/home/mark/gitstage/uderica/silage/Aer_Comp/Fungi/raw_data_fungi/flashed/extended/flash_trim_cat_pick/step1_otus/POTU_ieIC_
prefilter_identical_sequences:True
presort_by_abundance:True
save_uc_files:True
stable_sort:True
stepwords:8
suppress_new_clusters:True
suppress_sort:True
word_length:8
Reference seqs:/home/mark/gitstage/uderica/silage/its_12_11_otus/rep_set/97_otus.fasta
Num OTUs:141
Num new OTUs:0
Num failures:4857
Result path: /home/mark/gitstage/uderica/silage/Aer_Comp/Fungi/raw_data_fungi/flashed/extended/flash_trim_cat_pick/step1_otus/POTU_ieIC_/POTU_ieIC_.0_otus.txt
OtuPicker parameters:
Application:uclust
Similarity:0.97
chimeras_retention:union
enable_rev_strand_matching:True
exact:False
max_accepts:1
max_rejects:8
new_cluster_identifier:denovo
next_new_cluster_number:1
optimal:False
output_dir:/home/mark/gitstage/uderica/silage/Aer_Comp/Fungi/raw_data_fungi/flashed/extended/flash_trim_cat_pick/step1_otus/POTU_ieIC_
prefilter_identical_sequences:True
presort_by_abundance:True
save_uc_files:True
stable_sort:True
stepwords:8
suppress_new_clusters:True
suppress_sort:True
word_length:8
Reference seqs:/home/mark/gitstage/uderica/silage/its_12_11_otus/rep_set/97_otus.fasta
Num OTUs:170
Num new OTUs:0
Num failures:14742
Result path: /home/mark/gitstage/uderica/silage/Aer_Comp/Fungi/raw_data_fungi/flashed/extended/flash_trim_cat_pick/step1_otus/POTU_ieIC_/POTU_ieIC_.1_otus.txt
OtuPicker parameters:
Application:uclust
Similarity:0.97
chimeras_retention:union
enable_rev_strand_matching:True
exact:False
max_accepts:1
max_rejects:8
new_cluster_identifier:denovo
next_new_cluster_number:1
optimal:False
output_dir:/home/mark/gitstage/uderica/silage/Aer_Comp/Fungi/raw_data_fungi/flashed/extended/flash_trim_cat_pick/step1_otus/POTU_ieIC_
prefilter_identical_sequences:True
presort_by_abundance:True
save_uc_files:True
stable_sort:True
stepwords:8
suppress_new_clusters:True
suppress_sort:True
word_length:8
Reference seqs:/home/mark/gitstage/uderica/silage/its_12_11_otus/rep_set/97_otus.fasta
Num OTUs:119
Num new OTUs:0
Num failures:9112
Result path: /home/mark/gitstage/uderica/silage/Aer_Comp/Fungi/raw_data_fungi/flashed/extended/flash_trim_cat_pick/step1_otus/POTU_ieIC_/POTU_ieIC_.2_otus.txt
OtuPicker parameters:
Application:uclust
Similarity:0.97
chimeras_retention:union
enable_rev_strand_matching:True
exact:False
max_accepts:1
max_rejects:8
new_cluster_identifier:denovo
next_new_cluster_number:1
optimal:False
output_dir:/home/mark/gitstage/uderica/silage/Aer_Comp/Fungi/raw_data_fungi/flashed/extended/flash_trim_cat_pick/step1_otus/POTU_ieIC_
prefilter_identical_sequences:True
presort_by_abundance:True
save_uc_files:True
stable_sort:True
stepwords:8
suppress_new_clusters:True
suppress_sort:True
word_length:8
Reference seqs:/home/mark/gitstage/uderica/silage/its_12_11_otus/rep_set/97_otus.fasta
Num OTUs:82
Num new OTUs:0
Num failures:40122
Result path: /home/mark/gitstage/uderica/silage/Aer_Comp/Fungi/raw_data_fungi/flashed/extended/flash_trim_cat_pick/step1_otus/POTU_ieIC_/POTU_ieIC_.3_otus.txt
OtuPicker parameters:
Application:uclust
Similarity:0.97
chimeras_retention:union
enable_rev_strand_matching:True
exact:False
max_accepts:1
max_rejects:8
new_cluster_identifier:denovo
next_new_cluster_number:1
optimal:False
output_dir:/home/mark/gitstage/uderica/silage/Aer_Comp/Fungi/raw_data_fungi/flashed/extended/flash_trim_cat_pick/step1_otus/POTU_ieIC_
prefilter_identical_sequences:True
presort_by_abundance:True
save_uc_files:True
stable_sort:True
stepwords:8
suppress_new_clusters:True
suppress_sort:True
word_length:8
Reference seqs:/home/mark/gitstage/uderica/silage/its_12_11_otus/rep_set/97_otus.fasta
Num OTUs:131
Num new OTUs:0
Num failures:3583
Result path: /home/mark/gitstage/uderica/silage/Aer_Comp/Fungi/raw_data_fungi/flashed/extended/flash_trim_cat_pick/step1_otus/POTU_ieIC_/POTU_ieIC_.4_otus.txt
OtuPicker parameters:
Application:uclust
Similarity:0.97
chimeras_retention:union
enable_rev_strand_matching:True
exact:False
max_accepts:1
max_rejects:8
new_cluster_identifier:denovo
next_new_cluster_number:1
optimal:False
output_dir:/home/mark/gitstage/uderica/silage/Aer_Comp/Fungi/raw_data_fungi/flashed/extended/flash_trim_cat_pick/step1_otus/POTU_ieIC_
prefilter_identical_sequences:True
presort_by_abundance:True
save_uc_files:True
stable_sort:True
stepwords:8
suppress_new_clusters:True
suppress_sort:True
word_length:8
Reference seqs:/home/mark/gitstage/uderica/silage/its_12_11_otus/rep_set/97_otus.fasta
Num OTUs:92
Num new OTUs:0
Num failures:4994
Result path: /home/mark/gitstage/uderica/silage/Aer_Comp/Fungi/raw_data_fungi/flashed/extended/flash_trim_cat_pick/step1_otus/POTU_ieIC_/POTU_ieIC_.5_otus.txt
