[2017-08-10 17:54:54,770] multiqc                                            [DEBUG  ]  No MultiQC config found: /usr/local/lib/python2.7/dist-packages/multiqc_config.yaml
[2017-08-10 17:54:54,770] multiqc                                            [DEBUG  ]  No MultiQC config found: /home/mark/.multiqc_config.yaml
[2017-08-10 17:54:54,770] multiqc                                            [DEBUG  ]  No MultiQC config found: multiqc_config.yaml
[2017-08-10 17:54:54,770] multiqc                                            [DEBUG  ]  Command used: /usr/local/bin/multiqc .
[2017-08-10 17:54:54,964] multiqc                                            [DEBUG  ]  Latest MultiQC version is v1.1
[2017-08-10 17:54:54,964] multiqc                                            [INFO   ]  This is MultiQC v1.1
[2017-08-10 17:54:54,964] multiqc                                            [DEBUG  ]  Command     : /usr/local/bin/multiqc .
[2017-08-10 17:54:54,964] multiqc                                            [DEBUG  ]  Working dir : /home/mark/silage/flashed/extendedOnly/ITS
[2017-08-10 17:54:54,965] multiqc                                            [INFO   ]  Template    : default
[2017-08-10 17:54:54,965] multiqc                                            [INFO   ]  Searching '.'
[2017-08-10 17:54:54,965] multiqc                                            [DEBUG  ]  Analysing modules: custom_content, conpair, peddy, methylQA, qualimap, preseq, quast, qorts, rna_seqc, rseqc, busco, goleft_indexcov, disambiguate, homer, macs2, theta2, snpeff, gatk, htseq, bcftools, featureCounts, picard, prokka, samblaster, samtools, bamtools, jellyfish, bismark, hicup, salmon, kallisto, slamdunk, star, hisat2, tophat, bowtie2, bowtie1, adapterRemoval, cutadapt, flexbar, trimmomatic, skewer, sortmerna, biobloomtools, fastq_screen, fastqc, clusterflow
[2017-08-10 17:54:54,966] multiqc                                            [DEBUG  ]  Using temporary directory for creating report: /tmp/tmplG3gpb
[2017-08-10 17:54:55,010] multiqc                                            [DEBUG  ]  Ignoring file as matched an ignore pattern: 5101-168-MSITS2a.extendedFrags.fastq
[2017-08-10 17:54:55,011] multiqc                                            [DEBUG  ]  Ignoring file as matched an ignore pattern: 5101-145-MSITS2a.extendedFrags.fastq
[2017-08-10 17:54:55,011] multiqc                                            [DEBUG  ]  Ignoring file as matched an ignore pattern: 5101-172-MSITS2a.extendedFrags.fastq
[2017-08-10 17:54:55,011] multiqc                                            [DEBUG  ]  Ignoring file as matched an ignore pattern: 5101-173-MSITS2a.extendedFrags_fastqc.html
[2017-08-10 17:54:55,012] multiqc                                            [DEBUG  ]  Ignoring file as matched an ignore pattern: 5101-147-MSITS2a.extendedFrags_fastqc.html
[2017-08-10 17:54:55,012] multiqc                                            [DEBUG  ]  Ignoring file as matched an ignore pattern: 5101-163-MSITS2a.extendedFrags_fastqc.html
[2017-08-10 17:54:55,012] multiqc                                            [DEBUG  ]  Ignoring file as matched an ignore pattern: 5101-157-MSITS2a.extendedFrags_fastqc.html
[2017-08-10 17:54:55,012] multiqc                                            [DEBUG  ]  Ignoring file as matched an ignore pattern: 5101-177-MSITS2a.extendedFrags_fastqc.html
[2017-08-10 17:54:55,012] multiqc                                            [DEBUG  ]  Ignoring file as matched an ignore pattern: 5101-172-MSITS2a.extendedFrags_fastqc.html
[2017-08-10 17:54:55,013] multiqc                                            [DEBUG  ]  Ignoring file as matched an ignore pattern: 5101-170-MSITS2a.extendedFrags.fastq
[2017-08-10 17:54:55,013] multiqc                                            [DEBUG  ]  Ignoring file as matched an ignore pattern: 5101-156-MSITS2a.extendedFrags.fastq
[2017-08-10 17:54:55,013] multiqc                                            [DEBUG  ]  Ignoring file as matched an ignore pattern: 5101-160-MSITS2a.extendedFrags_fastqc.html
[2017-08-10 17:54:55,013] multiqc                                            [DEBUG  ]  Ignoring file as matched an ignore pattern: 5101-178-MSITS2a.extendedFrags.fastq
[2017-08-10 17:54:55,013] multiqc                                            [DEBUG  ]  Ignoring file as matched an ignore pattern: 5101-167-MSITS2a.extendedFrags.fastq
[2017-08-10 17:54:55,014] multiqc                                            [DEBUG  ]  Ignoring file as matched an ignore pattern: 5101-163-MSITS2a.extendedFrags.fastq
[2017-08-10 17:54:55,014] multiqc                                            [DEBUG  ]  Ignoring file as matched an ignore pattern: 5101-153-MSITS2a.extendedFrags_fastqc.html
[2017-08-10 17:54:55,014] multiqc                                            [DEBUG  ]  Ignoring file as matched an ignore pattern: 5101-176-MSITS2a.extendedFrags_fastqc.html
[2017-08-10 17:54:55,014] multiqc                                            [DEBUG  ]  Ignoring file as matched an ignore pattern: 5101-171-MSITS2a.extendedFrags_fastqc.html
[2017-08-10 17:54:55,014] multiqc                                            [DEBUG  ]  Ignoring file as matched an ignore pattern: 5101-178-MSITS2a.extendedFrags_fastqc.html
[2017-08-10 17:54:55,015] multiqc                                            [DEBUG  ]  Ignoring file as matched an ignore pattern: 5101-176-MSITS2a.extendedFrags.fastq
[2017-08-10 17:54:55,015] multiqc                                            [DEBUG  ]  Ignoring file as matched an ignore pattern: 5101-173-MSITS2a.extendedFrags.fastq
[2017-08-10 17:54:55,015] multiqc                                            [DEBUG  ]  Ignoring file as matched an ignore pattern: 5101-152-MSITS2a.extendedFrags_fastqc.html
[2017-08-10 17:54:55,016] multiqc                                            [DEBUG  ]  Ignoring file as matched an ignore pattern: 5101-148-MSITS2a.extendedFrags.fastq
[2017-08-10 17:54:55,016] multiqc                                            [DEBUG  ]  Ignoring file as matched an ignore pattern: 5101-150-MSITS2a.extendedFrags.fastq
[2017-08-10 17:54:55,016] multiqc                                            [DEBUG  ]  Ignoring file as matched an ignore pattern: 5101-146-MSITS2a.extendedFrags_fastqc.html
[2017-08-10 17:54:55,016] multiqc                                            [DEBUG  ]  Ignoring file as matched an ignore pattern: 5101-155-MSITS2a.extendedFrags.fastq
[2017-08-10 17:54:55,017] multiqc                                            [DEBUG  ]  Ignoring file as matched an ignore pattern: 5101-152-MSITS2a.extendedFrags.fastq
[2017-08-10 17:54:55,018] multiqc                                            [DEBUG  ]  Ignoring file as matched an ignore pattern: 5101-145-MSITS2a.extendedFrags_fastqc.html
[2017-08-10 17:54:55,018] multiqc                                            [DEBUG  ]  Ignoring file as matched an ignore pattern: 5101-157-MSITS2a.extendedFrags.fastq
[2017-08-10 17:54:55,019] multiqc                                            [DEBUG  ]  Ignoring file as matched an ignore pattern: 5101-170-MSITS2a.extendedFrags_fastqc.html
[2017-08-10 17:54:55,019] multiqc                                            [DEBUG  ]  Ignoring file as matched an ignore pattern: 5101-147-MSITS2a.extendedFrags.fastq
[2017-08-10 17:54:55,019] multiqc                                            [DEBUG  ]  Ignoring file as matched an ignore pattern: 5101-155-MSITS2a.extendedFrags_fastqc.html
[2017-08-10 17:54:55,019] multiqc                                            [DEBUG  ]  Ignoring file as matched an ignore pattern: 5101-162-MSITS2a.extendedFrags.fastq
[2017-08-10 17:54:55,020] multiqc                                            [DEBUG  ]  Ignoring file as matched an ignore pattern: 5101-161-MSITS2a.extendedFrags.fastq
[2017-08-10 17:54:55,021] multiqc                                            [DEBUG  ]  Ignoring file as matched an ignore pattern: 5101-165-MSITS2a.extendedFrags_fastqc.html
[2017-08-10 17:54:55,022] multiqc                                            [DEBUG  ]  Ignoring file as matched an ignore pattern: 5101-156-MSITS2a.extendedFrags_fastqc.html
[2017-08-10 17:54:55,022] multiqc                                            [DEBUG  ]  Ignoring file as matched an ignore pattern: 5101-165-MSITS2a.extendedFrags.fastq
[2017-08-10 17:54:55,022] multiqc                                            [DEBUG  ]  Ignoring file as matched an ignore pattern: 5101-148-MSITS2a.extendedFrags_fastqc.html
[2017-08-10 17:54:55,023] multiqc                                            [DEBUG  ]  Ignoring file as matched an ignore pattern: 5101-160-MSITS2a.extendedFrags.fastq
[2017-08-10 17:54:55,024] multiqc                                            [DEBUG  ]  Ignoring file as matched an ignore pattern: 5101-151-MSITS2a.extendedFrags_fastqc.html
[2017-08-10 17:54:55,024] multiqc                                            [DEBUG  ]  Ignoring file as matched an ignore pattern: 5101-150-MSITS2a.extendedFrags_fastqc.html
[2017-08-10 17:54:55,024] multiqc                                            [DEBUG  ]  Ignoring file as matched an ignore pattern: 5101-151-MSITS2a.extendedFrags.fastq
[2017-08-10 17:54:55,025] multiqc                                            [DEBUG  ]  Ignoring file as matched an ignore pattern: 5101-171-MSITS2a.extendedFrags.fastq
[2017-08-10 17:54:55,025] multiqc                                            [DEBUG  ]  Ignoring file as matched an ignore pattern: 5101-167-MSITS2a.extendedFrags_fastqc.html
[2017-08-10 17:54:55,025] multiqc                                            [DEBUG  ]  Ignoring file as matched an ignore pattern: 5101-161-MSITS2a.extendedFrags_fastqc.html
[2017-08-10 17:54:55,025] multiqc                                            [DEBUG  ]  Ignoring file as matched an ignore pattern: 5101-158-MSITS2a.extendedFrags.fastq
[2017-08-10 17:54:55,025] multiqc                                            [DEBUG  ]  Ignoring file as matched an ignore pattern: 5101-162-MSITS2a.extendedFrags_fastqc.html
[2017-08-10 17:54:55,025] multiqc                                            [DEBUG  ]  Ignoring file as matched an ignore pattern: 5101-146-MSITS2a.extendedFrags.fastq
[2017-08-10 17:54:55,025] multiqc                                            [DEBUG  ]  Ignoring file as matched an ignore pattern: 5101-177-MSITS2a.extendedFrags.fastq
[2017-08-10 17:54:55,025] multiqc                                            [DEBUG  ]  Ignoring file as matched an ignore pattern: 5101-166-MSITS2a.extendedFrags.fastq
[2017-08-10 17:54:55,026] multiqc                                            [DEBUG  ]  Ignoring file as matched an ignore pattern: 5101-168-MSITS2a.extendedFrags_fastqc.html
[2017-08-10 17:54:55,026] multiqc                                            [DEBUG  ]  Ignoring file as matched an ignore pattern: 5101-166-MSITS2a.extendedFrags_fastqc.html
[2017-08-10 17:54:55,026] multiqc                                            [DEBUG  ]  Ignoring file as matched an ignore pattern: 5101-153-MSITS2a.extendedFrags.fastq
[2017-08-10 17:54:55,027] multiqc                                            [DEBUG  ]  Ignoring file as matched an ignore pattern: 5101-175-MSITS2a.extendedFrags.fastq
[2017-08-10 17:54:55,027] multiqc                                            [DEBUG  ]  Ignoring file as matched an ignore pattern: 5101-158-MSITS2a.extendedFrags_fastqc.html
[2017-08-10 17:54:55,027] multiqc                                            [DEBUG  ]  Ignoring file as matched an ignore pattern: 5101-175-MSITS2a.extendedFrags_fastqc.html
[2017-08-10 17:54:55,179] multiqc.modules.custom_content.custom_content      [DEBUG  ]  No custom content found
[2017-08-10 17:54:55,181] multiqc.modules.conpair.conpair                    [DEBUG  ]  Could not find any reports in ('.',)
[2017-08-10 17:54:55,182] multiqc.modules.peddy.peddy                        [DEBUG  ]  Could not find any reports in ('.',)
[2017-08-10 17:54:55,184] multiqc.modules.methylQA.methylQA                  [DEBUG  ]  Could not find any reports in ('.',)
[2017-08-10 17:54:55,185] multiqc.modules.qualimap.QM_BamQC                  [DEBUG  ]  Using default Qualimap thresholds: 1, 5, 10, 30, 50
[2017-08-10 17:54:55,185] multiqc.modules.qualimap.qualimap                  [DEBUG  ]  Could not find any reports in ('.',)
[2017-08-10 17:54:55,187] multiqc.modules.preseq.preseq                      [DEBUG  ]  Could not find any preseq data in ('.',)
[2017-08-10 17:54:55,188] multiqc.modules.quast.quast                        [DEBUG  ]  Could not find any reports in ('.',)
[2017-08-10 17:54:55,189] multiqc.modules.qorts.qorts                        [DEBUG  ]  Could not find any QoRTs data in ('.',)
[2017-08-10 17:54:55,191] multiqc.modules.rna_seqc.rna_seqc                  [DEBUG  ]  Could not find any RNA-SeQC data in ('.',)
[2017-08-10 17:54:55,193] multiqc.modules.rseqc.rseqc                        [DEBUG  ]  Could not find any reports in ('.',)
[2017-08-10 17:54:55,194] multiqc.modules.busco.busco                        [DEBUG  ]  Could not find any reports in ('.',)
[2017-08-10 17:54:55,195] multiqc.modules.goleft_indexcov.goleft_indexcov    [DEBUG  ]  Did not find goleft indexcov outputs in ('.',)
[2017-08-10 17:54:55,197] multiqc.modules.disambiguate.disambiguate          [DEBUG  ]  Could not find any data in ('.',)
[2017-08-10 17:54:55,198] multiqc.modules.homer.homer                        [DEBUG  ]  Could not find any reports in ('.',)
[2017-08-10 17:54:55,199] multiqc.modules.macs2.macs2                        [DEBUG  ]  Could not find any MACS2 data in ('.',)
[2017-08-10 17:54:55,201] multiqc.modules.theta2.theta2                      [DEBUG  ]  Could not find any reports in ('.',)
[2017-08-10 17:54:55,202] multiqc.modules.snpeff.snpeff                      [DEBUG  ]  Could not find any data in ('.',)
[2017-08-10 17:54:55,203] multiqc.modules.gatk.gatk                          [DEBUG  ]  Could not find any reports in ('.',)
[2017-08-10 17:54:55,205] multiqc.modules.htseq.htseq                        [DEBUG  ]  Could not find any reports in ('.',)
[2017-08-10 17:54:55,206] multiqc.modules.bcftools.bcftools                  [DEBUG  ]  Could not find any reports in ('.',)
[2017-08-10 17:54:55,207] multiqc.modules.featureCounts.feature_counts       [DEBUG  ]  Could not find any reports in ('.',)
[2017-08-10 17:54:55,210] multiqc.modules.picard.picard                      [DEBUG  ]  Could not find any reports in ('.',)
[2017-08-10 17:54:55,211] multiqc.modules.prokka.prokka                      [DEBUG  ]  Could not find any Prokka data in ('.',)
[2017-08-10 17:54:55,213] multiqc.modules.samblaster.samblaster              [DEBUG  ]  Could not find any data in ('.',)
[2017-08-10 17:54:55,214] multiqc.modules.samtools.samtools                  [DEBUG  ]  Could not find any reports in ('.',)
[2017-08-10 17:54:55,216] multiqc.modules.bamtools.bamtools                  [DEBUG  ]  Could not find any reports in ('.',)
[2017-08-10 17:54:55,217] multiqc.modules.jellyfish.jellyfish                [DEBUG  ]  Could not find any data in ('.',)
[2017-08-10 17:54:55,219] multiqc.modules.bismark.bismark                    [DEBUG  ]  Could not find any reports in ('.',)
[2017-08-10 17:54:55,220] multiqc.modules.hicup.hicup                        [DEBUG  ]  Could not find any HiCUP data in ('.',)
[2017-08-10 17:54:55,221] multiqc.modules.salmon.salmon                      [DEBUG  ]  Could not find any Salmon data in ('.',)
[2017-08-10 17:54:55,223] multiqc.modules.kallisto.kallisto                  [DEBUG  ]  Could not find any reports in ('.',)
[2017-08-10 17:54:55,224] multiqc.modules.slamdunk.slamdunk                  [DEBUG  ]  No slamdunk reports found.
[2017-08-10 17:54:55,226] multiqc.modules.star.star                          [DEBUG  ]  Could not find any reports in ('.',)
[2017-08-10 17:54:55,227] multiqc.modules.hisat2.hisat2                      [DEBUG  ]  Could not find any reports in ('.',)
[2017-08-10 17:54:55,228] multiqc.modules.tophat.tophat                      [DEBUG  ]  Could not find any reports in ('.',)
[2017-08-10 17:54:55,230] multiqc.modules.bowtie2.bowtie2                    [DEBUG  ]  Could not find any reports in ('.',)
[2017-08-10 17:54:55,231] multiqc.modules.bowtie1.bowtie1                    [DEBUG  ]  Could not find any reports in ('.',)
[2017-08-10 17:54:55,232] multiqc.modules.adapterRemoval.adapterRemoval      [DEBUG  ]  Could not find any reports in ('.',)
[2017-08-10 17:54:55,234] multiqc.modules.cutadapt.cutadapt                  [DEBUG  ]  Could not find any reports in ('.',)
[2017-08-10 17:54:55,235] multiqc.modules.flexbar.flexbar                    [DEBUG  ]  Could not find any Flexbar data in ('.',)
[2017-08-10 17:54:55,236] multiqc.modules.trimmomatic.trimmomatic            [DEBUG  ]  Could not find any Trimmomatic data in ('.',)
[2017-08-10 17:54:55,238] multiqc.modules.skewer.skewer                      [DEBUG  ]  Could not find any data in ('.',)
[2017-08-10 17:54:55,239] multiqc.modules.sortmerna.sortmerna                [DEBUG  ]  Could not find any SortMeRNA data in ('.',)
[2017-08-10 17:54:55,240] multiqc.modules.biobloomtools.biobloomtools        [DEBUG  ]  Could not find any reports in ('.',)
[2017-08-10 17:54:55,242] multiqc.modules.fastq_screen.fastq_screen          [DEBUG  ]  Could not find any reports in ('.',)
[2017-08-10 17:54:56,544] multiqc.modules.fastqc.fastqc                      [INFO   ]  Found 28 reports
[2017-08-10 17:54:58,641] multiqc.modules.clusterflow.clusterflow            [DEBUG  ]  Could not find any reports in ('.',)
[2017-08-10 17:54:58,674] multiqc                                            [INFO   ]  Compressing plot data
[2017-08-10 17:54:59,696] multiqc                                            [INFO   ]  Report      : multiqc_report.html
[2017-08-10 17:54:59,697] multiqc                                            [INFO   ]  Data        : multiqc_data
[2017-08-10 17:54:59,697] multiqc                                            [DEBUG  ]  Moving data file from '/tmp/tmplG3gpb/multiqc_data/multiqc_general_stats.txt' to '/home/mark/silage/flashed/extendedOnly/ITS/multiqc_data'
[2017-08-10 17:54:59,697] multiqc                                            [DEBUG  ]  Moving data file from '/tmp/tmplG3gpb/multiqc_data/multiqc_sources.txt' to '/home/mark/silage/flashed/extendedOnly/ITS/multiqc_data'
[2017-08-10 17:54:59,697] multiqc                                            [DEBUG  ]  Moving data file from '/tmp/tmplG3gpb/multiqc_data/multiqc_fastqc.txt' to '/home/mark/silage/flashed/extendedOnly/ITS/multiqc_data'
[2017-08-10 17:54:59,797] multiqc                                            [INFO   ]  MultiQC complete
