[2017-08-27 17:59:43,188] multiqc                                            [DEBUG  ]  No MultiQC config found: /usr/local/lib/python2.7/dist-packages/multiqc_config.yaml
[2017-08-27 17:59:43,188] multiqc                                            [DEBUG  ]  No MultiQC config found: /home/mark/.multiqc_config.yaml
[2017-08-27 17:59:43,188] multiqc                                            [DEBUG  ]  No MultiQC config found: multiqc_config.yaml
[2017-08-27 17:59:43,188] multiqc                                            [DEBUG  ]  Command used: /usr/local/bin/multiqc /home/mark/gitstage/uderica/silage/V-HMC/Bacteria/raw_data_bacteria/fastqc -o /home/mark/gitstage/uderica/silage/V-HMC/Bacteria/raw_data_bacteria/multiqc
[2017-08-27 17:59:43,976] multiqc                                            [WARNING]  MultiQC Version v1.2 now available!
[2017-08-27 17:59:43,976] multiqc                                            [INFO   ]  This is MultiQC v1.1
[2017-08-27 17:59:43,976] multiqc                                            [DEBUG  ]  Command     : /usr/local/bin/multiqc /home/mark/gitstage/uderica/silage/V-HMC/Bacteria/raw_data_bacteria/fastqc -o /home/mark/gitstage/uderica/silage/V-HMC/Bacteria/raw_data_bacteria/multiqc
[2017-08-27 17:59:43,976] multiqc                                            [DEBUG  ]  Working dir : /home/mark/gitstage/uderica/silage
[2017-08-27 17:59:43,976] multiqc                                            [INFO   ]  Template    : default
[2017-08-27 17:59:43,977] multiqc                                            [INFO   ]  Searching '/home/mark/gitstage/uderica/silage/V-HMC/Bacteria/raw_data_bacteria/fastqc'
[2017-08-27 17:59:43,978] multiqc                                            [DEBUG  ]  Analysing modules: custom_content, conpair, peddy, methylQA, qualimap, preseq, quast, qorts, rna_seqc, rseqc, busco, goleft_indexcov, disambiguate, homer, macs2, theta2, snpeff, gatk, htseq, bcftools, featureCounts, picard, prokka, samblaster, samtools, bamtools, jellyfish, bismark, hicup, salmon, kallisto, slamdunk, star, hisat2, tophat, bowtie2, bowtie1, adapterRemoval, cutadapt, flexbar, trimmomatic, skewer, sortmerna, biobloomtools, fastq_screen, fastqc, clusterflow
[2017-08-27 17:59:43,978] multiqc                                            [DEBUG  ]  Using temporary directory for creating report: /tmp/tmpBFK_7J
[2017-08-27 17:59:44,029] multiqc                                            [DEBUG  ]  Ignoring file as matched an ignore pattern: 5101-1027-MS515F-926R_R2_fastqc.html
[2017-08-27 17:59:44,030] multiqc                                            [DEBUG  ]  Ignoring file as matched an ignore pattern: 4924-424-MS515F-926R_R1_fastqc.html
[2017-08-27 17:59:44,030] multiqc                                            [DEBUG  ]  Ignoring file as matched an ignore pattern: 5101-1138-MS515F-926R_R1_fastqc.html
[2017-08-27 17:59:44,030] multiqc                                            [DEBUG  ]  Ignoring file as matched an ignore pattern: 5101-1027-MS515F-926R_R1_fastqc.html
[2017-08-27 17:59:44,031] multiqc                                            [DEBUG  ]  Ignoring file as matched an ignore pattern: 5101-1032-MS515F-926R_R2_fastqc.html
[2017-08-27 17:59:44,047] multiqc                                            [DEBUG  ]  Ignoring file as matched an ignore pattern: 5101-453-MS515F-926R_R2_fastqc.html
[2017-08-27 17:59:44,047] multiqc                                            [DEBUG  ]  Ignoring file as matched an ignore pattern: 5101-763-MS515F-926R_R1_fastqc.html
[2017-08-27 17:59:44,047] multiqc                                            [DEBUG  ]  Ignoring file as matched an ignore pattern: 5101-459-MS515F-926R_R2_fastqc.html
[2017-08-27 17:59:44,047] multiqc                                            [DEBUG  ]  Ignoring file as matched an ignore pattern: 5101-1022-MS515F-926R_R1_fastqc.html
[2017-08-27 17:59:44,047] multiqc                                            [DEBUG  ]  Ignoring file as matched an ignore pattern: 5101-758-MS515F-926R_R2_fastqc.html
[2017-08-27 17:59:44,048] multiqc                                            [DEBUG  ]  Ignoring file as matched an ignore pattern: 5101-1142-MS515F-926R_R1_fastqc.html
[2017-08-27 17:59:44,049] multiqc                                            [DEBUG  ]  Ignoring file as matched an ignore pattern: 5101-1147-MS515F-926R_R2_fastqc.html
[2017-08-27 17:59:44,050] multiqc                                            [DEBUG  ]  Ignoring file as matched an ignore pattern: 4924-427-MS515F-926R_R1_fastqc.html
[2017-08-27 17:59:44,050] multiqc                                            [DEBUG  ]  Ignoring file as matched an ignore pattern: 5101-1161-MS515F-926R_R1_fastqc.html
[2017-08-27 17:59:44,051] multiqc                                            [DEBUG  ]  Ignoring file as matched an ignore pattern: 4924-429-MS515F-926R_R2_fastqc.html
[2017-08-27 17:59:44,052] multiqc                                            [DEBUG  ]  Ignoring file as matched an ignore pattern: 4924-842-MS515F-926R_R1_fastqc.html
[2017-08-27 17:59:44,052] multiqc                                            [DEBUG  ]  Ignoring file as matched an ignore pattern: 4924-440-MS515F-926R_R2_fastqc.html
[2017-08-27 17:59:44,053] multiqc                                            [DEBUG  ]  Ignoring file as matched an ignore pattern: 4924-431-MS515F-926R_R2_fastqc.html
[2017-08-27 17:59:44,053] multiqc                                            [DEBUG  ]  Ignoring file as matched an ignore pattern: 4924-437-MS515F-926R_R2_fastqc.html
[2017-08-27 17:59:44,054] multiqc                                            [DEBUG  ]  Ignoring file as matched an ignore pattern: 5101-458-MS515F-926R_R1_fastqc.html
[2017-08-27 17:59:44,055] multiqc                                            [DEBUG  ]  Ignoring file as matched an ignore pattern: 5101-1158-MS515F-926R_R1_fastqc.html
[2017-08-27 17:59:44,056] multiqc                                            [DEBUG  ]  Ignoring file as matched an ignore pattern: 5101-1149-MS515F-926R_R2_fastqc.html
[2017-08-27 17:59:44,057] multiqc                                            [DEBUG  ]  Ignoring file as matched an ignore pattern: 5101-448-MS515F-926R_R1_fastqc.html
[2017-08-27 17:59:44,057] multiqc                                            [DEBUG  ]  Ignoring file as matched an ignore pattern: 5101-1038-MS515F-926R_R2_fastqc.html
[2017-08-27 17:59:44,058] multiqc                                            [DEBUG  ]  Ignoring file as matched an ignore pattern: 4924-436-MS515F-926R_R2_fastqc.html
[2017-08-27 17:59:44,059] multiqc                                            [DEBUG  ]  Ignoring file as matched an ignore pattern: 5101-461-MS515F-926R_R1_fastqc.html
[2017-08-27 17:59:44,062] multiqc                                            [DEBUG  ]  Ignoring file as matched an ignore pattern: 4924-831-MS515F-926R_R1_fastqc.html
[2017-08-27 17:59:44,062] multiqc                                            [DEBUG  ]  Ignoring file as matched an ignore pattern: 5101-450-MS515F-926R_R1_fastqc.html
[2017-08-27 17:59:44,062] multiqc                                            [DEBUG  ]  Ignoring file as matched an ignore pattern: 5101-1143-MS515F-926R_R1_fastqc.html
[2017-08-27 17:59:44,067] multiqc                                            [DEBUG  ]  Ignoring file as matched an ignore pattern: 5101-1150-MS515F-926R_R2_fastqc.html
[2017-08-27 17:59:44,068] multiqc                                            [DEBUG  ]  Ignoring file as matched an ignore pattern: 5101-759-MS515F-926R_R1_fastqc.html
[2017-08-27 17:59:44,069] multiqc                                            [DEBUG  ]  Ignoring file as matched an ignore pattern: 5101-758-MS515F-926R_R1_fastqc.html
[2017-08-27 17:59:44,071] multiqc                                            [DEBUG  ]  Ignoring file as matched an ignore pattern: 5101-455-MS515F-926R_R2_fastqc.html
[2017-08-27 17:59:44,072] multiqc                                            [DEBUG  ]  Ignoring file as matched an ignore pattern: 4924-832-MS515F-926R_R2_fastqc.html
[2017-08-27 17:59:44,072] multiqc                                            [DEBUG  ]  Ignoring file as matched an ignore pattern: 4924-832-MS515F-926R_R1_fastqc.html
[2017-08-27 17:59:44,072] multiqc                                            [DEBUG  ]  Ignoring file as matched an ignore pattern: 4924-841-MS515F-926R_R1_fastqc.html
[2017-08-27 17:59:44,074] multiqc                                            [DEBUG  ]  Ignoring file as matched an ignore pattern: 5101-764-MS515F-926R_R1_fastqc.html
[2017-08-27 17:59:44,074] multiqc                                            [DEBUG  ]  Ignoring file as matched an ignore pattern: 4924-844-MS515F-926R_R1_fastqc.html
[2017-08-27 17:59:44,075] multiqc                                            [DEBUG  ]  Ignoring file as matched an ignore pattern: 5101-1040-MS515F-926R_R1_fastqc.html
[2017-08-27 17:59:44,076] multiqc                                            [DEBUG  ]  Ignoring file as matched an ignore pattern: 5101-1037-MS515F-926R_R1_fastqc.html
[2017-08-27 17:59:44,076] multiqc                                            [DEBUG  ]  Ignoring file as matched an ignore pattern: 5101-1022-MS515F-926R_R2_fastqc.html
[2017-08-27 17:59:44,076] multiqc                                            [DEBUG  ]  Ignoring file as matched an ignore pattern: 4924-838-MS515F-926R_R1_fastqc.html
[2017-08-27 17:59:44,077] multiqc                                            [DEBUG  ]  Ignoring file as matched an ignore pattern: 5101-1018-MS515F-926R_R1_fastqc.html
[2017-08-27 17:59:44,077] multiqc                                            [DEBUG  ]  Ignoring file as matched an ignore pattern: 5101-1038-MS515F-926R_R1_fastqc.html
[2017-08-27 17:59:44,078] multiqc                                            [DEBUG  ]  Ignoring file as matched an ignore pattern: 5101-456-MS515F-926R_R1_fastqc.html
[2017-08-27 17:59:44,078] multiqc                                            [DEBUG  ]  Ignoring file as matched an ignore pattern: 5101-1162-MS515F-926R_R2_fastqc.html
[2017-08-27 17:59:44,078] multiqc                                            [DEBUG  ]  Ignoring file as matched an ignore pattern: 5101-1146-MS515F-926R_R2_fastqc.html
[2017-08-27 17:59:44,080] multiqc                                            [DEBUG  ]  Ignoring file as matched an ignore pattern: 5101-1024-MS515F-926R_R1_fastqc.html
[2017-08-27 17:59:44,080] multiqc                                            [DEBUG  ]  Ignoring file as matched an ignore pattern: 4924-843-MS515F-926R_R1_fastqc.html
[2017-08-27 17:59:44,083] multiqc                                            [DEBUG  ]  Ignoring file as matched an ignore pattern: 5101-1016-MS515F-926R_R1_fastqc.html
[2017-08-27 17:59:44,083] multiqc                                            [DEBUG  ]  Ignoring file as matched an ignore pattern: 4924-431-MS515F-926R_R1_fastqc.html
[2017-08-27 17:59:44,083] multiqc                                            [DEBUG  ]  Ignoring file as matched an ignore pattern: 5101-456-MS515F-926R_R2_fastqc.html
[2017-08-27 17:59:44,083] multiqc                                            [DEBUG  ]  Ignoring file as matched an ignore pattern: 5101-1140-MS515F-926R_R2_fastqc.html
[2017-08-27 17:59:44,084] multiqc                                            [DEBUG  ]  Ignoring file as matched an ignore pattern: 4924-425-MS515F-926R_R2_fastqc.html
[2017-08-27 17:59:44,086] multiqc                                            [DEBUG  ]  Ignoring file as matched an ignore pattern: 5101-760-MS515F-926R_R1_fastqc.html
[2017-08-27 17:59:44,086] multiqc                                            [DEBUG  ]  Ignoring file as matched an ignore pattern: 5101-1146-MS515F-926R_R1_fastqc.html
[2017-08-27 17:59:44,086] multiqc                                            [DEBUG  ]  Ignoring file as matched an ignore pattern: 4924-429-MS515F-926R_R1_fastqc.html
[2017-08-27 17:59:44,087] multiqc                                            [DEBUG  ]  Ignoring file as matched an ignore pattern: 5101-449-MS515F-926R_R2_fastqc.html
[2017-08-27 17:59:44,087] multiqc                                            [DEBUG  ]  Ignoring file as matched an ignore pattern: 5101-1039-MS515F-926R_R2_fastqc.html
[2017-08-27 17:59:44,087] multiqc                                            [DEBUG  ]  Ignoring file as matched an ignore pattern: 4924-437-MS515F-926R_R1_fastqc.html
[2017-08-27 17:59:44,087] multiqc                                            [DEBUG  ]  Ignoring file as matched an ignore pattern: 5101-1138-MS515F-926R_R2_fastqc.html
[2017-08-27 17:59:44,088] multiqc                                            [DEBUG  ]  Ignoring file as matched an ignore pattern: 4924-436-MS515F-926R_R1_fastqc.html
[2017-08-27 17:59:44,088] multiqc                                            [DEBUG  ]  Ignoring file as matched an ignore pattern: 5101-762-MS515F-926R_R1_fastqc.html
[2017-08-27 17:59:44,088] multiqc                                            [DEBUG  ]  Ignoring file as matched an ignore pattern: 5101-1151-MS515F-926R_R2_fastqc.html
[2017-08-27 17:59:44,089] multiqc                                            [DEBUG  ]  Ignoring file as matched an ignore pattern: 5101-1156-MS515F-926R_R2_fastqc.html
[2017-08-27 17:59:44,090] multiqc                                            [DEBUG  ]  Ignoring file as matched an ignore pattern: 4924-439-MS515F-926R_R1_fastqc.html
[2017-08-27 17:59:44,090] multiqc                                            [DEBUG  ]  Ignoring file as matched an ignore pattern: 4924-434-MS515F-926R_R2_fastqc.html
[2017-08-27 17:59:44,091] multiqc                                            [DEBUG  ]  Ignoring file as matched an ignore pattern: 5101-1141-MS515F-926R_R1_fastqc.html
[2017-08-27 17:59:44,091] multiqc                                            [DEBUG  ]  Ignoring file as matched an ignore pattern: 5101-447-MS515F-926R_R2_fastqc.html
[2017-08-27 17:59:44,095] multiqc                                            [DEBUG  ]  Ignoring file as matched an ignore pattern: 5101-1150-MS515F-926R_R1_fastqc.html
[2017-08-27 17:59:44,098] multiqc                                            [DEBUG  ]  Ignoring file as matched an ignore pattern: 5101-452-MS515F-926R_R1_fastqc.html
[2017-08-27 17:59:44,099] multiqc                                            [DEBUG  ]  Ignoring file as matched an ignore pattern: 4924-435-MS515F-926R_R1_fastqc.html
[2017-08-27 17:59:44,099] multiqc                                            [DEBUG  ]  Ignoring file as matched an ignore pattern: 5101-459-MS515F-926R_R1_fastqc.html
[2017-08-27 17:59:44,099] multiqc                                            [DEBUG  ]  Ignoring file as matched an ignore pattern: 5101-1159-MS515F-926R_R1_fastqc.html
[2017-08-27 17:59:44,100] multiqc                                            [DEBUG  ]  Ignoring file as matched an ignore pattern: 5101-1139-MS515F-926R_R2_fastqc.html
[2017-08-27 17:59:44,101] multiqc                                            [DEBUG  ]  Ignoring file as matched an ignore pattern: 5101-1151-MS515F-926R_R1_fastqc.html
[2017-08-27 17:59:44,101] multiqc                                            [DEBUG  ]  Ignoring file as matched an ignore pattern: 5101-1040-MS515F-926R_R2_fastqc.html
[2017-08-27 17:59:44,102] multiqc                                            [DEBUG  ]  Ignoring file as matched an ignore pattern: 5101-448-MS515F-926R_R2_fastqc.html
[2017-08-27 17:59:44,102] multiqc                                            [DEBUG  ]  Ignoring file as matched an ignore pattern: 4924-425-MS515F-926R_R1_fastqc.html
[2017-08-27 17:59:44,105] multiqc                                            [DEBUG  ]  Ignoring file as matched an ignore pattern: 5101-453-MS515F-926R_R1_fastqc.html
[2017-08-27 17:59:44,106] multiqc                                            [DEBUG  ]  Ignoring file as matched an ignore pattern: 5101-454-MS515F-926R_R2_fastqc.html
[2017-08-27 17:59:44,107] multiqc                                            [DEBUG  ]  Ignoring file as matched an ignore pattern: 4924-833-MS515F-926R_R1_fastqc.html
[2017-08-27 17:59:44,107] multiqc                                            [DEBUG  ]  Ignoring file as matched an ignore pattern: 5101-1143-MS515F-926R_R2_fastqc.html
[2017-08-27 17:59:44,108] multiqc                                            [DEBUG  ]  Ignoring file as matched an ignore pattern: 5101-764-MS515F-926R_R2_fastqc.html
[2017-08-27 17:59:44,110] multiqc                                            [DEBUG  ]  Ignoring file as matched an ignore pattern: 5101-1154-MS515F-926R_R2_fastqc.html
[2017-08-27 17:59:44,111] multiqc                                            [DEBUG  ]  Ignoring file as matched an ignore pattern: 5101-1020-MS515F-926R_R1_fastqc.html
[2017-08-27 17:59:44,114] multiqc                                            [DEBUG  ]  Ignoring file as matched an ignore pattern: 5101-1147-MS515F-926R_R1_fastqc.html
[2017-08-27 17:59:44,114] multiqc                                            [DEBUG  ]  Ignoring file as matched an ignore pattern: 4924-839-MS515F-926R_R1_fastqc.html
[2017-08-27 17:59:44,115] multiqc                                            [DEBUG  ]  Ignoring file as matched an ignore pattern: 5101-1142-MS515F-926R_R2_fastqc.html
[2017-08-27 17:59:44,115] multiqc                                            [DEBUG  ]  Ignoring file as matched an ignore pattern: 5101-763-MS515F-926R_R2_fastqc.html
[2017-08-27 17:59:44,118] multiqc                                            [DEBUG  ]  Ignoring file as matched an ignore pattern: 5101-761-MS515F-926R_R1_fastqc.html
[2017-08-27 17:59:44,118] multiqc                                            [DEBUG  ]  Ignoring file as matched an ignore pattern: 5101-757-MS515F-926R_R1_fastqc.html
[2017-08-27 17:59:44,119] multiqc                                            [DEBUG  ]  Ignoring file as matched an ignore pattern: 5101-1157-MS515F-926R_R1_fastqc.html
[2017-08-27 17:59:44,119] multiqc                                            [DEBUG  ]  Ignoring file as matched an ignore pattern: 5101-1024-MS515F-926R_R2_fastqc.html
[2017-08-27 17:59:44,121] multiqc                                            [DEBUG  ]  Ignoring file as matched an ignore pattern: 5101-461-MS515F-926R_R2_fastqc.html
[2017-08-27 17:59:44,122] multiqc                                            [DEBUG  ]  Ignoring file as matched an ignore pattern: 5101-1034-MS515F-926R_R2_fastqc.html
[2017-08-27 17:59:44,122] multiqc                                            [DEBUG  ]  Ignoring file as matched an ignore pattern: 5101-1033-MS515F-926R_R1_fastqc.html
[2017-08-27 17:59:44,124] multiqc                                            [DEBUG  ]  Ignoring file as matched an ignore pattern: 5101-1029-MS515F-926R_R1_fastqc.html
[2017-08-27 17:59:44,125] multiqc                                            [DEBUG  ]  Ignoring file as matched an ignore pattern: 4924-844-MS515F-926R_R2_fastqc.html
[2017-08-27 17:59:44,126] multiqc                                            [DEBUG  ]  Ignoring file as matched an ignore pattern: 4924-439-MS515F-926R_R2_fastqc.html
[2017-08-27 17:59:44,127] multiqc                                            [DEBUG  ]  Ignoring file as matched an ignore pattern: 5101-1154-MS515F-926R_R1_fastqc.html
[2017-08-27 17:59:44,127] multiqc                                            [DEBUG  ]  Ignoring file as matched an ignore pattern: 5101-761-MS515F-926R_R2_fastqc.html
[2017-08-27 17:59:44,132] multiqc                                            [DEBUG  ]  Ignoring file as matched an ignore pattern: 5101-447-MS515F-926R_R1_fastqc.html
[2017-08-27 17:59:44,132] multiqc                                            [DEBUG  ]  Ignoring file as matched an ignore pattern: 5101-1155-MS515F-926R_R2_fastqc.html
[2017-08-27 17:59:44,178] multiqc                                            [DEBUG  ]  Ignoring file as matched an ignore pattern: 5101-455-MS515F-926R_R1_fastqc.html
[2017-08-27 17:59:44,180] multiqc                                            [DEBUG  ]  Ignoring file as matched an ignore pattern: 5101-1035-MS515F-926R_R1_fastqc.html
[2017-08-27 17:59:44,181] multiqc                                            [DEBUG  ]  Ignoring file as matched an ignore pattern: 4924-834-MS515F-926R_R1_fastqc.html
[2017-08-27 17:59:44,181] multiqc                                            [DEBUG  ]  Ignoring file as matched an ignore pattern: 5101-1023-MS515F-926R_R2_fastqc.html
[2017-08-27 17:59:44,182] multiqc                                            [DEBUG  ]  Ignoring file as matched an ignore pattern: 5101-1159-MS515F-926R_R2_fastqc.html
[2017-08-27 17:59:44,183] multiqc                                            [DEBUG  ]  Ignoring file as matched an ignore pattern: 5101-1034-MS515F-926R_R1_fastqc.html
[2017-08-27 17:59:44,184] multiqc                                            [DEBUG  ]  Ignoring file as matched an ignore pattern: 5101-1145-MS515F-926R_R1_fastqc.html
[2017-08-27 17:59:44,186] multiqc                                            [DEBUG  ]  Ignoring file as matched an ignore pattern: 5101-1149-MS515F-926R_R1_fastqc.html
[2017-08-27 17:59:44,187] multiqc                                            [DEBUG  ]  Ignoring file as matched an ignore pattern: 5101-1025-MS515F-926R_R1_fastqc.html
[2017-08-27 17:59:44,188] multiqc                                            [DEBUG  ]  Ignoring file as matched an ignore pattern: 5101-1035-MS515F-926R_R2_fastqc.html
[2017-08-27 17:59:44,190] multiqc                                            [DEBUG  ]  Ignoring file as matched an ignore pattern: 4924-441-MS515F-926R_R2_fastqc.html
[2017-08-27 17:59:44,190] multiqc                                            [DEBUG  ]  Ignoring file as matched an ignore pattern: 4924-424-MS515F-926R_R2_fastqc.html
[2017-08-27 17:59:44,192] multiqc                                            [DEBUG  ]  Ignoring file as matched an ignore pattern: 5101-1033-MS515F-926R_R2_fastqc.html
[2017-08-27 17:59:44,193] multiqc                                            [DEBUG  ]  Ignoring file as matched an ignore pattern: 5101-1020-MS515F-926R_R2_fastqc.html
[2017-08-27 17:59:44,193] multiqc                                            [DEBUG  ]  Ignoring file as matched an ignore pattern: 5101-1161-MS515F-926R_R2_fastqc.html
[2017-08-27 17:59:44,195] multiqc                                            [DEBUG  ]  Ignoring file as matched an ignore pattern: 5101-1032-MS515F-926R_R1_fastqc.html
[2017-08-27 17:59:44,196] multiqc                                            [DEBUG  ]  Ignoring file as matched an ignore pattern: 5101-1162-MS515F-926R_R1_fastqc.html
[2017-08-27 17:59:44,196] multiqc                                            [DEBUG  ]  Ignoring file as matched an ignore pattern: 4924-430-MS515F-926R_R1_fastqc.html
[2017-08-27 17:59:44,198] multiqc                                            [DEBUG  ]  Ignoring file as matched an ignore pattern: 5101-1160-MS515F-926R_R2_fastqc.html
[2017-08-27 17:59:44,199] multiqc                                            [DEBUG  ]  Ignoring file as matched an ignore pattern: 4924-837-MS515F-926R_R2_fastqc.html
[2017-08-27 17:59:44,205] multiqc                                            [DEBUG  ]  Ignoring file as matched an ignore pattern: 4924-432-MS515F-926R_R2_fastqc.html
[2017-08-27 17:59:44,205] multiqc                                            [DEBUG  ]  Ignoring file as matched an ignore pattern: 5101-1021-MS515F-926R_R1_fastqc.html
[2017-08-27 17:59:44,207] multiqc                                            [DEBUG  ]  Ignoring file as matched an ignore pattern: 5101-1021-MS515F-926R_R2_fastqc.html
[2017-08-27 17:59:44,207] multiqc                                            [DEBUG  ]  Ignoring file as matched an ignore pattern: 5101-1037-MS515F-926R_R2_fastqc.html
[2017-08-27 17:59:44,209] multiqc                                            [DEBUG  ]  Ignoring file as matched an ignore pattern: 5101-1141-MS515F-926R_R2_fastqc.html
[2017-08-27 17:59:44,209] multiqc                                            [DEBUG  ]  Ignoring file as matched an ignore pattern: 5101-1018-MS515F-926R_R2_fastqc.html
[2017-08-27 17:59:44,210] multiqc                                            [DEBUG  ]  Ignoring file as matched an ignore pattern: 5101-450-MS515F-926R_R2_fastqc.html
[2017-08-27 17:59:44,210] multiqc                                            [DEBUG  ]  Ignoring file as matched an ignore pattern: 5101-1153-MS515F-926R_R2_fastqc.html
[2017-08-27 17:59:44,211] multiqc                                            [DEBUG  ]  Ignoring file as matched an ignore pattern: 4924-430-MS515F-926R_R2_fastqc.html
[2017-08-27 17:59:44,220] multiqc                                            [DEBUG  ]  Ignoring file as matched an ignore pattern: 5101-1036-MS515F-926R_R2_fastqc.html
[2017-08-27 17:59:44,222] multiqc                                            [DEBUG  ]  Ignoring file as matched an ignore pattern: 5101-1148-MS515F-926R_R1_fastqc.html
[2017-08-27 17:59:44,222] multiqc                                            [DEBUG  ]  Ignoring file as matched an ignore pattern: 4924-426-MS515F-926R_R2_fastqc.html
[2017-08-27 17:59:44,222] multiqc                                            [DEBUG  ]  Ignoring file as matched an ignore pattern: 5101-1026-MS515F-926R_R2_fastqc.html
[2017-08-27 17:59:44,223] multiqc                                            [DEBUG  ]  Ignoring file as matched an ignore pattern: 4924-427-MS515F-926R_R2_fastqc.html
[2017-08-27 17:59:44,227] multiqc                                            [DEBUG  ]  Ignoring file as matched an ignore pattern: 4924-435-MS515F-926R_R2_fastqc.html
[2017-08-27 17:59:44,227] multiqc                                            [DEBUG  ]  Ignoring file as matched an ignore pattern: 4924-440-MS515F-926R_R1_fastqc.html
[2017-08-27 17:59:44,227] multiqc                                            [DEBUG  ]  Ignoring file as matched an ignore pattern: 5101-1160-MS515F-926R_R1_fastqc.html
[2017-08-27 17:59:44,227] multiqc                                            [DEBUG  ]  Ignoring file as matched an ignore pattern: 5101-457-MS515F-926R_R1_fastqc.html
[2017-08-27 17:59:44,228] multiqc                                            [DEBUG  ]  Ignoring file as matched an ignore pattern: 5101-451-MS515F-926R_R2_fastqc.html
[2017-08-27 17:59:44,233] multiqc                                            [DEBUG  ]  Ignoring file as matched an ignore pattern: 5101-460-MS515F-926R_R2_fastqc.html
[2017-08-27 17:59:44,233] multiqc                                            [DEBUG  ]  Ignoring file as matched an ignore pattern: 5101-757-MS515F-926R_R2_fastqc.html
[2017-08-27 17:59:44,233] multiqc                                            [DEBUG  ]  Ignoring file as matched an ignore pattern: 5101-458-MS515F-926R_R2_fastqc.html
[2017-08-27 17:59:44,234] multiqc                                            [DEBUG  ]  Ignoring file as matched an ignore pattern: 5101-765-MS515F-926R_R2_fastqc.html
[2017-08-27 17:59:44,235] multiqc                                            [DEBUG  ]  Ignoring file as matched an ignore pattern: 5101-1019-MS515F-926R_R1_fastqc.html
[2017-08-27 17:59:44,238] multiqc                                            [DEBUG  ]  Ignoring file as matched an ignore pattern: 4924-831-MS515F-926R_R2_fastqc.html
[2017-08-27 17:59:44,238] multiqc                                            [DEBUG  ]  Ignoring file as matched an ignore pattern: 5101-766-MS515F-926R_R2_fastqc.html
[2017-08-27 17:59:44,238] multiqc                                            [DEBUG  ]  Ignoring file as matched an ignore pattern: 4924-441-MS515F-926R_R1_fastqc.html
[2017-08-27 17:59:44,238] multiqc                                            [DEBUG  ]  Ignoring file as matched an ignore pattern: 4924-836-MS515F-926R_R2_fastqc.html
[2017-08-27 17:59:44,241] multiqc                                            [DEBUG  ]  Ignoring file as matched an ignore pattern: 5101-1156-MS515F-926R_R1_fastqc.html
[2017-08-27 17:59:44,243] multiqc                                            [DEBUG  ]  Ignoring file as matched an ignore pattern: 5101-1145-MS515F-926R_R2_fastqc.html
[2017-08-27 17:59:44,245] multiqc                                            [DEBUG  ]  Ignoring file as matched an ignore pattern: 5101-1152-MS515F-926R_R1_fastqc.html
[2017-08-27 17:59:44,247] multiqc                                            [DEBUG  ]  Ignoring file as matched an ignore pattern: 5101-1029-MS515F-926R_R2_fastqc.html
[2017-08-27 17:59:44,249] multiqc                                            [DEBUG  ]  Ignoring file as matched an ignore pattern: 5101-1140-MS515F-926R_R1_fastqc.html
[2017-08-27 17:59:44,250] multiqc                                            [DEBUG  ]  Ignoring file as matched an ignore pattern: 4924-434-MS515F-926R_R1_fastqc.html
[2017-08-27 17:59:44,251] multiqc                                            [DEBUG  ]  Ignoring file as matched an ignore pattern: 4924-426-MS515F-926R_R1_fastqc.html
[2017-08-27 17:59:44,254] multiqc                                            [DEBUG  ]  Ignoring file as matched an ignore pattern: 5101-765-MS515F-926R_R1_fastqc.html
[2017-08-27 17:59:44,255] multiqc                                            [DEBUG  ]  Ignoring file as matched an ignore pattern: 5101-1019-MS515F-926R_R2_fastqc.html
[2017-08-27 17:59:44,256] multiqc                                            [DEBUG  ]  Ignoring file as matched an ignore pattern: 5101-1139-MS515F-926R_R1_fastqc.html
[2017-08-27 17:59:44,256] multiqc                                            [DEBUG  ]  Ignoring file as matched an ignore pattern: 4924-837-MS515F-926R_R1_fastqc.html
[2017-08-27 17:59:44,257] multiqc                                            [DEBUG  ]  Ignoring file as matched an ignore pattern: 5101-1025-MS515F-926R_R2_fastqc.html
[2017-08-27 17:59:44,257] multiqc                                            [DEBUG  ]  Ignoring file as matched an ignore pattern: 5101-1028-MS515F-926R_R2_fastqc.html
[2017-08-27 17:59:44,257] multiqc                                            [DEBUG  ]  Ignoring file as matched an ignore pattern: 5101-759-MS515F-926R_R2_fastqc.html
[2017-08-27 17:59:44,261] multiqc                                            [DEBUG  ]  Ignoring file as matched an ignore pattern: 5101-1152-MS515F-926R_R2_fastqc.html
[2017-08-27 17:59:44,261] multiqc                                            [DEBUG  ]  Ignoring file as matched an ignore pattern: 5101-451-MS515F-926R_R1_fastqc.html
[2017-08-27 17:59:44,262] multiqc                                            [DEBUG  ]  Ignoring file as matched an ignore pattern: 5101-766-MS515F-926R_R1_fastqc.html
[2017-08-27 17:59:44,263] multiqc                                            [DEBUG  ]  Ignoring file as matched an ignore pattern: 5101-1031-MS515F-926R_R1_fastqc.html
[2017-08-27 17:59:44,267] multiqc                                            [DEBUG  ]  Ignoring file as matched an ignore pattern: 4924-841-MS515F-926R_R2_fastqc.html
[2017-08-27 17:59:44,271] multiqc                                            [DEBUG  ]  Ignoring file as matched an ignore pattern: 5101-1036-MS515F-926R_R1_fastqc.html
[2017-08-27 17:59:44,271] multiqc                                            [DEBUG  ]  Ignoring file as matched an ignore pattern: 4924-838-MS515F-926R_R2_fastqc.html
[2017-08-27 17:59:44,273] multiqc                                            [DEBUG  ]  Ignoring file as matched an ignore pattern: 4924-442-MS515F-926R_R1_fastqc.html
[2017-08-27 17:59:44,274] multiqc                                            [DEBUG  ]  Ignoring file as matched an ignore pattern: 5101-1023-MS515F-926R_R1_fastqc.html
[2017-08-27 17:59:44,275] multiqc                                            [DEBUG  ]  Ignoring file as matched an ignore pattern: 5101-1031-MS515F-926R_R2_fastqc.html
[2017-08-27 17:59:44,275] multiqc                                            [DEBUG  ]  Ignoring file as matched an ignore pattern: 5101-1026-MS515F-926R_R1_fastqc.html
[2017-08-27 17:59:44,276] multiqc                                            [DEBUG  ]  Ignoring file as matched an ignore pattern: 4924-833-MS515F-926R_R2_fastqc.html
[2017-08-27 17:59:44,276] multiqc                                            [DEBUG  ]  Ignoring file as matched an ignore pattern: 5101-1030-MS515F-926R_R1_fastqc.html
[2017-08-27 17:59:44,276] multiqc                                            [DEBUG  ]  Ignoring file as matched an ignore pattern: 5101-1144-MS515F-926R_R2_fastqc.html
[2017-08-27 17:59:44,276] multiqc                                            [DEBUG  ]  Ignoring file as matched an ignore pattern: 5101-1017-MS515F-926R_R2_fastqc.html
[2017-08-27 17:59:44,277] multiqc                                            [DEBUG  ]  Ignoring file as matched an ignore pattern: 4924-836-MS515F-926R_R1_fastqc.html
[2017-08-27 17:59:44,280] multiqc                                            [DEBUG  ]  Ignoring file as matched an ignore pattern: 5101-1155-MS515F-926R_R1_fastqc.html
[2017-08-27 17:59:44,280] multiqc                                            [DEBUG  ]  Ignoring file as matched an ignore pattern: 5101-1017-MS515F-926R_R1_fastqc.html
[2017-08-27 17:59:44,281] multiqc                                            [DEBUG  ]  Ignoring file as matched an ignore pattern: 5101-1016-MS515F-926R_R2_fastqc.html
[2017-08-27 17:59:44,281] multiqc                                            [DEBUG  ]  Ignoring file as matched an ignore pattern: 5101-1148-MS515F-926R_R2_fastqc.html
[2017-08-27 17:59:44,281] multiqc                                            [DEBUG  ]  Ignoring file as matched an ignore pattern: 4924-442-MS515F-926R_R2_fastqc.html
[2017-08-27 17:59:44,282] multiqc                                            [DEBUG  ]  Ignoring file as matched an ignore pattern: 5101-457-MS515F-926R_R2_fastqc.html
[2017-08-27 17:59:44,285] multiqc                                            [DEBUG  ]  Ignoring file as matched an ignore pattern: 5101-1153-MS515F-926R_R1_fastqc.html
[2017-08-27 17:59:44,286] multiqc                                            [DEBUG  ]  Ignoring file as matched an ignore pattern: 4924-843-MS515F-926R_R2_fastqc.html
[2017-08-27 17:59:44,286] multiqc                                            [DEBUG  ]  Ignoring file as matched an ignore pattern: 5101-460-MS515F-926R_R1_fastqc.html
[2017-08-27 17:59:44,287] multiqc                                            [DEBUG  ]  Ignoring file as matched an ignore pattern: 4924-834-MS515F-926R_R2_fastqc.html
[2017-08-27 17:59:44,288] multiqc                                            [DEBUG  ]  Ignoring file as matched an ignore pattern: 4924-839-MS515F-926R_R2_fastqc.html
[2017-08-27 17:59:44,288] multiqc                                            [DEBUG  ]  Ignoring file as matched an ignore pattern: 5101-1028-MS515F-926R_R1_fastqc.html
[2017-08-27 17:59:44,289] multiqc                                            [DEBUG  ]  Ignoring file as matched an ignore pattern: 4924-842-MS515F-926R_R2_fastqc.html
[2017-08-27 17:59:44,289] multiqc                                            [DEBUG  ]  Ignoring file as matched an ignore pattern: 5101-452-MS515F-926R_R2_fastqc.html
[2017-08-27 17:59:44,290] multiqc                                            [DEBUG  ]  Ignoring file as matched an ignore pattern: 5101-1030-MS515F-926R_R2_fastqc.html
[2017-08-27 17:59:44,291] multiqc                                            [DEBUG  ]  Ignoring file as matched an ignore pattern: 5101-762-MS515F-926R_R2_fastqc.html
[2017-08-27 17:59:44,293] multiqc                                            [DEBUG  ]  Ignoring file as matched an ignore pattern: 5101-1157-MS515F-926R_R2_fastqc.html
[2017-08-27 17:59:44,293] multiqc                                            [DEBUG  ]  Ignoring file as matched an ignore pattern: 5101-449-MS515F-926R_R1_fastqc.html
[2017-08-27 17:59:44,294] multiqc                                            [DEBUG  ]  Ignoring file as matched an ignore pattern: 4924-432-MS515F-926R_R1_fastqc.html
[2017-08-27 17:59:44,294] multiqc                                            [DEBUG  ]  Ignoring file as matched an ignore pattern: 5101-1158-MS515F-926R_R2_fastqc.html
[2017-08-27 17:59:44,297] multiqc                                            [DEBUG  ]  Ignoring file as matched an ignore pattern: 5101-1039-MS515F-926R_R1_fastqc.html
[2017-08-27 17:59:44,297] multiqc                                            [DEBUG  ]  Ignoring file as matched an ignore pattern: 5101-454-MS515F-926R_R1_fastqc.html
[2017-08-27 17:59:44,299] multiqc                                            [DEBUG  ]  Ignoring file as matched an ignore pattern: 5101-760-MS515F-926R_R2_fastqc.html
[2017-08-27 17:59:44,300] multiqc                                            [DEBUG  ]  Ignoring file as matched an ignore pattern: 5101-1144-MS515F-926R_R1_fastqc.html
[2017-08-27 17:59:44,518] multiqc.modules.custom_content.custom_content      [DEBUG  ]  No custom content found
[2017-08-27 17:59:44,522] multiqc.modules.conpair.conpair                    [DEBUG  ]  Could not find any reports in ('/home/mark/gitstage/uderica/silage/V-HMC/Bacteria/raw_data_bacteria/fastqc',)
[2017-08-27 17:59:44,525] multiqc.modules.peddy.peddy                        [DEBUG  ]  Could not find any reports in ('/home/mark/gitstage/uderica/silage/V-HMC/Bacteria/raw_data_bacteria/fastqc',)
[2017-08-27 17:59:44,528] multiqc.modules.methylQA.methylQA                  [DEBUG  ]  Could not find any reports in ('/home/mark/gitstage/uderica/silage/V-HMC/Bacteria/raw_data_bacteria/fastqc',)
[2017-08-27 17:59:44,531] multiqc.modules.qualimap.QM_BamQC                  [DEBUG  ]  Using default Qualimap thresholds: 1, 5, 10, 30, 50
[2017-08-27 17:59:44,532] multiqc.modules.qualimap.qualimap                  [DEBUG  ]  Could not find any reports in ('/home/mark/gitstage/uderica/silage/V-HMC/Bacteria/raw_data_bacteria/fastqc',)
[2017-08-27 17:59:44,534] multiqc.modules.preseq.preseq                      [DEBUG  ]  Could not find any preseq data in ('/home/mark/gitstage/uderica/silage/V-HMC/Bacteria/raw_data_bacteria/fastqc',)
[2017-08-27 17:59:44,538] multiqc.modules.quast.quast                        [DEBUG  ]  Could not find any reports in ('/home/mark/gitstage/uderica/silage/V-HMC/Bacteria/raw_data_bacteria/fastqc',)
[2017-08-27 17:59:44,540] multiqc.modules.qorts.qorts                        [DEBUG  ]  Could not find any QoRTs data in ('/home/mark/gitstage/uderica/silage/V-HMC/Bacteria/raw_data_bacteria/fastqc',)
[2017-08-27 17:59:44,542] multiqc.modules.rna_seqc.rna_seqc                  [DEBUG  ]  Could not find any RNA-SeQC data in ('/home/mark/gitstage/uderica/silage/V-HMC/Bacteria/raw_data_bacteria/fastqc',)
[2017-08-27 17:59:44,545] multiqc.modules.rseqc.rseqc                        [DEBUG  ]  Could not find any reports in ('/home/mark/gitstage/uderica/silage/V-HMC/Bacteria/raw_data_bacteria/fastqc',)
[2017-08-27 17:59:44,548] multiqc.modules.busco.busco                        [DEBUG  ]  Could not find any reports in ('/home/mark/gitstage/uderica/silage/V-HMC/Bacteria/raw_data_bacteria/fastqc',)
[2017-08-27 17:59:44,550] multiqc.modules.goleft_indexcov.goleft_indexcov    [DEBUG  ]  Did not find goleft indexcov outputs in ('/home/mark/gitstage/uderica/silage/V-HMC/Bacteria/raw_data_bacteria/fastqc',)
[2017-08-27 17:59:44,552] multiqc.modules.disambiguate.disambiguate          [DEBUG  ]  Could not find any data in ('/home/mark/gitstage/uderica/silage/V-HMC/Bacteria/raw_data_bacteria/fastqc',)
[2017-08-27 17:59:44,556] multiqc.modules.homer.homer                        [DEBUG  ]  Could not find any reports in ('/home/mark/gitstage/uderica/silage/V-HMC/Bacteria/raw_data_bacteria/fastqc',)
[2017-08-27 17:59:44,558] multiqc.modules.macs2.macs2                        [DEBUG  ]  Could not find any MACS2 data in ('/home/mark/gitstage/uderica/silage/V-HMC/Bacteria/raw_data_bacteria/fastqc',)
[2017-08-27 17:59:44,561] multiqc.modules.theta2.theta2                      [DEBUG  ]  Could not find any reports in ('/home/mark/gitstage/uderica/silage/V-HMC/Bacteria/raw_data_bacteria/fastqc',)
[2017-08-27 17:59:44,564] multiqc.modules.snpeff.snpeff                      [DEBUG  ]  Could not find any data in ('/home/mark/gitstage/uderica/silage/V-HMC/Bacteria/raw_data_bacteria/fastqc',)
[2017-08-27 17:59:44,567] multiqc.modules.gatk.gatk                          [DEBUG  ]  Could not find any reports in ('/home/mark/gitstage/uderica/silage/V-HMC/Bacteria/raw_data_bacteria/fastqc',)
[2017-08-27 17:59:44,569] multiqc.modules.htseq.htseq                        [DEBUG  ]  Could not find any reports in ('/home/mark/gitstage/uderica/silage/V-HMC/Bacteria/raw_data_bacteria/fastqc',)
[2017-08-27 17:59:44,572] multiqc.modules.bcftools.bcftools                  [DEBUG  ]  Could not find any reports in ('/home/mark/gitstage/uderica/silage/V-HMC/Bacteria/raw_data_bacteria/fastqc',)
[2017-08-27 17:59:44,575] multiqc.modules.featureCounts.feature_counts       [DEBUG  ]  Could not find any reports in ('/home/mark/gitstage/uderica/silage/V-HMC/Bacteria/raw_data_bacteria/fastqc',)
[2017-08-27 17:59:44,579] multiqc.modules.picard.picard                      [DEBUG  ]  Could not find any reports in ('/home/mark/gitstage/uderica/silage/V-HMC/Bacteria/raw_data_bacteria/fastqc',)
[2017-08-27 17:59:44,582] multiqc.modules.prokka.prokka                      [DEBUG  ]  Could not find any Prokka data in ('/home/mark/gitstage/uderica/silage/V-HMC/Bacteria/raw_data_bacteria/fastqc',)
[2017-08-27 17:59:44,584] multiqc.modules.samblaster.samblaster              [DEBUG  ]  Could not find any data in ('/home/mark/gitstage/uderica/silage/V-HMC/Bacteria/raw_data_bacteria/fastqc',)
[2017-08-27 17:59:44,588] multiqc.modules.samtools.samtools                  [DEBUG  ]  Could not find any reports in ('/home/mark/gitstage/uderica/silage/V-HMC/Bacteria/raw_data_bacteria/fastqc',)
[2017-08-27 17:59:44,590] multiqc.modules.bamtools.bamtools                  [DEBUG  ]  Could not find any reports in ('/home/mark/gitstage/uderica/silage/V-HMC/Bacteria/raw_data_bacteria/fastqc',)
[2017-08-27 17:59:44,592] multiqc.modules.jellyfish.jellyfish                [DEBUG  ]  Could not find any data in ('/home/mark/gitstage/uderica/silage/V-HMC/Bacteria/raw_data_bacteria/fastqc',)
[2017-08-27 17:59:44,594] multiqc.modules.bismark.bismark                    [DEBUG  ]  Could not find any reports in ('/home/mark/gitstage/uderica/silage/V-HMC/Bacteria/raw_data_bacteria/fastqc',)
[2017-08-27 17:59:44,596] multiqc.modules.hicup.hicup                        [DEBUG  ]  Could not find any HiCUP data in ('/home/mark/gitstage/uderica/silage/V-HMC/Bacteria/raw_data_bacteria/fastqc',)
[2017-08-27 17:59:44,598] multiqc.modules.salmon.salmon                      [DEBUG  ]  Could not find any Salmon data in ('/home/mark/gitstage/uderica/silage/V-HMC/Bacteria/raw_data_bacteria/fastqc',)
[2017-08-27 17:59:44,601] multiqc.modules.kallisto.kallisto                  [DEBUG  ]  Could not find any reports in ('/home/mark/gitstage/uderica/silage/V-HMC/Bacteria/raw_data_bacteria/fastqc',)
[2017-08-27 17:59:44,603] multiqc.modules.slamdunk.slamdunk                  [DEBUG  ]  No slamdunk reports found.
[2017-08-27 17:59:44,605] multiqc.modules.star.star                          [DEBUG  ]  Could not find any reports in ('/home/mark/gitstage/uderica/silage/V-HMC/Bacteria/raw_data_bacteria/fastqc',)
[2017-08-27 17:59:44,608] multiqc.modules.hisat2.hisat2                      [DEBUG  ]  Could not find any reports in ('/home/mark/gitstage/uderica/silage/V-HMC/Bacteria/raw_data_bacteria/fastqc',)
[2017-08-27 17:59:44,610] multiqc.modules.tophat.tophat                      [DEBUG  ]  Could not find any reports in ('/home/mark/gitstage/uderica/silage/V-HMC/Bacteria/raw_data_bacteria/fastqc',)
[2017-08-27 17:59:44,612] multiqc.modules.bowtie2.bowtie2                    [DEBUG  ]  Could not find any reports in ('/home/mark/gitstage/uderica/silage/V-HMC/Bacteria/raw_data_bacteria/fastqc',)
[2017-08-27 17:59:44,615] multiqc.modules.bowtie1.bowtie1                    [DEBUG  ]  Could not find any reports in ('/home/mark/gitstage/uderica/silage/V-HMC/Bacteria/raw_data_bacteria/fastqc',)
[2017-08-27 17:59:44,617] multiqc.modules.adapterRemoval.adapterRemoval      [DEBUG  ]  Could not find any reports in ('/home/mark/gitstage/uderica/silage/V-HMC/Bacteria/raw_data_bacteria/fastqc',)
[2017-08-27 17:59:44,619] multiqc.modules.cutadapt.cutadapt                  [DEBUG  ]  Could not find any reports in ('/home/mark/gitstage/uderica/silage/V-HMC/Bacteria/raw_data_bacteria/fastqc',)
[2017-08-27 17:59:44,621] multiqc.modules.flexbar.flexbar                    [DEBUG  ]  Could not find any Flexbar data in ('/home/mark/gitstage/uderica/silage/V-HMC/Bacteria/raw_data_bacteria/fastqc',)
[2017-08-27 17:59:44,623] multiqc.modules.trimmomatic.trimmomatic            [DEBUG  ]  Could not find any Trimmomatic data in ('/home/mark/gitstage/uderica/silage/V-HMC/Bacteria/raw_data_bacteria/fastqc',)
[2017-08-27 17:59:44,625] multiqc.modules.skewer.skewer                      [DEBUG  ]  Could not find any data in ('/home/mark/gitstage/uderica/silage/V-HMC/Bacteria/raw_data_bacteria/fastqc',)
[2017-08-27 17:59:44,628] multiqc.modules.sortmerna.sortmerna                [DEBUG  ]  Could not find any SortMeRNA data in ('/home/mark/gitstage/uderica/silage/V-HMC/Bacteria/raw_data_bacteria/fastqc',)
[2017-08-27 17:59:44,630] multiqc.modules.biobloomtools.biobloomtools        [DEBUG  ]  Could not find any reports in ('/home/mark/gitstage/uderica/silage/V-HMC/Bacteria/raw_data_bacteria/fastqc',)
[2017-08-27 17:59:44,632] multiqc.modules.fastq_screen.fastq_screen          [DEBUG  ]  Could not find any reports in ('/home/mark/gitstage/uderica/silage/V-HMC/Bacteria/raw_data_bacteria/fastqc',)
[2017-08-27 17:59:54,888] multiqc.modules.fastqc.fastqc                      [INFO   ]  Found 205 reports
[2017-08-27 18:00:16,603] multiqc.modules.clusterflow.clusterflow            [DEBUG  ]  Could not find any reports in ('/home/mark/gitstage/uderica/silage/V-HMC/Bacteria/raw_data_bacteria/fastqc',)
[2017-08-27 18:00:16,846] multiqc                                            [INFO   ]  Compressing plot data
[2017-08-27 18:00:16,846] multiqc                                            [INFO   ]  Report      : V-HMC/Bacteria/raw_data_bacteria/multiqc/multiqc_report.html
[2017-08-27 18:00:16,846] multiqc                                            [INFO   ]  Data        : V-HMC/Bacteria/raw_data_bacteria/multiqc/multiqc_data
[2017-08-27 18:00:16,846] multiqc                                            [DEBUG  ]  Moving data file from '/tmp/tmpBFK_7J/multiqc_data/mqc_fastqc_overrepresented_sequencesi_plot_1.txt' to '/home/mark/gitstage/uderica/silage/V-HMC/Bacteria/raw_data_bacteria/multiqc/multiqc_data'
[2017-08-27 18:00:16,846] multiqc                                            [DEBUG  ]  Moving data file from '/tmp/tmpBFK_7J/multiqc_data/mqc_fastqc_per_base_n_content_plot_1.txt' to '/home/mark/gitstage/uderica/silage/V-HMC/Bacteria/raw_data_bacteria/multiqc/multiqc_data'
[2017-08-27 18:00:16,847] multiqc                                            [DEBUG  ]  Moving data file from '/tmp/tmpBFK_7J/multiqc_data/mqc_fastqc_sequence_duplication_levels_plot_1.txt' to '/home/mark/gitstage/uderica/silage/V-HMC/Bacteria/raw_data_bacteria/multiqc/multiqc_data'
[2017-08-27 18:00:16,847] multiqc                                            [DEBUG  ]  Moving data file from '/tmp/tmpBFK_7J/multiqc_data/mqc_fastqc_per_sequence_quality_scores_plot_1.txt' to '/home/mark/gitstage/uderica/silage/V-HMC/Bacteria/raw_data_bacteria/multiqc/multiqc_data'
[2017-08-27 18:00:16,847] multiqc                                            [DEBUG  ]  Moving data file from '/tmp/tmpBFK_7J/multiqc_data/mqc_fastqc_per_sequence_gc_content_plot_Counts.txt' to '/home/mark/gitstage/uderica/silage/V-HMC/Bacteria/raw_data_bacteria/multiqc/multiqc_data'
[2017-08-27 18:00:16,847] multiqc                                            [DEBUG  ]  Moving data file from '/tmp/tmpBFK_7J/multiqc_data/mqc_fastqc_sequence_length_distribution_plot_1.txt' to '/home/mark/gitstage/uderica/silage/V-HMC/Bacteria/raw_data_bacteria/multiqc/multiqc_data'
[2017-08-27 18:00:16,847] multiqc                                            [DEBUG  ]  Moving data file from '/tmp/tmpBFK_7J/multiqc_data/mqc_fastqc_per_sequence_gc_content_plot_Percentages.txt' to '/home/mark/gitstage/uderica/silage/V-HMC/Bacteria/raw_data_bacteria/multiqc/multiqc_data'
[2017-08-27 18:00:16,847] multiqc                                            [DEBUG  ]  Moving data file from '/tmp/tmpBFK_7J/multiqc_data/mqc_fastqc_per_base_sequence_quality_plot_1.txt' to '/home/mark/gitstage/uderica/silage/V-HMC/Bacteria/raw_data_bacteria/multiqc/multiqc_data'
[2017-08-27 18:00:16,847] multiqc                                            [DEBUG  ]  Moving data file from '/tmp/tmpBFK_7J/multiqc_data/multiqc_general_stats.txt' to '/home/mark/gitstage/uderica/silage/V-HMC/Bacteria/raw_data_bacteria/multiqc/multiqc_data'
[2017-08-27 18:00:16,847] multiqc                                            [DEBUG  ]  Moving data file from '/tmp/tmpBFK_7J/multiqc_data/multiqc_sources.txt' to '/home/mark/gitstage/uderica/silage/V-HMC/Bacteria/raw_data_bacteria/multiqc/multiqc_data'
[2017-08-27 18:00:16,847] multiqc                                            [DEBUG  ]  Moving data file from '/tmp/tmpBFK_7J/multiqc_data/multiqc_fastqc.txt' to '/home/mark/gitstage/uderica/silage/V-HMC/Bacteria/raw_data_bacteria/multiqc/multiqc_data'
[2017-08-27 18:00:16,975] multiqc                                            [INFO   ]  MultiQC complete
