[2017-08-28 20:35:58,113] multiqc                                            [DEBUG  ]  No MultiQC config found: /usr/local/lib/python2.7/dist-packages/multiqc_config.yaml
[2017-08-28 20:35:58,113] multiqc                                            [DEBUG  ]  No MultiQC config found: /home/mark/.multiqc_config.yaml
[2017-08-28 20:35:58,113] multiqc                                            [DEBUG  ]  No MultiQC config found: multiqc_config.yaml
[2017-08-28 20:35:58,114] multiqc                                            [DEBUG  ]  Loading config settings from: /home/mark/gitstage/uderica/silage/multiqc_config.yaml
[2017-08-28 20:35:58,114] multiqc                                            [DEBUG  ]  New config 'read_count_prefix': K
[2017-08-28 20:35:58,114] multiqc                                            [DEBUG  ]  New config 'read_count_multiplier': 0.001
[2017-08-28 20:35:58,115] multiqc                                            [DEBUG  ]  New config 'read_count_desc': thousands
[2017-08-28 20:35:58,115] multiqc                                            [DEBUG  ]  Command used: /usr/local/bin/multiqc --config /home/mark/gitstage/uderica/silage/multiqc_config.yaml /home/mark/gitstage/uderica/silage/V-HMC/Bacteria/raw_data_bacteria/fastqc -o /home/mark/gitstage/uderica/silage/V-HMC/Bacteria/raw_data_bacteria/multiqc
[2017-08-28 20:35:58,995] multiqc                                            [WARNING]  MultiQC Version v1.2 now available!
[2017-08-28 20:35:58,996] multiqc                                            [INFO   ]  This is MultiQC v1.1
[2017-08-28 20:35:58,996] multiqc                                            [DEBUG  ]  Command     : /usr/local/bin/multiqc --config /home/mark/gitstage/uderica/silage/multiqc_config.yaml /home/mark/gitstage/uderica/silage/V-HMC/Bacteria/raw_data_bacteria/fastqc -o /home/mark/gitstage/uderica/silage/V-HMC/Bacteria/raw_data_bacteria/multiqc
[2017-08-28 20:35:58,996] multiqc                                            [DEBUG  ]  Working dir : /home/mark
[2017-08-28 20:35:58,996] multiqc                                            [INFO   ]  Template    : default
[2017-08-28 20:35:58,996] multiqc                                            [INFO   ]  Searching '/home/mark/gitstage/uderica/silage/V-HMC/Bacteria/raw_data_bacteria/fastqc'
[2017-08-28 20:35:58,996] multiqc                                            [DEBUG  ]  Analysing modules: custom_content, conpair, peddy, methylQA, qualimap, preseq, quast, qorts, rna_seqc, rseqc, busco, goleft_indexcov, disambiguate, homer, macs2, theta2, snpeff, gatk, htseq, bcftools, featureCounts, picard, prokka, samblaster, samtools, bamtools, jellyfish, bismark, hicup, salmon, kallisto, slamdunk, star, hisat2, tophat, bowtie2, bowtie1, adapterRemoval, cutadapt, flexbar, trimmomatic, skewer, sortmerna, biobloomtools, fastq_screen, fastqc, clusterflow
[2017-08-28 20:35:58,996] multiqc                                            [DEBUG  ]  Using temporary directory for creating report: /tmp/tmpSEMmJq
[2017-08-28 20:35:59,041] multiqc                                            [DEBUG  ]  Ignoring file as matched an ignore pattern: 5101-1027-MS515F-926R_R2_fastqc.html
[2017-08-28 20:35:59,041] multiqc                                            [DEBUG  ]  Ignoring file as matched an ignore pattern: 4924-424-MS515F-926R_R1_fastqc.html
[2017-08-28 20:35:59,041] multiqc                                            [DEBUG  ]  Ignoring file as matched an ignore pattern: 5101-1138-MS515F-926R_R1_fastqc.html
[2017-08-28 20:35:59,041] multiqc                                            [DEBUG  ]  Ignoring file as matched an ignore pattern: 5101-1027-MS515F-926R_R1_fastqc.html
[2017-08-28 20:35:59,041] multiqc                                            [DEBUG  ]  Ignoring file as matched an ignore pattern: 5101-1032-MS515F-926R_R2_fastqc.html
[2017-08-28 20:35:59,050] multiqc                                            [DEBUG  ]  Ignoring file as matched an ignore pattern: 5101-453-MS515F-926R_R2_fastqc.html
[2017-08-28 20:35:59,050] multiqc                                            [DEBUG  ]  Ignoring file as matched an ignore pattern: 5101-763-MS515F-926R_R1_fastqc.html
[2017-08-28 20:35:59,050] multiqc                                            [DEBUG  ]  Ignoring file as matched an ignore pattern: 5101-459-MS515F-926R_R2_fastqc.html
[2017-08-28 20:35:59,050] multiqc                                            [DEBUG  ]  Ignoring file as matched an ignore pattern: 5101-1022-MS515F-926R_R1_fastqc.html
[2017-08-28 20:35:59,050] multiqc                                            [DEBUG  ]  Ignoring file as matched an ignore pattern: 5101-758-MS515F-926R_R2_fastqc.html
[2017-08-28 20:35:59,050] multiqc                                            [DEBUG  ]  Ignoring file as matched an ignore pattern: 5101-1142-MS515F-926R_R1_fastqc.html
[2017-08-28 20:35:59,051] multiqc                                            [DEBUG  ]  Ignoring file as matched an ignore pattern: 5101-1147-MS515F-926R_R2_fastqc.html
[2017-08-28 20:35:59,051] multiqc                                            [DEBUG  ]  Ignoring file as matched an ignore pattern: 4924-427-MS515F-926R_R1_fastqc.html
[2017-08-28 20:35:59,051] multiqc                                            [DEBUG  ]  Ignoring file as matched an ignore pattern: 5101-1161-MS515F-926R_R1_fastqc.html
[2017-08-28 20:35:59,052] multiqc                                            [DEBUG  ]  Ignoring file as matched an ignore pattern: 4924-429-MS515F-926R_R2_fastqc.html
[2017-08-28 20:35:59,053] multiqc                                            [DEBUG  ]  Ignoring file as matched an ignore pattern: 4924-842-MS515F-926R_R1_fastqc.html
[2017-08-28 20:35:59,053] multiqc                                            [DEBUG  ]  Ignoring file as matched an ignore pattern: 4924-440-MS515F-926R_R2_fastqc.html
[2017-08-28 20:35:59,053] multiqc                                            [DEBUG  ]  Ignoring file as matched an ignore pattern: 4924-431-MS515F-926R_R2_fastqc.html
[2017-08-28 20:35:59,053] multiqc                                            [DEBUG  ]  Ignoring file as matched an ignore pattern: 4924-437-MS515F-926R_R2_fastqc.html
[2017-08-28 20:35:59,053] multiqc                                            [DEBUG  ]  Ignoring file as matched an ignore pattern: 5101-458-MS515F-926R_R1_fastqc.html
[2017-08-28 20:35:59,054] multiqc                                            [DEBUG  ]  Ignoring file as matched an ignore pattern: 5101-1158-MS515F-926R_R1_fastqc.html
[2017-08-28 20:35:59,054] multiqc                                            [DEBUG  ]  Ignoring file as matched an ignore pattern: 5101-1149-MS515F-926R_R2_fastqc.html
[2017-08-28 20:35:59,055] multiqc                                            [DEBUG  ]  Ignoring file as matched an ignore pattern: 5101-448-MS515F-926R_R1_fastqc.html
[2017-08-28 20:35:59,055] multiqc                                            [DEBUG  ]  Ignoring file as matched an ignore pattern: 5101-1038-MS515F-926R_R2_fastqc.html
[2017-08-28 20:35:59,055] multiqc                                            [DEBUG  ]  Ignoring file as matched an ignore pattern: 4924-436-MS515F-926R_R2_fastqc.html
[2017-08-28 20:35:59,056] multiqc                                            [DEBUG  ]  Ignoring file as matched an ignore pattern: 5101-461-MS515F-926R_R1_fastqc.html
[2017-08-28 20:35:59,057] multiqc                                            [DEBUG  ]  Ignoring file as matched an ignore pattern: 4924-831-MS515F-926R_R1_fastqc.html
[2017-08-28 20:35:59,057] multiqc                                            [DEBUG  ]  Ignoring file as matched an ignore pattern: 5101-450-MS515F-926R_R1_fastqc.html
[2017-08-28 20:35:59,057] multiqc                                            [DEBUG  ]  Ignoring file as matched an ignore pattern: 5101-1143-MS515F-926R_R1_fastqc.html
[2017-08-28 20:35:59,059] multiqc                                            [DEBUG  ]  Ignoring file as matched an ignore pattern: 5101-1150-MS515F-926R_R2_fastqc.html
[2017-08-28 20:35:59,059] multiqc                                            [DEBUG  ]  Ignoring file as matched an ignore pattern: 5101-759-MS515F-926R_R1_fastqc.html
[2017-08-28 20:35:59,060] multiqc                                            [DEBUG  ]  Ignoring file as matched an ignore pattern: 5101-758-MS515F-926R_R1_fastqc.html
[2017-08-28 20:35:59,060] multiqc                                            [DEBUG  ]  Ignoring file as matched an ignore pattern: 5101-455-MS515F-926R_R2_fastqc.html
[2017-08-28 20:35:59,061] multiqc                                            [DEBUG  ]  Ignoring file as matched an ignore pattern: 4924-832-MS515F-926R_R2_fastqc.html
[2017-08-28 20:35:59,061] multiqc                                            [DEBUG  ]  Ignoring file as matched an ignore pattern: 4924-832-MS515F-926R_R1_fastqc.html
[2017-08-28 20:35:59,061] multiqc                                            [DEBUG  ]  Ignoring file as matched an ignore pattern: 4924-841-MS515F-926R_R1_fastqc.html
[2017-08-28 20:35:59,062] multiqc                                            [DEBUG  ]  Ignoring file as matched an ignore pattern: 5101-764-MS515F-926R_R1_fastqc.html
[2017-08-28 20:35:59,062] multiqc                                            [DEBUG  ]  Ignoring file as matched an ignore pattern: 4924-844-MS515F-926R_R1_fastqc.html
[2017-08-28 20:35:59,062] multiqc                                            [DEBUG  ]  Ignoring file as matched an ignore pattern: 5101-1040-MS515F-926R_R1_fastqc.html
[2017-08-28 20:35:59,063] multiqc                                            [DEBUG  ]  Ignoring file as matched an ignore pattern: 5101-1037-MS515F-926R_R1_fastqc.html
[2017-08-28 20:35:59,063] multiqc                                            [DEBUG  ]  Ignoring file as matched an ignore pattern: 5101-1022-MS515F-926R_R2_fastqc.html
[2017-08-28 20:35:59,063] multiqc                                            [DEBUG  ]  Ignoring file as matched an ignore pattern: 4924-838-MS515F-926R_R1_fastqc.html
[2017-08-28 20:35:59,063] multiqc                                            [DEBUG  ]  Ignoring file as matched an ignore pattern: 5101-1018-MS515F-926R_R1_fastqc.html
[2017-08-28 20:35:59,063] multiqc                                            [DEBUG  ]  Ignoring file as matched an ignore pattern: 5101-1038-MS515F-926R_R1_fastqc.html
[2017-08-28 20:35:59,063] multiqc                                            [DEBUG  ]  Ignoring file as matched an ignore pattern: 5101-456-MS515F-926R_R1_fastqc.html
[2017-08-28 20:35:59,063] multiqc                                            [DEBUG  ]  Ignoring file as matched an ignore pattern: 5101-1162-MS515F-926R_R2_fastqc.html
[2017-08-28 20:35:59,063] multiqc                                            [DEBUG  ]  Ignoring file as matched an ignore pattern: 5101-1146-MS515F-926R_R2_fastqc.html
[2017-08-28 20:35:59,064] multiqc                                            [DEBUG  ]  Ignoring file as matched an ignore pattern: 5101-1024-MS515F-926R_R1_fastqc.html
[2017-08-28 20:35:59,064] multiqc                                            [DEBUG  ]  Ignoring file as matched an ignore pattern: 4924-843-MS515F-926R_R1_fastqc.html
[2017-08-28 20:35:59,065] multiqc                                            [DEBUG  ]  Ignoring file as matched an ignore pattern: 5101-1016-MS515F-926R_R1_fastqc.html
[2017-08-28 20:35:59,065] multiqc                                            [DEBUG  ]  Ignoring file as matched an ignore pattern: 4924-431-MS515F-926R_R1_fastqc.html
[2017-08-28 20:35:59,065] multiqc                                            [DEBUG  ]  Ignoring file as matched an ignore pattern: 5101-456-MS515F-926R_R2_fastqc.html
[2017-08-28 20:35:59,065] multiqc                                            [DEBUG  ]  Ignoring file as matched an ignore pattern: 5101-1140-MS515F-926R_R2_fastqc.html
[2017-08-28 20:35:59,066] multiqc                                            [DEBUG  ]  Ignoring file as matched an ignore pattern: 4924-425-MS515F-926R_R2_fastqc.html
[2017-08-28 20:35:59,066] multiqc                                            [DEBUG  ]  Ignoring file as matched an ignore pattern: 5101-760-MS515F-926R_R1_fastqc.html
[2017-08-28 20:35:59,066] multiqc                                            [DEBUG  ]  Ignoring file as matched an ignore pattern: 5101-1146-MS515F-926R_R1_fastqc.html
[2017-08-28 20:35:59,066] multiqc                                            [DEBUG  ]  Ignoring file as matched an ignore pattern: 4924-429-MS515F-926R_R1_fastqc.html
[2017-08-28 20:35:59,067] multiqc                                            [DEBUG  ]  Ignoring file as matched an ignore pattern: 5101-449-MS515F-926R_R2_fastqc.html
[2017-08-28 20:35:59,067] multiqc                                            [DEBUG  ]  Ignoring file as matched an ignore pattern: 5101-1039-MS515F-926R_R2_fastqc.html
[2017-08-28 20:35:59,067] multiqc                                            [DEBUG  ]  Ignoring file as matched an ignore pattern: 4924-437-MS515F-926R_R1_fastqc.html
[2017-08-28 20:35:59,067] multiqc                                            [DEBUG  ]  Ignoring file as matched an ignore pattern: 5101-1138-MS515F-926R_R2_fastqc.html
[2017-08-28 20:35:59,067] multiqc                                            [DEBUG  ]  Ignoring file as matched an ignore pattern: 4924-436-MS515F-926R_R1_fastqc.html
[2017-08-28 20:35:59,067] multiqc                                            [DEBUG  ]  Ignoring file as matched an ignore pattern: 5101-762-MS515F-926R_R1_fastqc.html
[2017-08-28 20:35:59,067] multiqc                                            [DEBUG  ]  Ignoring file as matched an ignore pattern: 5101-1151-MS515F-926R_R2_fastqc.html
[2017-08-28 20:35:59,067] multiqc                                            [DEBUG  ]  Ignoring file as matched an ignore pattern: 5101-1156-MS515F-926R_R2_fastqc.html
[2017-08-28 20:35:59,068] multiqc                                            [DEBUG  ]  Ignoring file as matched an ignore pattern: 4924-439-MS515F-926R_R1_fastqc.html
[2017-08-28 20:35:59,068] multiqc                                            [DEBUG  ]  Ignoring file as matched an ignore pattern: 4924-434-MS515F-926R_R2_fastqc.html
[2017-08-28 20:35:59,069] multiqc                                            [DEBUG  ]  Ignoring file as matched an ignore pattern: 5101-1141-MS515F-926R_R1_fastqc.html
[2017-08-28 20:35:59,069] multiqc                                            [DEBUG  ]  Ignoring file as matched an ignore pattern: 5101-447-MS515F-926R_R2_fastqc.html
[2017-08-28 20:35:59,070] multiqc                                            [DEBUG  ]  Ignoring file as matched an ignore pattern: 5101-1150-MS515F-926R_R1_fastqc.html
[2017-08-28 20:35:59,071] multiqc                                            [DEBUG  ]  Ignoring file as matched an ignore pattern: 5101-452-MS515F-926R_R1_fastqc.html
[2017-08-28 20:35:59,071] multiqc                                            [DEBUG  ]  Ignoring file as matched an ignore pattern: 4924-435-MS515F-926R_R1_fastqc.html
[2017-08-28 20:35:59,071] multiqc                                            [DEBUG  ]  Ignoring file as matched an ignore pattern: 5101-459-MS515F-926R_R1_fastqc.html
[2017-08-28 20:35:59,071] multiqc                                            [DEBUG  ]  Ignoring file as matched an ignore pattern: 5101-1159-MS515F-926R_R1_fastqc.html
[2017-08-28 20:35:59,072] multiqc                                            [DEBUG  ]  Ignoring file as matched an ignore pattern: 5101-1139-MS515F-926R_R2_fastqc.html
[2017-08-28 20:35:59,072] multiqc                                            [DEBUG  ]  Ignoring file as matched an ignore pattern: 5101-1151-MS515F-926R_R1_fastqc.html
[2017-08-28 20:35:59,072] multiqc                                            [DEBUG  ]  Ignoring file as matched an ignore pattern: 5101-1040-MS515F-926R_R2_fastqc.html
[2017-08-28 20:35:59,072] multiqc                                            [DEBUG  ]  Ignoring file as matched an ignore pattern: 5101-448-MS515F-926R_R2_fastqc.html
[2017-08-28 20:35:59,073] multiqc                                            [DEBUG  ]  Ignoring file as matched an ignore pattern: 4924-425-MS515F-926R_R1_fastqc.html
[2017-08-28 20:35:59,074] multiqc                                            [DEBUG  ]  Ignoring file as matched an ignore pattern: 5101-453-MS515F-926R_R1_fastqc.html
[2017-08-28 20:35:59,074] multiqc                                            [DEBUG  ]  Ignoring file as matched an ignore pattern: 5101-454-MS515F-926R_R2_fastqc.html
[2017-08-28 20:35:59,074] multiqc                                            [DEBUG  ]  Ignoring file as matched an ignore pattern: 4924-833-MS515F-926R_R1_fastqc.html
[2017-08-28 20:35:59,075] multiqc                                            [DEBUG  ]  Ignoring file as matched an ignore pattern: 5101-1143-MS515F-926R_R2_fastqc.html
[2017-08-28 20:35:59,075] multiqc                                            [DEBUG  ]  Ignoring file as matched an ignore pattern: 5101-764-MS515F-926R_R2_fastqc.html
[2017-08-28 20:35:59,076] multiqc                                            [DEBUG  ]  Ignoring file as matched an ignore pattern: 5101-1154-MS515F-926R_R2_fastqc.html
[2017-08-28 20:35:59,076] multiqc                                            [DEBUG  ]  Ignoring file as matched an ignore pattern: 5101-1020-MS515F-926R_R1_fastqc.html
[2017-08-28 20:35:59,077] multiqc                                            [DEBUG  ]  Ignoring file as matched an ignore pattern: 5101-1147-MS515F-926R_R1_fastqc.html
[2017-08-28 20:35:59,077] multiqc                                            [DEBUG  ]  Ignoring file as matched an ignore pattern: 4924-839-MS515F-926R_R1_fastqc.html
[2017-08-28 20:35:59,078] multiqc                                            [DEBUG  ]  Ignoring file as matched an ignore pattern: 5101-1142-MS515F-926R_R2_fastqc.html
[2017-08-28 20:35:59,078] multiqc                                            [DEBUG  ]  Ignoring file as matched an ignore pattern: 5101-763-MS515F-926R_R2_fastqc.html
[2017-08-28 20:35:59,079] multiqc                                            [DEBUG  ]  Ignoring file as matched an ignore pattern: 5101-761-MS515F-926R_R1_fastqc.html
[2017-08-28 20:35:59,079] multiqc                                            [DEBUG  ]  Ignoring file as matched an ignore pattern: 5101-757-MS515F-926R_R1_fastqc.html
[2017-08-28 20:35:59,080] multiqc                                            [DEBUG  ]  Ignoring file as matched an ignore pattern: 5101-1157-MS515F-926R_R1_fastqc.html
[2017-08-28 20:35:59,080] multiqc                                            [DEBUG  ]  Ignoring file as matched an ignore pattern: 5101-1024-MS515F-926R_R2_fastqc.html
[2017-08-28 20:35:59,080] multiqc                                            [DEBUG  ]  Ignoring file as matched an ignore pattern: 5101-461-MS515F-926R_R2_fastqc.html
[2017-08-28 20:35:59,081] multiqc                                            [DEBUG  ]  Ignoring file as matched an ignore pattern: 5101-1034-MS515F-926R_R2_fastqc.html
[2017-08-28 20:35:59,081] multiqc                                            [DEBUG  ]  Ignoring file as matched an ignore pattern: 5101-1033-MS515F-926R_R1_fastqc.html
[2017-08-28 20:35:59,107] multiqc                                            [DEBUG  ]  Ignoring file as matched an ignore pattern: 5101-1029-MS515F-926R_R1_fastqc.html
[2017-08-28 20:35:59,107] multiqc                                            [DEBUG  ]  Ignoring file as matched an ignore pattern: 4924-844-MS515F-926R_R2_fastqc.html
[2017-08-28 20:35:59,108] multiqc                                            [DEBUG  ]  Ignoring file as matched an ignore pattern: 4924-439-MS515F-926R_R2_fastqc.html
[2017-08-28 20:35:59,108] multiqc                                            [DEBUG  ]  Ignoring file as matched an ignore pattern: 5101-1154-MS515F-926R_R1_fastqc.html
[2017-08-28 20:35:59,108] multiqc                                            [DEBUG  ]  Ignoring file as matched an ignore pattern: 5101-761-MS515F-926R_R2_fastqc.html
[2017-08-28 20:35:59,110] multiqc                                            [DEBUG  ]  Ignoring file as matched an ignore pattern: 5101-447-MS515F-926R_R1_fastqc.html
[2017-08-28 20:35:59,110] multiqc                                            [DEBUG  ]  Ignoring file as matched an ignore pattern: 5101-1155-MS515F-926R_R2_fastqc.html
[2017-08-28 20:35:59,111] multiqc                                            [DEBUG  ]  Ignoring file as matched an ignore pattern: 5101-455-MS515F-926R_R1_fastqc.html
[2017-08-28 20:35:59,111] multiqc                                            [DEBUG  ]  Ignoring file as matched an ignore pattern: 5101-1035-MS515F-926R_R1_fastqc.html
[2017-08-28 20:35:59,112] multiqc                                            [DEBUG  ]  Ignoring file as matched an ignore pattern: 4924-834-MS515F-926R_R1_fastqc.html
[2017-08-28 20:35:59,112] multiqc                                            [DEBUG  ]  Ignoring file as matched an ignore pattern: 5101-1023-MS515F-926R_R2_fastqc.html
[2017-08-28 20:35:59,112] multiqc                                            [DEBUG  ]  Ignoring file as matched an ignore pattern: 5101-1159-MS515F-926R_R2_fastqc.html
[2017-08-28 20:35:59,113] multiqc                                            [DEBUG  ]  Ignoring file as matched an ignore pattern: 5101-1034-MS515F-926R_R1_fastqc.html
[2017-08-28 20:35:59,113] multiqc                                            [DEBUG  ]  Ignoring file as matched an ignore pattern: 5101-1145-MS515F-926R_R1_fastqc.html
[2017-08-28 20:35:59,114] multiqc                                            [DEBUG  ]  Ignoring file as matched an ignore pattern: 5101-1149-MS515F-926R_R1_fastqc.html
[2017-08-28 20:35:59,114] multiqc                                            [DEBUG  ]  Ignoring file as matched an ignore pattern: 5101-1025-MS515F-926R_R1_fastqc.html
[2017-08-28 20:35:59,115] multiqc                                            [DEBUG  ]  Ignoring file as matched an ignore pattern: 5101-1035-MS515F-926R_R2_fastqc.html
[2017-08-28 20:35:59,115] multiqc                                            [DEBUG  ]  Ignoring file as matched an ignore pattern: 4924-441-MS515F-926R_R2_fastqc.html
[2017-08-28 20:35:59,115] multiqc                                            [DEBUG  ]  Ignoring file as matched an ignore pattern: 4924-424-MS515F-926R_R2_fastqc.html
[2017-08-28 20:35:59,116] multiqc                                            [DEBUG  ]  Ignoring file as matched an ignore pattern: 5101-1033-MS515F-926R_R2_fastqc.html
[2017-08-28 20:35:59,116] multiqc                                            [DEBUG  ]  Ignoring file as matched an ignore pattern: 5101-1020-MS515F-926R_R2_fastqc.html
[2017-08-28 20:35:59,116] multiqc                                            [DEBUG  ]  Ignoring file as matched an ignore pattern: 5101-1161-MS515F-926R_R2_fastqc.html
[2017-08-28 20:35:59,117] multiqc                                            [DEBUG  ]  Ignoring file as matched an ignore pattern: 5101-1032-MS515F-926R_R1_fastqc.html
[2017-08-28 20:35:59,117] multiqc                                            [DEBUG  ]  Ignoring file as matched an ignore pattern: 5101-1162-MS515F-926R_R1_fastqc.html
[2017-08-28 20:35:59,117] multiqc                                            [DEBUG  ]  Ignoring file as matched an ignore pattern: 4924-430-MS515F-926R_R1_fastqc.html
[2017-08-28 20:35:59,118] multiqc                                            [DEBUG  ]  Ignoring file as matched an ignore pattern: 5101-1160-MS515F-926R_R2_fastqc.html
[2017-08-28 20:35:59,118] multiqc                                            [DEBUG  ]  Ignoring file as matched an ignore pattern: 4924-837-MS515F-926R_R2_fastqc.html
[2017-08-28 20:35:59,120] multiqc                                            [DEBUG  ]  Ignoring file as matched an ignore pattern: 4924-432-MS515F-926R_R2_fastqc.html
[2017-08-28 20:35:59,121] multiqc                                            [DEBUG  ]  Ignoring file as matched an ignore pattern: 5101-1021-MS515F-926R_R1_fastqc.html
[2017-08-28 20:35:59,121] multiqc                                            [DEBUG  ]  Ignoring file as matched an ignore pattern: 5101-1021-MS515F-926R_R2_fastqc.html
[2017-08-28 20:35:59,121] multiqc                                            [DEBUG  ]  Ignoring file as matched an ignore pattern: 5101-1037-MS515F-926R_R2_fastqc.html
[2017-08-28 20:35:59,122] multiqc                                            [DEBUG  ]  Ignoring file as matched an ignore pattern: 5101-1141-MS515F-926R_R2_fastqc.html
[2017-08-28 20:35:59,122] multiqc                                            [DEBUG  ]  Ignoring file as matched an ignore pattern: 5101-1018-MS515F-926R_R2_fastqc.html
[2017-08-28 20:35:59,122] multiqc                                            [DEBUG  ]  Ignoring file as matched an ignore pattern: 5101-450-MS515F-926R_R2_fastqc.html
[2017-08-28 20:35:59,122] multiqc                                            [DEBUG  ]  Ignoring file as matched an ignore pattern: 5101-1153-MS515F-926R_R2_fastqc.html
[2017-08-28 20:35:59,123] multiqc                                            [DEBUG  ]  Ignoring file as matched an ignore pattern: 4924-430-MS515F-926R_R2_fastqc.html
[2017-08-28 20:35:59,126] multiqc                                            [DEBUG  ]  Ignoring file as matched an ignore pattern: 5101-1036-MS515F-926R_R2_fastqc.html
[2017-08-28 20:35:59,127] multiqc                                            [DEBUG  ]  Ignoring file as matched an ignore pattern: 5101-1148-MS515F-926R_R1_fastqc.html
[2017-08-28 20:35:59,127] multiqc                                            [DEBUG  ]  Ignoring file as matched an ignore pattern: 4924-426-MS515F-926R_R2_fastqc.html
[2017-08-28 20:35:59,127] multiqc                                            [DEBUG  ]  Ignoring file as matched an ignore pattern: 5101-1026-MS515F-926R_R2_fastqc.html
[2017-08-28 20:35:59,127] multiqc                                            [DEBUG  ]  Ignoring file as matched an ignore pattern: 4924-427-MS515F-926R_R2_fastqc.html
[2017-08-28 20:35:59,129] multiqc                                            [DEBUG  ]  Ignoring file as matched an ignore pattern: 4924-435-MS515F-926R_R2_fastqc.html
[2017-08-28 20:35:59,129] multiqc                                            [DEBUG  ]  Ignoring file as matched an ignore pattern: 4924-440-MS515F-926R_R1_fastqc.html
[2017-08-28 20:35:59,129] multiqc                                            [DEBUG  ]  Ignoring file as matched an ignore pattern: 5101-1160-MS515F-926R_R1_fastqc.html
[2017-08-28 20:35:59,129] multiqc                                            [DEBUG  ]  Ignoring file as matched an ignore pattern: 5101-457-MS515F-926R_R1_fastqc.html
[2017-08-28 20:35:59,129] multiqc                                            [DEBUG  ]  Ignoring file as matched an ignore pattern: 5101-451-MS515F-926R_R2_fastqc.html
[2017-08-28 20:35:59,131] multiqc                                            [DEBUG  ]  Ignoring file as matched an ignore pattern: 5101-460-MS515F-926R_R2_fastqc.html
[2017-08-28 20:35:59,131] multiqc                                            [DEBUG  ]  Ignoring file as matched an ignore pattern: 5101-757-MS515F-926R_R2_fastqc.html
[2017-08-28 20:35:59,131] multiqc                                            [DEBUG  ]  Ignoring file as matched an ignore pattern: 5101-458-MS515F-926R_R2_fastqc.html
[2017-08-28 20:35:59,131] multiqc                                            [DEBUG  ]  Ignoring file as matched an ignore pattern: 5101-765-MS515F-926R_R2_fastqc.html
[2017-08-28 20:35:59,132] multiqc                                            [DEBUG  ]  Ignoring file as matched an ignore pattern: 5101-1019-MS515F-926R_R1_fastqc.html
[2017-08-28 20:35:59,132] multiqc                                            [DEBUG  ]  Ignoring file as matched an ignore pattern: 4924-831-MS515F-926R_R2_fastqc.html
[2017-08-28 20:35:59,132] multiqc                                            [DEBUG  ]  Ignoring file as matched an ignore pattern: 5101-766-MS515F-926R_R2_fastqc.html
[2017-08-28 20:35:59,132] multiqc                                            [DEBUG  ]  Ignoring file as matched an ignore pattern: 4924-441-MS515F-926R_R1_fastqc.html
[2017-08-28 20:35:59,132] multiqc                                            [DEBUG  ]  Ignoring file as matched an ignore pattern: 4924-836-MS515F-926R_R2_fastqc.html
[2017-08-28 20:35:59,133] multiqc                                            [DEBUG  ]  Ignoring file as matched an ignore pattern: 5101-1156-MS515F-926R_R1_fastqc.html
[2017-08-28 20:35:59,134] multiqc                                            [DEBUG  ]  Ignoring file as matched an ignore pattern: 5101-1145-MS515F-926R_R2_fastqc.html
[2017-08-28 20:35:59,134] multiqc                                            [DEBUG  ]  Ignoring file as matched an ignore pattern: 5101-1152-MS515F-926R_R1_fastqc.html
[2017-08-28 20:35:59,135] multiqc                                            [DEBUG  ]  Ignoring file as matched an ignore pattern: 5101-1029-MS515F-926R_R2_fastqc.html
[2017-08-28 20:35:59,136] multiqc                                            [DEBUG  ]  Ignoring file as matched an ignore pattern: 5101-1140-MS515F-926R_R1_fastqc.html
[2017-08-28 20:35:59,136] multiqc                                            [DEBUG  ]  Ignoring file as matched an ignore pattern: 4924-434-MS515F-926R_R1_fastqc.html
[2017-08-28 20:35:59,137] multiqc                                            [DEBUG  ]  Ignoring file as matched an ignore pattern: 4924-426-MS515F-926R_R1_fastqc.html
[2017-08-28 20:35:59,137] multiqc                                            [DEBUG  ]  Ignoring file as matched an ignore pattern: 5101-765-MS515F-926R_R1_fastqc.html
[2017-08-28 20:35:59,138] multiqc                                            [DEBUG  ]  Ignoring file as matched an ignore pattern: 5101-1019-MS515F-926R_R2_fastqc.html
[2017-08-28 20:35:59,138] multiqc                                            [DEBUG  ]  Ignoring file as matched an ignore pattern: 5101-1139-MS515F-926R_R1_fastqc.html
[2017-08-28 20:35:59,138] multiqc                                            [DEBUG  ]  Ignoring file as matched an ignore pattern: 4924-837-MS515F-926R_R1_fastqc.html
[2017-08-28 20:35:59,138] multiqc                                            [DEBUG  ]  Ignoring file as matched an ignore pattern: 5101-1025-MS515F-926R_R2_fastqc.html
[2017-08-28 20:35:59,138] multiqc                                            [DEBUG  ]  Ignoring file as matched an ignore pattern: 5101-1028-MS515F-926R_R2_fastqc.html
[2017-08-28 20:35:59,138] multiqc                                            [DEBUG  ]  Ignoring file as matched an ignore pattern: 5101-759-MS515F-926R_R2_fastqc.html
[2017-08-28 20:35:59,140] multiqc                                            [DEBUG  ]  Ignoring file as matched an ignore pattern: 5101-1152-MS515F-926R_R2_fastqc.html
[2017-08-28 20:35:59,140] multiqc                                            [DEBUG  ]  Ignoring file as matched an ignore pattern: 5101-451-MS515F-926R_R1_fastqc.html
[2017-08-28 20:35:59,140] multiqc                                            [DEBUG  ]  Ignoring file as matched an ignore pattern: 5101-766-MS515F-926R_R1_fastqc.html
[2017-08-28 20:35:59,140] multiqc                                            [DEBUG  ]  Ignoring file as matched an ignore pattern: 5101-1031-MS515F-926R_R1_fastqc.html
[2017-08-28 20:35:59,142] multiqc                                            [DEBUG  ]  Ignoring file as matched an ignore pattern: 4924-841-MS515F-926R_R2_fastqc.html
[2017-08-28 20:35:59,144] multiqc                                            [DEBUG  ]  Ignoring file as matched an ignore pattern: 5101-1036-MS515F-926R_R1_fastqc.html
[2017-08-28 20:35:59,144] multiqc                                            [DEBUG  ]  Ignoring file as matched an ignore pattern: 4924-838-MS515F-926R_R2_fastqc.html
[2017-08-28 20:35:59,145] multiqc                                            [DEBUG  ]  Ignoring file as matched an ignore pattern: 4924-442-MS515F-926R_R1_fastqc.html
[2017-08-28 20:35:59,146] multiqc                                            [DEBUG  ]  Ignoring file as matched an ignore pattern: 5101-1023-MS515F-926R_R1_fastqc.html
[2017-08-28 20:35:59,146] multiqc                                            [DEBUG  ]  Ignoring file as matched an ignore pattern: 5101-1031-MS515F-926R_R2_fastqc.html
[2017-08-28 20:35:59,146] multiqc                                            [DEBUG  ]  Ignoring file as matched an ignore pattern: 5101-1026-MS515F-926R_R1_fastqc.html
[2017-08-28 20:35:59,146] multiqc                                            [DEBUG  ]  Ignoring file as matched an ignore pattern: 4924-833-MS515F-926R_R2_fastqc.html
[2017-08-28 20:35:59,146] multiqc                                            [DEBUG  ]  Ignoring file as matched an ignore pattern: 5101-1030-MS515F-926R_R1_fastqc.html
[2017-08-28 20:35:59,147] multiqc                                            [DEBUG  ]  Ignoring file as matched an ignore pattern: 5101-1144-MS515F-926R_R2_fastqc.html
[2017-08-28 20:35:59,147] multiqc                                            [DEBUG  ]  Ignoring file as matched an ignore pattern: 5101-1017-MS515F-926R_R2_fastqc.html
[2017-08-28 20:35:59,147] multiqc                                            [DEBUG  ]  Ignoring file as matched an ignore pattern: 4924-836-MS515F-926R_R1_fastqc.html
[2017-08-28 20:35:59,148] multiqc                                            [DEBUG  ]  Ignoring file as matched an ignore pattern: 5101-1155-MS515F-926R_R1_fastqc.html
[2017-08-28 20:35:59,149] multiqc                                            [DEBUG  ]  Ignoring file as matched an ignore pattern: 5101-1017-MS515F-926R_R1_fastqc.html
[2017-08-28 20:35:59,149] multiqc                                            [DEBUG  ]  Ignoring file as matched an ignore pattern: 5101-1016-MS515F-926R_R2_fastqc.html
[2017-08-28 20:35:59,149] multiqc                                            [DEBUG  ]  Ignoring file as matched an ignore pattern: 5101-1148-MS515F-926R_R2_fastqc.html
[2017-08-28 20:35:59,149] multiqc                                            [DEBUG  ]  Ignoring file as matched an ignore pattern: 4924-442-MS515F-926R_R2_fastqc.html
[2017-08-28 20:35:59,149] multiqc                                            [DEBUG  ]  Ignoring file as matched an ignore pattern: 5101-457-MS515F-926R_R2_fastqc.html
[2017-08-28 20:35:59,151] multiqc                                            [DEBUG  ]  Ignoring file as matched an ignore pattern: 5101-1153-MS515F-926R_R1_fastqc.html
[2017-08-28 20:35:59,152] multiqc                                            [DEBUG  ]  Ignoring file as matched an ignore pattern: 4924-843-MS515F-926R_R2_fastqc.html
[2017-08-28 20:35:59,152] multiqc                                            [DEBUG  ]  Ignoring file as matched an ignore pattern: 5101-460-MS515F-926R_R1_fastqc.html
[2017-08-28 20:35:59,152] multiqc                                            [DEBUG  ]  Ignoring file as matched an ignore pattern: 4924-834-MS515F-926R_R2_fastqc.html
[2017-08-28 20:35:59,153] multiqc                                            [DEBUG  ]  Ignoring file as matched an ignore pattern: 4924-839-MS515F-926R_R2_fastqc.html
[2017-08-28 20:35:59,153] multiqc                                            [DEBUG  ]  Ignoring file as matched an ignore pattern: 5101-1028-MS515F-926R_R1_fastqc.html
[2017-08-28 20:35:59,153] multiqc                                            [DEBUG  ]  Ignoring file as matched an ignore pattern: 4924-842-MS515F-926R_R2_fastqc.html
[2017-08-28 20:35:59,154] multiqc                                            [DEBUG  ]  Ignoring file as matched an ignore pattern: 5101-452-MS515F-926R_R2_fastqc.html
[2017-08-28 20:35:59,154] multiqc                                            [DEBUG  ]  Ignoring file as matched an ignore pattern: 5101-1030-MS515F-926R_R2_fastqc.html
[2017-08-28 20:35:59,154] multiqc                                            [DEBUG  ]  Ignoring file as matched an ignore pattern: 5101-762-MS515F-926R_R2_fastqc.html
[2017-08-28 20:35:59,156] multiqc                                            [DEBUG  ]  Ignoring file as matched an ignore pattern: 5101-1157-MS515F-926R_R2_fastqc.html
[2017-08-28 20:35:59,156] multiqc                                            [DEBUG  ]  Ignoring file as matched an ignore pattern: 5101-449-MS515F-926R_R1_fastqc.html
[2017-08-28 20:35:59,157] multiqc                                            [DEBUG  ]  Ignoring file as matched an ignore pattern: 4924-432-MS515F-926R_R1_fastqc.html
[2017-08-28 20:35:59,157] multiqc                                            [DEBUG  ]  Ignoring file as matched an ignore pattern: 5101-1158-MS515F-926R_R2_fastqc.html
[2017-08-28 20:35:59,159] multiqc                                            [DEBUG  ]  Ignoring file as matched an ignore pattern: 5101-1039-MS515F-926R_R1_fastqc.html
[2017-08-28 20:35:59,159] multiqc                                            [DEBUG  ]  Ignoring file as matched an ignore pattern: 5101-454-MS515F-926R_R1_fastqc.html
[2017-08-28 20:35:59,160] multiqc                                            [DEBUG  ]  Ignoring file as matched an ignore pattern: 5101-760-MS515F-926R_R2_fastqc.html
[2017-08-28 20:35:59,160] multiqc                                            [DEBUG  ]  Ignoring file as matched an ignore pattern: 5101-1144-MS515F-926R_R1_fastqc.html
[2017-08-28 20:35:59,357] multiqc.modules.custom_content.custom_content      [DEBUG  ]  No custom content found
[2017-08-28 20:35:59,360] multiqc.modules.conpair.conpair                    [DEBUG  ]  Could not find any reports in ('/home/mark/gitstage/uderica/silage/V-HMC/Bacteria/raw_data_bacteria/fastqc',)
[2017-08-28 20:35:59,362] multiqc.modules.peddy.peddy                        [DEBUG  ]  Could not find any reports in ('/home/mark/gitstage/uderica/silage/V-HMC/Bacteria/raw_data_bacteria/fastqc',)
[2017-08-28 20:35:59,364] multiqc.modules.methylQA.methylQA                  [DEBUG  ]  Could not find any reports in ('/home/mark/gitstage/uderica/silage/V-HMC/Bacteria/raw_data_bacteria/fastqc',)
[2017-08-28 20:35:59,366] multiqc.modules.qualimap.QM_BamQC                  [DEBUG  ]  Using default Qualimap thresholds: 1, 5, 10, 30, 50
[2017-08-28 20:35:59,366] multiqc.modules.qualimap.qualimap                  [DEBUG  ]  Could not find any reports in ('/home/mark/gitstage/uderica/silage/V-HMC/Bacteria/raw_data_bacteria/fastqc',)
[2017-08-28 20:35:59,368] multiqc.modules.preseq.preseq                      [DEBUG  ]  Could not find any preseq data in ('/home/mark/gitstage/uderica/silage/V-HMC/Bacteria/raw_data_bacteria/fastqc',)
[2017-08-28 20:35:59,371] multiqc.modules.quast.quast                        [DEBUG  ]  Could not find any reports in ('/home/mark/gitstage/uderica/silage/V-HMC/Bacteria/raw_data_bacteria/fastqc',)
[2017-08-28 20:35:59,373] multiqc.modules.qorts.qorts                        [DEBUG  ]  Could not find any QoRTs data in ('/home/mark/gitstage/uderica/silage/V-HMC/Bacteria/raw_data_bacteria/fastqc',)
[2017-08-28 20:35:59,375] multiqc.modules.rna_seqc.rna_seqc                  [DEBUG  ]  Could not find any RNA-SeQC data in ('/home/mark/gitstage/uderica/silage/V-HMC/Bacteria/raw_data_bacteria/fastqc',)
[2017-08-28 20:35:59,379] multiqc.modules.rseqc.rseqc                        [DEBUG  ]  Could not find any reports in ('/home/mark/gitstage/uderica/silage/V-HMC/Bacteria/raw_data_bacteria/fastqc',)
[2017-08-28 20:35:59,381] multiqc.modules.busco.busco                        [DEBUG  ]  Could not find any reports in ('/home/mark/gitstage/uderica/silage/V-HMC/Bacteria/raw_data_bacteria/fastqc',)
[2017-08-28 20:35:59,383] multiqc.modules.goleft_indexcov.goleft_indexcov    [DEBUG  ]  Did not find goleft indexcov outputs in ('/home/mark/gitstage/uderica/silage/V-HMC/Bacteria/raw_data_bacteria/fastqc',)
[2017-08-28 20:35:59,385] multiqc.modules.disambiguate.disambiguate          [DEBUG  ]  Could not find any data in ('/home/mark/gitstage/uderica/silage/V-HMC/Bacteria/raw_data_bacteria/fastqc',)
[2017-08-28 20:35:59,388] multiqc.modules.homer.homer                        [DEBUG  ]  Could not find any reports in ('/home/mark/gitstage/uderica/silage/V-HMC/Bacteria/raw_data_bacteria/fastqc',)
[2017-08-28 20:35:59,390] multiqc.modules.macs2.macs2                        [DEBUG  ]  Could not find any MACS2 data in ('/home/mark/gitstage/uderica/silage/V-HMC/Bacteria/raw_data_bacteria/fastqc',)
[2017-08-28 20:35:59,392] multiqc.modules.theta2.theta2                      [DEBUG  ]  Could not find any reports in ('/home/mark/gitstage/uderica/silage/V-HMC/Bacteria/raw_data_bacteria/fastqc',)
[2017-08-28 20:35:59,395] multiqc.modules.snpeff.snpeff                      [DEBUG  ]  Could not find any data in ('/home/mark/gitstage/uderica/silage/V-HMC/Bacteria/raw_data_bacteria/fastqc',)
[2017-08-28 20:35:59,397] multiqc.modules.gatk.gatk                          [DEBUG  ]  Could not find any reports in ('/home/mark/gitstage/uderica/silage/V-HMC/Bacteria/raw_data_bacteria/fastqc',)
[2017-08-28 20:35:59,399] multiqc.modules.htseq.htseq                        [DEBUG  ]  Could not find any reports in ('/home/mark/gitstage/uderica/silage/V-HMC/Bacteria/raw_data_bacteria/fastqc',)
[2017-08-28 20:35:59,402] multiqc.modules.bcftools.bcftools                  [DEBUG  ]  Could not find any reports in ('/home/mark/gitstage/uderica/silage/V-HMC/Bacteria/raw_data_bacteria/fastqc',)
[2017-08-28 20:35:59,404] multiqc.modules.featureCounts.feature_counts       [DEBUG  ]  Could not find any reports in ('/home/mark/gitstage/uderica/silage/V-HMC/Bacteria/raw_data_bacteria/fastqc',)
[2017-08-28 20:35:59,409] multiqc.modules.picard.picard                      [DEBUG  ]  Could not find any reports in ('/home/mark/gitstage/uderica/silage/V-HMC/Bacteria/raw_data_bacteria/fastqc',)
[2017-08-28 20:35:59,411] multiqc.modules.prokka.prokka                      [DEBUG  ]  Could not find any Prokka data in ('/home/mark/gitstage/uderica/silage/V-HMC/Bacteria/raw_data_bacteria/fastqc',)
[2017-08-28 20:35:59,413] multiqc.modules.samblaster.samblaster              [DEBUG  ]  Could not find any data in ('/home/mark/gitstage/uderica/silage/V-HMC/Bacteria/raw_data_bacteria/fastqc',)
[2017-08-28 20:35:59,416] multiqc.modules.samtools.samtools                  [DEBUG  ]  Could not find any reports in ('/home/mark/gitstage/uderica/silage/V-HMC/Bacteria/raw_data_bacteria/fastqc',)
[2017-08-28 20:35:59,418] multiqc.modules.bamtools.bamtools                  [DEBUG  ]  Could not find any reports in ('/home/mark/gitstage/uderica/silage/V-HMC/Bacteria/raw_data_bacteria/fastqc',)
[2017-08-28 20:35:59,420] multiqc.modules.jellyfish.jellyfish                [DEBUG  ]  Could not find any data in ('/home/mark/gitstage/uderica/silage/V-HMC/Bacteria/raw_data_bacteria/fastqc',)
[2017-08-28 20:35:59,422] multiqc.modules.bismark.bismark                    [DEBUG  ]  Could not find any reports in ('/home/mark/gitstage/uderica/silage/V-HMC/Bacteria/raw_data_bacteria/fastqc',)
[2017-08-28 20:35:59,424] multiqc.modules.hicup.hicup                        [DEBUG  ]  Could not find any HiCUP data in ('/home/mark/gitstage/uderica/silage/V-HMC/Bacteria/raw_data_bacteria/fastqc',)
[2017-08-28 20:35:59,426] multiqc.modules.salmon.salmon                      [DEBUG  ]  Could not find any Salmon data in ('/home/mark/gitstage/uderica/silage/V-HMC/Bacteria/raw_data_bacteria/fastqc',)
[2017-08-28 20:35:59,428] multiqc.modules.kallisto.kallisto                  [DEBUG  ]  Could not find any reports in ('/home/mark/gitstage/uderica/silage/V-HMC/Bacteria/raw_data_bacteria/fastqc',)
[2017-08-28 20:35:59,431] multiqc.modules.slamdunk.slamdunk                  [DEBUG  ]  No slamdunk reports found.
[2017-08-28 20:35:59,433] multiqc.modules.star.star                          [DEBUG  ]  Could not find any reports in ('/home/mark/gitstage/uderica/silage/V-HMC/Bacteria/raw_data_bacteria/fastqc',)
[2017-08-28 20:35:59,435] multiqc.modules.hisat2.hisat2                      [DEBUG  ]  Could not find any reports in ('/home/mark/gitstage/uderica/silage/V-HMC/Bacteria/raw_data_bacteria/fastqc',)
[2017-08-28 20:35:59,437] multiqc.modules.tophat.tophat                      [DEBUG  ]  Could not find any reports in ('/home/mark/gitstage/uderica/silage/V-HMC/Bacteria/raw_data_bacteria/fastqc',)
[2017-08-28 20:35:59,439] multiqc.modules.bowtie2.bowtie2                    [DEBUG  ]  Could not find any reports in ('/home/mark/gitstage/uderica/silage/V-HMC/Bacteria/raw_data_bacteria/fastqc',)
[2017-08-28 20:35:59,441] multiqc.modules.bowtie1.bowtie1                    [DEBUG  ]  Could not find any reports in ('/home/mark/gitstage/uderica/silage/V-HMC/Bacteria/raw_data_bacteria/fastqc',)
[2017-08-28 20:35:59,443] multiqc.modules.adapterRemoval.adapterRemoval      [DEBUG  ]  Could not find any reports in ('/home/mark/gitstage/uderica/silage/V-HMC/Bacteria/raw_data_bacteria/fastqc',)
[2017-08-28 20:35:59,445] multiqc.modules.cutadapt.cutadapt                  [DEBUG  ]  Could not find any reports in ('/home/mark/gitstage/uderica/silage/V-HMC/Bacteria/raw_data_bacteria/fastqc',)
[2017-08-28 20:35:59,447] multiqc.modules.flexbar.flexbar                    [DEBUG  ]  Could not find any Flexbar data in ('/home/mark/gitstage/uderica/silage/V-HMC/Bacteria/raw_data_bacteria/fastqc',)
[2017-08-28 20:35:59,449] multiqc.modules.trimmomatic.trimmomatic            [DEBUG  ]  Could not find any Trimmomatic data in ('/home/mark/gitstage/uderica/silage/V-HMC/Bacteria/raw_data_bacteria/fastqc',)
[2017-08-28 20:35:59,451] multiqc.modules.skewer.skewer                      [DEBUG  ]  Could not find any data in ('/home/mark/gitstage/uderica/silage/V-HMC/Bacteria/raw_data_bacteria/fastqc',)
[2017-08-28 20:35:59,454] multiqc.modules.sortmerna.sortmerna                [DEBUG  ]  Could not find any SortMeRNA data in ('/home/mark/gitstage/uderica/silage/V-HMC/Bacteria/raw_data_bacteria/fastqc',)
[2017-08-28 20:35:59,456] multiqc.modules.biobloomtools.biobloomtools        [DEBUG  ]  Could not find any reports in ('/home/mark/gitstage/uderica/silage/V-HMC/Bacteria/raw_data_bacteria/fastqc',)
[2017-08-28 20:35:59,458] multiqc.modules.fastq_screen.fastq_screen          [DEBUG  ]  Could not find any reports in ('/home/mark/gitstage/uderica/silage/V-HMC/Bacteria/raw_data_bacteria/fastqc',)
[2017-08-28 20:36:09,547] multiqc.modules.fastqc.fastqc                      [INFO   ]  Found 206 reports
[2017-08-28 20:36:31,442] multiqc.modules.clusterflow.clusterflow            [DEBUG  ]  Could not find any reports in ('/home/mark/gitstage/uderica/silage/V-HMC/Bacteria/raw_data_bacteria/fastqc',)
[2017-08-28 20:36:31,696] multiqc                                            [INFO   ]  Compressing plot data
[2017-08-28 20:36:31,696] multiqc                                            [INFO   ]  Report      : gitstage/uderica/silage/V-HMC/Bacteria/raw_data_bacteria/multiqc/multiqc_report.html
[2017-08-28 20:36:31,696] multiqc                                            [INFO   ]  Data        : gitstage/uderica/silage/V-HMC/Bacteria/raw_data_bacteria/multiqc/multiqc_data
[2017-08-28 20:36:31,696] multiqc                                            [DEBUG  ]  Moving data file from '/tmp/tmpSEMmJq/multiqc_data/mqc_fastqc_overrepresented_sequencesi_plot_1.txt' to '/home/mark/gitstage/uderica/silage/V-HMC/Bacteria/raw_data_bacteria/multiqc/multiqc_data'
[2017-08-28 20:36:31,696] multiqc                                            [DEBUG  ]  Moving data file from '/tmp/tmpSEMmJq/multiqc_data/mqc_fastqc_per_base_n_content_plot_1.txt' to '/home/mark/gitstage/uderica/silage/V-HMC/Bacteria/raw_data_bacteria/multiqc/multiqc_data'
[2017-08-28 20:36:31,697] multiqc                                            [DEBUG  ]  Moving data file from '/tmp/tmpSEMmJq/multiqc_data/mqc_fastqc_sequence_duplication_levels_plot_1.txt' to '/home/mark/gitstage/uderica/silage/V-HMC/Bacteria/raw_data_bacteria/multiqc/multiqc_data'
[2017-08-28 20:36:31,697] multiqc                                            [DEBUG  ]  Moving data file from '/tmp/tmpSEMmJq/multiqc_data/mqc_fastqc_per_sequence_quality_scores_plot_1.txt' to '/home/mark/gitstage/uderica/silage/V-HMC/Bacteria/raw_data_bacteria/multiqc/multiqc_data'
[2017-08-28 20:36:31,697] multiqc                                            [DEBUG  ]  Moving data file from '/tmp/tmpSEMmJq/multiqc_data/mqc_fastqc_per_sequence_gc_content_plot_Counts.txt' to '/home/mark/gitstage/uderica/silage/V-HMC/Bacteria/raw_data_bacteria/multiqc/multiqc_data'
[2017-08-28 20:36:31,697] multiqc                                            [DEBUG  ]  Moving data file from '/tmp/tmpSEMmJq/multiqc_data/mqc_fastqc_sequence_length_distribution_plot_1.txt' to '/home/mark/gitstage/uderica/silage/V-HMC/Bacteria/raw_data_bacteria/multiqc/multiqc_data'
[2017-08-28 20:36:31,697] multiqc                                            [DEBUG  ]  Moving data file from '/tmp/tmpSEMmJq/multiqc_data/mqc_fastqc_per_sequence_gc_content_plot_Percentages.txt' to '/home/mark/gitstage/uderica/silage/V-HMC/Bacteria/raw_data_bacteria/multiqc/multiqc_data'
[2017-08-28 20:36:31,697] multiqc                                            [DEBUG  ]  Moving data file from '/tmp/tmpSEMmJq/multiqc_data/mqc_fastqc_per_base_sequence_quality_plot_1.txt' to '/home/mark/gitstage/uderica/silage/V-HMC/Bacteria/raw_data_bacteria/multiqc/multiqc_data'
[2017-08-28 20:36:31,697] multiqc                                            [DEBUG  ]  Moving data file from '/tmp/tmpSEMmJq/multiqc_data/multiqc_general_stats.txt' to '/home/mark/gitstage/uderica/silage/V-HMC/Bacteria/raw_data_bacteria/multiqc/multiqc_data'
[2017-08-28 20:36:31,697] multiqc                                            [DEBUG  ]  Moving data file from '/tmp/tmpSEMmJq/multiqc_data/multiqc_sources.txt' to '/home/mark/gitstage/uderica/silage/V-HMC/Bacteria/raw_data_bacteria/multiqc/multiqc_data'
[2017-08-28 20:36:31,697] multiqc                                            [DEBUG  ]  Moving data file from '/tmp/tmpSEMmJq/multiqc_data/multiqc_fastqc.txt' to '/home/mark/gitstage/uderica/silage/V-HMC/Bacteria/raw_data_bacteria/multiqc/multiqc_data'
[2017-08-28 20:36:31,846] multiqc                                            [INFO   ]  MultiQC complete
