[2017-08-13 13:09:05,409] multiqc                                            [DEBUG  ]  No MultiQC config found: /usr/local/lib/python2.7/dist-packages/multiqc_config.yaml
[2017-08-13 13:09:05,409] multiqc                                            [DEBUG  ]  No MultiQC config found: /home/mark/.multiqc_config.yaml
[2017-08-13 13:09:05,409] multiqc                                            [DEBUG  ]  No MultiQC config found: multiqc_config.yaml
[2017-08-13 13:09:05,409] multiqc                                            [DEBUG  ]  Command used: /usr/local/bin/multiqc /home/mark/silage/16s/pairedReads/flashed/extended/fastqc -o /home/mark/silage/16s/pairedReads/flashed/extended/multiqc
[2017-08-13 13:09:06,119] multiqc                                            [DEBUG  ]  Latest MultiQC version is v1.1
[2017-08-13 13:09:06,119] multiqc                                            [INFO   ]  This is MultiQC v1.1
[2017-08-13 13:09:06,119] multiqc                                            [DEBUG  ]  Command     : /usr/local/bin/multiqc /home/mark/silage/16s/pairedReads/flashed/extended/fastqc -o /home/mark/silage/16s/pairedReads/flashed/extended/multiqc
[2017-08-13 13:09:06,119] multiqc                                            [DEBUG  ]  Working dir : /home/mark/silage
[2017-08-13 13:09:06,120] multiqc                                            [INFO   ]  Template    : default
[2017-08-13 13:09:06,120] multiqc                                            [INFO   ]  Searching '/home/mark/silage/16s/pairedReads/flashed/extended/fastqc'
[2017-08-13 13:09:06,121] multiqc                                            [DEBUG  ]  Analysing modules: custom_content, conpair, peddy, methylQA, qualimap, preseq, quast, qorts, rna_seqc, rseqc, busco, goleft_indexcov, disambiguate, homer, macs2, theta2, snpeff, gatk, htseq, bcftools, featureCounts, picard, prokka, samblaster, samtools, bamtools, jellyfish, bismark, hicup, salmon, kallisto, slamdunk, star, hisat2, tophat, bowtie2, bowtie1, adapterRemoval, cutadapt, flexbar, trimmomatic, skewer, sortmerna, biobloomtools, fastq_screen, fastqc, clusterflow
[2017-08-13 13:09:06,121] multiqc                                            [DEBUG  ]  Using temporary directory for creating report: /tmp/tmpWmc8Tw
[2017-08-13 13:09:06,161] multiqc                                            [DEBUG  ]  Ignoring file as matched an ignore pattern: sample_171.extendedFrags_fastqc.html
[2017-08-13 13:09:06,161] multiqc                                            [DEBUG  ]  Ignoring file as matched an ignore pattern: sample_153.extendedFrags_fastqc.html
[2017-08-13 13:09:06,161] multiqc                                            [DEBUG  ]  Ignoring file as matched an ignore pattern: sample_152.extendedFrags_fastqc.html
[2017-08-13 13:09:06,162] multiqc                                            [DEBUG  ]  Ignoring file as matched an ignore pattern: sample_151.extendedFrags_fastqc.html
[2017-08-13 13:09:06,162] multiqc                                            [DEBUG  ]  Ignoring file as matched an ignore pattern: sample_176.extendedFrags_fastqc.html
[2017-08-13 13:09:06,162] multiqc                                            [DEBUG  ]  Ignoring file as matched an ignore pattern: sample_172.extendedFrags_fastqc.html
[2017-08-13 13:09:06,164] multiqc                                            [DEBUG  ]  Ignoring file as matched an ignore pattern: sample_162.extendedFrags_fastqc.html
[2017-08-13 13:09:06,164] multiqc                                            [DEBUG  ]  Ignoring file as matched an ignore pattern: sample_161.extendedFrags_fastqc.html
[2017-08-13 13:09:06,164] multiqc                                            [DEBUG  ]  Ignoring file as matched an ignore pattern: sample_156.extendedFrags_fastqc.html
[2017-08-13 13:09:06,164] multiqc                                            [DEBUG  ]  Ignoring file as matched an ignore pattern: sample_178.extendedFrags_fastqc.html
[2017-08-13 13:09:06,165] multiqc                                            [DEBUG  ]  Ignoring file as matched an ignore pattern: sample_165.extendedFrags_fastqc.html
[2017-08-13 13:09:06,165] multiqc                                            [DEBUG  ]  Ignoring file as matched an ignore pattern: sample_150.extendedFrags_fastqc.html
[2017-08-13 13:09:06,165] multiqc                                            [DEBUG  ]  Ignoring file as matched an ignore pattern: sample_168.extendedFrags_fastqc.html
[2017-08-13 13:09:06,165] multiqc                                            [DEBUG  ]  Ignoring file as matched an ignore pattern: sample_173.extendedFrags_fastqc.html
[2017-08-13 13:09:06,167] multiqc                                            [DEBUG  ]  Ignoring file as matched an ignore pattern: sample_166.extendedFrags_fastqc.html
[2017-08-13 13:09:06,167] multiqc                                            [DEBUG  ]  Ignoring file as matched an ignore pattern: sample_177.extendedFrags_fastqc.html
[2017-08-13 13:09:06,167] multiqc                                            [DEBUG  ]  Ignoring file as matched an ignore pattern: sample_148.extendedFrags_fastqc.html
[2017-08-13 13:09:06,167] multiqc                                            [DEBUG  ]  Ignoring file as matched an ignore pattern: sample_160.extendedFrags_fastqc.html
[2017-08-13 13:09:06,168] multiqc                                            [DEBUG  ]  Ignoring file as matched an ignore pattern: sample_147.extendedFrags_fastqc.html
[2017-08-13 13:09:06,169] multiqc                                            [DEBUG  ]  Ignoring file as matched an ignore pattern: sample_155.extendedFrags_fastqc.html
[2017-08-13 13:09:06,170] multiqc                                            [DEBUG  ]  Ignoring file as matched an ignore pattern: sample_158.extendedFrags_fastqc.html
[2017-08-13 13:09:06,170] multiqc                                            [DEBUG  ]  Ignoring file as matched an ignore pattern: sample_167.extendedFrags_fastqc.html
[2017-08-13 13:09:06,171] multiqc                                            [DEBUG  ]  Ignoring file as matched an ignore pattern: sample_157.extendedFrags_fastqc.html
[2017-08-13 13:09:06,171] multiqc                                            [DEBUG  ]  Ignoring file as matched an ignore pattern: sample_163.extendedFrags_fastqc.html
[2017-08-13 13:09:06,171] multiqc                                            [DEBUG  ]  Ignoring file as matched an ignore pattern: sample_175.extendedFrags_fastqc.html
[2017-08-13 13:09:06,173] multiqc                                            [DEBUG  ]  Ignoring file as matched an ignore pattern: sample_170.extendedFrags_fastqc.html
[2017-08-13 13:09:06,173] multiqc                                            [DEBUG  ]  Ignoring file as matched an ignore pattern: sample_146.extendedFrags_fastqc.html
[2017-08-13 13:09:06,321] multiqc.modules.custom_content.custom_content      [DEBUG  ]  No custom content found
[2017-08-13 13:09:06,323] multiqc.modules.conpair.conpair                    [DEBUG  ]  Could not find any reports in ('/home/mark/silage/16s/pairedReads/flashed/extended/fastqc',)
[2017-08-13 13:09:06,324] multiqc.modules.peddy.peddy                        [DEBUG  ]  Could not find any reports in ('/home/mark/silage/16s/pairedReads/flashed/extended/fastqc',)
[2017-08-13 13:09:06,326] multiqc.modules.methylQA.methylQA                  [DEBUG  ]  Could not find any reports in ('/home/mark/silage/16s/pairedReads/flashed/extended/fastqc',)
[2017-08-13 13:09:06,327] multiqc.modules.qualimap.QM_BamQC                  [DEBUG  ]  Using default Qualimap thresholds: 1, 5, 10, 30, 50
[2017-08-13 13:09:06,327] multiqc.modules.qualimap.qualimap                  [DEBUG  ]  Could not find any reports in ('/home/mark/silage/16s/pairedReads/flashed/extended/fastqc',)
[2017-08-13 13:09:06,328] multiqc.modules.preseq.preseq                      [DEBUG  ]  Could not find any preseq data in ('/home/mark/silage/16s/pairedReads/flashed/extended/fastqc',)
[2017-08-13 13:09:06,330] multiqc.modules.quast.quast                        [DEBUG  ]  Could not find any reports in ('/home/mark/silage/16s/pairedReads/flashed/extended/fastqc',)
[2017-08-13 13:09:06,331] multiqc.modules.qorts.qorts                        [DEBUG  ]  Could not find any QoRTs data in ('/home/mark/silage/16s/pairedReads/flashed/extended/fastqc',)
[2017-08-13 13:09:06,332] multiqc.modules.rna_seqc.rna_seqc                  [DEBUG  ]  Could not find any RNA-SeQC data in ('/home/mark/silage/16s/pairedReads/flashed/extended/fastqc',)
[2017-08-13 13:09:06,334] multiqc.modules.rseqc.rseqc                        [DEBUG  ]  Could not find any reports in ('/home/mark/silage/16s/pairedReads/flashed/extended/fastqc',)
[2017-08-13 13:09:06,335] multiqc.modules.busco.busco                        [DEBUG  ]  Could not find any reports in ('/home/mark/silage/16s/pairedReads/flashed/extended/fastqc',)
[2017-08-13 13:09:06,337] multiqc.modules.goleft_indexcov.goleft_indexcov    [DEBUG  ]  Did not find goleft indexcov outputs in ('/home/mark/silage/16s/pairedReads/flashed/extended/fastqc',)
[2017-08-13 13:09:06,338] multiqc.modules.disambiguate.disambiguate          [DEBUG  ]  Could not find any data in ('/home/mark/silage/16s/pairedReads/flashed/extended/fastqc',)
[2017-08-13 13:09:06,339] multiqc.modules.homer.homer                        [DEBUG  ]  Could not find any reports in ('/home/mark/silage/16s/pairedReads/flashed/extended/fastqc',)
[2017-08-13 13:09:06,340] multiqc.modules.macs2.macs2                        [DEBUG  ]  Could not find any MACS2 data in ('/home/mark/silage/16s/pairedReads/flashed/extended/fastqc',)
[2017-08-13 13:09:06,342] multiqc.modules.theta2.theta2                      [DEBUG  ]  Could not find any reports in ('/home/mark/silage/16s/pairedReads/flashed/extended/fastqc',)
[2017-08-13 13:09:06,343] multiqc.modules.snpeff.snpeff                      [DEBUG  ]  Could not find any data in ('/home/mark/silage/16s/pairedReads/flashed/extended/fastqc',)
[2017-08-13 13:09:06,344] multiqc.modules.gatk.gatk                          [DEBUG  ]  Could not find any reports in ('/home/mark/silage/16s/pairedReads/flashed/extended/fastqc',)
[2017-08-13 13:09:06,346] multiqc.modules.htseq.htseq                        [DEBUG  ]  Could not find any reports in ('/home/mark/silage/16s/pairedReads/flashed/extended/fastqc',)
[2017-08-13 13:09:06,347] multiqc.modules.bcftools.bcftools                  [DEBUG  ]  Could not find any reports in ('/home/mark/silage/16s/pairedReads/flashed/extended/fastqc',)
[2017-08-13 13:09:06,348] multiqc.modules.featureCounts.feature_counts       [DEBUG  ]  Could not find any reports in ('/home/mark/silage/16s/pairedReads/flashed/extended/fastqc',)
[2017-08-13 13:09:06,350] multiqc.modules.picard.picard                      [DEBUG  ]  Could not find any reports in ('/home/mark/silage/16s/pairedReads/flashed/extended/fastqc',)
[2017-08-13 13:09:06,352] multiqc.modules.prokka.prokka                      [DEBUG  ]  Could not find any Prokka data in ('/home/mark/silage/16s/pairedReads/flashed/extended/fastqc',)
[2017-08-13 13:09:06,353] multiqc.modules.samblaster.samblaster              [DEBUG  ]  Could not find any data in ('/home/mark/silage/16s/pairedReads/flashed/extended/fastqc',)
[2017-08-13 13:09:06,355] multiqc.modules.samtools.samtools                  [DEBUG  ]  Could not find any reports in ('/home/mark/silage/16s/pairedReads/flashed/extended/fastqc',)
[2017-08-13 13:09:06,356] multiqc.modules.bamtools.bamtools                  [DEBUG  ]  Could not find any reports in ('/home/mark/silage/16s/pairedReads/flashed/extended/fastqc',)
[2017-08-13 13:09:06,357] multiqc.modules.jellyfish.jellyfish                [DEBUG  ]  Could not find any data in ('/home/mark/silage/16s/pairedReads/flashed/extended/fastqc',)
[2017-08-13 13:09:06,359] multiqc.modules.bismark.bismark                    [DEBUG  ]  Could not find any reports in ('/home/mark/silage/16s/pairedReads/flashed/extended/fastqc',)
[2017-08-13 13:09:06,360] multiqc.modules.hicup.hicup                        [DEBUG  ]  Could not find any HiCUP data in ('/home/mark/silage/16s/pairedReads/flashed/extended/fastqc',)
[2017-08-13 13:09:06,361] multiqc.modules.salmon.salmon                      [DEBUG  ]  Could not find any Salmon data in ('/home/mark/silage/16s/pairedReads/flashed/extended/fastqc',)
[2017-08-13 13:09:06,362] multiqc.modules.kallisto.kallisto                  [DEBUG  ]  Could not find any reports in ('/home/mark/silage/16s/pairedReads/flashed/extended/fastqc',)
[2017-08-13 13:09:06,364] multiqc.modules.slamdunk.slamdunk                  [DEBUG  ]  No slamdunk reports found.
[2017-08-13 13:09:06,365] multiqc.modules.star.star                          [DEBUG  ]  Could not find any reports in ('/home/mark/silage/16s/pairedReads/flashed/extended/fastqc',)
[2017-08-13 13:09:06,366] multiqc.modules.hisat2.hisat2                      [DEBUG  ]  Could not find any reports in ('/home/mark/silage/16s/pairedReads/flashed/extended/fastqc',)
[2017-08-13 13:09:06,368] multiqc.modules.tophat.tophat                      [DEBUG  ]  Could not find any reports in ('/home/mark/silage/16s/pairedReads/flashed/extended/fastqc',)
[2017-08-13 13:09:06,369] multiqc.modules.bowtie2.bowtie2                    [DEBUG  ]  Could not find any reports in ('/home/mark/silage/16s/pairedReads/flashed/extended/fastqc',)
[2017-08-13 13:09:06,370] multiqc.modules.bowtie1.bowtie1                    [DEBUG  ]  Could not find any reports in ('/home/mark/silage/16s/pairedReads/flashed/extended/fastqc',)
[2017-08-13 13:09:06,372] multiqc.modules.adapterRemoval.adapterRemoval      [DEBUG  ]  Could not find any reports in ('/home/mark/silage/16s/pairedReads/flashed/extended/fastqc',)
[2017-08-13 13:09:06,373] multiqc.modules.cutadapt.cutadapt                  [DEBUG  ]  Could not find any reports in ('/home/mark/silage/16s/pairedReads/flashed/extended/fastqc',)
[2017-08-13 13:09:06,374] multiqc.modules.flexbar.flexbar                    [DEBUG  ]  Could not find any Flexbar data in ('/home/mark/silage/16s/pairedReads/flashed/extended/fastqc',)
[2017-08-13 13:09:06,375] multiqc.modules.trimmomatic.trimmomatic            [DEBUG  ]  Could not find any Trimmomatic data in ('/home/mark/silage/16s/pairedReads/flashed/extended/fastqc',)
[2017-08-13 13:09:06,377] multiqc.modules.skewer.skewer                      [DEBUG  ]  Could not find any data in ('/home/mark/silage/16s/pairedReads/flashed/extended/fastqc',)
[2017-08-13 13:09:06,378] multiqc.modules.sortmerna.sortmerna                [DEBUG  ]  Could not find any SortMeRNA data in ('/home/mark/silage/16s/pairedReads/flashed/extended/fastqc',)
[2017-08-13 13:09:06,379] multiqc.modules.biobloomtools.biobloomtools        [DEBUG  ]  Could not find any reports in ('/home/mark/silage/16s/pairedReads/flashed/extended/fastqc',)
[2017-08-13 13:09:06,380] multiqc.modules.fastq_screen.fastq_screen          [DEBUG  ]  Could not find any reports in ('/home/mark/silage/16s/pairedReads/flashed/extended/fastqc',)
[2017-08-13 13:09:07,639] multiqc.modules.fastqc.fastqc                      [INFO   ]  Found 27 reports
[2017-08-13 13:09:09,476] multiqc.modules.clusterflow.clusterflow            [DEBUG  ]  Could not find any reports in ('/home/mark/silage/16s/pairedReads/flashed/extended/fastqc',)
[2017-08-13 13:09:09,510] multiqc                                            [INFO   ]  Compressing plot data
[2017-08-13 13:09:10,367] multiqc                                            [INFO   ]  Report      : 16s/pairedReads/flashed/extended/multiqc/multiqc_report.html
[2017-08-13 13:09:10,367] multiqc                                            [INFO   ]  Data        : 16s/pairedReads/flashed/extended/multiqc/multiqc_data
[2017-08-13 13:09:10,368] multiqc                                            [DEBUG  ]  Moving data file from '/tmp/tmpWmc8Tw/multiqc_data/multiqc_general_stats.txt' to '/home/mark/silage/16s/pairedReads/flashed/extended/multiqc/multiqc_data'
[2017-08-13 13:09:10,368] multiqc                                            [DEBUG  ]  Moving data file from '/tmp/tmpWmc8Tw/multiqc_data/multiqc_sources.txt' to '/home/mark/silage/16s/pairedReads/flashed/extended/multiqc/multiqc_data'
[2017-08-13 13:09:10,368] multiqc                                            [DEBUG  ]  Moving data file from '/tmp/tmpWmc8Tw/multiqc_data/multiqc_fastqc.txt' to '/home/mark/silage/16s/pairedReads/flashed/extended/multiqc/multiqc_data'
[2017-08-13 13:09:10,466] multiqc                                            [INFO   ]  MultiQC complete
