[2017-09-02 09:41:55,100] multiqc                                            [DEBUG  ]  No MultiQC config found: /usr/local/lib/python2.7/dist-packages/multiqc_config.yaml
[2017-09-02 09:41:55,101] multiqc                                            [DEBUG  ]  No MultiQC config found: /home/mark/.multiqc_config.yaml
[2017-09-02 09:41:55,101] multiqc                                            [DEBUG  ]  Loading config settings from: multiqc_config.yaml
[2017-09-02 09:41:55,101] multiqc                                            [DEBUG  ]  New config 'read_count_prefix': K
[2017-09-02 09:41:55,102] multiqc                                            [DEBUG  ]  New config 'read_count_multiplier': 0.001
[2017-09-02 09:41:55,102] multiqc                                            [DEBUG  ]  New config 'read_count_desc': thousands
[2017-09-02 09:41:55,102] multiqc                                            [DEBUG  ]  Loading config settings from: /home/mark/gitstage/uderica/silage/multiqc_config.yaml
[2017-09-02 09:41:55,102] multiqc                                            [DEBUG  ]  New config 'read_count_prefix': K
[2017-09-02 09:41:55,103] multiqc                                            [DEBUG  ]  New config 'read_count_multiplier': 0.001
[2017-09-02 09:41:55,103] multiqc                                            [DEBUG  ]  New config 'read_count_desc': thousands
[2017-09-02 09:41:55,103] multiqc                                            [DEBUG  ]  Command used: /usr/local/bin/multiqc --config /home/mark/gitstage/uderica/silage/multiqc_config.yaml /home/mark/gitstage/uderica/silage/V-HMC/Fungi/raw_data_fungi/flashed/extended/fastqc -o /home/mark/gitstage/uderica/silage/V-HMC/Fungi/raw_data_fungi/flashed/extended/multiqc
[2017-09-02 09:41:55,446] multiqc                                            [WARNING]  MultiQC Version v1.2 now available!
[2017-09-02 09:41:55,447] multiqc                                            [INFO   ]  This is MultiQC v1.1
[2017-09-02 09:41:55,447] multiqc                                            [DEBUG  ]  Command     : /usr/local/bin/multiqc --config /home/mark/gitstage/uderica/silage/multiqc_config.yaml /home/mark/gitstage/uderica/silage/V-HMC/Fungi/raw_data_fungi/flashed/extended/fastqc -o /home/mark/gitstage/uderica/silage/V-HMC/Fungi/raw_data_fungi/flashed/extended/multiqc
[2017-09-02 09:41:55,447] multiqc                                            [DEBUG  ]  Working dir : /home/mark/gitstage/uderica/silage
[2017-09-02 09:41:55,447] multiqc                                            [INFO   ]  Template    : default
[2017-09-02 09:41:55,447] multiqc                                            [INFO   ]  Searching '/home/mark/gitstage/uderica/silage/V-HMC/Fungi/raw_data_fungi/flashed/extended/fastqc'
[2017-09-02 09:41:55,447] multiqc                                            [DEBUG  ]  Analysing modules: custom_content, conpair, peddy, methylQA, qualimap, preseq, quast, qorts, rna_seqc, rseqc, busco, goleft_indexcov, disambiguate, homer, macs2, theta2, snpeff, gatk, htseq, bcftools, featureCounts, picard, prokka, samblaster, samtools, bamtools, jellyfish, bismark, hicup, salmon, kallisto, slamdunk, star, hisat2, tophat, bowtie2, bowtie1, adapterRemoval, cutadapt, flexbar, trimmomatic, skewer, sortmerna, biobloomtools, fastq_screen, fastqc, clusterflow
[2017-09-02 09:41:55,447] multiqc                                            [DEBUG  ]  Using temporary directory for creating report: /tmp/tmpI8nLp9
[2017-09-02 09:41:55,479] multiqc                                            [DEBUG  ]  Ignoring file as matched an ignore pattern: 5101-449-MSITS2a.extendedFrags_fastqc.html
[2017-09-02 09:41:55,489] multiqc                                            [DEBUG  ]  Ignoring file as matched an ignore pattern: 4924-431-MSITS2a.extendedFrags_fastqc.html
[2017-09-02 09:41:55,489] multiqc                                            [DEBUG  ]  Ignoring file as matched an ignore pattern: 5101-1035-MSITS2a.extendedFrags_fastqc.html
[2017-09-02 09:41:55,490] multiqc                                            [DEBUG  ]  Ignoring file as matched an ignore pattern: 4924-427-MSITS2a.extendedFrags_fastqc.html
[2017-09-02 09:41:55,490] multiqc                                            [DEBUG  ]  Ignoring file as matched an ignore pattern: 5101-1138-MSITS2a.extendedFrags_fastqc.html
[2017-09-02 09:41:55,491] multiqc                                            [DEBUG  ]  Ignoring file as matched an ignore pattern: 5101-457-MSITS2a.extendedFrags_fastqc.html
[2017-09-02 09:41:55,491] multiqc                                            [DEBUG  ]  Ignoring file as matched an ignore pattern: 5101-1140-MSITS2a.extendedFrags_fastqc.html
[2017-09-02 09:41:55,491] multiqc                                            [DEBUG  ]  Ignoring file as matched an ignore pattern: 5101-1033-MSITS2a.extendedFrags_fastqc.html
[2017-09-02 09:41:55,492] multiqc                                            [DEBUG  ]  Ignoring file as matched an ignore pattern: 4924-432-MSITS2a.extendedFrags_fastqc.html
[2017-09-02 09:41:55,492] multiqc                                            [DEBUG  ]  Ignoring file as matched an ignore pattern: 5101-1018-MSITS2a.extendedFrags_fastqc.html
[2017-09-02 09:41:55,492] multiqc                                            [DEBUG  ]  Ignoring file as matched an ignore pattern: 5101-1019-MSITS2a.extendedFrags_fastqc.html
[2017-09-02 09:41:55,494] multiqc                                            [DEBUG  ]  Ignoring file as matched an ignore pattern: 5101-451-MSITS2a.extendedFrags_fastqc.html
[2017-09-02 09:41:55,495] multiqc                                            [DEBUG  ]  Ignoring file as matched an ignore pattern: 5101-450-MSITS2a.extendedFrags_fastqc.html
[2017-09-02 09:41:55,496] multiqc                                            [DEBUG  ]  Ignoring file as matched an ignore pattern: 5101-761-MSITS2a.extendedFrags_fastqc.html
[2017-09-02 09:41:55,497] multiqc                                            [DEBUG  ]  Ignoring file as matched an ignore pattern: 4924-843-MSITS2a.extendedFrags_fastqc.html
[2017-09-02 09:41:55,498] multiqc                                            [DEBUG  ]  Ignoring file as matched an ignore pattern: 4924-441-MSITS2a.extendedFrags_fastqc.html
[2017-09-02 09:41:55,498] multiqc                                            [DEBUG  ]  Ignoring file as matched an ignore pattern: 5101-1016-MSITS2a.extendedFrags_fastqc.html
[2017-09-02 09:41:55,498] multiqc                                            [DEBUG  ]  Ignoring file as matched an ignore pattern: 4924-426-MSITS2a.extendedFrags_fastqc.html
[2017-09-02 09:41:55,499] multiqc                                            [DEBUG  ]  Ignoring file as matched an ignore pattern: 4924-841-MSITS2a.extendedFrags_fastqc.html
[2017-09-02 09:41:55,499] multiqc                                            [DEBUG  ]  Ignoring file as matched an ignore pattern: 4924-430-MSITS2a.extendedFrags_fastqc.html
[2017-09-02 09:41:55,499] multiqc                                            [DEBUG  ]  Ignoring file as matched an ignore pattern: 5101-1017-MSITS2a.extendedFrags_fastqc.html
[2017-09-02 09:41:55,500] multiqc                                            [DEBUG  ]  Ignoring file as matched an ignore pattern: 4924-831-MSITS2a.extendedFrags_fastqc.html
[2017-09-02 09:41:55,500] multiqc                                            [DEBUG  ]  Ignoring file as matched an ignore pattern: 4924-425-MSITS2a.extendedFrags_fastqc.html
[2017-09-02 09:41:55,500] multiqc                                            [DEBUG  ]  Ignoring file as matched an ignore pattern: 5101-1024-MSITS2a.extendedFrags_fastqc.html
[2017-09-02 09:41:55,502] multiqc                                            [DEBUG  ]  Ignoring file as matched an ignore pattern: 5101-760-MSITS2a.extendedFrags_fastqc.html
[2017-09-02 09:41:55,502] multiqc                                            [DEBUG  ]  Ignoring file as matched an ignore pattern: 5101-1139-MSITS2a.extendedFrags_fastqc.html
[2017-09-02 09:41:55,502] multiqc                                            [DEBUG  ]  Ignoring file as matched an ignore pattern: 4924-839-MSITS2a.extendedFrags_fastqc.html
[2017-09-02 09:41:55,502] multiqc                                            [DEBUG  ]  Ignoring file as matched an ignore pattern: 5101-1142-MSITS2a.extendedFrags_fastqc.html
[2017-09-02 09:41:55,502] multiqc                                            [DEBUG  ]  Ignoring file as matched an ignore pattern: 4924-437-MSITS2a.extendedFrags_fastqc.html
[2017-09-02 09:41:55,503] multiqc                                            [DEBUG  ]  Ignoring file as matched an ignore pattern: 4924-834-MSITS2a.extendedFrags_fastqc.html
[2017-09-02 09:41:55,503] multiqc                                            [DEBUG  ]  Ignoring file as matched an ignore pattern: 5101-757-MSITS2a.extendedFrags_fastqc.html
[2017-09-02 09:41:55,504] multiqc                                            [DEBUG  ]  Ignoring file as matched an ignore pattern: 4924-439-MSITS2a.extendedFrags_fastqc.html
[2017-09-02 09:41:55,504] multiqc                                            [DEBUG  ]  Ignoring file as matched an ignore pattern: 5101-1157-MSITS2a.extendedFrags_fastqc.html
[2017-09-02 09:41:55,504] multiqc                                            [DEBUG  ]  Ignoring file as matched an ignore pattern: 5101-1020-MSITS2a.extendedFrags_fastqc.html
[2017-09-02 09:41:55,504] multiqc                                            [DEBUG  ]  Ignoring file as matched an ignore pattern: 5101-1153-MSITS2a.extendedFrags_fastqc.html
[2017-09-02 09:41:55,505] multiqc                                            [DEBUG  ]  Ignoring file as matched an ignore pattern: 4924-837-MSITS2a.extendedFrags_fastqc.html
[2017-09-02 09:41:55,505] multiqc                                            [DEBUG  ]  Ignoring file as matched an ignore pattern: 5101-1032-MSITS2a.extendedFrags_fastqc.html
[2017-09-02 09:41:55,505] multiqc                                            [DEBUG  ]  Ignoring file as matched an ignore pattern: 4924-424-MSITS2a.extendedFrags_fastqc.html
[2017-09-02 09:41:55,506] multiqc                                            [DEBUG  ]  Ignoring file as matched an ignore pattern: 5101-1156-MSITS2a.extendedFrags_fastqc.html
[2017-09-02 09:41:55,506] multiqc                                            [DEBUG  ]  Ignoring file as matched an ignore pattern: 4924-844-MSITS2a.extendedFrags_fastqc.html
[2017-09-02 09:41:55,506] multiqc                                            [DEBUG  ]  Ignoring file as matched an ignore pattern: 5101-1155-MSITS2a.extendedFrags_fastqc.html
[2017-09-02 09:41:55,507] multiqc                                            [DEBUG  ]  Ignoring file as matched an ignore pattern: 5101-1162-MSITS2a.extendedFrags_fastqc.html
[2017-09-02 09:41:55,507] multiqc                                            [DEBUG  ]  Ignoring file as matched an ignore pattern: 4924-836-MSITS2a.extendedFrags_fastqc.html
[2017-09-02 09:41:55,507] multiqc                                            [DEBUG  ]  Ignoring file as matched an ignore pattern: 4924-838-MSITS2a.extendedFrags_fastqc.html
[2017-09-02 09:41:55,508] multiqc                                            [DEBUG  ]  Ignoring file as matched an ignore pattern: 5101-1034-MSITS2a.extendedFrags_fastqc.html
[2017-09-02 09:41:55,508] multiqc                                            [DEBUG  ]  Ignoring file as matched an ignore pattern: 4924-440-MSITS2a.extendedFrags_fastqc.html
[2017-09-02 09:41:55,509] multiqc                                            [DEBUG  ]  Ignoring file as matched an ignore pattern: 4924-429-MSITS2a.extendedFrags_fastqc.html
[2017-09-02 09:41:55,509] multiqc                                            [DEBUG  ]  Ignoring file as matched an ignore pattern: 5101-758-MSITS2a.extendedFrags_fastqc.html
[2017-09-02 09:41:55,510] multiqc                                            [DEBUG  ]  Ignoring file as matched an ignore pattern: 5101-1031-MSITS2a.extendedFrags_fastqc.html
[2017-09-02 09:41:55,511] multiqc                                            [DEBUG  ]  Ignoring file as matched an ignore pattern: 5101-1141-MSITS2a.extendedFrags_fastqc.html
[2017-09-02 09:41:55,511] multiqc                                            [DEBUG  ]  Ignoring file as matched an ignore pattern: 5101-1154-MSITS2a.extendedFrags_fastqc.html
[2017-09-02 09:41:55,512] multiqc                                            [DEBUG  ]  Ignoring file as matched an ignore pattern: 4924-832-MSITS2a.extendedFrags_fastqc.html
[2017-09-02 09:41:55,512] multiqc                                            [DEBUG  ]  Ignoring file as matched an ignore pattern: 4924-842-MSITS2a.extendedFrags_fastqc.html
[2017-09-02 09:41:55,512] multiqc                                            [DEBUG  ]  Ignoring file as matched an ignore pattern: 5101-1145-MSITS2a.extendedFrags_fastqc.html
[2017-09-02 09:41:55,513] multiqc                                            [DEBUG  ]  Ignoring file as matched an ignore pattern: 5101-1158-MSITS2a.extendedFrags_fastqc.html
[2017-09-02 09:41:55,513] multiqc                                            [DEBUG  ]  Ignoring file as matched an ignore pattern: 4924-435-MSITS2a.extendedFrags_fastqc.html
[2017-09-02 09:41:55,513] multiqc                                            [DEBUG  ]  Ignoring file as matched an ignore pattern: 5101-1040-MSITS2a.extendedFrags_fastqc.html
[2017-09-02 09:41:55,513] multiqc                                            [DEBUG  ]  Ignoring file as matched an ignore pattern: 5101-759-MSITS2a.extendedFrags_fastqc.html
[2017-09-02 09:41:55,514] multiqc                                            [DEBUG  ]  Ignoring file as matched an ignore pattern: 5101-458-MSITS2a.extendedFrags_fastqc.html
[2017-09-02 09:41:55,514] multiqc                                            [DEBUG  ]  Ignoring file as matched an ignore pattern: 4924-833-MSITS2a.extendedFrags_fastqc.html
[2017-09-02 09:41:55,514] multiqc                                            [DEBUG  ]  Ignoring file as matched an ignore pattern: 5101-447-MSITS2a.extendedFrags_fastqc.html
[2017-09-02 09:41:55,668] multiqc.modules.custom_content.custom_content      [DEBUG  ]  No custom content found
[2017-09-02 09:41:55,670] multiqc.modules.conpair.conpair                    [DEBUG  ]  Could not find any reports in ('/home/mark/gitstage/uderica/silage/V-HMC/Fungi/raw_data_fungi/flashed/extended/fastqc',)
[2017-09-02 09:41:55,671] multiqc.modules.peddy.peddy                        [DEBUG  ]  Could not find any reports in ('/home/mark/gitstage/uderica/silage/V-HMC/Fungi/raw_data_fungi/flashed/extended/fastqc',)
[2017-09-02 09:41:55,672] multiqc.modules.methylQA.methylQA                  [DEBUG  ]  Could not find any reports in ('/home/mark/gitstage/uderica/silage/V-HMC/Fungi/raw_data_fungi/flashed/extended/fastqc',)
[2017-09-02 09:41:55,674] multiqc.modules.qualimap.QM_BamQC                  [DEBUG  ]  Using default Qualimap thresholds: 1, 5, 10, 30, 50
[2017-09-02 09:41:55,674] multiqc.modules.qualimap.qualimap                  [DEBUG  ]  Could not find any reports in ('/home/mark/gitstage/uderica/silage/V-HMC/Fungi/raw_data_fungi/flashed/extended/fastqc',)
[2017-09-02 09:41:55,676] multiqc.modules.preseq.preseq                      [DEBUG  ]  Could not find any preseq data in ('/home/mark/gitstage/uderica/silage/V-HMC/Fungi/raw_data_fungi/flashed/extended/fastqc',)
[2017-09-02 09:41:55,677] multiqc.modules.quast.quast                        [DEBUG  ]  Could not find any reports in ('/home/mark/gitstage/uderica/silage/V-HMC/Fungi/raw_data_fungi/flashed/extended/fastqc',)
[2017-09-02 09:41:55,678] multiqc.modules.qorts.qorts                        [DEBUG  ]  Could not find any QoRTs data in ('/home/mark/gitstage/uderica/silage/V-HMC/Fungi/raw_data_fungi/flashed/extended/fastqc',)
[2017-09-02 09:41:55,680] multiqc.modules.rna_seqc.rna_seqc                  [DEBUG  ]  Could not find any RNA-SeQC data in ('/home/mark/gitstage/uderica/silage/V-HMC/Fungi/raw_data_fungi/flashed/extended/fastqc',)
[2017-09-02 09:41:55,682] multiqc.modules.rseqc.rseqc                        [DEBUG  ]  Could not find any reports in ('/home/mark/gitstage/uderica/silage/V-HMC/Fungi/raw_data_fungi/flashed/extended/fastqc',)
[2017-09-02 09:41:55,683] multiqc.modules.busco.busco                        [DEBUG  ]  Could not find any reports in ('/home/mark/gitstage/uderica/silage/V-HMC/Fungi/raw_data_fungi/flashed/extended/fastqc',)
[2017-09-02 09:41:55,684] multiqc.modules.goleft_indexcov.goleft_indexcov    [DEBUG  ]  Did not find goleft indexcov outputs in ('/home/mark/gitstage/uderica/silage/V-HMC/Fungi/raw_data_fungi/flashed/extended/fastqc',)
[2017-09-02 09:41:55,686] multiqc.modules.disambiguate.disambiguate          [DEBUG  ]  Could not find any data in ('/home/mark/gitstage/uderica/silage/V-HMC/Fungi/raw_data_fungi/flashed/extended/fastqc',)
[2017-09-02 09:41:55,687] multiqc.modules.homer.homer                        [DEBUG  ]  Could not find any reports in ('/home/mark/gitstage/uderica/silage/V-HMC/Fungi/raw_data_fungi/flashed/extended/fastqc',)
[2017-09-02 09:41:55,688] multiqc.modules.macs2.macs2                        [DEBUG  ]  Could not find any MACS2 data in ('/home/mark/gitstage/uderica/silage/V-HMC/Fungi/raw_data_fungi/flashed/extended/fastqc',)
[2017-09-02 09:41:55,690] multiqc.modules.theta2.theta2                      [DEBUG  ]  Could not find any reports in ('/home/mark/gitstage/uderica/silage/V-HMC/Fungi/raw_data_fungi/flashed/extended/fastqc',)
[2017-09-02 09:41:55,691] multiqc.modules.snpeff.snpeff                      [DEBUG  ]  Could not find any data in ('/home/mark/gitstage/uderica/silage/V-HMC/Fungi/raw_data_fungi/flashed/extended/fastqc',)
[2017-09-02 09:41:55,693] multiqc.modules.gatk.gatk                          [DEBUG  ]  Could not find any reports in ('/home/mark/gitstage/uderica/silage/V-HMC/Fungi/raw_data_fungi/flashed/extended/fastqc',)
[2017-09-02 09:41:55,694] multiqc.modules.htseq.htseq                        [DEBUG  ]  Could not find any reports in ('/home/mark/gitstage/uderica/silage/V-HMC/Fungi/raw_data_fungi/flashed/extended/fastqc',)
[2017-09-02 09:41:55,695] multiqc.modules.bcftools.bcftools                  [DEBUG  ]  Could not find any reports in ('/home/mark/gitstage/uderica/silage/V-HMC/Fungi/raw_data_fungi/flashed/extended/fastqc',)
[2017-09-02 09:41:55,697] multiqc.modules.featureCounts.feature_counts       [DEBUG  ]  Could not find any reports in ('/home/mark/gitstage/uderica/silage/V-HMC/Fungi/raw_data_fungi/flashed/extended/fastqc',)
[2017-09-02 09:41:55,699] multiqc.modules.picard.picard                      [DEBUG  ]  Could not find any reports in ('/home/mark/gitstage/uderica/silage/V-HMC/Fungi/raw_data_fungi/flashed/extended/fastqc',)
[2017-09-02 09:41:55,700] multiqc.modules.prokka.prokka                      [DEBUG  ]  Could not find any Prokka data in ('/home/mark/gitstage/uderica/silage/V-HMC/Fungi/raw_data_fungi/flashed/extended/fastqc',)
[2017-09-02 09:41:55,701] multiqc.modules.samblaster.samblaster              [DEBUG  ]  Could not find any data in ('/home/mark/gitstage/uderica/silage/V-HMC/Fungi/raw_data_fungi/flashed/extended/fastqc',)
[2017-09-02 09:41:55,703] multiqc.modules.samtools.samtools                  [DEBUG  ]  Could not find any reports in ('/home/mark/gitstage/uderica/silage/V-HMC/Fungi/raw_data_fungi/flashed/extended/fastqc',)
[2017-09-02 09:41:55,705] multiqc.modules.bamtools.bamtools                  [DEBUG  ]  Could not find any reports in ('/home/mark/gitstage/uderica/silage/V-HMC/Fungi/raw_data_fungi/flashed/extended/fastqc',)
[2017-09-02 09:41:55,706] multiqc.modules.jellyfish.jellyfish                [DEBUG  ]  Could not find any data in ('/home/mark/gitstage/uderica/silage/V-HMC/Fungi/raw_data_fungi/flashed/extended/fastqc',)
[2017-09-02 09:41:55,707] multiqc.modules.bismark.bismark                    [DEBUG  ]  Could not find any reports in ('/home/mark/gitstage/uderica/silage/V-HMC/Fungi/raw_data_fungi/flashed/extended/fastqc',)
[2017-09-02 09:41:55,709] multiqc.modules.hicup.hicup                        [DEBUG  ]  Could not find any HiCUP data in ('/home/mark/gitstage/uderica/silage/V-HMC/Fungi/raw_data_fungi/flashed/extended/fastqc',)
[2017-09-02 09:41:55,710] multiqc.modules.salmon.salmon                      [DEBUG  ]  Could not find any Salmon data in ('/home/mark/gitstage/uderica/silage/V-HMC/Fungi/raw_data_fungi/flashed/extended/fastqc',)
[2017-09-02 09:41:55,711] multiqc.modules.kallisto.kallisto                  [DEBUG  ]  Could not find any reports in ('/home/mark/gitstage/uderica/silage/V-HMC/Fungi/raw_data_fungi/flashed/extended/fastqc',)
[2017-09-02 09:41:55,713] multiqc.modules.slamdunk.slamdunk                  [DEBUG  ]  No slamdunk reports found.
[2017-09-02 09:41:55,714] multiqc.modules.star.star                          [DEBUG  ]  Could not find any reports in ('/home/mark/gitstage/uderica/silage/V-HMC/Fungi/raw_data_fungi/flashed/extended/fastqc',)
[2017-09-02 09:41:55,716] multiqc.modules.hisat2.hisat2                      [DEBUG  ]  Could not find any reports in ('/home/mark/gitstage/uderica/silage/V-HMC/Fungi/raw_data_fungi/flashed/extended/fastqc',)
[2017-09-02 09:41:55,717] multiqc.modules.tophat.tophat                      [DEBUG  ]  Could not find any reports in ('/home/mark/gitstage/uderica/silage/V-HMC/Fungi/raw_data_fungi/flashed/extended/fastqc',)
[2017-09-02 09:41:55,718] multiqc.modules.bowtie2.bowtie2                    [DEBUG  ]  Could not find any reports in ('/home/mark/gitstage/uderica/silage/V-HMC/Fungi/raw_data_fungi/flashed/extended/fastqc',)
[2017-09-02 09:41:55,720] multiqc.modules.bowtie1.bowtie1                    [DEBUG  ]  Could not find any reports in ('/home/mark/gitstage/uderica/silage/V-HMC/Fungi/raw_data_fungi/flashed/extended/fastqc',)
[2017-09-02 09:41:55,721] multiqc.modules.adapterRemoval.adapterRemoval      [DEBUG  ]  Could not find any reports in ('/home/mark/gitstage/uderica/silage/V-HMC/Fungi/raw_data_fungi/flashed/extended/fastqc',)
[2017-09-02 09:41:55,722] multiqc.modules.cutadapt.cutadapt                  [DEBUG  ]  Could not find any reports in ('/home/mark/gitstage/uderica/silage/V-HMC/Fungi/raw_data_fungi/flashed/extended/fastqc',)
[2017-09-02 09:41:55,724] multiqc.modules.flexbar.flexbar                    [DEBUG  ]  Could not find any Flexbar data in ('/home/mark/gitstage/uderica/silage/V-HMC/Fungi/raw_data_fungi/flashed/extended/fastqc',)
[2017-09-02 09:41:55,725] multiqc.modules.trimmomatic.trimmomatic            [DEBUG  ]  Could not find any Trimmomatic data in ('/home/mark/gitstage/uderica/silage/V-HMC/Fungi/raw_data_fungi/flashed/extended/fastqc',)
[2017-09-02 09:41:55,726] multiqc.modules.skewer.skewer                      [DEBUG  ]  Could not find any data in ('/home/mark/gitstage/uderica/silage/V-HMC/Fungi/raw_data_fungi/flashed/extended/fastqc',)
[2017-09-02 09:41:55,728] multiqc.modules.sortmerna.sortmerna                [DEBUG  ]  Could not find any SortMeRNA data in ('/home/mark/gitstage/uderica/silage/V-HMC/Fungi/raw_data_fungi/flashed/extended/fastqc',)
[2017-09-02 09:41:55,730] multiqc.modules.biobloomtools.biobloomtools        [DEBUG  ]  Could not find any reports in ('/home/mark/gitstage/uderica/silage/V-HMC/Fungi/raw_data_fungi/flashed/extended/fastqc',)
[2017-09-02 09:41:55,731] multiqc.modules.fastq_screen.fastq_screen          [DEBUG  ]  Could not find any reports in ('/home/mark/gitstage/uderica/silage/V-HMC/Fungi/raw_data_fungi/flashed/extended/fastqc',)
[2017-09-02 09:41:58,838] multiqc.modules.fastqc.fastqc                      [INFO   ]  Found 61 reports
[2017-09-02 09:42:02,925] multiqc.modules.clusterflow.clusterflow            [DEBUG  ]  Could not find any reports in ('/home/mark/gitstage/uderica/silage/V-HMC/Fungi/raw_data_fungi/flashed/extended/fastqc',)
[2017-09-02 09:42:02,997] multiqc                                            [INFO   ]  Compressing plot data
[2017-09-02 09:42:05,516] multiqc                                            [INFO   ]  Report      : V-HMC/Fungi/raw_data_fungi/flashed/extended/multiqc/multiqc_report.html
[2017-09-02 09:42:05,516] multiqc                                            [INFO   ]  Data        : V-HMC/Fungi/raw_data_fungi/flashed/extended/multiqc/multiqc_data
[2017-09-02 09:42:05,517] multiqc                                            [DEBUG  ]  Moving data file from '/tmp/tmpI8nLp9/multiqc_data/multiqc_general_stats.txt' to '/home/mark/gitstage/uderica/silage/V-HMC/Fungi/raw_data_fungi/flashed/extended/multiqc/multiqc_data'
[2017-09-02 09:42:05,517] multiqc                                            [DEBUG  ]  Moving data file from '/tmp/tmpI8nLp9/multiqc_data/multiqc_sources.txt' to '/home/mark/gitstage/uderica/silage/V-HMC/Fungi/raw_data_fungi/flashed/extended/multiqc/multiqc_data'
[2017-09-02 09:42:05,517] multiqc                                            [DEBUG  ]  Moving data file from '/tmp/tmpI8nLp9/multiqc_data/multiqc_fastqc.txt' to '/home/mark/gitstage/uderica/silage/V-HMC/Fungi/raw_data_fungi/flashed/extended/multiqc/multiqc_data'
[2017-09-02 09:42:05,623] multiqc                                            [INFO   ]  MultiQC complete
