OtuPicker parameters:
Application:uclust
Similarity:0.97
chimeras_retention:union
enable_rev_strand_matching:True
exact:False
max_accepts:1
max_rejects:8
new_cluster_identifier:denovo
next_new_cluster_number:1
optimal:False
output_dir:/home/mark/gitstage/uderica/silage/V-HMC/Bacteria/raw_data_bacteria/flashed/extended/flash_trim_cat_pick/step3_otus/POTU_mX9h_
prefilter_identical_sequences:True
presort_by_abundance:True
save_uc_files:True
stable_sort:True
stepwords:8
suppress_new_clusters:True
suppress_sort:True
word_length:8
Reference seqs:/home/mark/gitstage/uderica/silage/V-HMC/Bacteria/raw_data_bacteria/flashed/extended/flash_trim_cat_pick/step2_otus/step2_rep_set.fna
Num OTUs:128
Num new OTUs:0
Num failures:32504
Result path: /home/mark/gitstage/uderica/silage/V-HMC/Bacteria/raw_data_bacteria/flashed/extended/flash_trim_cat_pick/step3_otus/POTU_mX9h_/POTU_mX9h_.0_otus.txt
OtuPicker parameters:
Application:uclust
Similarity:0.97
chimeras_retention:union
enable_rev_strand_matching:True
exact:False
max_accepts:1
max_rejects:8
new_cluster_identifier:denovo
next_new_cluster_number:1
optimal:False
output_dir:/home/mark/gitstage/uderica/silage/V-HMC/Bacteria/raw_data_bacteria/flashed/extended/flash_trim_cat_pick/step3_otus/POTU_mX9h_
prefilter_identical_sequences:True
presort_by_abundance:True
save_uc_files:True
stable_sort:True
stepwords:8
suppress_new_clusters:True
suppress_sort:True
word_length:8
Reference seqs:/home/mark/gitstage/uderica/silage/V-HMC/Bacteria/raw_data_bacteria/flashed/extended/flash_trim_cat_pick/step2_otus/step2_rep_set.fna
Num OTUs:117
Num new OTUs:0
Num failures:28440
Result path: /home/mark/gitstage/uderica/silage/V-HMC/Bacteria/raw_data_bacteria/flashed/extended/flash_trim_cat_pick/step3_otus/POTU_mX9h_/POTU_mX9h_.1_otus.txt
OtuPicker parameters:
Application:uclust
Similarity:0.97
chimeras_retention:union
enable_rev_strand_matching:True
exact:False
max_accepts:1
max_rejects:8
new_cluster_identifier:denovo
next_new_cluster_number:1
optimal:False
output_dir:/home/mark/gitstage/uderica/silage/V-HMC/Bacteria/raw_data_bacteria/flashed/extended/flash_trim_cat_pick/step3_otus/POTU_mX9h_
prefilter_identical_sequences:True
presort_by_abundance:True
save_uc_files:True
stable_sort:True
stepwords:8
suppress_new_clusters:True
suppress_sort:True
word_length:8
Reference seqs:/home/mark/gitstage/uderica/silage/V-HMC/Bacteria/raw_data_bacteria/flashed/extended/flash_trim_cat_pick/step2_otus/step2_rep_set.fna
Num OTUs:119
Num new OTUs:0
Num failures:29630
Result path: /home/mark/gitstage/uderica/silage/V-HMC/Bacteria/raw_data_bacteria/flashed/extended/flash_trim_cat_pick/step3_otus/POTU_mX9h_/POTU_mX9h_.2_otus.txt
OtuPicker parameters:
Application:uclust
Similarity:0.97
chimeras_retention:union
enable_rev_strand_matching:True
exact:False
max_accepts:1
max_rejects:8
new_cluster_identifier:denovo
next_new_cluster_number:1
optimal:False
output_dir:/home/mark/gitstage/uderica/silage/V-HMC/Bacteria/raw_data_bacteria/flashed/extended/flash_trim_cat_pick/step3_otus/POTU_mX9h_
prefilter_identical_sequences:True
presort_by_abundance:True
save_uc_files:True
stable_sort:True
stepwords:8
suppress_new_clusters:True
suppress_sort:True
word_length:8
Reference seqs:/home/mark/gitstage/uderica/silage/V-HMC/Bacteria/raw_data_bacteria/flashed/extended/flash_trim_cat_pick/step2_otus/step2_rep_set.fna
Num OTUs:122
Num new OTUs:0
Num failures:31214
Result path: /home/mark/gitstage/uderica/silage/V-HMC/Bacteria/raw_data_bacteria/flashed/extended/flash_trim_cat_pick/step3_otus/POTU_mX9h_/POTU_mX9h_.3_otus.txt
OtuPicker parameters:
Application:uclust
Similarity:0.97
chimeras_retention:union
enable_rev_strand_matching:True
exact:False
max_accepts:1
max_rejects:8
new_cluster_identifier:denovo
next_new_cluster_number:1
optimal:False
output_dir:/home/mark/gitstage/uderica/silage/V-HMC/Bacteria/raw_data_bacteria/flashed/extended/flash_trim_cat_pick/step3_otus/POTU_mX9h_
prefilter_identical_sequences:True
presort_by_abundance:True
save_uc_files:True
stable_sort:True
stepwords:8
suppress_new_clusters:True
suppress_sort:True
word_length:8
Reference seqs:/home/mark/gitstage/uderica/silage/V-HMC/Bacteria/raw_data_bacteria/flashed/extended/flash_trim_cat_pick/step2_otus/step2_rep_set.fna
Num OTUs:128
Num new OTUs:0
Num failures:30820
Result path: /home/mark/gitstage/uderica/silage/V-HMC/Bacteria/raw_data_bacteria/flashed/extended/flash_trim_cat_pick/step3_otus/POTU_mX9h_/POTU_mX9h_.4_otus.txt
OtuPicker parameters:
Application:uclust
Similarity:0.97
chimeras_retention:union
enable_rev_strand_matching:True
exact:False
max_accepts:1
max_rejects:8
new_cluster_identifier:denovo
next_new_cluster_number:1
optimal:False
output_dir:/home/mark/gitstage/uderica/silage/V-HMC/Bacteria/raw_data_bacteria/flashed/extended/flash_trim_cat_pick/step3_otus/POTU_mX9h_
prefilter_identical_sequences:True
presort_by_abundance:True
save_uc_files:True
stable_sort:True
stepwords:8
suppress_new_clusters:True
suppress_sort:True
word_length:8
Reference seqs:/home/mark/gitstage/uderica/silage/V-HMC/Bacteria/raw_data_bacteria/flashed/extended/flash_trim_cat_pick/step2_otus/step2_rep_set.fna
Num OTUs:120
Num new OTUs:0
Num failures:31653
Result path: /home/mark/gitstage/uderica/silage/V-HMC/Bacteria/raw_data_bacteria/flashed/extended/flash_trim_cat_pick/step3_otus/POTU_mX9h_/POTU_mX9h_.5_otus.txt
