[2017-09-12 20:28:12,422] multiqc                                            [DEBUG  ]  No MultiQC config found: /usr/local/lib/python2.7/dist-packages/multiqc_config.yaml
[2017-09-12 20:28:12,422] multiqc                                            [DEBUG  ]  No MultiQC config found: /home/mark/.multiqc_config.yaml
[2017-09-12 20:28:12,424] multiqc                                            [DEBUG  ]  Loading config settings from: multiqc_config.yaml
[2017-09-12 20:28:12,424] multiqc                                            [DEBUG  ]  New config 'read_count_prefix': K
[2017-09-12 20:28:12,424] multiqc                                            [DEBUG  ]  New config 'read_count_multiplier': 0.001
[2017-09-12 20:28:12,424] multiqc                                            [DEBUG  ]  New config 'read_count_desc': thousands
[2017-09-12 20:28:12,425] multiqc                                            [DEBUG  ]  Loading config settings from: /home/mark/gitstage/uderica/nordqiime/multiqc_config.yaml
[2017-09-12 20:28:12,425] multiqc                                            [DEBUG  ]  New config 'read_count_prefix': K
[2017-09-12 20:28:12,425] multiqc                                            [DEBUG  ]  New config 'read_count_multiplier': 0.001
[2017-09-12 20:28:12,425] multiqc                                            [DEBUG  ]  New config 'read_count_desc': thousands
[2017-09-12 20:28:12,425] multiqc                                            [DEBUG  ]  Command used: /usr/local/bin/multiqc --config /home/mark/gitstage/uderica/nordqiime/multiqc_config.yaml /home/mark/gitstage/uderica/nordqiime/15_Hil_HMC/Bacteria/16S -o /home/mark/gitstage/uderica/nordqiime/15_Hil_HMC/Bacteria/16S
[2017-09-12 20:28:13,105] multiqc                                            [WARNING]  MultiQC Version v1.2 now available!
[2017-09-12 20:28:13,105] multiqc                                            [INFO   ]  This is MultiQC v1.1
[2017-09-12 20:28:13,105] multiqc                                            [DEBUG  ]  Command     : /usr/local/bin/multiqc --config /home/mark/gitstage/uderica/nordqiime/multiqc_config.yaml /home/mark/gitstage/uderica/nordqiime/15_Hil_HMC/Bacteria/16S -o /home/mark/gitstage/uderica/nordqiime/15_Hil_HMC/Bacteria/16S
[2017-09-12 20:28:13,105] multiqc                                            [DEBUG  ]  Working dir : /home/mark/gitstage/uderica/nordqiime
[2017-09-12 20:28:13,106] multiqc                                            [INFO   ]  Template    : default
[2017-09-12 20:28:13,106] multiqc                                            [INFO   ]  Searching '/home/mark/gitstage/uderica/nordqiime/15_Hil_HMC/Bacteria/16S'
[2017-09-12 20:28:13,106] multiqc                                            [DEBUG  ]  Analysing modules: custom_content, conpair, peddy, methylQA, qualimap, preseq, quast, qorts, rna_seqc, rseqc, busco, goleft_indexcov, disambiguate, homer, macs2, theta2, snpeff, gatk, htseq, bcftools, featureCounts, picard, prokka, samblaster, samtools, bamtools, jellyfish, bismark, hicup, salmon, kallisto, slamdunk, star, hisat2, tophat, bowtie2, bowtie1, adapterRemoval, cutadapt, flexbar, trimmomatic, skewer, sortmerna, biobloomtools, fastq_screen, fastqc, clusterflow
[2017-09-12 20:28:13,106] multiqc                                            [DEBUG  ]  Using temporary directory for creating report: /tmp/tmpb7jjwd
[2017-09-12 20:28:13,142] multiqc                                            [DEBUG  ]  Ignoring file as matched an ignore pattern: LALL-PD-KC2015-521-Control-0d-HMC-16S_S29_L001_R2_001.fastq.gz
[2017-09-12 20:28:13,142] multiqc                                            [DEBUG  ]  Ignoring file as matched an ignore pattern: LALL-PD-KC2015-522-Control-0d-HMC-16S_S30_L001_R1_001.fastq.gz
[2017-09-12 20:28:13,142] multiqc                                            [DEBUG  ]  Ignoring file as matched an ignore pattern: LALL-PD-KC2015-580-LB-92d-HMC-16S_S64_L001_R2_001_fastqc.html
[2017-09-12 20:28:13,142] multiqc                                            [DEBUG  ]  Ignoring file as matched an ignore pattern: LALL-PD-KC2015-576-LH-LB-92d-HMC-16S_S62_L001_R2_001.fastq.gz
[2017-09-12 20:28:13,151] multiqc                                            [DEBUG  ]  Ignoring file as matched an ignore pattern: LALL-PD-KC2015-580-LB-92d-HMC-16S_S64_L001_R1_001.fastq.gz
[2017-09-12 20:28:13,152] multiqc                                            [DEBUG  ]  Ignoring file as matched an ignore pattern: LALL-PD-KC2015-557-LH-LB-30d-HMC-16S_S51_L001_R1_001_fastqc.html
[2017-09-12 20:28:13,153] multiqc                                            [DEBUG  ]  Ignoring file as matched an ignore pattern: LALL-PD-KC2015-542-LB-10d-HMC-16S_S42_L001_R2_001_fastqc.html
[2017-09-12 20:28:13,153] multiqc                                            [DEBUG  ]  Ignoring file as matched an ignore pattern: LALL-PD-KC2015-574-LH-92d-HMC-16S_S60_L001_R1_001_fastqc.html
[2017-09-12 20:28:13,153] multiqc                                            [DEBUG  ]  Ignoring file as matched an ignore pattern: LALL-PD-KC2015-561-LB-30d-HMC-16S_S53_L001_R2_001.fastq.gz
[2017-09-12 20:28:13,153] multiqc                                            [DEBUG  ]  Ignoring file as matched an ignore pattern: LALL-PD-KC2015-522-Control-0d-HMC-16S_S30_L001_R2_001_fastqc.html
[2017-09-12 20:28:13,153] multiqc                                            [DEBUG  ]  Ignoring file as matched an ignore pattern: LALL-PD-KC2015-581-LB-92d-HMC-16S_S65_L001_R2_001.fastq.gz
[2017-09-12 20:28:13,153] multiqc                                            [DEBUG  ]  Ignoring file as matched an ignore pattern: LALL-PD-KC2015-525-Control-10d-HMC-16S_S31_L001_R2_001_fastqc.html
[2017-09-12 20:28:13,153] multiqc                                            [DEBUG  ]  Ignoring file as matched an ignore pattern: LALL-PD-KC2015-562-LB-30d-HMC-16S_S54_L001_R1_001.fastq.gz
[2017-09-12 20:28:13,154] multiqc                                            [DEBUG  ]  Ignoring file as matched an ignore pattern: LALL-PD-KC2015-522-Control-0d-HMC-16S_S30_L001_R1_001_fastqc.html
[2017-09-12 20:28:13,154] multiqc                                            [DEBUG  ]  Ignoring file as matched an ignore pattern: LALL-PD-KC2015-526-Control-10d-HMC-16S_S32_L001_R2_001.fastq.gz
[2017-09-12 20:28:13,154] multiqc                                            [DEBUG  ]  Ignoring file as matched an ignore pattern: LALL-PD-KC2015-560-LB-30d-HMC-16S_S52_L001_R1_001.fastq.gz
[2017-09-12 20:28:13,154] multiqc                                            [DEBUG  ]  Ignoring file as matched an ignore pattern: LALL-PD-KC2015-575-LH-LB-92d-HMC-16S_S61_L001_R1_001.fastq.gz
[2017-09-12 20:28:13,154] multiqc                                            [DEBUG  ]  Ignoring file as matched an ignore pattern: LALL-PD-KC2015-560-LB-30d-HMC-16S_S52_L001_R2_001.fastq.gz
[2017-09-12 20:28:13,154] multiqc                                            [DEBUG  ]  Ignoring file as matched an ignore pattern: LALL-PD-KC2015-521-Control-0d-HMC-16S_S29_L001_R2_001_fastqc.html
[2017-09-12 20:28:13,154] multiqc                                            [DEBUG  ]  Ignoring file as matched an ignore pattern: LALL-PD-KC2015-527-Control-10d-HMC-16S_S33_L001_R2_001_fastqc.html
[2017-09-12 20:28:13,154] multiqc                                            [DEBUG  ]  Ignoring file as matched an ignore pattern: LALL-PD-KC2015-566-Control-92d-HMC-16S_S56_L001_R2_001.fastq.gz
[2017-09-12 20:28:13,155] multiqc                                            [DEBUG  ]  Ignoring file as matched an ignore pattern: LALL-PD-KC2015-571-LH-92d-HMC-16S_S59_L001_R1_001_fastqc.html
[2017-09-12 20:28:13,155] multiqc                                            [DEBUG  ]  Ignoring file as matched an ignore pattern: LALL-PD-KC2015-577-LH-LB-92d-HMC-16S_S63_L001_R2_001_fastqc.html
[2017-09-12 20:28:13,156] multiqc                                            [DEBUG  ]  Ignoring file as matched an ignore pattern: LALL-PD-KC2015-555-LH-LB-30d-HMC-16S_S49_L001_R2_001_fastqc.html
[2017-09-12 20:28:13,156] multiqc                                            [DEBUG  ]  Ignoring file as matched an ignore pattern: LALL-PD-KC2015-580-LB-92d-HMC-16S_S64_L001_R2_001.fastq.gz
[2017-09-12 20:28:13,157] multiqc                                            [DEBUG  ]  Ignoring file as matched an ignore pattern: LALL-PD-KC2015-546-Control-30d-HMC-16S_S44_L001_R2_001_fastqc.html
[2017-09-12 20:28:13,157] multiqc                                            [DEBUG  ]  Ignoring file as matched an ignore pattern: LALL-PD-KC2015-552-LH-30d-HMC-16S_S48_L001_R1_001.fastq.gz
[2017-09-12 20:28:13,157] multiqc                                            [DEBUG  ]  Ignoring file as matched an ignore pattern: LALL-PD-KC2015-540-LB-10d-HMC-16S_S40_L001_R2_001_fastqc.html
[2017-09-12 20:28:13,157] multiqc                                            [DEBUG  ]  Ignoring file as matched an ignore pattern: LALL-PD-KC2015-552-LH-30d-HMC-16S_S48_L001_R2_001_fastqc.html
[2017-09-12 20:28:13,157] multiqc                                            [DEBUG  ]  Ignoring file as matched an ignore pattern: LALL-PD-KC2015-561-LB-30d-HMC-16S_S53_L001_R1_001_fastqc.html
[2017-09-12 20:28:13,158] multiqc                                            [DEBUG  ]  Ignoring file as matched an ignore pattern: LALL-PD-KC2015-541-LB-10d-HMC-16S_S41_L001_R2_001_fastqc.html
[2017-09-12 20:28:13,158] multiqc                                            [DEBUG  ]  Ignoring file as matched an ignore pattern: LALL-PD-KC2015-552-LH-30d-HMC-16S_S48_L001_R2_001.fastq.gz
[2017-09-12 20:28:13,158] multiqc                                            [DEBUG  ]  Ignoring file as matched an ignore pattern: LALL-PD-KC2015-550-LH-30d-HMC-16S_S46_L001_R1_001_fastqc.html
[2017-09-12 20:28:13,158] multiqc                                            [DEBUG  ]  Ignoring file as matched an ignore pattern: LALL-PD-KC2015-551-LH-30d-HMC-16S_S47_L001_R2_001.fastq.gz
[2017-09-12 20:28:13,158] multiqc                                            [DEBUG  ]  Ignoring file as matched an ignore pattern: LALL-PD-KC2015-537-LH-LB-10d-HMC-16S_S39_L001_R2_001_fastqc.html
[2017-09-12 20:28:13,158] multiqc                                            [DEBUG  ]  Ignoring file as matched an ignore pattern: LALL-PD-KC2015-520-Control-0d-HMC-16S_S28_L001_R2_001.fastq.gz
[2017-09-12 20:28:13,159] multiqc                                            [DEBUG  ]  Ignoring file as matched an ignore pattern: LALL-PD-KC2015-582-LB-92d-HMC-16S_S66_L001_R2_001_fastqc.html
[2017-09-12 20:28:13,159] multiqc                                            [DEBUG  ]  Ignoring file as matched an ignore pattern: LALL-PD-KC2015-531-LH-10d-HMC-16S_S35_L001_R2_001.fastq.gz
[2017-09-12 20:28:13,159] multiqc                                            [DEBUG  ]  Ignoring file as matched an ignore pattern: LALL-PD-KC2015-520-Control-0d-HMC-16S_S28_L001_R1_001_fastqc.html
[2017-09-12 20:28:13,159] multiqc                                            [DEBUG  ]  Ignoring file as matched an ignore pattern: LALL-PD-KC2015-574-LH-92d-HMC-16S_S60_L001_R2_001_fastqc.html
[2017-09-12 20:28:13,160] multiqc                                            [DEBUG  ]  Ignoring file as matched an ignore pattern: LALL-PD-KC2015-536-LH-LB-10d-HMC-16S_S38_L001_R1_001_fastqc.html
[2017-09-12 20:28:13,160] multiqc                                            [DEBUG  ]  Ignoring file as matched an ignore pattern: LALL-PD-KC2015-546-Control-30d-HMC-16S_S44_L001_R1_001_fastqc.html
[2017-09-12 20:28:13,160] multiqc                                            [DEBUG  ]  Ignoring file as matched an ignore pattern: LALL-PD-KC2015-575-LH-LB-92d-HMC-16S_S61_L001_R2_001.fastq.gz
[2017-09-12 20:28:13,160] multiqc                                            [DEBUG  ]  Ignoring file as matched an ignore pattern: LALL-PD-KC2015-547-Control-30d-HMC-16S_S45_L001_R1_001.fastq.gz
[2017-09-12 20:28:13,160] multiqc                                            [DEBUG  ]  Ignoring file as matched an ignore pattern: LALL-PD-KC2015-565-Control-92d-HMC-16S_S55_L001_R1_001_fastqc.html
[2017-09-12 20:28:13,160] multiqc                                            [DEBUG  ]  Ignoring file as matched an ignore pattern: LALL-PD-KC2015-555-LH-LB-30d-HMC-16S_S49_L001_R1_001.fastq.gz
[2017-09-12 20:28:13,160] multiqc                                            [DEBUG  ]  Ignoring file as matched an ignore pattern: LALL-PD-KC2015-577-LH-LB-92d-HMC-16S_S63_L001_R1_001_fastqc.html
[2017-09-12 20:28:13,160] multiqc                                            [DEBUG  ]  Ignoring file as matched an ignore pattern: LALL-PD-KC2015-552-LH-30d-HMC-16S_S48_L001_R1_001_fastqc.html
[2017-09-12 20:28:13,161] multiqc                                            [DEBUG  ]  Ignoring file as matched an ignore pattern: LALL-PD-KC2015-574-LH-92d-HMC-16S_S60_L001_R2_001.fastq.gz
[2017-09-12 20:28:13,161] multiqc                                            [DEBUG  ]  Ignoring file as matched an ignore pattern: LALL-PD-KC2015-527-Control-10d-HMC-16S_S33_L001_R2_001.fastq.gz
[2017-09-12 20:28:13,161] multiqc                                            [DEBUG  ]  Ignoring file as matched an ignore pattern: LALL-PD-KC2015-540-LB-10d-HMC-16S_S40_L001_R1_001.fastq.gz
[2017-09-12 20:28:13,162] multiqc                                            [DEBUG  ]  Ignoring file as matched an ignore pattern: LALL-PD-KC2015-536-LH-LB-10d-HMC-16S_S38_L001_R2_001_fastqc.html
[2017-09-12 20:28:13,162] multiqc                                            [DEBUG  ]  Ignoring file as matched an ignore pattern: LALL-PD-KC2015-530-LH-10d-HMC-16S_S34_L001_R2_001.fastq.gz
[2017-09-12 20:28:13,162] multiqc                                            [DEBUG  ]  Ignoring file as matched an ignore pattern: LALL-PD-KC2015-531-LH-10d-HMC-16S_S35_L001_R1_001_fastqc.html
[2017-09-12 20:28:13,163] multiqc                                            [DEBUG  ]  Ignoring file as matched an ignore pattern: LALL-PD-KC2015-521-Control-0d-HMC-16S_S29_L001_R1_001.fastq.gz
[2017-09-12 20:28:13,163] multiqc                                            [DEBUG  ]  Ignoring file as matched an ignore pattern: LALL-PD-KC2015-557-LH-LB-30d-HMC-16S_S51_L001_R1_001.fastq.gz
[2017-09-12 20:28:13,163] multiqc                                            [DEBUG  ]  Ignoring file as matched an ignore pattern: LALL-PD-KC2015-566-Control-92d-HMC-16S_S56_L001_R1_001.fastq.gz
[2017-09-12 20:28:13,163] multiqc                                            [DEBUG  ]  Ignoring file as matched an ignore pattern: LALL-PD-KC2015-550-LH-30d-HMC-16S_S46_L001_R2_001_fastqc.html
[2017-09-12 20:28:13,163] multiqc                                            [DEBUG  ]  Ignoring file as matched an ignore pattern: LALL-PD-KC2015-582-LB-92d-HMC-16S_S66_L001_R2_001.fastq.gz
[2017-09-12 20:28:13,164] multiqc                                            [DEBUG  ]  Ignoring file as matched an ignore pattern: LALL-PD-KC2015-526-Control-10d-HMC-16S_S32_L001_R2_001_fastqc.html
[2017-09-12 20:28:13,164] multiqc                                            [DEBUG  ]  Ignoring file as matched an ignore pattern: LALL-PD-KC2015-566-Control-92d-HMC-16S_S56_L001_R2_001_fastqc.html
[2017-09-12 20:28:13,164] multiqc                                            [DEBUG  ]  Ignoring file as matched an ignore pattern: LALL-PD-KC2015-571-LH-92d-HMC-16S_S59_L001_R1_001.fastq.gz
[2017-09-12 20:28:13,164] multiqc                                            [DEBUG  ]  Ignoring file as matched an ignore pattern: LALL-PD-KC2015-562-LB-30d-HMC-16S_S54_L001_R2_001.fastq.gz
[2017-09-12 20:28:13,164] multiqc                                            [DEBUG  ]  Ignoring file as matched an ignore pattern: LALL-PD-KC2015-581-LB-92d-HMC-16S_S65_L001_R2_001_fastqc.html
[2017-09-12 20:28:13,164] multiqc                                            [DEBUG  ]  Ignoring file as matched an ignore pattern: LALL-PD-KC2015-571-LH-92d-HMC-16S_S59_L001_R2_001_fastqc.html
[2017-09-12 20:28:13,166] multiqc                                            [DEBUG  ]  Ignoring file as matched an ignore pattern: LALL-PD-KC2015-535-LH-LB-10d-HMC-16S_S37_L001_R2_001.fastq.gz
[2017-09-12 20:28:13,166] multiqc                                            [DEBUG  ]  Ignoring file as matched an ignore pattern: LALL-PD-KC2015-551-LH-30d-HMC-16S_S47_L001_R1_001.fastq.gz
[2017-09-12 20:28:13,167] multiqc                                            [DEBUG  ]  Ignoring file as matched an ignore pattern: LALL-PD-KC2015-521-Control-0d-HMC-16S_S29_L001_R1_001_fastqc.html
[2017-09-12 20:28:13,167] multiqc                                            [DEBUG  ]  Ignoring file as matched an ignore pattern: LALL-PD-KC2015-561-LB-30d-HMC-16S_S53_L001_R2_001_fastqc.html
[2017-09-12 20:28:13,167] multiqc                                            [DEBUG  ]  Ignoring file as matched an ignore pattern: LALL-PD-KC2015-532-LH-10d-HMC-16S_S36_L001_R2_001_fastqc.html
[2017-09-12 20:28:13,168] multiqc                                            [DEBUG  ]  Ignoring file as matched an ignore pattern: LALL-PD-KC2015-567-Control-92d-HMC-16S_S57_L001_R1_001.fastq.gz
[2017-09-12 20:28:13,168] multiqc                                            [DEBUG  ]  Ignoring file as matched an ignore pattern: LALL-PD-KC2015-545-Control-30d-HMC-16S_S43_L001_R2_001.fastq.gz
[2017-09-12 20:28:13,168] multiqc                                            [DEBUG  ]  Ignoring file as matched an ignore pattern: LALL-PD-KC2015-581-LB-92d-HMC-16S_S65_L001_R1_001.fastq.gz
[2017-09-12 20:28:13,168] multiqc                                            [DEBUG  ]  Ignoring file as matched an ignore pattern: LALL-PD-KC2015-570-LH-92d-HMC-16S_S58_L001_R2_001.fastq.gz
[2017-09-12 20:28:13,168] multiqc                                            [DEBUG  ]  Ignoring file as matched an ignore pattern: LALL-PD-KC2015-530-LH-10d-HMC-16S_S34_L001_R2_001_fastqc.html
[2017-09-12 20:28:13,168] multiqc                                            [DEBUG  ]  Ignoring file as matched an ignore pattern: LALL-PD-KC2015-567-Control-92d-HMC-16S_S57_L001_R1_001_fastqc.html
[2017-09-12 20:28:13,168] multiqc                                            [DEBUG  ]  Ignoring file as matched an ignore pattern: LALL-PD-KC2015-582-LB-92d-HMC-16S_S66_L001_R1_001_fastqc.html
[2017-09-12 20:28:13,168] multiqc                                            [DEBUG  ]  Ignoring file as matched an ignore pattern: LALL-PD-KC2015-556-LH-LB-30d-HMC-16S_S50_L001_R1_001_fastqc.html
[2017-09-12 20:28:13,168] multiqc                                            [DEBUG  ]  Ignoring file as matched an ignore pattern: LALL-PD-KC2015-547-Control-30d-HMC-16S_S45_L001_R1_001_fastqc.html
[2017-09-12 20:28:13,169] multiqc                                            [DEBUG  ]  Ignoring file as matched an ignore pattern: LALL-PD-KC2015-531-LH-10d-HMC-16S_S35_L001_R1_001.fastq.gz
[2017-09-12 20:28:13,170] multiqc                                            [DEBUG  ]  Ignoring file as matched an ignore pattern: LALL-PD-KC2015-535-LH-LB-10d-HMC-16S_S37_L001_R1_001_fastqc.html
[2017-09-12 20:28:13,170] multiqc                                            [DEBUG  ]  Ignoring file as matched an ignore pattern: LALL-PD-KC2015-520-Control-0d-HMC-16S_S28_L001_R1_001.fastq.gz
[2017-09-12 20:28:13,171] multiqc                                            [DEBUG  ]  Ignoring file as matched an ignore pattern: LALL-PD-KC2015-567-Control-92d-HMC-16S_S57_L001_R2_001_fastqc.html
[2017-09-12 20:28:13,171] multiqc                                            [DEBUG  ]  Ignoring file as matched an ignore pattern: LALL-PD-KC2015-570-LH-92d-HMC-16S_S58_L001_R2_001_fastqc.html
[2017-09-12 20:28:13,172] multiqc                                            [DEBUG  ]  Ignoring file as matched an ignore pattern: LALL-PD-KC2015-560-LB-30d-HMC-16S_S52_L001_R1_001_fastqc.html
[2017-09-12 20:28:13,172] multiqc                                            [DEBUG  ]  Ignoring file as matched an ignore pattern: LALL-PD-KC2015-545-Control-30d-HMC-16S_S43_L001_R1_001_fastqc.html
[2017-09-12 20:28:13,172] multiqc                                            [DEBUG  ]  Ignoring file as matched an ignore pattern: LALL-PD-KC2015-525-Control-10d-HMC-16S_S31_L001_R1_001_fastqc.html
[2017-09-12 20:28:13,172] multiqc                                            [DEBUG  ]  Ignoring file as matched an ignore pattern: LALL-PD-KC2015-541-LB-10d-HMC-16S_S41_L001_R1_001_fastqc.html
[2017-09-12 20:28:13,172] multiqc                                            [DEBUG  ]  Ignoring file as matched an ignore pattern: LALL-PD-KC2015-531-LH-10d-HMC-16S_S35_L001_R2_001_fastqc.html
[2017-09-12 20:28:13,172] multiqc                                            [DEBUG  ]  Ignoring file as matched an ignore pattern: LALL-PD-KC2015-525-Control-10d-HMC-16S_S31_L001_R2_001.fastq.gz
[2017-09-12 20:28:13,173] multiqc                                            [DEBUG  ]  Ignoring file as matched an ignore pattern: LALL-PD-KC2015-581-LB-92d-HMC-16S_S65_L001_R1_001_fastqc.html
[2017-09-12 20:28:13,173] multiqc                                            [DEBUG  ]  Ignoring file as matched an ignore pattern: LALL-PD-KC2015-522-Control-0d-HMC-16S_S30_L001_R2_001.fastq.gz
[2017-09-12 20:28:13,173] multiqc                                            [DEBUG  ]  Ignoring file as matched an ignore pattern: LALL-PD-KC2015-557-LH-LB-30d-HMC-16S_S51_L001_R2_001.fastq.gz
[2017-09-12 20:28:13,173] multiqc                                            [DEBUG  ]  Ignoring file as matched an ignore pattern: LALL-PD-KC2015-550-LH-30d-HMC-16S_S46_L001_R2_001.fastq.gz
[2017-09-12 20:28:13,174] multiqc                                            [DEBUG  ]  Ignoring file as matched an ignore pattern: LALL-PD-KC2015-527-Control-10d-HMC-16S_S33_L001_R1_001_fastqc.html
[2017-09-12 20:28:13,174] multiqc                                            [DEBUG  ]  Ignoring file as matched an ignore pattern: LALL-PD-KC2015-570-LH-92d-HMC-16S_S58_L001_R1_001.fastq.gz
[2017-09-12 20:28:13,174] multiqc                                            [DEBUG  ]  Ignoring file as matched an ignore pattern: LALL-PD-KC2015-576-LH-LB-92d-HMC-16S_S62_L001_R2_001_fastqc.html
[2017-09-12 20:28:13,174] multiqc                                            [DEBUG  ]  Ignoring file as matched an ignore pattern: LALL-PD-KC2015-551-LH-30d-HMC-16S_S47_L001_R2_001_fastqc.html
[2017-09-12 20:28:13,176] multiqc                                            [DEBUG  ]  Ignoring file as matched an ignore pattern: LALL-PD-KC2015-567-Control-92d-HMC-16S_S57_L001_R2_001.fastq.gz
[2017-09-12 20:28:13,176] multiqc                                            [DEBUG  ]  Ignoring file as matched an ignore pattern: LALL-PD-KC2015-537-LH-LB-10d-HMC-16S_S39_L001_R1_001.fastq.gz
[2017-09-12 20:28:13,176] multiqc                                            [DEBUG  ]  Ignoring file as matched an ignore pattern: LALL-PD-KC2015-561-LB-30d-HMC-16S_S53_L001_R1_001.fastq.gz
[2017-09-12 20:28:13,176] multiqc                                            [DEBUG  ]  Ignoring file as matched an ignore pattern: LALL-PD-KC2015-560-LB-30d-HMC-16S_S52_L001_R2_001_fastqc.html
[2017-09-12 20:28:13,177] multiqc                                            [DEBUG  ]  Ignoring file as matched an ignore pattern: LALL-PD-KC2015-540-LB-10d-HMC-16S_S40_L001_R2_001.fastq.gz
[2017-09-12 20:28:13,177] multiqc                                            [DEBUG  ]  Ignoring file as matched an ignore pattern: LALL-PD-KC2015-570-LH-92d-HMC-16S_S58_L001_R1_001_fastqc.html
[2017-09-12 20:28:13,177] multiqc                                            [DEBUG  ]  Ignoring file as matched an ignore pattern: LALL-PD-KC2015-527-Control-10d-HMC-16S_S33_L001_R1_001.fastq.gz
[2017-09-12 20:28:13,177] multiqc                                            [DEBUG  ]  Ignoring file as matched an ignore pattern: LALL-PD-KC2015-565-Control-92d-HMC-16S_S55_L001_R2_001_fastqc.html
[2017-09-12 20:28:13,177] multiqc                                            [DEBUG  ]  Ignoring file as matched an ignore pattern: LALL-PD-KC2015-566-Control-92d-HMC-16S_S56_L001_R1_001_fastqc.html
[2017-09-12 20:28:13,177] multiqc                                            [DEBUG  ]  Ignoring file as matched an ignore pattern: LALL-PD-KC2015-545-Control-30d-HMC-16S_S43_L001_R2_001_fastqc.html
[2017-09-12 20:28:13,177] multiqc                                            [DEBUG  ]  Ignoring file as matched an ignore pattern: LALL-PD-KC2015-545-Control-30d-HMC-16S_S43_L001_R1_001.fastq.gz
[2017-09-12 20:28:13,178] multiqc                                            [DEBUG  ]  Ignoring file as matched an ignore pattern: LALL-PD-KC2015-555-LH-LB-30d-HMC-16S_S49_L001_R2_001.fastq.gz
[2017-09-12 20:28:13,178] multiqc                                            [DEBUG  ]  Ignoring file as matched an ignore pattern: LALL-PD-KC2015-575-LH-LB-92d-HMC-16S_S61_L001_R1_001_fastqc.html
[2017-09-12 20:28:13,178] multiqc                                            [DEBUG  ]  Ignoring file as matched an ignore pattern: LALL-PD-KC2015-537-LH-LB-10d-HMC-16S_S39_L001_R1_001_fastqc.html
[2017-09-12 20:28:13,179] multiqc                                            [DEBUG  ]  Ignoring file as matched an ignore pattern: LALL-PD-KC2015-532-LH-10d-HMC-16S_S36_L001_R2_001.fastq.gz
[2017-09-12 20:28:13,179] multiqc                                            [DEBUG  ]  Ignoring file as matched an ignore pattern: LALL-PD-KC2015-525-Control-10d-HMC-16S_S31_L001_R1_001.fastq.gz
[2017-09-12 20:28:13,179] multiqc                                            [DEBUG  ]  Ignoring file as matched an ignore pattern: LALL-PD-KC2015-551-LH-30d-HMC-16S_S47_L001_R1_001_fastqc.html
[2017-09-12 20:28:13,179] multiqc                                            [DEBUG  ]  Ignoring file as matched an ignore pattern: LALL-PD-KC2015-547-Control-30d-HMC-16S_S45_L001_R2_001_fastqc.html
[2017-09-12 20:28:13,179] multiqc                                            [DEBUG  ]  Ignoring file as matched an ignore pattern: LALL-PD-KC2015-542-LB-10d-HMC-16S_S42_L001_R1_001_fastqc.html
[2017-09-12 20:28:13,180] multiqc                                            [DEBUG  ]  Ignoring file as matched an ignore pattern: LALL-PD-KC2015-520-Control-0d-HMC-16S_S28_L001_R2_001_fastqc.html
[2017-09-12 20:28:13,180] multiqc                                            [DEBUG  ]  Ignoring file as matched an ignore pattern: LALL-PD-KC2015-537-LH-LB-10d-HMC-16S_S39_L001_R2_001.fastq.gz
[2017-09-12 20:28:13,181] multiqc                                            [DEBUG  ]  Ignoring file as matched an ignore pattern: LALL-PD-KC2015-540-LB-10d-HMC-16S_S40_L001_R1_001_fastqc.html
[2017-09-12 20:28:13,181] multiqc                                            [DEBUG  ]  Ignoring file as matched an ignore pattern: LALL-PD-KC2015-577-LH-LB-92d-HMC-16S_S63_L001_R2_001.fastq.gz
[2017-09-12 20:28:13,182] multiqc                                            [DEBUG  ]  Ignoring file as matched an ignore pattern: LALL-PD-KC2015-550-LH-30d-HMC-16S_S46_L001_R1_001.fastq.gz
[2017-09-12 20:28:13,182] multiqc                                            [DEBUG  ]  Ignoring file as matched an ignore pattern: LALL-PD-KC2015-546-Control-30d-HMC-16S_S44_L001_R2_001.fastq.gz
[2017-09-12 20:28:13,182] multiqc                                            [DEBUG  ]  Ignoring file as matched an ignore pattern: LALL-PD-KC2015-562-LB-30d-HMC-16S_S54_L001_R2_001_fastqc.html
[2017-09-12 20:28:13,183] multiqc                                            [DEBUG  ]  Ignoring file as matched an ignore pattern: LALL-PD-KC2015-556-LH-LB-30d-HMC-16S_S50_L001_R2_001.fastq.gz
[2017-09-12 20:28:13,184] multiqc                                            [DEBUG  ]  Ignoring file as matched an ignore pattern: LALL-PD-KC2015-574-LH-92d-HMC-16S_S60_L001_R1_001.fastq.gz
[2017-09-12 20:28:13,184] multiqc                                            [DEBUG  ]  Ignoring file as matched an ignore pattern: LALL-PD-KC2015-565-Control-92d-HMC-16S_S55_L001_R2_001.fastq.gz
[2017-09-12 20:28:13,184] multiqc                                            [DEBUG  ]  Ignoring file as matched an ignore pattern: LALL-PD-KC2015-526-Control-10d-HMC-16S_S32_L001_R1_001.fastq.gz
[2017-09-12 20:28:13,184] multiqc                                            [DEBUG  ]  Ignoring file as matched an ignore pattern: LALL-PD-KC2015-565-Control-92d-HMC-16S_S55_L001_R1_001.fastq.gz
[2017-09-12 20:28:13,185] multiqc                                            [DEBUG  ]  Ignoring file as matched an ignore pattern: LALL-PD-KC2015-575-LH-LB-92d-HMC-16S_S61_L001_R2_001_fastqc.html
[2017-09-12 20:28:13,185] multiqc                                            [DEBUG  ]  Ignoring file as matched an ignore pattern: LALL-PD-KC2015-541-LB-10d-HMC-16S_S41_L001_R2_001.fastq.gz
[2017-09-12 20:28:13,186] multiqc                                            [DEBUG  ]  Ignoring file as matched an ignore pattern: LALL-PD-KC2015-556-LH-LB-30d-HMC-16S_S50_L001_R1_001.fastq.gz
[2017-09-12 20:28:13,186] multiqc                                            [DEBUG  ]  Ignoring file as matched an ignore pattern: LALL-PD-KC2015-532-LH-10d-HMC-16S_S36_L001_R1_001.fastq.gz
[2017-09-12 20:28:13,186] multiqc                                            [DEBUG  ]  Ignoring file as matched an ignore pattern: LALL-PD-KC2015-547-Control-30d-HMC-16S_S45_L001_R2_001.fastq.gz
[2017-09-12 20:28:13,186] multiqc                                            [DEBUG  ]  Ignoring file as matched an ignore pattern: LALL-PD-KC2015-576-LH-LB-92d-HMC-16S_S62_L001_R1_001_fastqc.html
[2017-09-12 20:28:13,186] multiqc                                            [DEBUG  ]  Ignoring file as matched an ignore pattern: LALL-PD-KC2015-542-LB-10d-HMC-16S_S42_L001_R1_001.fastq.gz
[2017-09-12 20:28:13,186] multiqc                                            [DEBUG  ]  Ignoring file as matched an ignore pattern: LALL-PD-KC2015-536-LH-LB-10d-HMC-16S_S38_L001_R1_001.fastq.gz
[2017-09-12 20:28:13,186] multiqc                                            [DEBUG  ]  Ignoring file as matched an ignore pattern: LALL-PD-KC2015-556-LH-LB-30d-HMC-16S_S50_L001_R2_001_fastqc.html
[2017-09-12 20:28:13,186] multiqc                                            [DEBUG  ]  Ignoring file as matched an ignore pattern: LALL-PD-KC2015-536-LH-LB-10d-HMC-16S_S38_L001_R2_001.fastq.gz
[2017-09-12 20:28:13,187] multiqc                                            [DEBUG  ]  Ignoring file as matched an ignore pattern: LALL-PD-KC2015-577-LH-LB-92d-HMC-16S_S63_L001_R1_001.fastq.gz
[2017-09-12 20:28:13,187] multiqc                                            [DEBUG  ]  Ignoring file as matched an ignore pattern: LALL-PD-KC2015-530-LH-10d-HMC-16S_S34_L001_R1_001.fastq.gz
[2017-09-12 20:28:13,187] multiqc                                            [DEBUG  ]  Ignoring file as matched an ignore pattern: LALL-PD-KC2015-530-LH-10d-HMC-16S_S34_L001_R1_001_fastqc.html
[2017-09-12 20:28:13,187] multiqc                                            [DEBUG  ]  Ignoring file as matched an ignore pattern: LALL-PD-KC2015-541-LB-10d-HMC-16S_S41_L001_R1_001.fastq.gz
[2017-09-12 20:28:13,188] multiqc                                            [DEBUG  ]  Ignoring file as matched an ignore pattern: LALL-PD-KC2015-535-LH-LB-10d-HMC-16S_S37_L001_R1_001.fastq.gz
[2017-09-12 20:28:13,188] multiqc                                            [DEBUG  ]  Ignoring file as matched an ignore pattern: LALL-PD-KC2015-546-Control-30d-HMC-16S_S44_L001_R1_001.fastq.gz
[2017-09-12 20:28:13,188] multiqc                                            [DEBUG  ]  Ignoring file as matched an ignore pattern: LALL-PD-KC2015-555-LH-LB-30d-HMC-16S_S49_L001_R1_001_fastqc.html
[2017-09-12 20:28:13,188] multiqc                                            [DEBUG  ]  Ignoring file as matched an ignore pattern: LALL-PD-KC2015-557-LH-LB-30d-HMC-16S_S51_L001_R2_001_fastqc.html
[2017-09-12 20:28:13,188] multiqc                                            [DEBUG  ]  Ignoring file as matched an ignore pattern: LALL-PD-KC2015-562-LB-30d-HMC-16S_S54_L001_R1_001_fastqc.html
[2017-09-12 20:28:13,189] multiqc                                            [DEBUG  ]  Ignoring file as matched an ignore pattern: LALL-PD-KC2015-576-LH-LB-92d-HMC-16S_S62_L001_R1_001.fastq.gz
[2017-09-12 20:28:13,189] multiqc                                            [DEBUG  ]  Ignoring file as matched an ignore pattern: LALL-PD-KC2015-582-LB-92d-HMC-16S_S66_L001_R1_001.fastq.gz
[2017-09-12 20:28:13,189] multiqc                                            [DEBUG  ]  Ignoring file as matched an ignore pattern: LALL-PD-KC2015-580-LB-92d-HMC-16S_S64_L001_R1_001_fastqc.html
[2017-09-12 20:28:13,189] multiqc                                            [DEBUG  ]  Ignoring file as matched an ignore pattern: LALL-PD-KC2015-526-Control-10d-HMC-16S_S32_L001_R1_001_fastqc.html
[2017-09-12 20:28:13,189] multiqc                                            [DEBUG  ]  Ignoring file as matched an ignore pattern: LALL-PD-KC2015-571-LH-92d-HMC-16S_S59_L001_R2_001.fastq.gz
[2017-09-12 20:28:13,190] multiqc                                            [DEBUG  ]  Ignoring file as matched an ignore pattern: LALL-PD-KC2015-532-LH-10d-HMC-16S_S36_L001_R1_001_fastqc.html
[2017-09-12 20:28:13,190] multiqc                                            [DEBUG  ]  Ignoring file as matched an ignore pattern: LALL-PD-KC2015-542-LB-10d-HMC-16S_S42_L001_R2_001.fastq.gz
[2017-09-12 20:28:13,190] multiqc                                            [DEBUG  ]  Ignoring file as matched an ignore pattern: LALL-PD-KC2015-535-LH-LB-10d-HMC-16S_S37_L001_R2_001_fastqc.html
[2017-09-12 20:28:13,418] multiqc.modules.custom_content.custom_content      [DEBUG  ]  No custom content found
[2017-09-12 20:28:13,421] multiqc.modules.conpair.conpair                    [DEBUG  ]  Could not find any reports in ('/home/mark/gitstage/uderica/nordqiime/15_Hil_HMC/Bacteria/16S',)
[2017-09-12 20:28:13,423] multiqc.modules.peddy.peddy                        [DEBUG  ]  Could not find any reports in ('/home/mark/gitstage/uderica/nordqiime/15_Hil_HMC/Bacteria/16S',)
[2017-09-12 20:28:13,426] multiqc.modules.methylQA.methylQA                  [DEBUG  ]  Could not find any reports in ('/home/mark/gitstage/uderica/nordqiime/15_Hil_HMC/Bacteria/16S',)
[2017-09-12 20:28:13,429] multiqc.modules.qualimap.QM_BamQC                  [DEBUG  ]  Using default Qualimap thresholds: 1, 5, 10, 30, 50
[2017-09-12 20:28:13,429] multiqc.modules.qualimap.qualimap                  [DEBUG  ]  Could not find any reports in ('/home/mark/gitstage/uderica/nordqiime/15_Hil_HMC/Bacteria/16S',)
[2017-09-12 20:28:13,431] multiqc.modules.preseq.preseq                      [DEBUG  ]  Could not find any preseq data in ('/home/mark/gitstage/uderica/nordqiime/15_Hil_HMC/Bacteria/16S',)
[2017-09-12 20:28:13,433] multiqc.modules.quast.quast                        [DEBUG  ]  Could not find any reports in ('/home/mark/gitstage/uderica/nordqiime/15_Hil_HMC/Bacteria/16S',)
[2017-09-12 20:28:13,435] multiqc.modules.qorts.qorts                        [DEBUG  ]  Could not find any QoRTs data in ('/home/mark/gitstage/uderica/nordqiime/15_Hil_HMC/Bacteria/16S',)
[2017-09-12 20:28:13,437] multiqc.modules.rna_seqc.rna_seqc                  [DEBUG  ]  Could not find any RNA-SeQC data in ('/home/mark/gitstage/uderica/nordqiime/15_Hil_HMC/Bacteria/16S',)
[2017-09-12 20:28:13,441] multiqc.modules.rseqc.rseqc                        [DEBUG  ]  Could not find any reports in ('/home/mark/gitstage/uderica/nordqiime/15_Hil_HMC/Bacteria/16S',)
[2017-09-12 20:28:13,443] multiqc.modules.busco.busco                        [DEBUG  ]  Could not find any reports in ('/home/mark/gitstage/uderica/nordqiime/15_Hil_HMC/Bacteria/16S',)
[2017-09-12 20:28:13,445] multiqc.modules.goleft_indexcov.goleft_indexcov    [DEBUG  ]  Did not find goleft indexcov outputs in ('/home/mark/gitstage/uderica/nordqiime/15_Hil_HMC/Bacteria/16S',)
[2017-09-12 20:28:13,447] multiqc.modules.disambiguate.disambiguate          [DEBUG  ]  Could not find any data in ('/home/mark/gitstage/uderica/nordqiime/15_Hil_HMC/Bacteria/16S',)
[2017-09-12 20:28:13,449] multiqc.modules.homer.homer                        [DEBUG  ]  Could not find any reports in ('/home/mark/gitstage/uderica/nordqiime/15_Hil_HMC/Bacteria/16S',)
[2017-09-12 20:28:13,451] multiqc.modules.macs2.macs2                        [DEBUG  ]  Could not find any MACS2 data in ('/home/mark/gitstage/uderica/nordqiime/15_Hil_HMC/Bacteria/16S',)
[2017-09-12 20:28:13,453] multiqc.modules.theta2.theta2                      [DEBUG  ]  Could not find any reports in ('/home/mark/gitstage/uderica/nordqiime/15_Hil_HMC/Bacteria/16S',)
[2017-09-12 20:28:13,455] multiqc.modules.snpeff.snpeff                      [DEBUG  ]  Could not find any data in ('/home/mark/gitstage/uderica/nordqiime/15_Hil_HMC/Bacteria/16S',)
[2017-09-12 20:28:13,458] multiqc.modules.gatk.gatk                          [DEBUG  ]  Could not find any reports in ('/home/mark/gitstage/uderica/nordqiime/15_Hil_HMC/Bacteria/16S',)
[2017-09-12 20:28:13,460] multiqc.modules.htseq.htseq                        [DEBUG  ]  Could not find any reports in ('/home/mark/gitstage/uderica/nordqiime/15_Hil_HMC/Bacteria/16S',)
[2017-09-12 20:28:13,462] multiqc.modules.bcftools.bcftools                  [DEBUG  ]  Could not find any reports in ('/home/mark/gitstage/uderica/nordqiime/15_Hil_HMC/Bacteria/16S',)
[2017-09-12 20:28:13,464] multiqc.modules.featureCounts.feature_counts       [DEBUG  ]  Could not find any reports in ('/home/mark/gitstage/uderica/nordqiime/15_Hil_HMC/Bacteria/16S',)
[2017-09-12 20:28:13,468] multiqc.modules.picard.picard                      [DEBUG  ]  Could not find any reports in ('/home/mark/gitstage/uderica/nordqiime/15_Hil_HMC/Bacteria/16S',)
[2017-09-12 20:28:13,470] multiqc.modules.prokka.prokka                      [DEBUG  ]  Could not find any Prokka data in ('/home/mark/gitstage/uderica/nordqiime/15_Hil_HMC/Bacteria/16S',)
[2017-09-12 20:28:13,472] multiqc.modules.samblaster.samblaster              [DEBUG  ]  Could not find any data in ('/home/mark/gitstage/uderica/nordqiime/15_Hil_HMC/Bacteria/16S',)
[2017-09-12 20:28:13,475] multiqc.modules.samtools.samtools                  [DEBUG  ]  Could not find any reports in ('/home/mark/gitstage/uderica/nordqiime/15_Hil_HMC/Bacteria/16S',)
[2017-09-12 20:28:13,477] multiqc.modules.bamtools.bamtools                  [DEBUG  ]  Could not find any reports in ('/home/mark/gitstage/uderica/nordqiime/15_Hil_HMC/Bacteria/16S',)
[2017-09-12 20:28:13,479] multiqc.modules.jellyfish.jellyfish                [DEBUG  ]  Could not find any data in ('/home/mark/gitstage/uderica/nordqiime/15_Hil_HMC/Bacteria/16S',)
[2017-09-12 20:28:13,482] multiqc.modules.bismark.bismark                    [DEBUG  ]  Could not find any reports in ('/home/mark/gitstage/uderica/nordqiime/15_Hil_HMC/Bacteria/16S',)
[2017-09-12 20:28:13,484] multiqc.modules.hicup.hicup                        [DEBUG  ]  Could not find any HiCUP data in ('/home/mark/gitstage/uderica/nordqiime/15_Hil_HMC/Bacteria/16S',)
[2017-09-12 20:28:13,486] multiqc.modules.salmon.salmon                      [DEBUG  ]  Could not find any Salmon data in ('/home/mark/gitstage/uderica/nordqiime/15_Hil_HMC/Bacteria/16S',)
[2017-09-12 20:28:13,488] multiqc.modules.kallisto.kallisto                  [DEBUG  ]  Could not find any reports in ('/home/mark/gitstage/uderica/nordqiime/15_Hil_HMC/Bacteria/16S',)
[2017-09-12 20:28:13,490] multiqc.modules.slamdunk.slamdunk                  [DEBUG  ]  No slamdunk reports found.
[2017-09-12 20:28:13,492] multiqc.modules.star.star                          [DEBUG  ]  Could not find any reports in ('/home/mark/gitstage/uderica/nordqiime/15_Hil_HMC/Bacteria/16S',)
[2017-09-12 20:28:13,494] multiqc.modules.hisat2.hisat2                      [DEBUG  ]  Could not find any reports in ('/home/mark/gitstage/uderica/nordqiime/15_Hil_HMC/Bacteria/16S',)
[2017-09-12 20:28:13,496] multiqc.modules.tophat.tophat                      [DEBUG  ]  Could not find any reports in ('/home/mark/gitstage/uderica/nordqiime/15_Hil_HMC/Bacteria/16S',)
[2017-09-12 20:28:13,498] multiqc.modules.bowtie2.bowtie2                    [DEBUG  ]  Could not find any reports in ('/home/mark/gitstage/uderica/nordqiime/15_Hil_HMC/Bacteria/16S',)
[2017-09-12 20:28:13,500] multiqc.modules.bowtie1.bowtie1                    [DEBUG  ]  Could not find any reports in ('/home/mark/gitstage/uderica/nordqiime/15_Hil_HMC/Bacteria/16S',)
[2017-09-12 20:28:13,502] multiqc.modules.adapterRemoval.adapterRemoval      [DEBUG  ]  Could not find any reports in ('/home/mark/gitstage/uderica/nordqiime/15_Hil_HMC/Bacteria/16S',)
[2017-09-12 20:28:13,504] multiqc.modules.cutadapt.cutadapt                  [DEBUG  ]  Could not find any reports in ('/home/mark/gitstage/uderica/nordqiime/15_Hil_HMC/Bacteria/16S',)
[2017-09-12 20:28:13,506] multiqc.modules.flexbar.flexbar                    [DEBUG  ]  Could not find any Flexbar data in ('/home/mark/gitstage/uderica/nordqiime/15_Hil_HMC/Bacteria/16S',)
[2017-09-12 20:28:13,508] multiqc.modules.trimmomatic.trimmomatic            [DEBUG  ]  Could not find any Trimmomatic data in ('/home/mark/gitstage/uderica/nordqiime/15_Hil_HMC/Bacteria/16S',)
[2017-09-12 20:28:13,510] multiqc.modules.skewer.skewer                      [DEBUG  ]  Could not find any data in ('/home/mark/gitstage/uderica/nordqiime/15_Hil_HMC/Bacteria/16S',)
[2017-09-12 20:28:13,513] multiqc.modules.sortmerna.sortmerna                [DEBUG  ]  Could not find any SortMeRNA data in ('/home/mark/gitstage/uderica/nordqiime/15_Hil_HMC/Bacteria/16S',)
[2017-09-12 20:28:13,515] multiqc.modules.biobloomtools.biobloomtools        [DEBUG  ]  Could not find any reports in ('/home/mark/gitstage/uderica/nordqiime/15_Hil_HMC/Bacteria/16S',)
[2017-09-12 20:28:13,517] multiqc.modules.fastq_screen.fastq_screen          [DEBUG  ]  Could not find any reports in ('/home/mark/gitstage/uderica/nordqiime/15_Hil_HMC/Bacteria/16S',)
[2017-09-12 20:28:16,634] multiqc.modules.fastqc.fastqc                      [INFO   ]  Found 78 reports
[2017-09-12 20:28:22,345] multiqc.modules.clusterflow.clusterflow            [DEBUG  ]  Could not find any reports in ('/home/mark/gitstage/uderica/nordqiime/15_Hil_HMC/Bacteria/16S',)
[2017-09-12 20:28:22,454] multiqc                                            [INFO   ]  Compressing plot data
[2017-09-12 20:28:27,213] multiqc                                            [INFO   ]  Report      : 15_Hil_HMC/Bacteria/16S/multiqc_report.html
[2017-09-12 20:28:27,213] multiqc                                            [INFO   ]  Data        : 15_Hil_HMC/Bacteria/16S/multiqc_data
[2017-09-12 20:28:27,215] multiqc                                            [DEBUG  ]  Moving data file from '/tmp/tmpb7jjwd/multiqc_data/multiqc_general_stats.txt' to '/home/mark/gitstage/uderica/nordqiime/15_Hil_HMC/Bacteria/16S/multiqc_data'
[2017-09-12 20:28:27,215] multiqc                                            [DEBUG  ]  Moving data file from '/tmp/tmpb7jjwd/multiqc_data/multiqc_sources.txt' to '/home/mark/gitstage/uderica/nordqiime/15_Hil_HMC/Bacteria/16S/multiqc_data'
[2017-09-12 20:28:27,216] multiqc                                            [DEBUG  ]  Moving data file from '/tmp/tmpb7jjwd/multiqc_data/multiqc_fastqc.txt' to '/home/mark/gitstage/uderica/nordqiime/15_Hil_HMC/Bacteria/16S/multiqc_data'
[2017-09-12 20:28:27,340] multiqc                                            [INFO   ]  MultiQC complete
