[2017-09-02 09:16:09,947] multiqc                                            [DEBUG  ]  No MultiQC config found: /usr/local/lib/python2.7/dist-packages/multiqc_config.yaml
[2017-09-02 09:16:09,947] multiqc                                            [DEBUG  ]  No MultiQC config found: /home/mark/.multiqc_config.yaml
[2017-09-02 09:16:09,947] multiqc                                            [DEBUG  ]  Loading config settings from: multiqc_config.yaml
[2017-09-02 09:16:09,948] multiqc                                            [DEBUG  ]  New config 'read_count_prefix': K
[2017-09-02 09:16:09,948] multiqc                                            [DEBUG  ]  New config 'read_count_multiplier': 0.001
[2017-09-02 09:16:09,948] multiqc                                            [DEBUG  ]  New config 'read_count_desc': thousands
[2017-09-02 09:16:09,948] multiqc                                            [DEBUG  ]  Loading config settings from: /home/mark/gitstage/uderica/silage/multiqc_config.yaml
[2017-09-02 09:16:09,949] multiqc                                            [DEBUG  ]  New config 'read_count_prefix': K
[2017-09-02 09:16:09,949] multiqc                                            [DEBUG  ]  New config 'read_count_multiplier': 0.001
[2017-09-02 09:16:09,949] multiqc                                            [DEBUG  ]  New config 'read_count_desc': thousands
[2017-09-02 09:16:09,949] multiqc                                            [DEBUG  ]  Command used: /usr/local/bin/multiqc --config /home/mark/gitstage/uderica/silage/multiqc_config.yaml /home/mark/gitstage/uderica/silage/LalStress/Fungi/raw_data_fungi/fastqc -o /home/mark/gitstage/uderica/silage/LalStress/Fungi/raw_data_fungi/multiqc
[2017-09-02 09:16:10,475] multiqc                                            [WARNING]  MultiQC Version v1.2 now available!
[2017-09-02 09:16:10,475] multiqc                                            [INFO   ]  This is MultiQC v1.1
[2017-09-02 09:16:10,475] multiqc                                            [DEBUG  ]  Command     : /usr/local/bin/multiqc --config /home/mark/gitstage/uderica/silage/multiqc_config.yaml /home/mark/gitstage/uderica/silage/LalStress/Fungi/raw_data_fungi/fastqc -o /home/mark/gitstage/uderica/silage/LalStress/Fungi/raw_data_fungi/multiqc
[2017-09-02 09:16:10,475] multiqc                                            [DEBUG  ]  Working dir : /home/mark/gitstage/uderica/silage
[2017-09-02 09:16:10,476] multiqc                                            [INFO   ]  Template    : default
[2017-09-02 09:16:10,476] multiqc                                            [INFO   ]  Searching '/home/mark/gitstage/uderica/silage/LalStress/Fungi/raw_data_fungi/fastqc'
[2017-09-02 09:16:10,477] multiqc                                            [DEBUG  ]  Analysing modules: custom_content, conpair, peddy, methylQA, qualimap, preseq, quast, qorts, rna_seqc, rseqc, busco, goleft_indexcov, disambiguate, homer, macs2, theta2, snpeff, gatk, htseq, bcftools, featureCounts, picard, prokka, samblaster, samtools, bamtools, jellyfish, bismark, hicup, salmon, kallisto, slamdunk, star, hisat2, tophat, bowtie2, bowtie1, adapterRemoval, cutadapt, flexbar, trimmomatic, skewer, sortmerna, biobloomtools, fastq_screen, fastqc, clusterflow
[2017-09-02 09:16:10,477] multiqc                                            [DEBUG  ]  Using temporary directory for creating report: /tmp/tmpu4wRxR
[2017-09-02 09:16:10,508] multiqc                                            [DEBUG  ]  Ignoring file as matched an ignore pattern: 5101-147-MSITS2a_R1_fastqc.html
[2017-09-02 09:16:10,517] multiqc                                            [DEBUG  ]  Ignoring file as matched an ignore pattern: 5101-161-MSITS2a_R2_fastqc.html
[2017-09-02 09:16:10,517] multiqc                                            [DEBUG  ]  Ignoring file as matched an ignore pattern: 5101-158-MSITS2a_R2_fastqc.html
[2017-09-02 09:16:10,517] multiqc                                            [DEBUG  ]  Ignoring file as matched an ignore pattern: 5101-173-MSITS2a_R2_fastqc.html
[2017-09-02 09:16:10,517] multiqc                                            [DEBUG  ]  Ignoring file as matched an ignore pattern: 5101-177-MSITS2a_R1_fastqc.html
[2017-09-02 09:16:10,518] multiqc                                            [DEBUG  ]  Ignoring file as matched an ignore pattern: 5101-146-MSITS2a_R2_fastqc.html
[2017-09-02 09:16:10,518] multiqc                                            [DEBUG  ]  Ignoring file as matched an ignore pattern: 5101-172-MSITS2a_R2_fastqc.html
[2017-09-02 09:16:10,518] multiqc                                            [DEBUG  ]  Ignoring file as matched an ignore pattern: 5101-160-MSITS2a_R2_fastqc.html
[2017-09-02 09:16:10,518] multiqc                                            [DEBUG  ]  Ignoring file as matched an ignore pattern: 5101-167-MSITS2a_R1_fastqc.html
[2017-09-02 09:16:10,520] multiqc                                            [DEBUG  ]  Ignoring file as matched an ignore pattern: 5101-155-MSITS2a_R1_fastqc.html
[2017-09-02 09:16:10,520] multiqc                                            [DEBUG  ]  Ignoring file as matched an ignore pattern: 5101-163-MSITS2a_R1_fastqc.html
[2017-09-02 09:16:10,520] multiqc                                            [DEBUG  ]  Ignoring file as matched an ignore pattern: 5101-178-MSITS2a_R1_fastqc.html
[2017-09-02 09:16:10,520] multiqc                                            [DEBUG  ]  Ignoring file as matched an ignore pattern: 5101-167-MSITS2a_R2_fastqc.html
[2017-09-02 09:16:10,521] multiqc                                            [DEBUG  ]  Ignoring file as matched an ignore pattern: 5101-171-MSITS2a_R2_fastqc.html
[2017-09-02 09:16:10,521] multiqc                                            [DEBUG  ]  Ignoring file as matched an ignore pattern: 5101-156-MSITS2a_R2_fastqc.html
[2017-09-02 09:16:10,521] multiqc                                            [DEBUG  ]  Ignoring file as matched an ignore pattern: 5101-175-MSITS2a_R1_fastqc.html
[2017-09-02 09:16:10,521] multiqc                                            [DEBUG  ]  Ignoring file as matched an ignore pattern: 5101-176-MSITS2a_R2_fastqc.html
[2017-09-02 09:16:10,521] multiqc                                            [DEBUG  ]  Ignoring file as matched an ignore pattern: 5101-162-MSITS2a_R1_fastqc.html
[2017-09-02 09:16:10,522] multiqc                                            [DEBUG  ]  Ignoring file as matched an ignore pattern: 5101-165-MSITS2a_R2_fastqc.html
[2017-09-02 09:16:10,524] multiqc                                            [DEBUG  ]  Ignoring file as matched an ignore pattern: 5101-151-MSITS2a_R2_fastqc.html
[2017-09-02 09:16:10,527] multiqc                                            [DEBUG  ]  Ignoring file as matched an ignore pattern: 5101-166-MSITS2a_R1_fastqc.html
[2017-09-02 09:16:10,527] multiqc                                            [DEBUG  ]  Ignoring file as matched an ignore pattern: 5101-153-MSITS2a_R1_fastqc.html
[2017-09-02 09:16:10,527] multiqc                                            [DEBUG  ]  Ignoring file as matched an ignore pattern: 5101-147-MSITS2a_R2_fastqc.html
[2017-09-02 09:16:10,528] multiqc                                            [DEBUG  ]  Ignoring file as matched an ignore pattern: 5101-170-MSITS2a_R1_fastqc.html
[2017-09-02 09:16:10,528] multiqc                                            [DEBUG  ]  Ignoring file as matched an ignore pattern: 5101-171-MSITS2a_R1_fastqc.html
[2017-09-02 09:16:10,529] multiqc                                            [DEBUG  ]  Ignoring file as matched an ignore pattern: 5101-148-MSITS2a_R2_fastqc.html
[2017-09-02 09:16:10,529] multiqc                                            [DEBUG  ]  Ignoring file as matched an ignore pattern: 5101-165-MSITS2a_R1_fastqc.html
[2017-09-02 09:16:10,529] multiqc                                            [DEBUG  ]  Ignoring file as matched an ignore pattern: 5101-178-MSITS2a_R2_fastqc.html
[2017-09-02 09:16:10,529] multiqc                                            [DEBUG  ]  Ignoring file as matched an ignore pattern: 5101-177-MSITS2a_R2_fastqc.html
[2017-09-02 09:16:10,529] multiqc                                            [DEBUG  ]  Ignoring file as matched an ignore pattern: 5101-175-MSITS2a_R2_fastqc.html
[2017-09-02 09:16:10,529] multiqc                                            [DEBUG  ]  Ignoring file as matched an ignore pattern: 5101-161-MSITS2a_R1_fastqc.html
[2017-09-02 09:16:10,531] multiqc                                            [DEBUG  ]  Ignoring file as matched an ignore pattern: 5101-163-MSITS2a_R2_fastqc.html
[2017-09-02 09:16:10,532] multiqc                                            [DEBUG  ]  Ignoring file as matched an ignore pattern: 5101-170-MSITS2a_R2_fastqc.html
[2017-09-02 09:16:10,532] multiqc                                            [DEBUG  ]  Ignoring file as matched an ignore pattern: 5101-153-MSITS2a_R2_fastqc.html
[2017-09-02 09:16:10,532] multiqc                                            [DEBUG  ]  Ignoring file as matched an ignore pattern: 5101-145-MSITS2a_R1_fastqc.html
[2017-09-02 09:16:10,532] multiqc                                            [DEBUG  ]  Ignoring file as matched an ignore pattern: 5101-157-MSITS2a_R2_fastqc.html
[2017-09-02 09:16:10,533] multiqc                                            [DEBUG  ]  Ignoring file as matched an ignore pattern: 5101-168-MSITS2a_R2_fastqc.html
[2017-09-02 09:16:10,533] multiqc                                            [DEBUG  ]  Ignoring file as matched an ignore pattern: 5101-155-MSITS2a_R2_fastqc.html
[2017-09-02 09:16:10,533] multiqc                                            [DEBUG  ]  Ignoring file as matched an ignore pattern: 5101-158-MSITS2a_R1_fastqc.html
[2017-09-02 09:16:10,534] multiqc                                            [DEBUG  ]  Ignoring file as matched an ignore pattern: 5101-146-MSITS2a_R1_fastqc.html
[2017-09-02 09:16:10,534] multiqc                                            [DEBUG  ]  Ignoring file as matched an ignore pattern: 5101-168-MSITS2a_R1_fastqc.html
[2017-09-02 09:16:10,535] multiqc                                            [DEBUG  ]  Ignoring file as matched an ignore pattern: 5101-160-MSITS2a_R1_fastqc.html
[2017-09-02 09:16:10,535] multiqc                                            [DEBUG  ]  Ignoring file as matched an ignore pattern: 5101-172-MSITS2a_R1_fastqc.html
[2017-09-02 09:16:10,535] multiqc                                            [DEBUG  ]  Ignoring file as matched an ignore pattern: 5101-166-MSITS2a_R2_fastqc.html
[2017-09-02 09:16:10,535] multiqc                                            [DEBUG  ]  Ignoring file as matched an ignore pattern: 5101-152-MSITS2a_R2_fastqc.html
[2017-09-02 09:16:10,536] multiqc                                            [DEBUG  ]  Ignoring file as matched an ignore pattern: 5101-157-MSITS2a_R1_fastqc.html
[2017-09-02 09:16:10,536] multiqc                                            [DEBUG  ]  Ignoring file as matched an ignore pattern: 5101-176-MSITS2a_R1_fastqc.html
[2017-09-02 09:16:10,536] multiqc                                            [DEBUG  ]  Ignoring file as matched an ignore pattern: 5101-148-MSITS2a_R1_fastqc.html
[2017-09-02 09:16:10,536] multiqc                                            [DEBUG  ]  Ignoring file as matched an ignore pattern: 5101-173-MSITS2a_R1_fastqc.html
[2017-09-02 09:16:10,536] multiqc                                            [DEBUG  ]  Ignoring file as matched an ignore pattern: 5101-156-MSITS2a_R1_fastqc.html
[2017-09-02 09:16:10,537] multiqc                                            [DEBUG  ]  Ignoring file as matched an ignore pattern: 5101-151-MSITS2a_R1_fastqc.html
[2017-09-02 09:16:10,537] multiqc                                            [DEBUG  ]  Ignoring file as matched an ignore pattern: 5101-152-MSITS2a_R1_fastqc.html
[2017-09-02 09:16:10,538] multiqc                                            [DEBUG  ]  Ignoring file as matched an ignore pattern: 5101-162-MSITS2a_R2_fastqc.html
[2017-09-02 09:16:10,539] multiqc                                            [DEBUG  ]  Ignoring file as matched an ignore pattern: 5101-150-MSITS2a_R1_fastqc.html
[2017-09-02 09:16:10,539] multiqc                                            [DEBUG  ]  Ignoring file as matched an ignore pattern: 5101-150-MSITS2a_R2_fastqc.html
[2017-09-02 09:16:10,540] multiqc                                            [DEBUG  ]  Ignoring file as matched an ignore pattern: 5101-145-MSITS2a_R2_fastqc.html
[2017-09-02 09:16:10,685] multiqc.modules.custom_content.custom_content      [DEBUG  ]  No custom content found
[2017-09-02 09:16:10,687] multiqc.modules.conpair.conpair                    [DEBUG  ]  Could not find any reports in ('/home/mark/gitstage/uderica/silage/LalStress/Fungi/raw_data_fungi/fastqc',)
[2017-09-02 09:16:10,688] multiqc.modules.peddy.peddy                        [DEBUG  ]  Could not find any reports in ('/home/mark/gitstage/uderica/silage/LalStress/Fungi/raw_data_fungi/fastqc',)
[2017-09-02 09:16:10,690] multiqc.modules.methylQA.methylQA                  [DEBUG  ]  Could not find any reports in ('/home/mark/gitstage/uderica/silage/LalStress/Fungi/raw_data_fungi/fastqc',)
[2017-09-02 09:16:10,691] multiqc.modules.qualimap.QM_BamQC                  [DEBUG  ]  Using default Qualimap thresholds: 1, 5, 10, 30, 50
[2017-09-02 09:16:10,691] multiqc.modules.qualimap.qualimap                  [DEBUG  ]  Could not find any reports in ('/home/mark/gitstage/uderica/silage/LalStress/Fungi/raw_data_fungi/fastqc',)
[2017-09-02 09:16:10,693] multiqc.modules.preseq.preseq                      [DEBUG  ]  Could not find any preseq data in ('/home/mark/gitstage/uderica/silage/LalStress/Fungi/raw_data_fungi/fastqc',)
[2017-09-02 09:16:10,694] multiqc.modules.quast.quast                        [DEBUG  ]  Could not find any reports in ('/home/mark/gitstage/uderica/silage/LalStress/Fungi/raw_data_fungi/fastqc',)
[2017-09-02 09:16:10,695] multiqc.modules.qorts.qorts                        [DEBUG  ]  Could not find any QoRTs data in ('/home/mark/gitstage/uderica/silage/LalStress/Fungi/raw_data_fungi/fastqc',)
[2017-09-02 09:16:10,697] multiqc.modules.rna_seqc.rna_seqc                  [DEBUG  ]  Could not find any RNA-SeQC data in ('/home/mark/gitstage/uderica/silage/LalStress/Fungi/raw_data_fungi/fastqc',)
[2017-09-02 09:16:10,699] multiqc.modules.rseqc.rseqc                        [DEBUG  ]  Could not find any reports in ('/home/mark/gitstage/uderica/silage/LalStress/Fungi/raw_data_fungi/fastqc',)
[2017-09-02 09:16:10,700] multiqc.modules.busco.busco                        [DEBUG  ]  Could not find any reports in ('/home/mark/gitstage/uderica/silage/LalStress/Fungi/raw_data_fungi/fastqc',)
[2017-09-02 09:16:10,701] multiqc.modules.goleft_indexcov.goleft_indexcov    [DEBUG  ]  Did not find goleft indexcov outputs in ('/home/mark/gitstage/uderica/silage/LalStress/Fungi/raw_data_fungi/fastqc',)
[2017-09-02 09:16:10,703] multiqc.modules.disambiguate.disambiguate          [DEBUG  ]  Could not find any data in ('/home/mark/gitstage/uderica/silage/LalStress/Fungi/raw_data_fungi/fastqc',)
[2017-09-02 09:16:10,704] multiqc.modules.homer.homer                        [DEBUG  ]  Could not find any reports in ('/home/mark/gitstage/uderica/silage/LalStress/Fungi/raw_data_fungi/fastqc',)
[2017-09-02 09:16:10,705] multiqc.modules.macs2.macs2                        [DEBUG  ]  Could not find any MACS2 data in ('/home/mark/gitstage/uderica/silage/LalStress/Fungi/raw_data_fungi/fastqc',)
[2017-09-02 09:16:10,707] multiqc.modules.theta2.theta2                      [DEBUG  ]  Could not find any reports in ('/home/mark/gitstage/uderica/silage/LalStress/Fungi/raw_data_fungi/fastqc',)
[2017-09-02 09:16:10,708] multiqc.modules.snpeff.snpeff                      [DEBUG  ]  Could not find any data in ('/home/mark/gitstage/uderica/silage/LalStress/Fungi/raw_data_fungi/fastqc',)
[2017-09-02 09:16:10,709] multiqc.modules.gatk.gatk                          [DEBUG  ]  Could not find any reports in ('/home/mark/gitstage/uderica/silage/LalStress/Fungi/raw_data_fungi/fastqc',)
[2017-09-02 09:16:10,711] multiqc.modules.htseq.htseq                        [DEBUG  ]  Could not find any reports in ('/home/mark/gitstage/uderica/silage/LalStress/Fungi/raw_data_fungi/fastqc',)
[2017-09-02 09:16:10,712] multiqc.modules.bcftools.bcftools                  [DEBUG  ]  Could not find any reports in ('/home/mark/gitstage/uderica/silage/LalStress/Fungi/raw_data_fungi/fastqc',)
[2017-09-02 09:16:10,713] multiqc.modules.featureCounts.feature_counts       [DEBUG  ]  Could not find any reports in ('/home/mark/gitstage/uderica/silage/LalStress/Fungi/raw_data_fungi/fastqc',)
[2017-09-02 09:16:10,716] multiqc.modules.picard.picard                      [DEBUG  ]  Could not find any reports in ('/home/mark/gitstage/uderica/silage/LalStress/Fungi/raw_data_fungi/fastqc',)
[2017-09-02 09:16:10,717] multiqc.modules.prokka.prokka                      [DEBUG  ]  Could not find any Prokka data in ('/home/mark/gitstage/uderica/silage/LalStress/Fungi/raw_data_fungi/fastqc',)
[2017-09-02 09:16:10,718] multiqc.modules.samblaster.samblaster              [DEBUG  ]  Could not find any data in ('/home/mark/gitstage/uderica/silage/LalStress/Fungi/raw_data_fungi/fastqc',)
[2017-09-02 09:16:10,720] multiqc.modules.samtools.samtools                  [DEBUG  ]  Could not find any reports in ('/home/mark/gitstage/uderica/silage/LalStress/Fungi/raw_data_fungi/fastqc',)
[2017-09-02 09:16:10,721] multiqc.modules.bamtools.bamtools                  [DEBUG  ]  Could not find any reports in ('/home/mark/gitstage/uderica/silage/LalStress/Fungi/raw_data_fungi/fastqc',)
[2017-09-02 09:16:10,723] multiqc.modules.jellyfish.jellyfish                [DEBUG  ]  Could not find any data in ('/home/mark/gitstage/uderica/silage/LalStress/Fungi/raw_data_fungi/fastqc',)
[2017-09-02 09:16:10,724] multiqc.modules.bismark.bismark                    [DEBUG  ]  Could not find any reports in ('/home/mark/gitstage/uderica/silage/LalStress/Fungi/raw_data_fungi/fastqc',)
[2017-09-02 09:16:10,725] multiqc.modules.hicup.hicup                        [DEBUG  ]  Could not find any HiCUP data in ('/home/mark/gitstage/uderica/silage/LalStress/Fungi/raw_data_fungi/fastqc',)
[2017-09-02 09:16:10,727] multiqc.modules.salmon.salmon                      [DEBUG  ]  Could not find any Salmon data in ('/home/mark/gitstage/uderica/silage/LalStress/Fungi/raw_data_fungi/fastqc',)
[2017-09-02 09:16:10,728] multiqc.modules.kallisto.kallisto                  [DEBUG  ]  Could not find any reports in ('/home/mark/gitstage/uderica/silage/LalStress/Fungi/raw_data_fungi/fastqc',)
[2017-09-02 09:16:10,729] multiqc.modules.slamdunk.slamdunk                  [DEBUG  ]  No slamdunk reports found.
[2017-09-02 09:16:10,731] multiqc.modules.star.star                          [DEBUG  ]  Could not find any reports in ('/home/mark/gitstage/uderica/silage/LalStress/Fungi/raw_data_fungi/fastqc',)
[2017-09-02 09:16:10,732] multiqc.modules.hisat2.hisat2                      [DEBUG  ]  Could not find any reports in ('/home/mark/gitstage/uderica/silage/LalStress/Fungi/raw_data_fungi/fastqc',)
[2017-09-02 09:16:10,733] multiqc.modules.tophat.tophat                      [DEBUG  ]  Could not find any reports in ('/home/mark/gitstage/uderica/silage/LalStress/Fungi/raw_data_fungi/fastqc',)
[2017-09-02 09:16:10,735] multiqc.modules.bowtie2.bowtie2                    [DEBUG  ]  Could not find any reports in ('/home/mark/gitstage/uderica/silage/LalStress/Fungi/raw_data_fungi/fastqc',)
[2017-09-02 09:16:10,736] multiqc.modules.bowtie1.bowtie1                    [DEBUG  ]  Could not find any reports in ('/home/mark/gitstage/uderica/silage/LalStress/Fungi/raw_data_fungi/fastqc',)
[2017-09-02 09:16:10,737] multiqc.modules.adapterRemoval.adapterRemoval      [DEBUG  ]  Could not find any reports in ('/home/mark/gitstage/uderica/silage/LalStress/Fungi/raw_data_fungi/fastqc',)
[2017-09-02 09:16:10,739] multiqc.modules.cutadapt.cutadapt                  [DEBUG  ]  Could not find any reports in ('/home/mark/gitstage/uderica/silage/LalStress/Fungi/raw_data_fungi/fastqc',)
[2017-09-02 09:16:10,740] multiqc.modules.flexbar.flexbar                    [DEBUG  ]  Could not find any Flexbar data in ('/home/mark/gitstage/uderica/silage/LalStress/Fungi/raw_data_fungi/fastqc',)
[2017-09-02 09:16:10,741] multiqc.modules.trimmomatic.trimmomatic            [DEBUG  ]  Could not find any Trimmomatic data in ('/home/mark/gitstage/uderica/silage/LalStress/Fungi/raw_data_fungi/fastqc',)
[2017-09-02 09:16:10,743] multiqc.modules.skewer.skewer                      [DEBUG  ]  Could not find any data in ('/home/mark/gitstage/uderica/silage/LalStress/Fungi/raw_data_fungi/fastqc',)
[2017-09-02 09:16:10,744] multiqc.modules.sortmerna.sortmerna                [DEBUG  ]  Could not find any SortMeRNA data in ('/home/mark/gitstage/uderica/silage/LalStress/Fungi/raw_data_fungi/fastqc',)
[2017-09-02 09:16:10,746] multiqc.modules.biobloomtools.biobloomtools        [DEBUG  ]  Could not find any reports in ('/home/mark/gitstage/uderica/silage/LalStress/Fungi/raw_data_fungi/fastqc',)
[2017-09-02 09:16:10,747] multiqc.modules.fastq_screen.fastq_screen          [DEBUG  ]  Could not find any reports in ('/home/mark/gitstage/uderica/silage/LalStress/Fungi/raw_data_fungi/fastqc',)
[2017-09-02 09:16:13,546] multiqc.modules.fastqc.fastqc                      [INFO   ]  Found 56 reports
[2017-09-02 09:16:17,514] multiqc.modules.clusterflow.clusterflow            [DEBUG  ]  Could not find any reports in ('/home/mark/gitstage/uderica/silage/LalStress/Fungi/raw_data_fungi/fastqc',)
[2017-09-02 09:16:17,580] multiqc                                            [INFO   ]  Compressing plot data
[2017-09-02 09:16:21,054] multiqc                                            [INFO   ]  Report      : LalStress/Fungi/raw_data_fungi/multiqc/multiqc_report.html
[2017-09-02 09:16:21,054] multiqc                                            [INFO   ]  Data        : LalStress/Fungi/raw_data_fungi/multiqc/multiqc_data
[2017-09-02 09:16:21,054] multiqc                                            [DEBUG  ]  Moving data file from '/tmp/tmpu4wRxR/multiqc_data/multiqc_general_stats.txt' to '/home/mark/gitstage/uderica/silage/LalStress/Fungi/raw_data_fungi/multiqc/multiqc_data'
[2017-09-02 09:16:21,054] multiqc                                            [DEBUG  ]  Moving data file from '/tmp/tmpu4wRxR/multiqc_data/multiqc_sources.txt' to '/home/mark/gitstage/uderica/silage/LalStress/Fungi/raw_data_fungi/multiqc/multiqc_data'
[2017-09-02 09:16:21,054] multiqc                                            [DEBUG  ]  Moving data file from '/tmp/tmpu4wRxR/multiqc_data/multiqc_fastqc.txt' to '/home/mark/gitstage/uderica/silage/LalStress/Fungi/raw_data_fungi/multiqc/multiqc_data'
[2017-09-02 09:16:21,161] multiqc                                            [INFO   ]  MultiQC complete
