[2017-08-27 22:40:16,171] multiqc                                            [DEBUG  ]  No MultiQC config found: /usr/local/lib/python2.7/dist-packages/multiqc_config.yaml
[2017-08-27 22:40:16,171] multiqc                                            [DEBUG  ]  No MultiQC config found: /home/mark/.multiqc_config.yaml
[2017-08-27 22:40:16,171] multiqc                                            [DEBUG  ]  No MultiQC config found: multiqc_config.yaml
[2017-08-27 22:40:16,171] multiqc                                            [DEBUG  ]  Command used: /usr/local/bin/multiqc /home/mark/gitstage/uderica/silage/understudy/Bacteria/raw_data_bacteria/fastqc -o /home/mark/gitstage/uderica/silage/understudy/Bacteria/raw_data_bacteria/multiqc
[2017-08-27 22:40:16,963] multiqc                                            [WARNING]  MultiQC Version v1.2 now available!
[2017-08-27 22:40:16,963] multiqc                                            [INFO   ]  This is MultiQC v1.1
[2017-08-27 22:40:16,963] multiqc                                            [DEBUG  ]  Command     : /usr/local/bin/multiqc /home/mark/gitstage/uderica/silage/understudy/Bacteria/raw_data_bacteria/fastqc -o /home/mark/gitstage/uderica/silage/understudy/Bacteria/raw_data_bacteria/multiqc
[2017-08-27 22:40:16,963] multiqc                                            [DEBUG  ]  Working dir : /home/mark
[2017-08-27 22:40:16,963] multiqc                                            [INFO   ]  Template    : default
[2017-08-27 22:40:16,963] multiqc                                            [INFO   ]  Searching '/home/mark/gitstage/uderica/silage/understudy/Bacteria/raw_data_bacteria/fastqc'
[2017-08-27 22:40:16,964] multiqc                                            [DEBUG  ]  Analysing modules: custom_content, conpair, peddy, methylQA, qualimap, preseq, quast, qorts, rna_seqc, rseqc, busco, goleft_indexcov, disambiguate, homer, macs2, theta2, snpeff, gatk, htseq, bcftools, featureCounts, picard, prokka, samblaster, samtools, bamtools, jellyfish, bismark, hicup, salmon, kallisto, slamdunk, star, hisat2, tophat, bowtie2, bowtie1, adapterRemoval, cutadapt, flexbar, trimmomatic, skewer, sortmerna, biobloomtools, fastq_screen, fastqc, clusterflow
[2017-08-27 22:40:16,964] multiqc                                            [DEBUG  ]  Using temporary directory for creating report: /tmp/tmpUbKvg7
[2017-08-27 22:40:17,000] multiqc                                            [DEBUG  ]  Ignoring file as matched an ignore pattern: 5101-146-MS515F-926R_R1_fastqc.html
[2017-08-27 22:40:17,001] multiqc                                            [DEBUG  ]  Ignoring file as matched an ignore pattern: 5101-175-MS515F-926R_R2_fastqc.html
[2017-08-27 22:40:17,001] multiqc                                            [DEBUG  ]  Ignoring file as matched an ignore pattern: 5101-166-MS515F-926R_R2_fastqc.html
[2017-08-27 22:40:17,001] multiqc                                            [DEBUG  ]  Ignoring file as matched an ignore pattern: 5101-155-MS515F-926R_R2_fastqc.html
[2017-08-27 22:40:17,002] multiqc                                            [DEBUG  ]  Ignoring file as matched an ignore pattern: 5101-177-MS515F-926R_R1_fastqc.html
[2017-08-27 22:40:17,002] multiqc                                            [DEBUG  ]  Ignoring file as matched an ignore pattern: 5101-173-MS515F-926R_R1_fastqc.html
[2017-08-27 22:40:17,002] multiqc                                            [DEBUG  ]  Ignoring file as matched an ignore pattern: 5101-158-MS515F-926R_R2_fastqc.html
[2017-08-27 22:40:17,002] multiqc                                            [DEBUG  ]  Ignoring file as matched an ignore pattern: 5101-153-MS515F-926R_R1_fastqc.html
[2017-08-27 22:40:17,002] multiqc                                            [DEBUG  ]  Ignoring file as matched an ignore pattern: 5101-173-MS515F-926R_R2_fastqc.html
[2017-08-27 22:40:17,002] multiqc                                            [DEBUG  ]  Ignoring file as matched an ignore pattern: 5101-162-MS515F-926R_R2_fastqc.html
[2017-08-27 22:40:17,002] multiqc                                            [DEBUG  ]  Ignoring file as matched an ignore pattern: 5101-171-MS515F-926R_R1_fastqc.html
[2017-08-27 22:40:17,003] multiqc                                            [DEBUG  ]  Ignoring file as matched an ignore pattern: 5101-148-MS515F-926R_R2_fastqc.html
[2017-08-27 22:40:17,003] multiqc                                            [DEBUG  ]  Ignoring file as matched an ignore pattern: 5101-156-MS515F-926R_R2_fastqc.html
[2017-08-27 22:40:17,003] multiqc                                            [DEBUG  ]  Ignoring file as matched an ignore pattern: 5101-155-MS515F-926R_R1_fastqc.html
[2017-08-27 22:40:17,003] multiqc                                            [DEBUG  ]  Ignoring file as matched an ignore pattern: 5101-153-MS515F-926R_R2_fastqc.html
[2017-08-27 22:40:17,003] multiqc                                            [DEBUG  ]  Ignoring file as matched an ignore pattern: 5101-167-MS515F-926R_R1_fastqc.html
[2017-08-27 22:40:17,004] multiqc                                            [DEBUG  ]  Ignoring file as matched an ignore pattern: 5101-161-MS515F-926R_R2_fastqc.html
[2017-08-27 22:40:17,004] multiqc                                            [DEBUG  ]  Ignoring file as matched an ignore pattern: 5101-157-MS515F-926R_R1_fastqc.html
[2017-08-27 22:40:17,005] multiqc                                            [DEBUG  ]  Ignoring file as matched an ignore pattern: 5101-175-MS515F-926R_R1_fastqc.html
[2017-08-27 22:40:17,006] multiqc                                            [DEBUG  ]  Ignoring file as matched an ignore pattern: 5101-163-MS515F-926R_R1_fastqc.html
[2017-08-27 22:40:17,007] multiqc                                            [DEBUG  ]  Ignoring file as matched an ignore pattern: 5101-167-MS515F-926R_R2_fastqc.html
[2017-08-27 22:40:17,008] multiqc                                            [DEBUG  ]  Ignoring file as matched an ignore pattern: 5101-157-MS515F-926R_R2_fastqc.html
[2017-08-27 22:40:17,009] multiqc                                            [DEBUG  ]  Ignoring file as matched an ignore pattern: 5101-145-MS515F-926R_R2_fastqc.html
[2017-08-27 22:40:17,009] multiqc                                            [DEBUG  ]  Ignoring file as matched an ignore pattern: 5101-150-MS515F-926R_R1_fastqc.html
[2017-08-27 22:40:17,009] multiqc                                            [DEBUG  ]  Ignoring file as matched an ignore pattern: 5101-178-MS515F-926R_R1_fastqc.html
[2017-08-27 22:40:17,010] multiqc                                            [DEBUG  ]  Ignoring file as matched an ignore pattern: 5101-176-MS515F-926R_R2_fastqc.html
[2017-08-27 22:40:17,010] multiqc                                            [DEBUG  ]  Ignoring file as matched an ignore pattern: 5101-147-MS515F-926R_R1_fastqc.html
[2017-08-27 22:40:17,010] multiqc                                            [DEBUG  ]  Ignoring file as matched an ignore pattern: 5101-151-MS515F-926R_R2_fastqc.html
[2017-08-27 22:40:17,010] multiqc                                            [DEBUG  ]  Ignoring file as matched an ignore pattern: 5101-161-MS515F-926R_R1_fastqc.html
[2017-08-27 22:40:17,011] multiqc                                            [DEBUG  ]  Ignoring file as matched an ignore pattern: 5101-147-MS515F-926R_R2_fastqc.html
[2017-08-27 22:40:17,012] multiqc                                            [DEBUG  ]  Ignoring file as matched an ignore pattern: 5101-171-MS515F-926R_R2_fastqc.html
[2017-08-27 22:40:17,012] multiqc                                            [DEBUG  ]  Ignoring file as matched an ignore pattern: 5101-151-MS515F-926R_R1_fastqc.html
[2017-08-27 22:40:17,013] multiqc                                            [DEBUG  ]  Ignoring file as matched an ignore pattern: 5101-160-MS515F-926R_R1_fastqc.html
[2017-08-27 22:40:17,014] multiqc                                            [DEBUG  ]  Ignoring file as matched an ignore pattern: 5101-168-MS515F-926R_R2_fastqc.html
[2017-08-27 22:40:17,015] multiqc                                            [DEBUG  ]  Ignoring file as matched an ignore pattern: 5101-172-MS515F-926R_R2_fastqc.html
[2017-08-27 22:40:17,015] multiqc                                            [DEBUG  ]  Ignoring file as matched an ignore pattern: 5101-145-MS515F-926R_R1_fastqc.html
[2017-08-27 22:40:17,017] multiqc                                            [DEBUG  ]  Ignoring file as matched an ignore pattern: 5101-162-MS515F-926R_R1_fastqc.html
[2017-08-27 22:40:17,017] multiqc                                            [DEBUG  ]  Ignoring file as matched an ignore pattern: 5101-176-MS515F-926R_R1_fastqc.html
[2017-08-27 22:40:17,017] multiqc                                            [DEBUG  ]  Ignoring file as matched an ignore pattern: 5101-160-MS515F-926R_R2_fastqc.html
[2017-08-27 22:40:17,018] multiqc                                            [DEBUG  ]  Ignoring file as matched an ignore pattern: 5101-168-MS515F-926R_R1_fastqc.html
[2017-08-27 22:40:17,018] multiqc                                            [DEBUG  ]  Ignoring file as matched an ignore pattern: 5101-150-MS515F-926R_R2_fastqc.html
[2017-08-27 22:40:17,018] multiqc                                            [DEBUG  ]  Ignoring file as matched an ignore pattern: 5101-170-MS515F-926R_R2_fastqc.html
[2017-08-27 22:40:17,019] multiqc                                            [DEBUG  ]  Ignoring file as matched an ignore pattern: 5101-152-MS515F-926R_R2_fastqc.html
[2017-08-27 22:40:17,019] multiqc                                            [DEBUG  ]  Ignoring file as matched an ignore pattern: 5101-165-MS515F-926R_R2_fastqc.html
[2017-08-27 22:40:17,019] multiqc                                            [DEBUG  ]  Ignoring file as matched an ignore pattern: 5101-146-MS515F-926R_R2_fastqc.html
[2017-08-27 22:40:17,021] multiqc                                            [DEBUG  ]  Ignoring file as matched an ignore pattern: 5101-172-MS515F-926R_R1_fastqc.html
[2017-08-27 22:40:17,021] multiqc                                            [DEBUG  ]  Ignoring file as matched an ignore pattern: 5101-158-MS515F-926R_R1_fastqc.html
[2017-08-27 22:40:17,021] multiqc                                            [DEBUG  ]  Ignoring file as matched an ignore pattern: 5101-152-MS515F-926R_R1_fastqc.html
[2017-08-27 22:40:17,022] multiqc                                            [DEBUG  ]  Ignoring file as matched an ignore pattern: 5101-178-MS515F-926R_R2_fastqc.html
[2017-08-27 22:40:17,022] multiqc                                            [DEBUG  ]  Ignoring file as matched an ignore pattern: 5101-148-MS515F-926R_R1_fastqc.html
[2017-08-27 22:40:17,022] multiqc                                            [DEBUG  ]  Ignoring file as matched an ignore pattern: 5101-166-MS515F-926R_R1_fastqc.html
[2017-08-27 22:40:17,023] multiqc                                            [DEBUG  ]  Ignoring file as matched an ignore pattern: 5101-163-MS515F-926R_R2_fastqc.html
[2017-08-27 22:40:17,023] multiqc                                            [DEBUG  ]  Ignoring file as matched an ignore pattern: 5101-170-MS515F-926R_R1_fastqc.html
[2017-08-27 22:40:17,024] multiqc                                            [DEBUG  ]  Ignoring file as matched an ignore pattern: 5101-165-MS515F-926R_R1_fastqc.html
[2017-08-27 22:40:17,024] multiqc                                            [DEBUG  ]  Ignoring file as matched an ignore pattern: 5101-156-MS515F-926R_R1_fastqc.html
[2017-08-27 22:40:17,024] multiqc                                            [DEBUG  ]  Ignoring file as matched an ignore pattern: 5101-177-MS515F-926R_R2_fastqc.html
[2017-08-27 22:40:17,171] multiqc.modules.custom_content.custom_content      [DEBUG  ]  No custom content found
[2017-08-27 22:40:17,173] multiqc.modules.conpair.conpair                    [DEBUG  ]  Could not find any reports in ('/home/mark/gitstage/uderica/silage/understudy/Bacteria/raw_data_bacteria/fastqc',)
[2017-08-27 22:40:17,174] multiqc.modules.peddy.peddy                        [DEBUG  ]  Could not find any reports in ('/home/mark/gitstage/uderica/silage/understudy/Bacteria/raw_data_bacteria/fastqc',)
[2017-08-27 22:40:17,175] multiqc.modules.methylQA.methylQA                  [DEBUG  ]  Could not find any reports in ('/home/mark/gitstage/uderica/silage/understudy/Bacteria/raw_data_bacteria/fastqc',)
[2017-08-27 22:40:17,177] multiqc.modules.qualimap.QM_BamQC                  [DEBUG  ]  Using default Qualimap thresholds: 1, 5, 10, 30, 50
[2017-08-27 22:40:17,177] multiqc.modules.qualimap.qualimap                  [DEBUG  ]  Could not find any reports in ('/home/mark/gitstage/uderica/silage/understudy/Bacteria/raw_data_bacteria/fastqc',)
[2017-08-27 22:40:17,178] multiqc.modules.preseq.preseq                      [DEBUG  ]  Could not find any preseq data in ('/home/mark/gitstage/uderica/silage/understudy/Bacteria/raw_data_bacteria/fastqc',)
[2017-08-27 22:40:17,180] multiqc.modules.quast.quast                        [DEBUG  ]  Could not find any reports in ('/home/mark/gitstage/uderica/silage/understudy/Bacteria/raw_data_bacteria/fastqc',)
[2017-08-27 22:40:17,181] multiqc.modules.qorts.qorts                        [DEBUG  ]  Could not find any QoRTs data in ('/home/mark/gitstage/uderica/silage/understudy/Bacteria/raw_data_bacteria/fastqc',)
[2017-08-27 22:40:17,183] multiqc.modules.rna_seqc.rna_seqc                  [DEBUG  ]  Could not find any RNA-SeQC data in ('/home/mark/gitstage/uderica/silage/understudy/Bacteria/raw_data_bacteria/fastqc',)
[2017-08-27 22:40:17,185] multiqc.modules.rseqc.rseqc                        [DEBUG  ]  Could not find any reports in ('/home/mark/gitstage/uderica/silage/understudy/Bacteria/raw_data_bacteria/fastqc',)
[2017-08-27 22:40:17,186] multiqc.modules.busco.busco                        [DEBUG  ]  Could not find any reports in ('/home/mark/gitstage/uderica/silage/understudy/Bacteria/raw_data_bacteria/fastqc',)
[2017-08-27 22:40:17,187] multiqc.modules.goleft_indexcov.goleft_indexcov    [DEBUG  ]  Did not find goleft indexcov outputs in ('/home/mark/gitstage/uderica/silage/understudy/Bacteria/raw_data_bacteria/fastqc',)
[2017-08-27 22:40:17,189] multiqc.modules.disambiguate.disambiguate          [DEBUG  ]  Could not find any data in ('/home/mark/gitstage/uderica/silage/understudy/Bacteria/raw_data_bacteria/fastqc',)
[2017-08-27 22:40:17,190] multiqc.modules.homer.homer                        [DEBUG  ]  Could not find any reports in ('/home/mark/gitstage/uderica/silage/understudy/Bacteria/raw_data_bacteria/fastqc',)
[2017-08-27 22:40:17,191] multiqc.modules.macs2.macs2                        [DEBUG  ]  Could not find any MACS2 data in ('/home/mark/gitstage/uderica/silage/understudy/Bacteria/raw_data_bacteria/fastqc',)
[2017-08-27 22:40:17,193] multiqc.modules.theta2.theta2                      [DEBUG  ]  Could not find any reports in ('/home/mark/gitstage/uderica/silage/understudy/Bacteria/raw_data_bacteria/fastqc',)
[2017-08-27 22:40:17,194] multiqc.modules.snpeff.snpeff                      [DEBUG  ]  Could not find any data in ('/home/mark/gitstage/uderica/silage/understudy/Bacteria/raw_data_bacteria/fastqc',)
[2017-08-27 22:40:17,196] multiqc.modules.gatk.gatk                          [DEBUG  ]  Could not find any reports in ('/home/mark/gitstage/uderica/silage/understudy/Bacteria/raw_data_bacteria/fastqc',)
[2017-08-27 22:40:17,197] multiqc.modules.htseq.htseq                        [DEBUG  ]  Could not find any reports in ('/home/mark/gitstage/uderica/silage/understudy/Bacteria/raw_data_bacteria/fastqc',)
[2017-08-27 22:40:17,198] multiqc.modules.bcftools.bcftools                  [DEBUG  ]  Could not find any reports in ('/home/mark/gitstage/uderica/silage/understudy/Bacteria/raw_data_bacteria/fastqc',)
[2017-08-27 22:40:17,200] multiqc.modules.featureCounts.feature_counts       [DEBUG  ]  Could not find any reports in ('/home/mark/gitstage/uderica/silage/understudy/Bacteria/raw_data_bacteria/fastqc',)
[2017-08-27 22:40:17,202] multiqc.modules.picard.picard                      [DEBUG  ]  Could not find any reports in ('/home/mark/gitstage/uderica/silage/understudy/Bacteria/raw_data_bacteria/fastqc',)
[2017-08-27 22:40:17,203] multiqc.modules.prokka.prokka                      [DEBUG  ]  Could not find any Prokka data in ('/home/mark/gitstage/uderica/silage/understudy/Bacteria/raw_data_bacteria/fastqc',)
[2017-08-27 22:40:17,205] multiqc.modules.samblaster.samblaster              [DEBUG  ]  Could not find any data in ('/home/mark/gitstage/uderica/silage/understudy/Bacteria/raw_data_bacteria/fastqc',)
[2017-08-27 22:40:17,206] multiqc.modules.samtools.samtools                  [DEBUG  ]  Could not find any reports in ('/home/mark/gitstage/uderica/silage/understudy/Bacteria/raw_data_bacteria/fastqc',)
[2017-08-27 22:40:17,208] multiqc.modules.bamtools.bamtools                  [DEBUG  ]  Could not find any reports in ('/home/mark/gitstage/uderica/silage/understudy/Bacteria/raw_data_bacteria/fastqc',)
[2017-08-27 22:40:17,209] multiqc.modules.jellyfish.jellyfish                [DEBUG  ]  Could not find any data in ('/home/mark/gitstage/uderica/silage/understudy/Bacteria/raw_data_bacteria/fastqc',)
[2017-08-27 22:40:17,210] multiqc.modules.bismark.bismark                    [DEBUG  ]  Could not find any reports in ('/home/mark/gitstage/uderica/silage/understudy/Bacteria/raw_data_bacteria/fastqc',)
[2017-08-27 22:40:17,212] multiqc.modules.hicup.hicup                        [DEBUG  ]  Could not find any HiCUP data in ('/home/mark/gitstage/uderica/silage/understudy/Bacteria/raw_data_bacteria/fastqc',)
[2017-08-27 22:40:17,213] multiqc.modules.salmon.salmon                      [DEBUG  ]  Could not find any Salmon data in ('/home/mark/gitstage/uderica/silage/understudy/Bacteria/raw_data_bacteria/fastqc',)
[2017-08-27 22:40:17,215] multiqc.modules.kallisto.kallisto                  [DEBUG  ]  Could not find any reports in ('/home/mark/gitstage/uderica/silage/understudy/Bacteria/raw_data_bacteria/fastqc',)
[2017-08-27 22:40:17,216] multiqc.modules.slamdunk.slamdunk                  [DEBUG  ]  No slamdunk reports found.
[2017-08-27 22:40:17,218] multiqc.modules.star.star                          [DEBUG  ]  Could not find any reports in ('/home/mark/gitstage/uderica/silage/understudy/Bacteria/raw_data_bacteria/fastqc',)
[2017-08-27 22:40:17,219] multiqc.modules.hisat2.hisat2                      [DEBUG  ]  Could not find any reports in ('/home/mark/gitstage/uderica/silage/understudy/Bacteria/raw_data_bacteria/fastqc',)
[2017-08-27 22:40:17,220] multiqc.modules.tophat.tophat                      [DEBUG  ]  Could not find any reports in ('/home/mark/gitstage/uderica/silage/understudy/Bacteria/raw_data_bacteria/fastqc',)
[2017-08-27 22:40:17,222] multiqc.modules.bowtie2.bowtie2                    [DEBUG  ]  Could not find any reports in ('/home/mark/gitstage/uderica/silage/understudy/Bacteria/raw_data_bacteria/fastqc',)
[2017-08-27 22:40:17,223] multiqc.modules.bowtie1.bowtie1                    [DEBUG  ]  Could not find any reports in ('/home/mark/gitstage/uderica/silage/understudy/Bacteria/raw_data_bacteria/fastqc',)
[2017-08-27 22:40:17,224] multiqc.modules.adapterRemoval.adapterRemoval      [DEBUG  ]  Could not find any reports in ('/home/mark/gitstage/uderica/silage/understudy/Bacteria/raw_data_bacteria/fastqc',)
[2017-08-27 22:40:17,226] multiqc.modules.cutadapt.cutadapt                  [DEBUG  ]  Could not find any reports in ('/home/mark/gitstage/uderica/silage/understudy/Bacteria/raw_data_bacteria/fastqc',)
[2017-08-27 22:40:17,227] multiqc.modules.flexbar.flexbar                    [DEBUG  ]  Could not find any Flexbar data in ('/home/mark/gitstage/uderica/silage/understudy/Bacteria/raw_data_bacteria/fastqc',)
[2017-08-27 22:40:17,228] multiqc.modules.trimmomatic.trimmomatic            [DEBUG  ]  Could not find any Trimmomatic data in ('/home/mark/gitstage/uderica/silage/understudy/Bacteria/raw_data_bacteria/fastqc',)
[2017-08-27 22:40:17,230] multiqc.modules.skewer.skewer                      [DEBUG  ]  Could not find any data in ('/home/mark/gitstage/uderica/silage/understudy/Bacteria/raw_data_bacteria/fastqc',)
[2017-08-27 22:40:17,232] multiqc.modules.sortmerna.sortmerna                [DEBUG  ]  Could not find any SortMeRNA data in ('/home/mark/gitstage/uderica/silage/understudy/Bacteria/raw_data_bacteria/fastqc',)
[2017-08-27 22:40:17,233] multiqc.modules.biobloomtools.biobloomtools        [DEBUG  ]  Could not find any reports in ('/home/mark/gitstage/uderica/silage/understudy/Bacteria/raw_data_bacteria/fastqc',)
[2017-08-27 22:40:17,234] multiqc.modules.fastq_screen.fastq_screen          [DEBUG  ]  Could not find any reports in ('/home/mark/gitstage/uderica/silage/understudy/Bacteria/raw_data_bacteria/fastqc',)
[2017-08-27 22:40:19,996] multiqc.modules.fastqc.fastqc                      [INFO   ]  Found 56 reports
[2017-08-27 22:40:23,958] multiqc.modules.clusterflow.clusterflow            [DEBUG  ]  Could not find any reports in ('/home/mark/gitstage/uderica/silage/understudy/Bacteria/raw_data_bacteria/fastqc',)
[2017-08-27 22:40:24,025] multiqc                                            [INFO   ]  Compressing plot data
[2017-08-27 22:40:26,480] multiqc                                            [INFO   ]  Report      : gitstage/uderica/silage/understudy/Bacteria/raw_data_bacteria/multiqc/multiqc_report.html
[2017-08-27 22:40:26,480] multiqc                                            [INFO   ]  Data        : gitstage/uderica/silage/understudy/Bacteria/raw_data_bacteria/multiqc/multiqc_data
[2017-08-27 22:40:26,481] multiqc                                            [DEBUG  ]  Moving data file from '/tmp/tmpUbKvg7/multiqc_data/multiqc_general_stats.txt' to '/home/mark/gitstage/uderica/silage/understudy/Bacteria/raw_data_bacteria/multiqc/multiqc_data'
[2017-08-27 22:40:26,481] multiqc                                            [DEBUG  ]  Moving data file from '/tmp/tmpUbKvg7/multiqc_data/multiqc_sources.txt' to '/home/mark/gitstage/uderica/silage/understudy/Bacteria/raw_data_bacteria/multiqc/multiqc_data'
[2017-08-27 22:40:26,481] multiqc                                            [DEBUG  ]  Moving data file from '/tmp/tmpUbKvg7/multiqc_data/multiqc_fastqc.txt' to '/home/mark/gitstage/uderica/silage/understudy/Bacteria/raw_data_bacteria/multiqc/multiqc_data'
[2017-08-27 22:40:26,584] multiqc                                            [INFO   ]  MultiQC complete
