[2017-09-12 19:52:48,547] multiqc                                            [DEBUG  ]  No MultiQC config found: /usr/local/lib/python2.7/dist-packages/multiqc_config.yaml
[2017-09-12 19:52:48,548] multiqc                                            [DEBUG  ]  No MultiQC config found: /home/mark/.multiqc_config.yaml
[2017-09-12 19:52:48,548] multiqc                                            [DEBUG  ]  Loading config settings from: multiqc_config.yaml
[2017-09-12 19:52:48,548] multiqc                                            [DEBUG  ]  New config 'read_count_prefix': K
[2017-09-12 19:52:48,549] multiqc                                            [DEBUG  ]  New config 'read_count_multiplier': 0.001
[2017-09-12 19:52:48,549] multiqc                                            [DEBUG  ]  New config 'read_count_desc': thousands
[2017-09-12 19:52:48,549] multiqc                                            [DEBUG  ]  Loading config settings from: /home/mark/gitstage/uderica/nordqiime/multiqc_config.yaml
[2017-09-12 19:52:48,549] multiqc                                            [DEBUG  ]  New config 'read_count_prefix': K
[2017-09-12 19:52:48,550] multiqc                                            [DEBUG  ]  New config 'read_count_multiplier': 0.001
[2017-09-12 19:52:48,550] multiqc                                            [DEBUG  ]  New config 'read_count_desc': thousands
[2017-09-12 19:52:48,550] multiqc                                            [DEBUG  ]  Command used: /usr/local/bin/multiqc --config /home/mark/gitstage/uderica/nordqiime/multiqc_config.yaml /home/mark/gitstage/uderica/nordqiime/15_Hil_CS/Bacteria/16S -o /home/mark/gitstage/uderica/nordqiime/15_Hil_CS/Bacteria/16S
[2017-09-12 19:52:48,989] multiqc                                            [WARNING]  MultiQC Version v1.2 now available!
[2017-09-12 19:52:48,989] multiqc                                            [INFO   ]  This is MultiQC v1.1
[2017-09-12 19:52:48,989] multiqc                                            [DEBUG  ]  Command     : /usr/local/bin/multiqc --config /home/mark/gitstage/uderica/nordqiime/multiqc_config.yaml /home/mark/gitstage/uderica/nordqiime/15_Hil_CS/Bacteria/16S -o /home/mark/gitstage/uderica/nordqiime/15_Hil_CS/Bacteria/16S
[2017-09-12 19:52:48,989] multiqc                                            [DEBUG  ]  Working dir : /home/mark/gitstage/uderica/nordqiime
[2017-09-12 19:52:48,989] multiqc                                            [INFO   ]  Template    : default
[2017-09-12 19:52:48,989] multiqc                                            [INFO   ]  Searching '/home/mark/gitstage/uderica/nordqiime/15_Hil_CS/Bacteria/16S'
[2017-09-12 19:52:48,990] multiqc                                            [DEBUG  ]  Analysing modules: custom_content, conpair, peddy, methylQA, qualimap, preseq, quast, qorts, rna_seqc, rseqc, busco, goleft_indexcov, disambiguate, homer, macs2, theta2, snpeff, gatk, htseq, bcftools, featureCounts, picard, prokka, samblaster, samtools, bamtools, jellyfish, bismark, hicup, salmon, kallisto, slamdunk, star, hisat2, tophat, bowtie2, bowtie1, adapterRemoval, cutadapt, flexbar, trimmomatic, skewer, sortmerna, biobloomtools, fastq_screen, fastqc, clusterflow
[2017-09-12 19:52:48,990] multiqc                                            [DEBUG  ]  Using temporary directory for creating report: /tmp/tmpjmdQBW
[2017-09-12 19:52:49,012] multiqc                                            [DEBUG  ]  Ignoring file as matched an ignore pattern: LALL-PD-KC2015-177-LH-30d-CS-16S_S8_L001_R2_001.fastq.gz
[2017-09-12 19:52:49,021] multiqc                                            [DEBUG  ]  Ignoring file as matched an ignore pattern: LALL-PD-KC2015-196-LH-112d-CS-16S_S19_L001_R1_001_fastqc.html
[2017-09-12 19:52:49,021] multiqc                                            [DEBUG  ]  Ignoring file as matched an ignore pattern: LALL-PD-KC2015-147-Control-0d-CS-16S_S2_L001_R2_001_fastqc.html
[2017-09-12 19:52:49,021] multiqc                                            [DEBUG  ]  Ignoring file as matched an ignore pattern: LALL-PD-KC2015-176-LH-30d-CS-16S_S7_L001_R1_001_fastqc.html
[2017-09-12 19:52:49,021] multiqc                                            [DEBUG  ]  Ignoring file as matched an ignore pattern: LALL-PD-KC2015-208-LB-112d-CS-16S_S27_L001_R1_001.fastq.gz
[2017-09-12 19:52:49,021] multiqc                                            [DEBUG  ]  Ignoring file as matched an ignore pattern: LALL-PD-KC2015-201-LH-LB-112d-CS-16S_S22_L001_R2_001.fastq.gz
[2017-09-12 19:52:49,021] multiqc                                            [DEBUG  ]  Ignoring file as matched an ignore pattern: LALL-PD-KC2015-146-Control-0d-CS-16S_S1_L001_R2_001_fastqc.html
[2017-09-12 19:52:49,022] multiqc                                            [DEBUG  ]  Ignoring file as matched an ignore pattern: LALL-PD-KC2015-186-LB-30d-CS-16S_S13_L001_R2_001.fastq.gz
[2017-09-12 19:52:49,022] multiqc                                            [DEBUG  ]  Ignoring file as matched an ignore pattern: LALL-PD-KC2015-183-LH-LB-30d-CS-16S_S12_L001_R1_001_fastqc.html
[2017-09-12 19:52:49,022] multiqc                                            [DEBUG  ]  Ignoring file as matched an ignore pattern: LALL-PD-KC2015-198-LH-112d-CS-16S_S21_L001_R1_001_fastqc.html
[2017-09-12 19:52:49,023] multiqc                                            [DEBUG  ]  Ignoring file as matched an ignore pattern: LALL-PD-KC2015-196-LH-112d-CS-16S_S19_L001_R2_001_fastqc.html
[2017-09-12 19:52:49,023] multiqc                                            [DEBUG  ]  Ignoring file as matched an ignore pattern: LALL-PD-KC2015-176-LH-30d-CS-16S_S7_L001_R2_001.fastq.gz
[2017-09-12 19:52:49,024] multiqc                                            [DEBUG  ]  Ignoring file as matched an ignore pattern: LALL-PD-KC2015-171-Control-30d-CS-16S_S4_L001_R2_001_fastqc.html
[2017-09-12 19:52:49,024] multiqc                                            [DEBUG  ]  Ignoring file as matched an ignore pattern: LALL-PD-KC2015-181-LH-LB-30d-CS-16S_S10_L001_R1_001_fastqc.html
[2017-09-12 19:52:49,024] multiqc                                            [DEBUG  ]  Ignoring file as matched an ignore pattern: LALL-PD-KC2015-181-LH-LB-30d-CS-16S_S10_L001_R2_001.fastq.gz
[2017-09-12 19:52:49,024] multiqc                                            [DEBUG  ]  Ignoring file as matched an ignore pattern: LALL-PD-KC2015-187-LB-30d-CS-16S_S14_L001_R1_001_fastqc.html
[2017-09-12 19:52:49,024] multiqc                                            [DEBUG  ]  Ignoring file as matched an ignore pattern: LALL-PD-KC2015-201-LH-LB-112d-CS-16S_S22_L001_R2_001_fastqc.html
[2017-09-12 19:52:49,024] multiqc                                            [DEBUG  ]  Ignoring file as matched an ignore pattern: LALL-PD-KC2015-177-LH-30d-CS-16S_S8_L001_R2_001_fastqc.html
[2017-09-12 19:52:49,024] multiqc                                            [DEBUG  ]  Ignoring file as matched an ignore pattern: LALL-PD-KC2015-176-LH-30d-CS-16S_S7_L001_R2_001_fastqc.html
[2017-09-12 19:52:49,025] multiqc                                            [DEBUG  ]  Ignoring file as matched an ignore pattern: LALL-PD-KC2015-182-LH-LB-30d-CS-16S_S11_L001_R1_001.fastq.gz
[2017-09-12 19:52:49,025] multiqc                                            [DEBUG  ]  Ignoring file as matched an ignore pattern: LALL-PD-KC2015-193-Control-112d-CS-16S_S18_L001_R2_001.fastq.gz
[2017-09-12 19:52:49,025] multiqc                                            [DEBUG  ]  Ignoring file as matched an ignore pattern: LALL-PD-KC2015-173-Control-30d-CS-16S_S6_L001_R1_001_fastqc.html
[2017-09-12 19:52:49,026] multiqc                                            [DEBUG  ]  Ignoring file as matched an ignore pattern: LALL-PD-KC2015-202-LH-LB-112d-CS-16S_S23_L001_R2_001.fastq.gz
[2017-09-12 19:52:49,026] multiqc                                            [DEBUG  ]  Ignoring file as matched an ignore pattern: LALL-PD-KC2015-183-LH-LB-30d-CS-16S_S12_L001_R2_001.fastq.gz
[2017-09-12 19:52:49,026] multiqc                                            [DEBUG  ]  Ignoring file as matched an ignore pattern: LALL-PD-KC2015-146-Control-0d-CS-16S_S1_L001_R1_001.fastq.gz
[2017-09-12 19:52:49,026] multiqc                                            [DEBUG  ]  Ignoring file as matched an ignore pattern: LALL-PD-KC2015-186-LB-30d-CS-16S_S13_L001_R1_001.fastq.gz
[2017-09-12 19:52:49,026] multiqc                                            [DEBUG  ]  Ignoring file as matched an ignore pattern: LALL-PD-KC2015-172-Control-30d-CS-16S_S5_L001_R2_001_fastqc.html
[2017-09-12 19:52:49,026] multiqc                                            [DEBUG  ]  Ignoring file as matched an ignore pattern: LALL-PD-KC2015-203-LH-LB-112d-CS-16S_S24_L001_R2_001_fastqc.html
[2017-09-12 19:52:49,026] multiqc                                            [DEBUG  ]  Ignoring file as matched an ignore pattern: LALL-PD-KC2015-206-LB-112d-CS-16S_S25_L001_R2_001.fastq.gz
[2017-09-12 19:52:49,026] multiqc                                            [DEBUG  ]  Ignoring file as matched an ignore pattern: LALL-PD-KC2015-178-LH-30d-CS-16S_S9_L001_R2_001.fastq.gz
[2017-09-12 19:52:49,027] multiqc                                            [DEBUG  ]  Ignoring file as matched an ignore pattern: LALL-PD-KC2015-202-LH-LB-112d-CS-16S_S23_L001_R1_001.fastq.gz
[2017-09-12 19:52:49,027] multiqc                                            [DEBUG  ]  Ignoring file as matched an ignore pattern: LALL-PD-KC2015-148-Control-0d-CS-16S_S3_L001_R2_001.fastq.gz
[2017-09-12 19:52:49,027] multiqc                                            [DEBUG  ]  Ignoring file as matched an ignore pattern: LALL-PD-KC2015-208-LB-112d-CS-16S_S27_L001_R1_001_fastqc.html
[2017-09-12 19:52:49,027] multiqc                                            [DEBUG  ]  Ignoring file as matched an ignore pattern: LALL-PD-KC2015-172-Control-30d-CS-16S_S5_L001_R1_001.fastq.gz
[2017-09-12 19:52:49,027] multiqc                                            [DEBUG  ]  Ignoring file as matched an ignore pattern: LALL-PD-KC2015-173-Control-30d-CS-16S_S6_L001_R1_001.fastq.gz
[2017-09-12 19:52:49,027] multiqc                                            [DEBUG  ]  Ignoring file as matched an ignore pattern: LALL-PD-KC2015-203-LH-LB-112d-CS-16S_S24_L001_R1_001_fastqc.html
[2017-09-12 19:52:49,027] multiqc                                            [DEBUG  ]  Ignoring file as matched an ignore pattern: LALL-PD-KC2015-146-Control-0d-CS-16S_S1_L001_R1_001_fastqc.html
[2017-09-12 19:52:49,028] multiqc                                            [DEBUG  ]  Ignoring file as matched an ignore pattern: LALL-PD-KC2015-202-LH-LB-112d-CS-16S_S23_L001_R1_001_fastqc.html
[2017-09-12 19:52:49,028] multiqc                                            [DEBUG  ]  Ignoring file as matched an ignore pattern: LALL-PD-KC2015-192-Control-112d-CS-16S_S17_L001_R2_001_fastqc.html
[2017-09-12 19:52:49,028] multiqc                                            [DEBUG  ]  Ignoring file as matched an ignore pattern: LALL-PD-KC2015-188-LB-30d-CS-16S_S15_L001_R2_001_fastqc.html
[2017-09-12 19:52:49,028] multiqc                                            [DEBUG  ]  Ignoring file as matched an ignore pattern: LALL-PD-KC2015-188-LB-30d-CS-16S_S15_L001_R1_001_fastqc.html
[2017-09-12 19:52:49,029] multiqc                                            [DEBUG  ]  Ignoring file as matched an ignore pattern: LALL-PD-KC2015-203-LH-LB-112d-CS-16S_S24_L001_R2_001.fastq.gz
[2017-09-12 19:52:49,029] multiqc                                            [DEBUG  ]  Ignoring file as matched an ignore pattern: LALL-PD-KC2015-193-Control-112d-CS-16S_S18_L001_R1_001.fastq.gz
[2017-09-12 19:52:49,029] multiqc                                            [DEBUG  ]  Ignoring file as matched an ignore pattern: LALL-PD-KC2015-191-Control-112d-CS-16S_S16_L001_R1_001_fastqc.html
[2017-09-12 19:52:49,029] multiqc                                            [DEBUG  ]  Ignoring file as matched an ignore pattern: LALL-PD-KC2015-172-Control-30d-CS-16S_S5_L001_R2_001.fastq.gz
[2017-09-12 19:52:49,029] multiqc                                            [DEBUG  ]  Ignoring file as matched an ignore pattern: LALL-PD-KC2015-147-Control-0d-CS-16S_S2_L001_R1_001.fastq.gz
[2017-09-12 19:52:49,029] multiqc                                            [DEBUG  ]  Ignoring file as matched an ignore pattern: LALL-PD-KC2015-191-Control-112d-CS-16S_S16_L001_R2_001.fastq.gz
[2017-09-12 19:52:49,030] multiqc                                            [DEBUG  ]  Ignoring file as matched an ignore pattern: LALL-PD-KC2015-196-LH-112d-CS-16S_S19_L001_R2_001.fastq.gz
[2017-09-12 19:52:49,030] multiqc                                            [DEBUG  ]  Ignoring file as matched an ignore pattern: LALL-PD-KC2015-187-LB-30d-CS-16S_S14_L001_R2_001.fastq.gz
[2017-09-12 19:52:49,030] multiqc                                            [DEBUG  ]  Ignoring file as matched an ignore pattern: LALL-PD-KC2015-192-Control-112d-CS-16S_S17_L001_R1_001.fastq.gz
[2017-09-12 19:52:49,030] multiqc                                            [DEBUG  ]  Ignoring file as matched an ignore pattern: LALL-PD-KC2015-182-LH-LB-30d-CS-16S_S11_L001_R2_001_fastqc.html
[2017-09-12 19:52:49,031] multiqc                                            [DEBUG  ]  Ignoring file as matched an ignore pattern: LALL-PD-KC2015-191-Control-112d-CS-16S_S16_L001_R2_001_fastqc.html
[2017-09-12 19:52:49,031] multiqc                                            [DEBUG  ]  Ignoring file as matched an ignore pattern: LALL-PD-KC2015-178-LH-30d-CS-16S_S9_L001_R1_001_fastqc.html
[2017-09-12 19:52:49,031] multiqc                                            [DEBUG  ]  Ignoring file as matched an ignore pattern: LALL-PD-KC2015-198-LH-112d-CS-16S_S21_L001_R2_001.fastq.gz
[2017-09-12 19:52:49,033] multiqc                                            [DEBUG  ]  Ignoring file as matched an ignore pattern: LALL-PD-KC2015-197-LH-112d-CS-16S_S20_L001_R2_001.fastq.gz
[2017-09-12 19:52:49,033] multiqc                                            [DEBUG  ]  Ignoring file as matched an ignore pattern: LALL-PD-KC2015-197-LH-112d-CS-16S_S20_L001_R1_001_fastqc.html
[2017-09-12 19:52:49,033] multiqc                                            [DEBUG  ]  Ignoring file as matched an ignore pattern: LALL-PD-KC2015-147-Control-0d-CS-16S_S2_L001_R1_001_fastqc.html
[2017-09-12 19:52:49,034] multiqc                                            [DEBUG  ]  Ignoring file as matched an ignore pattern: LALL-PD-KC2015-192-Control-112d-CS-16S_S17_L001_R2_001.fastq.gz
[2017-09-12 19:52:49,034] multiqc                                            [DEBUG  ]  Ignoring file as matched an ignore pattern: LALL-PD-KC2015-178-LH-30d-CS-16S_S9_L001_R1_001.fastq.gz
[2017-09-12 19:52:49,034] multiqc                                            [DEBUG  ]  Ignoring file as matched an ignore pattern: LALL-PD-KC2015-183-LH-LB-30d-CS-16S_S12_L001_R2_001_fastqc.html
[2017-09-12 19:52:49,035] multiqc                                            [DEBUG  ]  Ignoring file as matched an ignore pattern: LALL-PD-KC2015-202-LH-LB-112d-CS-16S_S23_L001_R2_001_fastqc.html
[2017-09-12 19:52:49,035] multiqc                                            [DEBUG  ]  Ignoring file as matched an ignore pattern: LALL-PD-KC2015-148-Control-0d-CS-16S_S3_L001_R1_001_fastqc.html
[2017-09-12 19:52:49,035] multiqc                                            [DEBUG  ]  Ignoring file as matched an ignore pattern: LALL-PD-KC2015-177-LH-30d-CS-16S_S8_L001_R1_001.fastq.gz
[2017-09-12 19:52:49,035] multiqc                                            [DEBUG  ]  Ignoring file as matched an ignore pattern: LALL-PD-KC2015-187-LB-30d-CS-16S_S14_L001_R2_001_fastqc.html
[2017-09-12 19:52:49,035] multiqc                                            [DEBUG  ]  Ignoring file as matched an ignore pattern: LALL-PD-KC2015-146-Control-0d-CS-16S_S1_L001_R2_001.fastq.gz
[2017-09-12 19:52:49,035] multiqc                                            [DEBUG  ]  Ignoring file as matched an ignore pattern: LALL-PD-KC2015-197-LH-112d-CS-16S_S20_L001_R1_001.fastq.gz
[2017-09-12 19:52:49,036] multiqc                                            [DEBUG  ]  Ignoring file as matched an ignore pattern: LALL-PD-KC2015-206-LB-112d-CS-16S_S25_L001_R1_001_fastqc.html
[2017-09-12 19:52:49,038] multiqc                                            [DEBUG  ]  Ignoring file as matched an ignore pattern: LALL-PD-KC2015-188-LB-30d-CS-16S_S15_L001_R1_001.fastq.gz
[2017-09-12 19:52:49,038] multiqc                                            [DEBUG  ]  Ignoring file as matched an ignore pattern: LALL-PD-KC2015-198-LH-112d-CS-16S_S21_L001_R1_001.fastq.gz
[2017-09-12 19:52:49,038] multiqc                                            [DEBUG  ]  Ignoring file as matched an ignore pattern: LALL-PD-KC2015-178-LH-30d-CS-16S_S9_L001_R2_001_fastqc.html
[2017-09-12 19:52:49,038] multiqc                                            [DEBUG  ]  Ignoring file as matched an ignore pattern: LALL-PD-KC2015-171-Control-30d-CS-16S_S4_L001_R1_001.fastq.gz
[2017-09-12 19:52:49,038] multiqc                                            [DEBUG  ]  Ignoring file as matched an ignore pattern: LALL-PD-KC2015-171-Control-30d-CS-16S_S4_L001_R1_001_fastqc.html
[2017-09-12 19:52:49,038] multiqc                                            [DEBUG  ]  Ignoring file as matched an ignore pattern: LALL-PD-KC2015-186-LB-30d-CS-16S_S13_L001_R2_001_fastqc.html
[2017-09-12 19:52:49,039] multiqc                                            [DEBUG  ]  Ignoring file as matched an ignore pattern: LALL-PD-KC2015-147-Control-0d-CS-16S_S2_L001_R2_001.fastq.gz
[2017-09-12 19:52:49,039] multiqc                                            [DEBUG  ]  Ignoring file as matched an ignore pattern: LALL-PD-KC2015-201-LH-LB-112d-CS-16S_S22_L001_R1_001.fastq.gz
[2017-09-12 19:52:49,039] multiqc                                            [DEBUG  ]  Ignoring file as matched an ignore pattern: LALL-PD-KC2015-207-LB-112d-CS-16S_S26_L001_R1_001.fastq.gz
[2017-09-12 19:52:49,039] multiqc                                            [DEBUG  ]  Ignoring file as matched an ignore pattern: LALL-PD-KC2015-181-LH-LB-30d-CS-16S_S10_L001_R1_001.fastq.gz
[2017-09-12 19:52:49,039] multiqc                                            [DEBUG  ]  Ignoring file as matched an ignore pattern: LALL-PD-KC2015-197-LH-112d-CS-16S_S20_L001_R2_001_fastqc.html
[2017-09-12 19:52:49,040] multiqc                                            [DEBUG  ]  Ignoring file as matched an ignore pattern: LALL-PD-KC2015-172-Control-30d-CS-16S_S5_L001_R1_001_fastqc.html
[2017-09-12 19:52:49,040] multiqc                                            [DEBUG  ]  Ignoring file as matched an ignore pattern: LALL-PD-KC2015-148-Control-0d-CS-16S_S3_L001_R2_001_fastqc.html
[2017-09-12 19:52:49,040] multiqc                                            [DEBUG  ]  Ignoring file as matched an ignore pattern: LALL-PD-KC2015-173-Control-30d-CS-16S_S6_L001_R2_001.fastq.gz
[2017-09-12 19:52:49,041] multiqc                                            [DEBUG  ]  Ignoring file as matched an ignore pattern: LALL-PD-KC2015-207-LB-112d-CS-16S_S26_L001_R2_001_fastqc.html
[2017-09-12 19:52:49,041] multiqc                                            [DEBUG  ]  Ignoring file as matched an ignore pattern: LALL-PD-KC2015-206-LB-112d-CS-16S_S25_L001_R2_001_fastqc.html
[2017-09-12 19:52:49,041] multiqc                                            [DEBUG  ]  Ignoring file as matched an ignore pattern: LALL-PD-KC2015-187-LB-30d-CS-16S_S14_L001_R1_001.fastq.gz
[2017-09-12 19:52:49,041] multiqc                                            [DEBUG  ]  Ignoring file as matched an ignore pattern: LALL-PD-KC2015-188-LB-30d-CS-16S_S15_L001_R2_001.fastq.gz
[2017-09-12 19:52:49,041] multiqc                                            [DEBUG  ]  Ignoring file as matched an ignore pattern: LALL-PD-KC2015-193-Control-112d-CS-16S_S18_L001_R2_001_fastqc.html
[2017-09-12 19:52:49,041] multiqc                                            [DEBUG  ]  Ignoring file as matched an ignore pattern: LALL-PD-KC2015-192-Control-112d-CS-16S_S17_L001_R1_001_fastqc.html
[2017-09-12 19:52:49,042] multiqc                                            [DEBUG  ]  Ignoring file as matched an ignore pattern: LALL-PD-KC2015-183-LH-LB-30d-CS-16S_S12_L001_R1_001.fastq.gz
[2017-09-12 19:52:49,042] multiqc                                            [DEBUG  ]  Ignoring file as matched an ignore pattern: LALL-PD-KC2015-186-LB-30d-CS-16S_S13_L001_R1_001_fastqc.html
[2017-09-12 19:52:49,042] multiqc                                            [DEBUG  ]  Ignoring file as matched an ignore pattern: LALL-PD-KC2015-198-LH-112d-CS-16S_S21_L001_R2_001_fastqc.html
[2017-09-12 19:52:49,042] multiqc                                            [DEBUG  ]  Ignoring file as matched an ignore pattern: LALL-PD-KC2015-182-LH-LB-30d-CS-16S_S11_L001_R2_001.fastq.gz
[2017-09-12 19:52:49,043] multiqc                                            [DEBUG  ]  Ignoring file as matched an ignore pattern: LALL-PD-KC2015-208-LB-112d-CS-16S_S27_L001_R2_001.fastq.gz
[2017-09-12 19:52:49,043] multiqc                                            [DEBUG  ]  Ignoring file as matched an ignore pattern: LALL-PD-KC2015-177-LH-30d-CS-16S_S8_L001_R1_001_fastqc.html
[2017-09-12 19:52:49,044] multiqc                                            [DEBUG  ]  Ignoring file as matched an ignore pattern: LALL-PD-KC2015-201-LH-LB-112d-CS-16S_S22_L001_R1_001_fastqc.html
[2017-09-12 19:52:49,044] multiqc                                            [DEBUG  ]  Ignoring file as matched an ignore pattern: LALL-PD-KC2015-208-LB-112d-CS-16S_S27_L001_R2_001_fastqc.html
[2017-09-12 19:52:49,045] multiqc                                            [DEBUG  ]  Ignoring file as matched an ignore pattern: LALL-PD-KC2015-207-LB-112d-CS-16S_S26_L001_R1_001_fastqc.html
[2017-09-12 19:52:49,045] multiqc                                            [DEBUG  ]  Ignoring file as matched an ignore pattern: LALL-PD-KC2015-171-Control-30d-CS-16S_S4_L001_R2_001.fastq.gz
[2017-09-12 19:52:49,045] multiqc                                            [DEBUG  ]  Ignoring file as matched an ignore pattern: LALL-PD-KC2015-207-LB-112d-CS-16S_S26_L001_R2_001.fastq.gz
[2017-09-12 19:52:49,045] multiqc                                            [DEBUG  ]  Ignoring file as matched an ignore pattern: LALL-PD-KC2015-148-Control-0d-CS-16S_S3_L001_R1_001.fastq.gz
[2017-09-12 19:52:49,045] multiqc                                            [DEBUG  ]  Ignoring file as matched an ignore pattern: LALL-PD-KC2015-203-LH-LB-112d-CS-16S_S24_L001_R1_001.fastq.gz
[2017-09-12 19:52:49,045] multiqc                                            [DEBUG  ]  Ignoring file as matched an ignore pattern: LALL-PD-KC2015-196-LH-112d-CS-16S_S19_L001_R1_001.fastq.gz
[2017-09-12 19:52:49,046] multiqc                                            [DEBUG  ]  Ignoring file as matched an ignore pattern: LALL-PD-KC2015-191-Control-112d-CS-16S_S16_L001_R1_001.fastq.gz
[2017-09-12 19:52:49,046] multiqc                                            [DEBUG  ]  Ignoring file as matched an ignore pattern: LALL-PD-KC2015-176-LH-30d-CS-16S_S7_L001_R1_001.fastq.gz
[2017-09-12 19:52:49,046] multiqc                                            [DEBUG  ]  Ignoring file as matched an ignore pattern: LALL-PD-KC2015-206-LB-112d-CS-16S_S25_L001_R1_001.fastq.gz
[2017-09-12 19:52:49,047] multiqc                                            [DEBUG  ]  Ignoring file as matched an ignore pattern: LALL-PD-KC2015-181-LH-LB-30d-CS-16S_S10_L001_R2_001_fastqc.html
[2017-09-12 19:52:49,048] multiqc                                            [DEBUG  ]  Ignoring file as matched an ignore pattern: LALL-PD-KC2015-173-Control-30d-CS-16S_S6_L001_R2_001_fastqc.html
[2017-09-12 19:52:49,048] multiqc                                            [DEBUG  ]  Ignoring file as matched an ignore pattern: LALL-PD-KC2015-182-LH-LB-30d-CS-16S_S11_L001_R1_001_fastqc.html
[2017-09-12 19:52:49,048] multiqc                                            [DEBUG  ]  Ignoring file as matched an ignore pattern: LALL-PD-KC2015-193-Control-112d-CS-16S_S18_L001_R1_001_fastqc.html
[2017-09-12 19:52:49,195] multiqc.modules.custom_content.custom_content      [DEBUG  ]  No custom content found
[2017-09-12 19:52:49,197] multiqc.modules.conpair.conpair                    [DEBUG  ]  Could not find any reports in ('/home/mark/gitstage/uderica/nordqiime/15_Hil_CS/Bacteria/16S',)
[2017-09-12 19:52:49,198] multiqc.modules.peddy.peddy                        [DEBUG  ]  Could not find any reports in ('/home/mark/gitstage/uderica/nordqiime/15_Hil_CS/Bacteria/16S',)
[2017-09-12 19:52:49,199] multiqc.modules.methylQA.methylQA                  [DEBUG  ]  Could not find any reports in ('/home/mark/gitstage/uderica/nordqiime/15_Hil_CS/Bacteria/16S',)
[2017-09-12 19:52:49,201] multiqc.modules.qualimap.QM_BamQC                  [DEBUG  ]  Using default Qualimap thresholds: 1, 5, 10, 30, 50
[2017-09-12 19:52:49,201] multiqc.modules.qualimap.qualimap                  [DEBUG  ]  Could not find any reports in ('/home/mark/gitstage/uderica/nordqiime/15_Hil_CS/Bacteria/16S',)
[2017-09-12 19:52:49,202] multiqc.modules.preseq.preseq                      [DEBUG  ]  Could not find any preseq data in ('/home/mark/gitstage/uderica/nordqiime/15_Hil_CS/Bacteria/16S',)
[2017-09-12 19:52:49,204] multiqc.modules.quast.quast                        [DEBUG  ]  Could not find any reports in ('/home/mark/gitstage/uderica/nordqiime/15_Hil_CS/Bacteria/16S',)
[2017-09-12 19:52:49,205] multiqc.modules.qorts.qorts                        [DEBUG  ]  Could not find any QoRTs data in ('/home/mark/gitstage/uderica/nordqiime/15_Hil_CS/Bacteria/16S',)
[2017-09-12 19:52:49,206] multiqc.modules.rna_seqc.rna_seqc                  [DEBUG  ]  Could not find any RNA-SeQC data in ('/home/mark/gitstage/uderica/nordqiime/15_Hil_CS/Bacteria/16S',)
[2017-09-12 19:52:49,208] multiqc.modules.rseqc.rseqc                        [DEBUG  ]  Could not find any reports in ('/home/mark/gitstage/uderica/nordqiime/15_Hil_CS/Bacteria/16S',)
[2017-09-12 19:52:49,209] multiqc.modules.busco.busco                        [DEBUG  ]  Could not find any reports in ('/home/mark/gitstage/uderica/nordqiime/15_Hil_CS/Bacteria/16S',)
[2017-09-12 19:52:49,211] multiqc.modules.goleft_indexcov.goleft_indexcov    [DEBUG  ]  Did not find goleft indexcov outputs in ('/home/mark/gitstage/uderica/nordqiime/15_Hil_CS/Bacteria/16S',)
[2017-09-12 19:52:49,212] multiqc.modules.disambiguate.disambiguate          [DEBUG  ]  Could not find any data in ('/home/mark/gitstage/uderica/nordqiime/15_Hil_CS/Bacteria/16S',)
[2017-09-12 19:52:49,213] multiqc.modules.homer.homer                        [DEBUG  ]  Could not find any reports in ('/home/mark/gitstage/uderica/nordqiime/15_Hil_CS/Bacteria/16S',)
[2017-09-12 19:52:49,215] multiqc.modules.macs2.macs2                        [DEBUG  ]  Could not find any MACS2 data in ('/home/mark/gitstage/uderica/nordqiime/15_Hil_CS/Bacteria/16S',)
[2017-09-12 19:52:49,216] multiqc.modules.theta2.theta2                      [DEBUG  ]  Could not find any reports in ('/home/mark/gitstage/uderica/nordqiime/15_Hil_CS/Bacteria/16S',)
[2017-09-12 19:52:49,217] multiqc.modules.snpeff.snpeff                      [DEBUG  ]  Could not find any data in ('/home/mark/gitstage/uderica/nordqiime/15_Hil_CS/Bacteria/16S',)
[2017-09-12 19:52:49,219] multiqc.modules.gatk.gatk                          [DEBUG  ]  Could not find any reports in ('/home/mark/gitstage/uderica/nordqiime/15_Hil_CS/Bacteria/16S',)
[2017-09-12 19:52:49,220] multiqc.modules.htseq.htseq                        [DEBUG  ]  Could not find any reports in ('/home/mark/gitstage/uderica/nordqiime/15_Hil_CS/Bacteria/16S',)
[2017-09-12 19:52:49,221] multiqc.modules.bcftools.bcftools                  [DEBUG  ]  Could not find any reports in ('/home/mark/gitstage/uderica/nordqiime/15_Hil_CS/Bacteria/16S',)
[2017-09-12 19:52:49,222] multiqc.modules.featureCounts.feature_counts       [DEBUG  ]  Could not find any reports in ('/home/mark/gitstage/uderica/nordqiime/15_Hil_CS/Bacteria/16S',)
[2017-09-12 19:52:49,224] multiqc.modules.picard.picard                      [DEBUG  ]  Could not find any reports in ('/home/mark/gitstage/uderica/nordqiime/15_Hil_CS/Bacteria/16S',)
[2017-09-12 19:52:49,226] multiqc.modules.prokka.prokka                      [DEBUG  ]  Could not find any Prokka data in ('/home/mark/gitstage/uderica/nordqiime/15_Hil_CS/Bacteria/16S',)
[2017-09-12 19:52:49,227] multiqc.modules.samblaster.samblaster              [DEBUG  ]  Could not find any data in ('/home/mark/gitstage/uderica/nordqiime/15_Hil_CS/Bacteria/16S',)
[2017-09-12 19:52:49,229] multiqc.modules.samtools.samtools                  [DEBUG  ]  Could not find any reports in ('/home/mark/gitstage/uderica/nordqiime/15_Hil_CS/Bacteria/16S',)
[2017-09-12 19:52:49,230] multiqc.modules.bamtools.bamtools                  [DEBUG  ]  Could not find any reports in ('/home/mark/gitstage/uderica/nordqiime/15_Hil_CS/Bacteria/16S',)
[2017-09-12 19:52:49,231] multiqc.modules.jellyfish.jellyfish                [DEBUG  ]  Could not find any data in ('/home/mark/gitstage/uderica/nordqiime/15_Hil_CS/Bacteria/16S',)
[2017-09-12 19:52:49,233] multiqc.modules.bismark.bismark                    [DEBUG  ]  Could not find any reports in ('/home/mark/gitstage/uderica/nordqiime/15_Hil_CS/Bacteria/16S',)
[2017-09-12 19:52:49,234] multiqc.modules.hicup.hicup                        [DEBUG  ]  Could not find any HiCUP data in ('/home/mark/gitstage/uderica/nordqiime/15_Hil_CS/Bacteria/16S',)
[2017-09-12 19:52:49,235] multiqc.modules.salmon.salmon                      [DEBUG  ]  Could not find any Salmon data in ('/home/mark/gitstage/uderica/nordqiime/15_Hil_CS/Bacteria/16S',)
[2017-09-12 19:52:49,237] multiqc.modules.kallisto.kallisto                  [DEBUG  ]  Could not find any reports in ('/home/mark/gitstage/uderica/nordqiime/15_Hil_CS/Bacteria/16S',)
[2017-09-12 19:52:49,238] multiqc.modules.slamdunk.slamdunk                  [DEBUG  ]  No slamdunk reports found.
[2017-09-12 19:52:49,239] multiqc.modules.star.star                          [DEBUG  ]  Could not find any reports in ('/home/mark/gitstage/uderica/nordqiime/15_Hil_CS/Bacteria/16S',)
[2017-09-12 19:52:49,240] multiqc.modules.hisat2.hisat2                      [DEBUG  ]  Could not find any reports in ('/home/mark/gitstage/uderica/nordqiime/15_Hil_CS/Bacteria/16S',)
[2017-09-12 19:52:49,242] multiqc.modules.tophat.tophat                      [DEBUG  ]  Could not find any reports in ('/home/mark/gitstage/uderica/nordqiime/15_Hil_CS/Bacteria/16S',)
[2017-09-12 19:52:49,243] multiqc.modules.bowtie2.bowtie2                    [DEBUG  ]  Could not find any reports in ('/home/mark/gitstage/uderica/nordqiime/15_Hil_CS/Bacteria/16S',)
[2017-09-12 19:52:49,245] multiqc.modules.bowtie1.bowtie1                    [DEBUG  ]  Could not find any reports in ('/home/mark/gitstage/uderica/nordqiime/15_Hil_CS/Bacteria/16S',)
[2017-09-12 19:52:49,246] multiqc.modules.adapterRemoval.adapterRemoval      [DEBUG  ]  Could not find any reports in ('/home/mark/gitstage/uderica/nordqiime/15_Hil_CS/Bacteria/16S',)
[2017-09-12 19:52:49,247] multiqc.modules.cutadapt.cutadapt                  [DEBUG  ]  Could not find any reports in ('/home/mark/gitstage/uderica/nordqiime/15_Hil_CS/Bacteria/16S',)
[2017-09-12 19:52:49,249] multiqc.modules.flexbar.flexbar                    [DEBUG  ]  Could not find any Flexbar data in ('/home/mark/gitstage/uderica/nordqiime/15_Hil_CS/Bacteria/16S',)
[2017-09-12 19:52:49,250] multiqc.modules.trimmomatic.trimmomatic            [DEBUG  ]  Could not find any Trimmomatic data in ('/home/mark/gitstage/uderica/nordqiime/15_Hil_CS/Bacteria/16S',)
[2017-09-12 19:52:49,251] multiqc.modules.skewer.skewer                      [DEBUG  ]  Could not find any data in ('/home/mark/gitstage/uderica/nordqiime/15_Hil_CS/Bacteria/16S',)
[2017-09-12 19:52:49,253] multiqc.modules.sortmerna.sortmerna                [DEBUG  ]  Could not find any SortMeRNA data in ('/home/mark/gitstage/uderica/nordqiime/15_Hil_CS/Bacteria/16S',)
[2017-09-12 19:52:49,255] multiqc.modules.biobloomtools.biobloomtools        [DEBUG  ]  Could not find any reports in ('/home/mark/gitstage/uderica/nordqiime/15_Hil_CS/Bacteria/16S',)
[2017-09-12 19:52:49,256] multiqc.modules.fastq_screen.fastq_screen          [DEBUG  ]  Could not find any reports in ('/home/mark/gitstage/uderica/nordqiime/15_Hil_CS/Bacteria/16S',)
[2017-09-12 19:52:51,396] multiqc.modules.fastqc.fastqc                      [INFO   ]  Found 54 reports
[2017-09-12 19:52:55,262] multiqc.modules.clusterflow.clusterflow            [DEBUG  ]  Could not find any reports in ('/home/mark/gitstage/uderica/nordqiime/15_Hil_CS/Bacteria/16S',)
[2017-09-12 19:52:55,327] multiqc                                            [INFO   ]  Compressing plot data
[2017-09-12 19:52:57,943] multiqc                                            [INFO   ]  Report      : 15_Hil_CS/Bacteria/16S/multiqc_report.html
[2017-09-12 19:52:57,944] multiqc                                            [INFO   ]  Data        : 15_Hil_CS/Bacteria/16S/multiqc_data
[2017-09-12 19:52:57,946] multiqc                                            [DEBUG  ]  Moving data file from '/tmp/tmpjmdQBW/multiqc_data/multiqc_general_stats.txt' to '/home/mark/gitstage/uderica/nordqiime/15_Hil_CS/Bacteria/16S/multiqc_data'
[2017-09-12 19:52:57,946] multiqc                                            [DEBUG  ]  Moving data file from '/tmp/tmpjmdQBW/multiqc_data/multiqc_sources.txt' to '/home/mark/gitstage/uderica/nordqiime/15_Hil_CS/Bacteria/16S/multiqc_data'
[2017-09-12 19:52:57,946] multiqc                                            [DEBUG  ]  Moving data file from '/tmp/tmpjmdQBW/multiqc_data/multiqc_fastqc.txt' to '/home/mark/gitstage/uderica/nordqiime/15_Hil_CS/Bacteria/16S/multiqc_data'
[2017-09-12 19:52:58,053] multiqc                                            [INFO   ]  MultiQC complete
