configuration from Aer_Comp/Fungi/Aer_comp_Fungi_envvars_new.sh
export PROJ_GENE_TITLE="AerComp_Fungi"
export PROJ_GENE_HOME="/home/mark/gitstage/uderica/silage/Aer_Comp/Fungi"

export R1="_R1"
export R2="_R2"
export FILE_EXT=".fastq"

export LOG_FILE="${PROJ_GENE_HOME}/${PROJ_GENE_TITLE}.log"

export REF_SEQ_FILE="/home/mark/gitstage/uderica/silage/its_12_11_otus/rep_set/97_otus.fasta"

export FASTQC_PATH="/home/mark/gitstage/uderica/silage/FastQC/fastqc"
export MULTIQC_PATH="multiqc"

export MULTIQC_CONFIG="/home/mark/gitstage/uderica/silage/multiqc_config.yaml"

# also sem (parallel)... avaialble for OSX? and in2csv from csvkit

export FLASH_PATH="/home/mark/gitstage/uderica/silage/FLASH-1.2.11/flash"
export MIN_FLASH_OVERLAP=50
export MAX_FLASH_OVERLAP=250

# work on this some more... how to pick best depth?
export CORE_DIV_MIN_DEPTH=10000
export THREAD_CT=6

export SLEEP_SECS=15

export DATA_DIR="raw_data_fungi"

export FLASHED_DIR="${PROJ_GENE_HOME}/${DATA_DIR}/flashed"
export EXTENDED_DIR="${FLASHED_DIR}/extended"
export PICKED_DIR="${EXTENDED_DIR}/flash_trim_cat_pick"

export OTU_PICK_PARAM_FILE="${PROJ_GENE_HOME}/otu_pick_param.txt"

# look here for sample ID, barcodes, primers, optionally experimental factors
# export QIIME_MAPPING_FILE="${PROJ_GENE_HOME}/map16S_MAM_some_factors.txt"
export QIIME_MAPPING_FILE="${PROJ_GENE_HOME}/map.txt"

# look here for sample infomration, except mapping info (esp. barcode and primers)
# will be looping though some column looking for IDs,
# which should then appear in files with names:
# ${PROJ_GENE_HOME}/${DATA_DIR}/${PAIR_PREFIX}<ID>${PAIR_SUFFIX}{${R1}|${R2}}${FILE_EXT}
# export SAMPLE_METADATA_FILE="${PROJ_GENE_HOME}/LalStressMicrobiomeInfo.txt"

export FILE_PATH_FILE="${PROJ_GENE_HOME}/file_path.txt"

# could probably just loop though mapping file instead
# add capability to look for ID:filename relationships in some lookup table

# not doing any error/dependency checking yet
# not doing and cleanup from previous run yet
# FALSE
export FRESH_LOG="TRUE"
export INITIAL_FASTQC="TRUE"
export INITIAL_MULTIQC="TRUE"
export DO_FLASH="TRUE"
export POST_FLASH_BOTHQC="TRUE"
# export POST_FLASH_FASTQC="TRUE"
# export POST_FLASH_MULTIQC="TRUE"
export DO_QIIME_SPLIT="TRUE"
export DO_QIIME_PICK="TRUE"
export DO_PYTHON_OTU_FILTERING="TRUE"
export DO_BIOM_CONVERSION="TRUE"
export DO_CORE_DIV="TRUE"
export DO_PHYLOSEQ="FALSE"




Sat Sep 2 09:57:03 EDT 2017 fastqc'ing /home/mark/gitstage/uderica/silage/Aer_Comp/Fungi/raw_data_fungi/4924-657-MSITS2a
Sat Sep 2 09:57:04 EDT 2017 fastqc'ing /home/mark/gitstage/uderica/silage/Aer_Comp/Fungi/raw_data_fungi/4924-658-MSITS2a
Sat Sep 2 09:57:04 EDT 2017 fastqc'ing /home/mark/gitstage/uderica/silage/Aer_Comp/Fungi/raw_data_fungi/4924-659-MSITS2a
Sat Sep 2 09:57:04 EDT 2017 fastqc'ing /home/mark/gitstage/uderica/silage/Aer_Comp/Fungi/raw_data_fungi/4924-660-MSITS2a
Sat Sep 2 09:57:04 EDT 2017 fastqc'ing /home/mark/gitstage/uderica/silage/Aer_Comp/Fungi/raw_data_fungi/4924-662-MSITS2a
Sat Sep 2 09:57:04 EDT 2017 fastqc'ing /home/mark/gitstage/uderica/silage/Aer_Comp/Fungi/raw_data_fungi/4924-663-MSITS2a
Sat Sep 2 09:57:04 EDT 2017 fastqc'ing /home/mark/gitstage/uderica/silage/Aer_Comp/Fungi/raw_data_fungi/4924-664-MSITS2a
Sat Sep 2 09:57:05 EDT 2017 fastqc'ing /home/mark/gitstage/uderica/silage/Aer_Comp/Fungi/raw_data_fungi/4924-665-MSITS2a
Sat Sep 2 09:57:11 EDT 2017 fastqc'ing /home/mark/gitstage/uderica/silage/Aer_Comp/Fungi/raw_data_fungi/4924-667-MSITS2a
Sat Sep 2 09:57:11 EDT 2017 fastqc'ing /home/mark/gitstage/uderica/silage/Aer_Comp/Fungi/raw_data_fungi/4924-668-MSITS2a
Sat Sep 2 09:57:11 EDT 2017 fastqc'ing /home/mark/gitstage/uderica/silage/Aer_Comp/Fungi/raw_data_fungi/4924-669-MSITS2a
Sat Sep 2 09:57:12 EDT 2017 fastqc'ing /home/mark/gitstage/uderica/silage/Aer_Comp/Fungi/raw_data_fungi/4924-670-MSITS2a
Sat Sep 2 09:57:12 EDT 2017 fastqc'ing /home/mark/gitstage/uderica/silage/Aer_Comp/Fungi/raw_data_fungi/4924-672-MSITS2a
Sat Sep 2 09:57:12 EDT 2017 fastqc'ing /home/mark/gitstage/uderica/silage/Aer_Comp/Fungi/raw_data_fungi/4924-673-MSITS2a
Sat Sep 2 09:57:12 EDT 2017 fastqc'ing /home/mark/gitstage/uderica/silage/Aer_Comp/Fungi/raw_data_fungi/4924-674-MSITS2a
Sat Sep 2 09:57:17 EDT 2017 fastqc'ing /home/mark/gitstage/uderica/silage/Aer_Comp/Fungi/raw_data_fungi/4924-675-MSITS2a
Sat Sep 2 09:57:18 EDT 2017 fastqc'ing /home/mark/gitstage/uderica/silage/Aer_Comp/Fungi/raw_data_fungi/4924-677-MSITS2a
Sat Sep 2 09:57:18 EDT 2017 fastqc'ing /home/mark/gitstage/uderica/silage/Aer_Comp/Fungi/raw_data_fungi/4924-678-MSITS2a
Sat Sep 2 09:57:18 EDT 2017 fastqc'ing /home/mark/gitstage/uderica/silage/Aer_Comp/Fungi/raw_data_fungi/4924-679-MSITS2a
Sat Sep 2 09:57:18 EDT 2017 fastqc'ing /home/mark/gitstage/uderica/silage/Aer_Comp/Fungi/raw_data_fungi/4924-680-MSITS2a
Sat Sep 2 09:57:18 EDT 2017 fastqc'ing /home/mark/gitstage/uderica/silage/Aer_Comp/Fungi/raw_data_fungi/4924-692-MSITS2a
Sat Sep 2 09:57:19 EDT 2017 fastqc'ing /home/mark/gitstage/uderica/silage/Aer_Comp/Fungi/raw_data_fungi/4924-693-MSITS2a
Sat Sep 2 09:57:22 EDT 2017 fastqc'ing /home/mark/gitstage/uderica/silage/Aer_Comp/Fungi/raw_data_fungi/4924-694-MSITS2a
Sat Sep 2 09:57:23 EDT 2017 fastqc'ing /home/mark/gitstage/uderica/silage/Aer_Comp/Fungi/raw_data_fungi/4924-695-MSITS2a
Sat Sep 2 09:57:25 EDT 2017 fastqc'ing /home/mark/gitstage/uderica/silage/Aer_Comp/Fungi/raw_data_fungi/4924-697-MSITS2a
Sat Sep 2 09:57:25 EDT 2017 fastqc'ing /home/mark/gitstage/uderica/silage/Aer_Comp/Fungi/raw_data_fungi/4924-698-MSITS2a
Sat Sep 2 09:57:25 EDT 2017 fastqc'ing /home/mark/gitstage/uderica/silage/Aer_Comp/Fungi/raw_data_fungi/4924-699-MSITS2a
Sat Sep 2 09:57:25 EDT 2017 fastqc'ing /home/mark/gitstage/uderica/silage/Aer_Comp/Fungi/raw_data_fungi/4924-700-MSITS2a
Sat Sep 2 09:58:11 EDT 2017 fastqc'ing /home/mark/gitstage/uderica/silage/Aer_Comp/Fungi/raw_data_fungi/4924-657-MSITS2a
Sat Sep 2 09:58:11 EDT 2017 fastqc'ing /home/mark/gitstage/uderica/silage/Aer_Comp/Fungi/raw_data_fungi/4924-658-MSITS2a
Sat Sep 2 09:58:12 EDT 2017 fastqc'ing /home/mark/gitstage/uderica/silage/Aer_Comp/Fungi/raw_data_fungi/4924-659-MSITS2a
Sat Sep 2 09:58:12 EDT 2017 fastqc'ing /home/mark/gitstage/uderica/silage/Aer_Comp/Fungi/raw_data_fungi/4924-660-MSITS2a
Sat Sep 2 09:58:12 EDT 2017 fastqc'ing /home/mark/gitstage/uderica/silage/Aer_Comp/Fungi/raw_data_fungi/4924-662-MSITS2a
Sat Sep 2 09:58:12 EDT 2017 fastqc'ing /home/mark/gitstage/uderica/silage/Aer_Comp/Fungi/raw_data_fungi/4924-663-MSITS2a
Sat Sep 2 09:58:12 EDT 2017 fastqc'ing /home/mark/gitstage/uderica/silage/Aer_Comp/Fungi/raw_data_fungi/4924-664-MSITS2a
Sat Sep 2 09:58:13 EDT 2017 fastqc'ing /home/mark/gitstage/uderica/silage/Aer_Comp/Fungi/raw_data_fungi/4924-665-MSITS2a
Sat Sep 2 09:58:18 EDT 2017 fastqc'ing /home/mark/gitstage/uderica/silage/Aer_Comp/Fungi/raw_data_fungi/4924-667-MSITS2a
Sat Sep 2 09:58:19 EDT 2017 fastqc'ing /home/mark/gitstage/uderica/silage/Aer_Comp/Fungi/raw_data_fungi/4924-668-MSITS2a
Sat Sep 2 09:58:19 EDT 2017 fastqc'ing /home/mark/gitstage/uderica/silage/Aer_Comp/Fungi/raw_data_fungi/4924-669-MSITS2a
Sat Sep 2 09:58:19 EDT 2017 fastqc'ing /home/mark/gitstage/uderica/silage/Aer_Comp/Fungi/raw_data_fungi/4924-670-MSITS2a
Sat Sep 2 09:58:20 EDT 2017 fastqc'ing /home/mark/gitstage/uderica/silage/Aer_Comp/Fungi/raw_data_fungi/4924-672-MSITS2a
Sat Sep 2 09:58:20 EDT 2017 fastqc'ing /home/mark/gitstage/uderica/silage/Aer_Comp/Fungi/raw_data_fungi/4924-673-MSITS2a
Sat Sep 2 09:58:20 EDT 2017 fastqc'ing /home/mark/gitstage/uderica/silage/Aer_Comp/Fungi/raw_data_fungi/4924-674-MSITS2a
Sat Sep 2 09:58:25 EDT 2017 fastqc'ing /home/mark/gitstage/uderica/silage/Aer_Comp/Fungi/raw_data_fungi/4924-675-MSITS2a
Sat Sep 2 09:58:25 EDT 2017 fastqc'ing /home/mark/gitstage/uderica/silage/Aer_Comp/Fungi/raw_data_fungi/4924-677-MSITS2a
Sat Sep 2 09:58:26 EDT 2017 fastqc'ing /home/mark/gitstage/uderica/silage/Aer_Comp/Fungi/raw_data_fungi/4924-678-MSITS2a
Sat Sep 2 09:58:26 EDT 2017 fastqc'ing /home/mark/gitstage/uderica/silage/Aer_Comp/Fungi/raw_data_fungi/4924-679-MSITS2a
Sat Sep 2 09:58:26 EDT 2017 fastqc'ing /home/mark/gitstage/uderica/silage/Aer_Comp/Fungi/raw_data_fungi/4924-680-MSITS2a
Sat Sep 2 09:58:26 EDT 2017 fastqc'ing /home/mark/gitstage/uderica/silage/Aer_Comp/Fungi/raw_data_fungi/4924-692-MSITS2a
Sat Sep 2 09:58:27 EDT 2017 fastqc'ing /home/mark/gitstage/uderica/silage/Aer_Comp/Fungi/raw_data_fungi/4924-693-MSITS2a
Sat Sep 2 09:58:31 EDT 2017 fastqc'ing /home/mark/gitstage/uderica/silage/Aer_Comp/Fungi/raw_data_fungi/4924-694-MSITS2a
Sat Sep 2 09:58:32 EDT 2017 fastqc'ing /home/mark/gitstage/uderica/silage/Aer_Comp/Fungi/raw_data_fungi/4924-695-MSITS2a
Sat Sep 2 09:58:32 EDT 2017 fastqc'ing /home/mark/gitstage/uderica/silage/Aer_Comp/Fungi/raw_data_fungi/4924-697-MSITS2a
Sat Sep 2 09:58:33 EDT 2017 fastqc'ing /home/mark/gitstage/uderica/silage/Aer_Comp/Fungi/raw_data_fungi/4924-698-MSITS2a
Sat Sep 2 09:58:33 EDT 2017 fastqc'ing /home/mark/gitstage/uderica/silage/Aer_Comp/Fungi/raw_data_fungi/4924-699-MSITS2a
Sat Sep 2 09:58:33 EDT 2017 fastqc'ing /home/mark/gitstage/uderica/silage/Aer_Comp/Fungi/raw_data_fungi/4924-700-MSITS2a
Sat Sep 2 09:59:31 EDT 2017 flashing /home/mark/gitstage/uderica/silage/Aer_Comp/Fungi/raw_data_fungi/4924-657-MSITS2a
[FLASH] Starting FLASH v1.2.11
[FLASH] Fast Length Adjustment of SHort reads
[FLASH]  
[FLASH] Input files:
[FLASH]     /home/mark/gitstage/uderica/silage/Aer_Comp/Fungi/raw_data_fungi/4924-657-MSITS2a_R1.fastq
[FLASH]     /home/mark/gitstage/uderica/silage/Aer_Comp/Fungi/raw_data_fungi/4924-657-MSITS2a_R2.fastq
[FLASH]  
[FLASH] Output files:
[FLASH]     /home/mark/gitstage/uderica/silage/Aer_Comp/Fungi/raw_data_fungi/flashed/4924-657-MSITS2a.extendedFrags.fastq
[FLASH]     /home/mark/gitstage/uderica/silage/Aer_Comp/Fungi/raw_data_fungi/flashed/4924-657-MSITS2a.notCombined_1.fastq
[FLASH]     /home/mark/gitstage/uderica/silage/Aer_Comp/Fungi/raw_data_fungi/flashed/4924-657-MSITS2a.notCombined_2.fastq
[FLASH]     /home/mark/gitstage/uderica/silage/Aer_Comp/Fungi/raw_data_fungi/flashed/4924-657-MSITS2a.hist
[FLASH]     /home/mark/gitstage/uderica/silage/Aer_Comp/Fungi/raw_data_fungi/flashed/4924-657-MSITS2a.histogram
[FLASH]  
[FLASH] Parameters:
[FLASH]     Min overlap:           50
[FLASH]     Max overlap:           250
[FLASH]     Max mismatch density:  0.250000
[FLASH]     Allow "outie" pairs:   false
[FLASH]     Cap mismatch quals:    false
[FLASH]     Combiner threads:      8
[FLASH]     Input format:          FASTQ, phred_offset=33
[FLASH]     Output format:         FASTQ, phred_offset=33
[FLASH]  
[FLASH] Starting reader and writer threads
[FLASH] Starting 8 combiner threads
[FLASH] Processed 25000 read pairs
[FLASH] Processed 33396 read pairs
[FLASH]  
[FLASH] Read combination statistics:
[FLASH]     Total pairs:      33396
[FLASH]     Combined pairs:   31180
[FLASH]     Uncombined pairs: 2216
[FLASH]     Percent combined: 93.36%
[FLASH]  
[FLASH] Writing histogram files.
[FLASH]  
[FLASH] FLASH v1.2.11 complete!
[FLASH] 0.106 seconds elapsed
Sat Sep 2 09:59:31 EDT 2017 flashing /home/mark/gitstage/uderica/silage/Aer_Comp/Fungi/raw_data_fungi/4924-658-MSITS2a
[FLASH] Starting FLASH v1.2.11
[FLASH] Fast Length Adjustment of SHort reads
[FLASH]  
[FLASH] Input files:
[FLASH]     /home/mark/gitstage/uderica/silage/Aer_Comp/Fungi/raw_data_fungi/4924-658-MSITS2a_R1.fastq
[FLASH]     /home/mark/gitstage/uderica/silage/Aer_Comp/Fungi/raw_data_fungi/4924-658-MSITS2a_R2.fastq
[FLASH]  
[FLASH] Output files:
[FLASH]     /home/mark/gitstage/uderica/silage/Aer_Comp/Fungi/raw_data_fungi/flashed/4924-658-MSITS2a.extendedFrags.fastq
[FLASH]     /home/mark/gitstage/uderica/silage/Aer_Comp/Fungi/raw_data_fungi/flashed/4924-658-MSITS2a.notCombined_1.fastq
[FLASH]     /home/mark/gitstage/uderica/silage/Aer_Comp/Fungi/raw_data_fungi/flashed/4924-658-MSITS2a.notCombined_2.fastq
[FLASH]     /home/mark/gitstage/uderica/silage/Aer_Comp/Fungi/raw_data_fungi/flashed/4924-658-MSITS2a.hist
[FLASH]     /home/mark/gitstage/uderica/silage/Aer_Comp/Fungi/raw_data_fungi/flashed/4924-658-MSITS2a.histogram
[FLASH]  
[FLASH] Parameters:
[FLASH]     Min overlap:           50
[FLASH]     Max overlap:           250
[FLASH]     Max mismatch density:  0.250000
[FLASH]     Allow "outie" pairs:   false
[FLASH]     Cap mismatch quals:    false
[FLASH]     Combiner threads:      8
[FLASH]     Input format:          FASTQ, phred_offset=33
[FLASH]     Output format:         FASTQ, phred_offset=33
[FLASH]  
[FLASH] Starting reader and writer threads
[FLASH] Starting 8 combiner threads
[FLASH] Processed 23367 read pairs
[FLASH]  
[FLASH] Read combination statistics:
[FLASH]     Total pairs:      23367
[FLASH]     Combined pairs:   21790
[FLASH]     Uncombined pairs: 1577
[FLASH]     Percent combined: 93.25%
[FLASH]  
[FLASH] Writing histogram files.
[FLASH]  
[FLASH] FLASH v1.2.11 complete!
[FLASH] 0.082 seconds elapsed
Sat Sep 2 09:59:31 EDT 2017 flashing /home/mark/gitstage/uderica/silage/Aer_Comp/Fungi/raw_data_fungi/4924-659-MSITS2a
[FLASH] Starting FLASH v1.2.11
[FLASH] Fast Length Adjustment of SHort reads
[FLASH]  
[FLASH] Input files:
[FLASH]     /home/mark/gitstage/uderica/silage/Aer_Comp/Fungi/raw_data_fungi/4924-659-MSITS2a_R1.fastq
[FLASH]     /home/mark/gitstage/uderica/silage/Aer_Comp/Fungi/raw_data_fungi/4924-659-MSITS2a_R2.fastq
[FLASH]  
[FLASH] Output files:
[FLASH]     /home/mark/gitstage/uderica/silage/Aer_Comp/Fungi/raw_data_fungi/flashed/4924-659-MSITS2a.extendedFrags.fastq
[FLASH]     /home/mark/gitstage/uderica/silage/Aer_Comp/Fungi/raw_data_fungi/flashed/4924-659-MSITS2a.notCombined_1.fastq
[FLASH]     /home/mark/gitstage/uderica/silage/Aer_Comp/Fungi/raw_data_fungi/flashed/4924-659-MSITS2a.notCombined_2.fastq
[FLASH]     /home/mark/gitstage/uderica/silage/Aer_Comp/Fungi/raw_data_fungi/flashed/4924-659-MSITS2a.hist
[FLASH]     /home/mark/gitstage/uderica/silage/Aer_Comp/Fungi/raw_data_fungi/flashed/4924-659-MSITS2a.histogram
[FLASH]  
[FLASH] Parameters:
[FLASH]     Min overlap:           50
[FLASH]     Max overlap:           250
[FLASH]     Max mismatch density:  0.250000
[FLASH]     Allow "outie" pairs:   false
[FLASH]     Cap mismatch quals:    false
[FLASH]     Combiner threads:      8
[FLASH]     Input format:          FASTQ, phred_offset=33
[FLASH]     Output format:         FASTQ, phred_offset=33
[FLASH]  
[FLASH] Starting reader and writer threads
[FLASH] Starting 8 combiner threads
[FLASH] Processed 25000 read pairs
[FLASH] Processed 30647 read pairs
[FLASH]  
[FLASH] Read combination statistics:
[FLASH]     Total pairs:      30647
[FLASH]     Combined pairs:   27255
[FLASH]     Uncombined pairs: 3392
[FLASH]     Percent combined: 88.93%
[FLASH]  
[FLASH] Writing histogram files.
[FLASH]  
[FLASH] FLASH v1.2.11 complete!
[FLASH] 0.117 seconds elapsed
Sat Sep 2 09:59:32 EDT 2017 flashing /home/mark/gitstage/uderica/silage/Aer_Comp/Fungi/raw_data_fungi/4924-660-MSITS2a
[FLASH] Starting FLASH v1.2.11
[FLASH] Fast Length Adjustment of SHort reads
[FLASH]  
[FLASH] Input files:
[FLASH]     /home/mark/gitstage/uderica/silage/Aer_Comp/Fungi/raw_data_fungi/4924-660-MSITS2a_R1.fastq
[FLASH]     /home/mark/gitstage/uderica/silage/Aer_Comp/Fungi/raw_data_fungi/4924-660-MSITS2a_R2.fastq
[FLASH]  
[FLASH] Output files:
[FLASH]     /home/mark/gitstage/uderica/silage/Aer_Comp/Fungi/raw_data_fungi/flashed/4924-660-MSITS2a.extendedFrags.fastq
[FLASH]     /home/mark/gitstage/uderica/silage/Aer_Comp/Fungi/raw_data_fungi/flashed/4924-660-MSITS2a.notCombined_1.fastq
[FLASH]     /home/mark/gitstage/uderica/silage/Aer_Comp/Fungi/raw_data_fungi/flashed/4924-660-MSITS2a.notCombined_2.fastq
[FLASH]     /home/mark/gitstage/uderica/silage/Aer_Comp/Fungi/raw_data_fungi/flashed/4924-660-MSITS2a.hist
[FLASH]     /home/mark/gitstage/uderica/silage/Aer_Comp/Fungi/raw_data_fungi/flashed/4924-660-MSITS2a.histogram
[FLASH]  
[FLASH] Parameters:
[FLASH]     Min overlap:           50
[FLASH]     Max overlap:           250
[FLASH]     Max mismatch density:  0.250000
[FLASH]     Allow "outie" pairs:   false
[FLASH]     Cap mismatch quals:    false
[FLASH]     Combiner threads:      8
[FLASH]     Input format:          FASTQ, phred_offset=33
[FLASH]     Output format:         FASTQ, phred_offset=33
[FLASH]  
[FLASH] Starting reader and writer threads
[FLASH] Starting 8 combiner threads
[FLASH] Processed 25000 read pairs
[FLASH] Processed 29659 read pairs
[FLASH]  
[FLASH] Read combination statistics:
[FLASH]     Total pairs:      29659
[FLASH]     Combined pairs:   27764
[FLASH]     Uncombined pairs: 1895
[FLASH]     Percent combined: 93.61%
[FLASH]  
[FLASH] Writing histogram files.
[FLASH]  
[FLASH] FLASH v1.2.11 complete!
[FLASH] 0.114 seconds elapsed
Sat Sep 2 09:59:32 EDT 2017 flashing /home/mark/gitstage/uderica/silage/Aer_Comp/Fungi/raw_data_fungi/4924-662-MSITS2a
[FLASH] Starting FLASH v1.2.11
[FLASH] Fast Length Adjustment of SHort reads
[FLASH]  
[FLASH] Input files:
[FLASH]     /home/mark/gitstage/uderica/silage/Aer_Comp/Fungi/raw_data_fungi/4924-662-MSITS2a_R1.fastq
[FLASH]     /home/mark/gitstage/uderica/silage/Aer_Comp/Fungi/raw_data_fungi/4924-662-MSITS2a_R2.fastq
[FLASH]  
[FLASH] Output files:
[FLASH]     /home/mark/gitstage/uderica/silage/Aer_Comp/Fungi/raw_data_fungi/flashed/4924-662-MSITS2a.extendedFrags.fastq
[FLASH]     /home/mark/gitstage/uderica/silage/Aer_Comp/Fungi/raw_data_fungi/flashed/4924-662-MSITS2a.notCombined_1.fastq
[FLASH]     /home/mark/gitstage/uderica/silage/Aer_Comp/Fungi/raw_data_fungi/flashed/4924-662-MSITS2a.notCombined_2.fastq
[FLASH]     /home/mark/gitstage/uderica/silage/Aer_Comp/Fungi/raw_data_fungi/flashed/4924-662-MSITS2a.hist
[FLASH]     /home/mark/gitstage/uderica/silage/Aer_Comp/Fungi/raw_data_fungi/flashed/4924-662-MSITS2a.histogram
[FLASH]  
[FLASH] Parameters:
[FLASH]     Min overlap:           50
[FLASH]     Max overlap:           250
[FLASH]     Max mismatch density:  0.250000
[FLASH]     Allow "outie" pairs:   false
[FLASH]     Cap mismatch quals:    false
[FLASH]     Combiner threads:      8
[FLASH]     Input format:          FASTQ, phred_offset=33
[FLASH]     Output format:         FASTQ, phred_offset=33
[FLASH]  
[FLASH] Starting reader and writer threads
[FLASH] Starting 8 combiner threads
[FLASH] Processed 25000 read pairs
[FLASH] Processed 37858 read pairs
[FLASH]  
[FLASH] Read combination statistics:
[FLASH]     Total pairs:      37858
[FLASH]     Combined pairs:   28271
[FLASH]     Uncombined pairs: 9587
[FLASH]     Percent combined: 74.68%
[FLASH]  
[FLASH] Writing histogram files.
[FLASH]  
[FLASH] FLASH v1.2.11 complete!
[FLASH] 0.149 seconds elapsed
Sat Sep 2 09:59:32 EDT 2017 flashing /home/mark/gitstage/uderica/silage/Aer_Comp/Fungi/raw_data_fungi/4924-663-MSITS2a
[FLASH] Starting FLASH v1.2.11
[FLASH] Fast Length Adjustment of SHort reads
[FLASH]  
[FLASH] Input files:
[FLASH]     /home/mark/gitstage/uderica/silage/Aer_Comp/Fungi/raw_data_fungi/4924-663-MSITS2a_R1.fastq
[FLASH]     /home/mark/gitstage/uderica/silage/Aer_Comp/Fungi/raw_data_fungi/4924-663-MSITS2a_R2.fastq
[FLASH]  
[FLASH] Output files:
[FLASH]     /home/mark/gitstage/uderica/silage/Aer_Comp/Fungi/raw_data_fungi/flashed/4924-663-MSITS2a.extendedFrags.fastq
[FLASH]     /home/mark/gitstage/uderica/silage/Aer_Comp/Fungi/raw_data_fungi/flashed/4924-663-MSITS2a.notCombined_1.fastq
[FLASH]     /home/mark/gitstage/uderica/silage/Aer_Comp/Fungi/raw_data_fungi/flashed/4924-663-MSITS2a.notCombined_2.fastq
[FLASH]     /home/mark/gitstage/uderica/silage/Aer_Comp/Fungi/raw_data_fungi/flashed/4924-663-MSITS2a.hist
[FLASH]     /home/mark/gitstage/uderica/silage/Aer_Comp/Fungi/raw_data_fungi/flashed/4924-663-MSITS2a.histogram
[FLASH]  
[FLASH] Parameters:
[FLASH]     Min overlap:           50
[FLASH]     Max overlap:           250
[FLASH]     Max mismatch density:  0.250000
[FLASH]     Allow "outie" pairs:   false
[FLASH]     Cap mismatch quals:    false
[FLASH]     Combiner threads:      8
[FLASH]     Input format:          FASTQ, phred_offset=33
[FLASH]     Output format:         FASTQ, phred_offset=33
[FLASH]  
[FLASH] Starting reader and writer threads
[FLASH] Starting 8 combiner threads
[FLASH] Processed 25000 read pairs
[FLASH] Processed 30920 read pairs
[FLASH]  
[FLASH] Read combination statistics:
[FLASH]     Total pairs:      30920
[FLASH]     Combined pairs:   23134
[FLASH]     Uncombined pairs: 7786
[FLASH]     Percent combined: 74.82%
[FLASH]  
[FLASH] Writing histogram files.
[FLASH]  
[FLASH] FLASH v1.2.11 complete!
[FLASH] 0.110 seconds elapsed
Sat Sep 2 09:59:32 EDT 2017 flashing /home/mark/gitstage/uderica/silage/Aer_Comp/Fungi/raw_data_fungi/4924-664-MSITS2a
[FLASH] Starting FLASH v1.2.11
[FLASH] Fast Length Adjustment of SHort reads
[FLASH]  
[FLASH] Input files:
[FLASH]     /home/mark/gitstage/uderica/silage/Aer_Comp/Fungi/raw_data_fungi/4924-664-MSITS2a_R1.fastq
[FLASH]     /home/mark/gitstage/uderica/silage/Aer_Comp/Fungi/raw_data_fungi/4924-664-MSITS2a_R2.fastq
[FLASH]  
[FLASH] Output files:
[FLASH]     /home/mark/gitstage/uderica/silage/Aer_Comp/Fungi/raw_data_fungi/flashed/4924-664-MSITS2a.extendedFrags.fastq
[FLASH]     /home/mark/gitstage/uderica/silage/Aer_Comp/Fungi/raw_data_fungi/flashed/4924-664-MSITS2a.notCombined_1.fastq
[FLASH]     /home/mark/gitstage/uderica/silage/Aer_Comp/Fungi/raw_data_fungi/flashed/4924-664-MSITS2a.notCombined_2.fastq
[FLASH]     /home/mark/gitstage/uderica/silage/Aer_Comp/Fungi/raw_data_fungi/flashed/4924-664-MSITS2a.hist
[FLASH]     /home/mark/gitstage/uderica/silage/Aer_Comp/Fungi/raw_data_fungi/flashed/4924-664-MSITS2a.histogram
[FLASH]  
[FLASH] Parameters:
[FLASH]     Min overlap:           50
[FLASH]     Max overlap:           250
[FLASH]     Max mismatch density:  0.250000
[FLASH]     Allow "outie" pairs:   false
[FLASH]     Cap mismatch quals:    false
[FLASH]     Combiner threads:      8
[FLASH]     Input format:          FASTQ, phred_offset=33
[FLASH]     Output format:         FASTQ, phred_offset=33
[FLASH]  
[FLASH] Starting reader and writer threads
[FLASH] Starting 8 combiner threads
[FLASH] Processed 20123 read pairs
[FLASH]  
[FLASH] Read combination statistics:
[FLASH]     Total pairs:      20123
[FLASH]     Combined pairs:   13428
[FLASH]     Uncombined pairs: 6695
[FLASH]     Percent combined: 66.73%
[FLASH]  
[FLASH] Writing histogram files.
[FLASH]  
[FLASH] FLASH v1.2.11 complete!
[FLASH] 0.072 seconds elapsed
Sat Sep 2 09:59:32 EDT 2017 flashing /home/mark/gitstage/uderica/silage/Aer_Comp/Fungi/raw_data_fungi/4924-665-MSITS2a
[FLASH] Starting FLASH v1.2.11
[FLASH] Fast Length Adjustment of SHort reads
[FLASH]  
[FLASH] Input files:
[FLASH]     /home/mark/gitstage/uderica/silage/Aer_Comp/Fungi/raw_data_fungi/4924-665-MSITS2a_R1.fastq
[FLASH]     /home/mark/gitstage/uderica/silage/Aer_Comp/Fungi/raw_data_fungi/4924-665-MSITS2a_R2.fastq
[FLASH]  
[FLASH] Output files:
[FLASH]     /home/mark/gitstage/uderica/silage/Aer_Comp/Fungi/raw_data_fungi/flashed/4924-665-MSITS2a.extendedFrags.fastq
[FLASH]     /home/mark/gitstage/uderica/silage/Aer_Comp/Fungi/raw_data_fungi/flashed/4924-665-MSITS2a.notCombined_1.fastq
[FLASH]     /home/mark/gitstage/uderica/silage/Aer_Comp/Fungi/raw_data_fungi/flashed/4924-665-MSITS2a.notCombined_2.fastq
[FLASH]     /home/mark/gitstage/uderica/silage/Aer_Comp/Fungi/raw_data_fungi/flashed/4924-665-MSITS2a.hist
[FLASH]     /home/mark/gitstage/uderica/silage/Aer_Comp/Fungi/raw_data_fungi/flashed/4924-665-MSITS2a.histogram
[FLASH]  
[FLASH] Parameters:
[FLASH]     Min overlap:           50
[FLASH]     Max overlap:           250
[FLASH]     Max mismatch density:  0.250000
[FLASH]     Allow "outie" pairs:   false
[FLASH]     Cap mismatch quals:    false
[FLASH]     Combiner threads:      8
[FLASH]     Input format:          FASTQ, phred_offset=33
[FLASH]     Output format:         FASTQ, phred_offset=33
[FLASH]  
[FLASH] Starting reader and writer threads
[FLASH] Starting 8 combiner threads
[FLASH] Processed 25000 read pairs
[FLASH] Processed 31806 read pairs
[FLASH]  
[FLASH] Read combination statistics:
[FLASH]     Total pairs:      31806
[FLASH]     Combined pairs:   22607
[FLASH]     Uncombined pairs: 9199
[FLASH]     Percent combined: 71.08%
[FLASH]  
[FLASH] Writing histogram files.
[FLASH]  
[FLASH] FLASH v1.2.11 complete!
[FLASH] 0.101 seconds elapsed
Sat Sep 2 09:59:32 EDT 2017 flashing /home/mark/gitstage/uderica/silage/Aer_Comp/Fungi/raw_data_fungi/4924-667-MSITS2a
[FLASH] Starting FLASH v1.2.11
[FLASH] Fast Length Adjustment of SHort reads
[FLASH]  
[FLASH] Input files:
[FLASH]     /home/mark/gitstage/uderica/silage/Aer_Comp/Fungi/raw_data_fungi/4924-667-MSITS2a_R1.fastq
[FLASH]     /home/mark/gitstage/uderica/silage/Aer_Comp/Fungi/raw_data_fungi/4924-667-MSITS2a_R2.fastq
[FLASH]  
[FLASH] Output files:
[FLASH]     /home/mark/gitstage/uderica/silage/Aer_Comp/Fungi/raw_data_fungi/flashed/4924-667-MSITS2a.extendedFrags.fastq
[FLASH]     /home/mark/gitstage/uderica/silage/Aer_Comp/Fungi/raw_data_fungi/flashed/4924-667-MSITS2a.notCombined_1.fastq
[FLASH]     /home/mark/gitstage/uderica/silage/Aer_Comp/Fungi/raw_data_fungi/flashed/4924-667-MSITS2a.notCombined_2.fastq
[FLASH]     /home/mark/gitstage/uderica/silage/Aer_Comp/Fungi/raw_data_fungi/flashed/4924-667-MSITS2a.hist
[FLASH]     /home/mark/gitstage/uderica/silage/Aer_Comp/Fungi/raw_data_fungi/flashed/4924-667-MSITS2a.histogram
[FLASH]  
[FLASH] Parameters:
[FLASH]     Min overlap:           50
[FLASH]     Max overlap:           250
[FLASH]     Max mismatch density:  0.250000
[FLASH]     Allow "outie" pairs:   false
[FLASH]     Cap mismatch quals:    false
[FLASH]     Combiner threads:      8
[FLASH]     Input format:          FASTQ, phred_offset=33
[FLASH]     Output format:         FASTQ, phred_offset=33
[FLASH]  
[FLASH] Starting reader and writer threads
[FLASH] Starting 8 combiner threads
[FLASH] Processed 25000 read pairs
[FLASH] Processed 35989 read pairs
[FLASH]  
[FLASH] Read combination statistics:
[FLASH]     Total pairs:      35989
[FLASH]     Combined pairs:   26596
[FLASH]     Uncombined pairs: 9393
[FLASH]     Percent combined: 73.90%
[FLASH]  
[FLASH] Writing histogram files.
[FLASH]  
[FLASH] FLASH v1.2.11 complete!
[FLASH] 0.105 seconds elapsed
Sat Sep 2 09:59:32 EDT 2017 flashing /home/mark/gitstage/uderica/silage/Aer_Comp/Fungi/raw_data_fungi/4924-668-MSITS2a
[FLASH] Starting FLASH v1.2.11
[FLASH] Fast Length Adjustment of SHort reads
[FLASH]  
[FLASH] Input files:
[FLASH]     /home/mark/gitstage/uderica/silage/Aer_Comp/Fungi/raw_data_fungi/4924-668-MSITS2a_R1.fastq
[FLASH]     /home/mark/gitstage/uderica/silage/Aer_Comp/Fungi/raw_data_fungi/4924-668-MSITS2a_R2.fastq
[FLASH]  
[FLASH] Output files:
[FLASH]     /home/mark/gitstage/uderica/silage/Aer_Comp/Fungi/raw_data_fungi/flashed/4924-668-MSITS2a.extendedFrags.fastq
[FLASH]     /home/mark/gitstage/uderica/silage/Aer_Comp/Fungi/raw_data_fungi/flashed/4924-668-MSITS2a.notCombined_1.fastq
[FLASH]     /home/mark/gitstage/uderica/silage/Aer_Comp/Fungi/raw_data_fungi/flashed/4924-668-MSITS2a.notCombined_2.fastq
[FLASH]     /home/mark/gitstage/uderica/silage/Aer_Comp/Fungi/raw_data_fungi/flashed/4924-668-MSITS2a.hist
[FLASH]     /home/mark/gitstage/uderica/silage/Aer_Comp/Fungi/raw_data_fungi/flashed/4924-668-MSITS2a.histogram
[FLASH]  
[FLASH] Parameters:
[FLASH]     Min overlap:           50
[FLASH]     Max overlap:           250
[FLASH]     Max mismatch density:  0.250000
[FLASH]     Allow "outie" pairs:   false
[FLASH]     Cap mismatch quals:    false
[FLASH]     Combiner threads:      8
[FLASH]     Input format:          FASTQ, phred_offset=33
[FLASH]     Output format:         FASTQ, phred_offset=33
[FLASH]  
[FLASH] Starting reader and writer threads
[FLASH] Starting 8 combiner threads
[FLASH] Processed 25000 read pairs
[FLASH] Processed 26427 read pairs
[FLASH]  
[FLASH] Read combination statistics:
[FLASH]     Total pairs:      26427
[FLASH]     Combined pairs:   18509
[FLASH]     Uncombined pairs: 7918
[FLASH]     Percent combined: 70.04%
[FLASH]  
[FLASH] Writing histogram files.
[FLASH]  
[FLASH] FLASH v1.2.11 complete!
[FLASH] 0.094 seconds elapsed
Sat Sep 2 09:59:32 EDT 2017 flashing /home/mark/gitstage/uderica/silage/Aer_Comp/Fungi/raw_data_fungi/4924-669-MSITS2a
[FLASH] Starting FLASH v1.2.11
[FLASH] Fast Length Adjustment of SHort reads
[FLASH]  
[FLASH] Input files:
[FLASH]     /home/mark/gitstage/uderica/silage/Aer_Comp/Fungi/raw_data_fungi/4924-669-MSITS2a_R1.fastq
[FLASH]     /home/mark/gitstage/uderica/silage/Aer_Comp/Fungi/raw_data_fungi/4924-669-MSITS2a_R2.fastq
[FLASH]  
[FLASH] Output files:
[FLASH]     /home/mark/gitstage/uderica/silage/Aer_Comp/Fungi/raw_data_fungi/flashed/4924-669-MSITS2a.extendedFrags.fastq
[FLASH]     /home/mark/gitstage/uderica/silage/Aer_Comp/Fungi/raw_data_fungi/flashed/4924-669-MSITS2a.notCombined_1.fastq
[FLASH]     /home/mark/gitstage/uderica/silage/Aer_Comp/Fungi/raw_data_fungi/flashed/4924-669-MSITS2a.notCombined_2.fastq
[FLASH]     /home/mark/gitstage/uderica/silage/Aer_Comp/Fungi/raw_data_fungi/flashed/4924-669-MSITS2a.hist
[FLASH]     /home/mark/gitstage/uderica/silage/Aer_Comp/Fungi/raw_data_fungi/flashed/4924-669-MSITS2a.histogram
[FLASH]  
[FLASH] Parameters:
[FLASH]     Min overlap:           50
[FLASH]     Max overlap:           250
[FLASH]     Max mismatch density:  0.250000
[FLASH]     Allow "outie" pairs:   false
[FLASH]     Cap mismatch quals:    false
[FLASH]     Combiner threads:      8
[FLASH]     Input format:          FASTQ, phred_offset=33
[FLASH]     Output format:         FASTQ, phred_offset=33
[FLASH]  
[FLASH] Starting reader and writer threads
[FLASH] Starting 8 combiner threads
[FLASH] Processed 25000 read pairs
[FLASH] Processed 31085 read pairs
[FLASH]  
[FLASH] Read combination statistics:
[FLASH]     Total pairs:      31085
[FLASH]     Combined pairs:   22097
[FLASH]     Uncombined pairs: 8988
[FLASH]     Percent combined: 71.09%
[FLASH]  
[FLASH] Writing histogram files.
[FLASH]  
[FLASH] FLASH v1.2.11 complete!
[FLASH] 0.106 seconds elapsed
Sat Sep 2 09:59:32 EDT 2017 flashing /home/mark/gitstage/uderica/silage/Aer_Comp/Fungi/raw_data_fungi/4924-670-MSITS2a
[FLASH] Starting FLASH v1.2.11
[FLASH] Fast Length Adjustment of SHort reads
[FLASH]  
[FLASH] Input files:
[FLASH]     /home/mark/gitstage/uderica/silage/Aer_Comp/Fungi/raw_data_fungi/4924-670-MSITS2a_R1.fastq
[FLASH]     /home/mark/gitstage/uderica/silage/Aer_Comp/Fungi/raw_data_fungi/4924-670-MSITS2a_R2.fastq
[FLASH]  
[FLASH] Output files:
[FLASH]     /home/mark/gitstage/uderica/silage/Aer_Comp/Fungi/raw_data_fungi/flashed/4924-670-MSITS2a.extendedFrags.fastq
[FLASH]     /home/mark/gitstage/uderica/silage/Aer_Comp/Fungi/raw_data_fungi/flashed/4924-670-MSITS2a.notCombined_1.fastq
[FLASH]     /home/mark/gitstage/uderica/silage/Aer_Comp/Fungi/raw_data_fungi/flashed/4924-670-MSITS2a.notCombined_2.fastq
[FLASH]     /home/mark/gitstage/uderica/silage/Aer_Comp/Fungi/raw_data_fungi/flashed/4924-670-MSITS2a.hist
[FLASH]     /home/mark/gitstage/uderica/silage/Aer_Comp/Fungi/raw_data_fungi/flashed/4924-670-MSITS2a.histogram
[FLASH]  
[FLASH] Parameters:
[FLASH]     Min overlap:           50
[FLASH]     Max overlap:           250
[FLASH]     Max mismatch density:  0.250000
[FLASH]     Allow "outie" pairs:   false
[FLASH]     Cap mismatch quals:    false
[FLASH]     Combiner threads:      8
[FLASH]     Input format:          FASTQ, phred_offset=33
[FLASH]     Output format:         FASTQ, phred_offset=33
[FLASH]  
[FLASH] Starting reader and writer threads
[FLASH] Starting 8 combiner threads
[FLASH] Processed 25000 read pairs
[FLASH] Processed 28463 read pairs
[FLASH]  
[FLASH] Read combination statistics:
[FLASH]     Total pairs:      28463
[FLASH]     Combined pairs:   20999
[FLASH]     Uncombined pairs: 7464
[FLASH]     Percent combined: 73.78%
[FLASH]  
[FLASH] Writing histogram files.
[FLASH]  
[FLASH] FLASH v1.2.11 complete!
[FLASH] 0.100 seconds elapsed
Sat Sep 2 09:59:33 EDT 2017 flashing /home/mark/gitstage/uderica/silage/Aer_Comp/Fungi/raw_data_fungi/4924-672-MSITS2a
[FLASH] Starting FLASH v1.2.11
[FLASH] Fast Length Adjustment of SHort reads
[FLASH]  
[FLASH] Input files:
[FLASH]     /home/mark/gitstage/uderica/silage/Aer_Comp/Fungi/raw_data_fungi/4924-672-MSITS2a_R1.fastq
[FLASH]     /home/mark/gitstage/uderica/silage/Aer_Comp/Fungi/raw_data_fungi/4924-672-MSITS2a_R2.fastq
[FLASH]  
[FLASH] Output files:
[FLASH]     /home/mark/gitstage/uderica/silage/Aer_Comp/Fungi/raw_data_fungi/flashed/4924-672-MSITS2a.extendedFrags.fastq
[FLASH]     /home/mark/gitstage/uderica/silage/Aer_Comp/Fungi/raw_data_fungi/flashed/4924-672-MSITS2a.notCombined_1.fastq
[FLASH]     /home/mark/gitstage/uderica/silage/Aer_Comp/Fungi/raw_data_fungi/flashed/4924-672-MSITS2a.notCombined_2.fastq
[FLASH]     /home/mark/gitstage/uderica/silage/Aer_Comp/Fungi/raw_data_fungi/flashed/4924-672-MSITS2a.hist
[FLASH]     /home/mark/gitstage/uderica/silage/Aer_Comp/Fungi/raw_data_fungi/flashed/4924-672-MSITS2a.histogram
[FLASH]  
[FLASH] Parameters:
[FLASH]     Min overlap:           50
[FLASH]     Max overlap:           250
[FLASH]     Max mismatch density:  0.250000
[FLASH]     Allow "outie" pairs:   false
[FLASH]     Cap mismatch quals:    false
[FLASH]     Combiner threads:      8
[FLASH]     Input format:          FASTQ, phred_offset=33
[FLASH]     Output format:         FASTQ, phred_offset=33
[FLASH]  
[FLASH] Starting reader and writer threads
[FLASH] Starting 8 combiner threads
[FLASH] Processed 25000 read pairs
[FLASH] Processed 27473 read pairs
[FLASH]  
[FLASH] Read combination statistics:
[FLASH]     Total pairs:      27473
[FLASH]     Combined pairs:   21041
[FLASH]     Uncombined pairs: 6432
[FLASH]     Percent combined: 76.59%
[FLASH]  
[FLASH] Writing histogram files.
[FLASH]  
[FLASH] FLASH v1.2.11 complete!
[FLASH] 0.092 seconds elapsed
Sat Sep 2 09:59:33 EDT 2017 flashing /home/mark/gitstage/uderica/silage/Aer_Comp/Fungi/raw_data_fungi/4924-673-MSITS2a
[FLASH] Starting FLASH v1.2.11
[FLASH] Fast Length Adjustment of SHort reads
[FLASH]  
[FLASH] Input files:
[FLASH]     /home/mark/gitstage/uderica/silage/Aer_Comp/Fungi/raw_data_fungi/4924-673-MSITS2a_R1.fastq
[FLASH]     /home/mark/gitstage/uderica/silage/Aer_Comp/Fungi/raw_data_fungi/4924-673-MSITS2a_R2.fastq
[FLASH]  
[FLASH] Output files:
[FLASH]     /home/mark/gitstage/uderica/silage/Aer_Comp/Fungi/raw_data_fungi/flashed/4924-673-MSITS2a.extendedFrags.fastq
[FLASH]     /home/mark/gitstage/uderica/silage/Aer_Comp/Fungi/raw_data_fungi/flashed/4924-673-MSITS2a.notCombined_1.fastq
[FLASH]     /home/mark/gitstage/uderica/silage/Aer_Comp/Fungi/raw_data_fungi/flashed/4924-673-MSITS2a.notCombined_2.fastq
[FLASH]     /home/mark/gitstage/uderica/silage/Aer_Comp/Fungi/raw_data_fungi/flashed/4924-673-MSITS2a.hist
[FLASH]     /home/mark/gitstage/uderica/silage/Aer_Comp/Fungi/raw_data_fungi/flashed/4924-673-MSITS2a.histogram
[FLASH]  
[FLASH] Parameters:
[FLASH]     Min overlap:           50
[FLASH]     Max overlap:           250
[FLASH]     Max mismatch density:  0.250000
[FLASH]     Allow "outie" pairs:   false
[FLASH]     Cap mismatch quals:    false
[FLASH]     Combiner threads:      8
[FLASH]     Input format:          FASTQ, phred_offset=33
[FLASH]     Output format:         FASTQ, phred_offset=33
[FLASH]  
[FLASH] Starting reader and writer threads
[FLASH] Starting 8 combiner threads
[FLASH] Processed 17292 read pairs
[FLASH]  
[FLASH] Read combination statistics:
[FLASH]     Total pairs:      17292
[FLASH]     Combined pairs:   13032
[FLASH]     Uncombined pairs: 4260
[FLASH]     Percent combined: 75.36%
[FLASH]  
[FLASH] Writing histogram files.
[FLASH]  
[FLASH] FLASH v1.2.11 complete!
[FLASH] 0.068 seconds elapsed
Sat Sep 2 09:59:33 EDT 2017 flashing /home/mark/gitstage/uderica/silage/Aer_Comp/Fungi/raw_data_fungi/4924-674-MSITS2a
[FLASH] Starting FLASH v1.2.11
[FLASH] Fast Length Adjustment of SHort reads
[FLASH]  
[FLASH] Input files:
[FLASH]     /home/mark/gitstage/uderica/silage/Aer_Comp/Fungi/raw_data_fungi/4924-674-MSITS2a_R1.fastq
[FLASH]     /home/mark/gitstage/uderica/silage/Aer_Comp/Fungi/raw_data_fungi/4924-674-MSITS2a_R2.fastq
[FLASH]  
[FLASH] Output files:
[FLASH]     /home/mark/gitstage/uderica/silage/Aer_Comp/Fungi/raw_data_fungi/flashed/4924-674-MSITS2a.extendedFrags.fastq
[FLASH]     /home/mark/gitstage/uderica/silage/Aer_Comp/Fungi/raw_data_fungi/flashed/4924-674-MSITS2a.notCombined_1.fastq
[FLASH]     /home/mark/gitstage/uderica/silage/Aer_Comp/Fungi/raw_data_fungi/flashed/4924-674-MSITS2a.notCombined_2.fastq
[FLASH]     /home/mark/gitstage/uderica/silage/Aer_Comp/Fungi/raw_data_fungi/flashed/4924-674-MSITS2a.hist
[FLASH]     /home/mark/gitstage/uderica/silage/Aer_Comp/Fungi/raw_data_fungi/flashed/4924-674-MSITS2a.histogram
[FLASH]  
[FLASH] Parameters:
[FLASH]     Min overlap:           50
[FLASH]     Max overlap:           250
[FLASH]     Max mismatch density:  0.250000
[FLASH]     Allow "outie" pairs:   false
[FLASH]     Cap mismatch quals:    false
[FLASH]     Combiner threads:      8
[FLASH]     Input format:          FASTQ, phred_offset=33
[FLASH]     Output format:         FASTQ, phred_offset=33
[FLASH]  
[FLASH] Starting reader and writer threads
[FLASH] Starting 8 combiner threads
[FLASH] Processed 18887 read pairs
[FLASH]  
[FLASH] Read combination statistics:
[FLASH]     Total pairs:      18887
[FLASH]     Combined pairs:   12935
[FLASH]     Uncombined pairs: 5952
[FLASH]     Percent combined: 68.49%
[FLASH]  
[FLASH] Writing histogram files.
[FLASH]  
[FLASH] FLASH v1.2.11 complete!
[FLASH] 0.068 seconds elapsed
Sat Sep 2 09:59:33 EDT 2017 flashing /home/mark/gitstage/uderica/silage/Aer_Comp/Fungi/raw_data_fungi/4924-675-MSITS2a
[FLASH] Starting FLASH v1.2.11
[FLASH] Fast Length Adjustment of SHort reads
[FLASH]  
[FLASH] Input files:
[FLASH]     /home/mark/gitstage/uderica/silage/Aer_Comp/Fungi/raw_data_fungi/4924-675-MSITS2a_R1.fastq
[FLASH]     /home/mark/gitstage/uderica/silage/Aer_Comp/Fungi/raw_data_fungi/4924-675-MSITS2a_R2.fastq
[FLASH]  
[FLASH] Output files:
[FLASH]     /home/mark/gitstage/uderica/silage/Aer_Comp/Fungi/raw_data_fungi/flashed/4924-675-MSITS2a.extendedFrags.fastq
[FLASH]     /home/mark/gitstage/uderica/silage/Aer_Comp/Fungi/raw_data_fungi/flashed/4924-675-MSITS2a.notCombined_1.fastq
[FLASH]     /home/mark/gitstage/uderica/silage/Aer_Comp/Fungi/raw_data_fungi/flashed/4924-675-MSITS2a.notCombined_2.fastq
[FLASH]     /home/mark/gitstage/uderica/silage/Aer_Comp/Fungi/raw_data_fungi/flashed/4924-675-MSITS2a.hist
[FLASH]     /home/mark/gitstage/uderica/silage/Aer_Comp/Fungi/raw_data_fungi/flashed/4924-675-MSITS2a.histogram
[FLASH]  
[FLASH] Parameters:
[FLASH]     Min overlap:           50
[FLASH]     Max overlap:           250
[FLASH]     Max mismatch density:  0.250000
[FLASH]     Allow "outie" pairs:   false
[FLASH]     Cap mismatch quals:    false
[FLASH]     Combiner threads:      8
[FLASH]     Input format:          FASTQ, phred_offset=33
[FLASH]     Output format:         FASTQ, phred_offset=33
[FLASH]  
[FLASH] Starting reader and writer threads
[FLASH] Starting 8 combiner threads
[FLASH] Processed 24414 read pairs
[FLASH]  
[FLASH] Read combination statistics:
[FLASH]     Total pairs:      24414
[FLASH]     Combined pairs:   16845
[FLASH]     Uncombined pairs: 7569
[FLASH]     Percent combined: 69.00%
[FLASH]  
[FLASH] Writing histogram files.
[FLASH]  
[FLASH] FLASH v1.2.11 complete!
[FLASH] 0.084 seconds elapsed
Sat Sep 2 09:59:33 EDT 2017 flashing /home/mark/gitstage/uderica/silage/Aer_Comp/Fungi/raw_data_fungi/4924-677-MSITS2a
[FLASH] Starting FLASH v1.2.11
[FLASH] Fast Length Adjustment of SHort reads
[FLASH]  
[FLASH] Input files:
[FLASH]     /home/mark/gitstage/uderica/silage/Aer_Comp/Fungi/raw_data_fungi/4924-677-MSITS2a_R1.fastq
[FLASH]     /home/mark/gitstage/uderica/silage/Aer_Comp/Fungi/raw_data_fungi/4924-677-MSITS2a_R2.fastq
[FLASH]  
[FLASH] Output files:
[FLASH]     /home/mark/gitstage/uderica/silage/Aer_Comp/Fungi/raw_data_fungi/flashed/4924-677-MSITS2a.extendedFrags.fastq
[FLASH]     /home/mark/gitstage/uderica/silage/Aer_Comp/Fungi/raw_data_fungi/flashed/4924-677-MSITS2a.notCombined_1.fastq
[FLASH]     /home/mark/gitstage/uderica/silage/Aer_Comp/Fungi/raw_data_fungi/flashed/4924-677-MSITS2a.notCombined_2.fastq
[FLASH]     /home/mark/gitstage/uderica/silage/Aer_Comp/Fungi/raw_data_fungi/flashed/4924-677-MSITS2a.hist
[FLASH]     /home/mark/gitstage/uderica/silage/Aer_Comp/Fungi/raw_data_fungi/flashed/4924-677-MSITS2a.histogram
[FLASH]  
[FLASH] Parameters:
[FLASH]     Min overlap:           50
[FLASH]     Max overlap:           250
[FLASH]     Max mismatch density:  0.250000
[FLASH]     Allow "outie" pairs:   false
[FLASH]     Cap mismatch quals:    false
[FLASH]     Combiner threads:      8
[FLASH]     Input format:          FASTQ, phred_offset=33
[FLASH]     Output format:         FASTQ, phred_offset=33
[FLASH]  
[FLASH] Starting reader and writer threads
[FLASH] Starting 8 combiner threads
[FLASH] Processed 25000 read pairs
[FLASH] Processed 33101 read pairs
[FLASH]  
[FLASH] Read combination statistics:
[FLASH]     Total pairs:      33101
[FLASH]     Combined pairs:   23368
[FLASH]     Uncombined pairs: 9733
[FLASH]     Percent combined: 70.60%
[FLASH]  
[FLASH] Writing histogram files.
[FLASH]  
[FLASH] FLASH v1.2.11 complete!
[FLASH] 0.111 seconds elapsed
Sat Sep 2 09:59:33 EDT 2017 flashing /home/mark/gitstage/uderica/silage/Aer_Comp/Fungi/raw_data_fungi/4924-678-MSITS2a
[FLASH] Starting FLASH v1.2.11
[FLASH] Fast Length Adjustment of SHort reads
[FLASH]  
[FLASH] Input files:
[FLASH]     /home/mark/gitstage/uderica/silage/Aer_Comp/Fungi/raw_data_fungi/4924-678-MSITS2a_R1.fastq
[FLASH]     /home/mark/gitstage/uderica/silage/Aer_Comp/Fungi/raw_data_fungi/4924-678-MSITS2a_R2.fastq
[FLASH]  
[FLASH] Output files:
[FLASH]     /home/mark/gitstage/uderica/silage/Aer_Comp/Fungi/raw_data_fungi/flashed/4924-678-MSITS2a.extendedFrags.fastq
[FLASH]     /home/mark/gitstage/uderica/silage/Aer_Comp/Fungi/raw_data_fungi/flashed/4924-678-MSITS2a.notCombined_1.fastq
[FLASH]     /home/mark/gitstage/uderica/silage/Aer_Comp/Fungi/raw_data_fungi/flashed/4924-678-MSITS2a.notCombined_2.fastq
[FLASH]     /home/mark/gitstage/uderica/silage/Aer_Comp/Fungi/raw_data_fungi/flashed/4924-678-MSITS2a.hist
[FLASH]     /home/mark/gitstage/uderica/silage/Aer_Comp/Fungi/raw_data_fungi/flashed/4924-678-MSITS2a.histogram
[FLASH]  
[FLASH] Parameters:
[FLASH]     Min overlap:           50
[FLASH]     Max overlap:           250
[FLASH]     Max mismatch density:  0.250000
[FLASH]     Allow "outie" pairs:   false
[FLASH]     Cap mismatch quals:    false
[FLASH]     Combiner threads:      8
[FLASH]     Input format:          FASTQ, phred_offset=33
[FLASH]     Output format:         FASTQ, phred_offset=33
[FLASH]  
[FLASH] Starting reader and writer threads
[FLASH] Starting 8 combiner threads
[FLASH] Processed 25000 read pairs
[FLASH] Processed 26038 read pairs
[FLASH]  
[FLASH] Read combination statistics:
[FLASH]     Total pairs:      26038
[FLASH]     Combined pairs:   18556
[FLASH]     Uncombined pairs: 7482
[FLASH]     Percent combined: 71.27%
[FLASH]  
[FLASH] Writing histogram files.
[FLASH]  
[FLASH] FLASH v1.2.11 complete!
[FLASH] 0.091 seconds elapsed
Sat Sep 2 09:59:33 EDT 2017 flashing /home/mark/gitstage/uderica/silage/Aer_Comp/Fungi/raw_data_fungi/4924-679-MSITS2a
[FLASH] Starting FLASH v1.2.11
[FLASH] Fast Length Adjustment of SHort reads
[FLASH]  
[FLASH] Input files:
[FLASH]     /home/mark/gitstage/uderica/silage/Aer_Comp/Fungi/raw_data_fungi/4924-679-MSITS2a_R1.fastq
[FLASH]     /home/mark/gitstage/uderica/silage/Aer_Comp/Fungi/raw_data_fungi/4924-679-MSITS2a_R2.fastq
[FLASH]  
[FLASH] Output files:
[FLASH]     /home/mark/gitstage/uderica/silage/Aer_Comp/Fungi/raw_data_fungi/flashed/4924-679-MSITS2a.extendedFrags.fastq
[FLASH]     /home/mark/gitstage/uderica/silage/Aer_Comp/Fungi/raw_data_fungi/flashed/4924-679-MSITS2a.notCombined_1.fastq
[FLASH]     /home/mark/gitstage/uderica/silage/Aer_Comp/Fungi/raw_data_fungi/flashed/4924-679-MSITS2a.notCombined_2.fastq
[FLASH]     /home/mark/gitstage/uderica/silage/Aer_Comp/Fungi/raw_data_fungi/flashed/4924-679-MSITS2a.hist
[FLASH]     /home/mark/gitstage/uderica/silage/Aer_Comp/Fungi/raw_data_fungi/flashed/4924-679-MSITS2a.histogram
[FLASH]  
[FLASH] Parameters:
[FLASH]     Min overlap:           50
[FLASH]     Max overlap:           250
[FLASH]     Max mismatch density:  0.250000
[FLASH]     Allow "outie" pairs:   false
[FLASH]     Cap mismatch quals:    false
[FLASH]     Combiner threads:      8
[FLASH]     Input format:          FASTQ, phred_offset=33
[FLASH]     Output format:         FASTQ, phred_offset=33
[FLASH]  
[FLASH] Starting reader and writer threads
[FLASH] Starting 8 combiner threads
[FLASH] Processed 25000 read pairs
[FLASH] Processed 31893 read pairs
[FLASH]  
[FLASH] Read combination statistics:
[FLASH]     Total pairs:      31893
[FLASH]     Combined pairs:   22679
[FLASH]     Uncombined pairs: 9214
[FLASH]     Percent combined: 71.11%
[FLASH]  
[FLASH] Writing histogram files.
[FLASH]  
[FLASH] FLASH v1.2.11 complete!
[FLASH] 0.101 seconds elapsed
Sat Sep 2 09:59:33 EDT 2017 flashing /home/mark/gitstage/uderica/silage/Aer_Comp/Fungi/raw_data_fungi/4924-680-MSITS2a
[FLASH] Starting FLASH v1.2.11
[FLASH] Fast Length Adjustment of SHort reads
[FLASH]  
[FLASH] Input files:
[FLASH]     /home/mark/gitstage/uderica/silage/Aer_Comp/Fungi/raw_data_fungi/4924-680-MSITS2a_R1.fastq
[FLASH]     /home/mark/gitstage/uderica/silage/Aer_Comp/Fungi/raw_data_fungi/4924-680-MSITS2a_R2.fastq
[FLASH]  
[FLASH] Output files:
[FLASH]     /home/mark/gitstage/uderica/silage/Aer_Comp/Fungi/raw_data_fungi/flashed/4924-680-MSITS2a.extendedFrags.fastq
[FLASH]     /home/mark/gitstage/uderica/silage/Aer_Comp/Fungi/raw_data_fungi/flashed/4924-680-MSITS2a.notCombined_1.fastq
[FLASH]     /home/mark/gitstage/uderica/silage/Aer_Comp/Fungi/raw_data_fungi/flashed/4924-680-MSITS2a.notCombined_2.fastq
[FLASH]     /home/mark/gitstage/uderica/silage/Aer_Comp/Fungi/raw_data_fungi/flashed/4924-680-MSITS2a.hist
[FLASH]     /home/mark/gitstage/uderica/silage/Aer_Comp/Fungi/raw_data_fungi/flashed/4924-680-MSITS2a.histogram
[FLASH]  
[FLASH] Parameters:
[FLASH]     Min overlap:           50
[FLASH]     Max overlap:           250
[FLASH]     Max mismatch density:  0.250000
[FLASH]     Allow "outie" pairs:   false
[FLASH]     Cap mismatch quals:    false
[FLASH]     Combiner threads:      8
[FLASH]     Input format:          FASTQ, phred_offset=33
[FLASH]     Output format:         FASTQ, phred_offset=33
[FLASH]  
[FLASH] Starting reader and writer threads
[FLASH] Starting 8 combiner threads
[FLASH] Processed 25000 read pairs
[FLASH] Processed 50000 read pairs
[FLASH] Processed 53097 read pairs
[FLASH]  
[FLASH] Read combination statistics:
[FLASH]     Total pairs:      53097
[FLASH]     Combined pairs:   38099
[FLASH]     Uncombined pairs: 14998
[FLASH]     Percent combined: 71.75%
[FLASH]  
[FLASH] Writing histogram files.
[FLASH]  
[FLASH] FLASH v1.2.11 complete!
[FLASH] 0.148 seconds elapsed
Sat Sep 2 09:59:33 EDT 2017 flashing /home/mark/gitstage/uderica/silage/Aer_Comp/Fungi/raw_data_fungi/4924-692-MSITS2a
[FLASH] Starting FLASH v1.2.11
[FLASH] Fast Length Adjustment of SHort reads
[FLASH]  
[FLASH] Input files:
[FLASH]     /home/mark/gitstage/uderica/silage/Aer_Comp/Fungi/raw_data_fungi/4924-692-MSITS2a_R1.fastq
[FLASH]     /home/mark/gitstage/uderica/silage/Aer_Comp/Fungi/raw_data_fungi/4924-692-MSITS2a_R2.fastq
[FLASH]  
[FLASH] Output files:
[FLASH]     /home/mark/gitstage/uderica/silage/Aer_Comp/Fungi/raw_data_fungi/flashed/4924-692-MSITS2a.extendedFrags.fastq
[FLASH]     /home/mark/gitstage/uderica/silage/Aer_Comp/Fungi/raw_data_fungi/flashed/4924-692-MSITS2a.notCombined_1.fastq
[FLASH]     /home/mark/gitstage/uderica/silage/Aer_Comp/Fungi/raw_data_fungi/flashed/4924-692-MSITS2a.notCombined_2.fastq
[FLASH]     /home/mark/gitstage/uderica/silage/Aer_Comp/Fungi/raw_data_fungi/flashed/4924-692-MSITS2a.hist
[FLASH]     /home/mark/gitstage/uderica/silage/Aer_Comp/Fungi/raw_data_fungi/flashed/4924-692-MSITS2a.histogram
[FLASH]  
[FLASH] Parameters:
[FLASH]     Min overlap:           50
[FLASH]     Max overlap:           250
[FLASH]     Max mismatch density:  0.250000
[FLASH]     Allow "outie" pairs:   false
[FLASH]     Cap mismatch quals:    false
[FLASH]     Combiner threads:      8
[FLASH]     Input format:          FASTQ, phred_offset=33
[FLASH]     Output format:         FASTQ, phred_offset=33
[FLASH]  
[FLASH] Starting reader and writer threads
[FLASH] Starting 8 combiner threads
[FLASH] Processed 25000 read pairs
[FLASH] Processed 49406 read pairs
[FLASH]  
[FLASH] Read combination statistics:
[FLASH]     Total pairs:      49406
[FLASH]     Combined pairs:   47257
[FLASH]     Uncombined pairs: 2149
[FLASH]     Percent combined: 95.65%
[FLASH]  
[FLASH] Writing histogram files.
[FLASH]  
[FLASH] FLASH v1.2.11 complete!
[FLASH] 0.147 seconds elapsed
Sat Sep 2 09:59:34 EDT 2017 flashing /home/mark/gitstage/uderica/silage/Aer_Comp/Fungi/raw_data_fungi/4924-693-MSITS2a
[FLASH] Starting FLASH v1.2.11
[FLASH] Fast Length Adjustment of SHort reads
[FLASH]  
[FLASH] Input files:
[FLASH]     /home/mark/gitstage/uderica/silage/Aer_Comp/Fungi/raw_data_fungi/4924-693-MSITS2a_R1.fastq
[FLASH]     /home/mark/gitstage/uderica/silage/Aer_Comp/Fungi/raw_data_fungi/4924-693-MSITS2a_R2.fastq
[FLASH]  
[FLASH] Output files:
[FLASH]     /home/mark/gitstage/uderica/silage/Aer_Comp/Fungi/raw_data_fungi/flashed/4924-693-MSITS2a.extendedFrags.fastq
[FLASH]     /home/mark/gitstage/uderica/silage/Aer_Comp/Fungi/raw_data_fungi/flashed/4924-693-MSITS2a.notCombined_1.fastq
[FLASH]     /home/mark/gitstage/uderica/silage/Aer_Comp/Fungi/raw_data_fungi/flashed/4924-693-MSITS2a.notCombined_2.fastq
[FLASH]     /home/mark/gitstage/uderica/silage/Aer_Comp/Fungi/raw_data_fungi/flashed/4924-693-MSITS2a.hist
[FLASH]     /home/mark/gitstage/uderica/silage/Aer_Comp/Fungi/raw_data_fungi/flashed/4924-693-MSITS2a.histogram
[FLASH]  
[FLASH] Parameters:
[FLASH]     Min overlap:           50
[FLASH]     Max overlap:           250
[FLASH]     Max mismatch density:  0.250000
[FLASH]     Allow "outie" pairs:   false
[FLASH]     Cap mismatch quals:    false
[FLASH]     Combiner threads:      8
[FLASH]     Input format:          FASTQ, phred_offset=33
[FLASH]     Output format:         FASTQ, phred_offset=33
[FLASH]  
[FLASH] Starting reader and writer threads
[FLASH] Starting 8 combiner threads
[FLASH] Processed 25000 read pairs
[FLASH] Processed 43518 read pairs
[FLASH]  
[FLASH] Read combination statistics:
[FLASH]     Total pairs:      43518
[FLASH]     Combined pairs:   41468
[FLASH]     Uncombined pairs: 2050
[FLASH]     Percent combined: 95.29%
[FLASH]  
[FLASH] Writing histogram files.
[FLASH]  
[FLASH] FLASH v1.2.11 complete!
[FLASH] 0.123 seconds elapsed
Sat Sep 2 09:59:34 EDT 2017 flashing /home/mark/gitstage/uderica/silage/Aer_Comp/Fungi/raw_data_fungi/4924-694-MSITS2a
[FLASH] Starting FLASH v1.2.11
[FLASH] Fast Length Adjustment of SHort reads
[FLASH]  
[FLASH] Input files:
[FLASH]     /home/mark/gitstage/uderica/silage/Aer_Comp/Fungi/raw_data_fungi/4924-694-MSITS2a_R1.fastq
[FLASH]     /home/mark/gitstage/uderica/silage/Aer_Comp/Fungi/raw_data_fungi/4924-694-MSITS2a_R2.fastq
[FLASH]  
[FLASH] Output files:
[FLASH]     /home/mark/gitstage/uderica/silage/Aer_Comp/Fungi/raw_data_fungi/flashed/4924-694-MSITS2a.extendedFrags.fastq
[FLASH]     /home/mark/gitstage/uderica/silage/Aer_Comp/Fungi/raw_data_fungi/flashed/4924-694-MSITS2a.notCombined_1.fastq
[FLASH]     /home/mark/gitstage/uderica/silage/Aer_Comp/Fungi/raw_data_fungi/flashed/4924-694-MSITS2a.notCombined_2.fastq
[FLASH]     /home/mark/gitstage/uderica/silage/Aer_Comp/Fungi/raw_data_fungi/flashed/4924-694-MSITS2a.hist
[FLASH]     /home/mark/gitstage/uderica/silage/Aer_Comp/Fungi/raw_data_fungi/flashed/4924-694-MSITS2a.histogram
[FLASH]  
[FLASH] Parameters:
[FLASH]     Min overlap:           50
[FLASH]     Max overlap:           250
[FLASH]     Max mismatch density:  0.250000
[FLASH]     Allow "outie" pairs:   false
[FLASH]     Cap mismatch quals:    false
[FLASH]     Combiner threads:      8
[FLASH]     Input format:          FASTQ, phred_offset=33
[FLASH]     Output format:         FASTQ, phred_offset=33
[FLASH]  
[FLASH] Starting reader and writer threads
[FLASH] Starting 8 combiner threads
[FLASH] Processed 25000 read pairs
[FLASH] Processed 27144 read pairs
[FLASH]  
[FLASH] Read combination statistics:
[FLASH]     Total pairs:      27144
[FLASH]     Combined pairs:   22938
[FLASH]     Uncombined pairs: 4206
[FLASH]     Percent combined: 84.50%
[FLASH]  
[FLASH] Writing histogram files.
[FLASH]  
[FLASH] FLASH v1.2.11 complete!
[FLASH] 0.090 seconds elapsed
Sat Sep 2 09:59:34 EDT 2017 flashing /home/mark/gitstage/uderica/silage/Aer_Comp/Fungi/raw_data_fungi/4924-695-MSITS2a
[FLASH] Starting FLASH v1.2.11
[FLASH] Fast Length Adjustment of SHort reads
[FLASH]  
[FLASH] Input files:
[FLASH]     /home/mark/gitstage/uderica/silage/Aer_Comp/Fungi/raw_data_fungi/4924-695-MSITS2a_R1.fastq
[FLASH]     /home/mark/gitstage/uderica/silage/Aer_Comp/Fungi/raw_data_fungi/4924-695-MSITS2a_R2.fastq
[FLASH]  
[FLASH] Output files:
[FLASH]     /home/mark/gitstage/uderica/silage/Aer_Comp/Fungi/raw_data_fungi/flashed/4924-695-MSITS2a.extendedFrags.fastq
[FLASH]     /home/mark/gitstage/uderica/silage/Aer_Comp/Fungi/raw_data_fungi/flashed/4924-695-MSITS2a.notCombined_1.fastq
[FLASH]     /home/mark/gitstage/uderica/silage/Aer_Comp/Fungi/raw_data_fungi/flashed/4924-695-MSITS2a.notCombined_2.fastq
[FLASH]     /home/mark/gitstage/uderica/silage/Aer_Comp/Fungi/raw_data_fungi/flashed/4924-695-MSITS2a.hist
[FLASH]     /home/mark/gitstage/uderica/silage/Aer_Comp/Fungi/raw_data_fungi/flashed/4924-695-MSITS2a.histogram
[FLASH]  
[FLASH] Parameters:
[FLASH]     Min overlap:           50
[FLASH]     Max overlap:           250
[FLASH]     Max mismatch density:  0.250000
[FLASH]     Allow "outie" pairs:   false
[FLASH]     Cap mismatch quals:    false
[FLASH]     Combiner threads:      8
[FLASH]     Input format:          FASTQ, phred_offset=33
[FLASH]     Output format:         FASTQ, phred_offset=33
[FLASH]  
[FLASH] Starting reader and writer threads
[FLASH] Starting 8 combiner threads
[FLASH] Processed 25000 read pairs
[FLASH] Processed 45800 read pairs
[FLASH]  
[FLASH] Read combination statistics:
[FLASH]     Total pairs:      45800
[FLASH]     Combined pairs:   43542
[FLASH]     Uncombined pairs: 2258
[FLASH]     Percent combined: 95.07%
[FLASH]  
[FLASH] Writing histogram files.
[FLASH]  
[FLASH] FLASH v1.2.11 complete!
[FLASH] 0.149 seconds elapsed
Sat Sep 2 09:59:34 EDT 2017 flashing /home/mark/gitstage/uderica/silage/Aer_Comp/Fungi/raw_data_fungi/4924-697-MSITS2a
[FLASH] Starting FLASH v1.2.11
[FLASH] Fast Length Adjustment of SHort reads
[FLASH]  
[FLASH] Input files:
[FLASH]     /home/mark/gitstage/uderica/silage/Aer_Comp/Fungi/raw_data_fungi/4924-697-MSITS2a_R1.fastq
[FLASH]     /home/mark/gitstage/uderica/silage/Aer_Comp/Fungi/raw_data_fungi/4924-697-MSITS2a_R2.fastq
[FLASH]  
[FLASH] Output files:
[FLASH]     /home/mark/gitstage/uderica/silage/Aer_Comp/Fungi/raw_data_fungi/flashed/4924-697-MSITS2a.extendedFrags.fastq
[FLASH]     /home/mark/gitstage/uderica/silage/Aer_Comp/Fungi/raw_data_fungi/flashed/4924-697-MSITS2a.notCombined_1.fastq
[FLASH]     /home/mark/gitstage/uderica/silage/Aer_Comp/Fungi/raw_data_fungi/flashed/4924-697-MSITS2a.notCombined_2.fastq
[FLASH]     /home/mark/gitstage/uderica/silage/Aer_Comp/Fungi/raw_data_fungi/flashed/4924-697-MSITS2a.hist
[FLASH]     /home/mark/gitstage/uderica/silage/Aer_Comp/Fungi/raw_data_fungi/flashed/4924-697-MSITS2a.histogram
[FLASH]  
[FLASH] Parameters:
[FLASH]     Min overlap:           50
[FLASH]     Max overlap:           250
[FLASH]     Max mismatch density:  0.250000
[FLASH]     Allow "outie" pairs:   false
[FLASH]     Cap mismatch quals:    false
[FLASH]     Combiner threads:      8
[FLASH]     Input format:          FASTQ, phred_offset=33
[FLASH]     Output format:         FASTQ, phred_offset=33
[FLASH]  
[FLASH] Starting reader and writer threads
[FLASH] Starting 8 combiner threads
[FLASH] Processed 25000 read pairs
[FLASH] Processed 42227 read pairs
[FLASH]  
[FLASH] Read combination statistics:
[FLASH]     Total pairs:      42227
[FLASH]     Combined pairs:   40521
[FLASH]     Uncombined pairs: 1706
[FLASH]     Percent combined: 95.96%
[FLASH]  
[FLASH] Writing histogram files.
[FLASH]  
[FLASH] FLASH v1.2.11 complete!
[FLASH] 0.133 seconds elapsed
Sat Sep 2 09:59:34 EDT 2017 flashing /home/mark/gitstage/uderica/silage/Aer_Comp/Fungi/raw_data_fungi/4924-698-MSITS2a
[FLASH] Starting FLASH v1.2.11
[FLASH] Fast Length Adjustment of SHort reads
[FLASH]  
[FLASH] Input files:
[FLASH]     /home/mark/gitstage/uderica/silage/Aer_Comp/Fungi/raw_data_fungi/4924-698-MSITS2a_R1.fastq
[FLASH]     /home/mark/gitstage/uderica/silage/Aer_Comp/Fungi/raw_data_fungi/4924-698-MSITS2a_R2.fastq
[FLASH]  
[FLASH] Output files:
[FLASH]     /home/mark/gitstage/uderica/silage/Aer_Comp/Fungi/raw_data_fungi/flashed/4924-698-MSITS2a.extendedFrags.fastq
[FLASH]     /home/mark/gitstage/uderica/silage/Aer_Comp/Fungi/raw_data_fungi/flashed/4924-698-MSITS2a.notCombined_1.fastq
[FLASH]     /home/mark/gitstage/uderica/silage/Aer_Comp/Fungi/raw_data_fungi/flashed/4924-698-MSITS2a.notCombined_2.fastq
[FLASH]     /home/mark/gitstage/uderica/silage/Aer_Comp/Fungi/raw_data_fungi/flashed/4924-698-MSITS2a.hist
[FLASH]     /home/mark/gitstage/uderica/silage/Aer_Comp/Fungi/raw_data_fungi/flashed/4924-698-MSITS2a.histogram
[FLASH]  
[FLASH] Parameters:
[FLASH]     Min overlap:           50
[FLASH]     Max overlap:           250
[FLASH]     Max mismatch density:  0.250000
[FLASH]     Allow "outie" pairs:   false
[FLASH]     Cap mismatch quals:    false
[FLASH]     Combiner threads:      8
[FLASH]     Input format:          FASTQ, phred_offset=33
[FLASH]     Output format:         FASTQ, phred_offset=33
[FLASH]  
[FLASH] Starting reader and writer threads
[FLASH] Starting 8 combiner threads
[FLASH] Processed 25000 read pairs
[FLASH] Processed 27291 read pairs
[FLASH]  
[FLASH] Read combination statistics:
[FLASH]     Total pairs:      27291
[FLASH]     Combined pairs:   25643
[FLASH]     Uncombined pairs: 1648
[FLASH]     Percent combined: 93.96%
[FLASH]  
[FLASH] Writing histogram files.
[FLASH]  
[FLASH] FLASH v1.2.11 complete!
[FLASH] 0.090 seconds elapsed
Sat Sep 2 09:59:34 EDT 2017 flashing /home/mark/gitstage/uderica/silage/Aer_Comp/Fungi/raw_data_fungi/4924-699-MSITS2a
[FLASH] Starting FLASH v1.2.11
[FLASH] Fast Length Adjustment of SHort reads
[FLASH]  
[FLASH] Input files:
[FLASH]     /home/mark/gitstage/uderica/silage/Aer_Comp/Fungi/raw_data_fungi/4924-699-MSITS2a_R1.fastq
[FLASH]     /home/mark/gitstage/uderica/silage/Aer_Comp/Fungi/raw_data_fungi/4924-699-MSITS2a_R2.fastq
[FLASH]  
[FLASH] Output files:
[FLASH]     /home/mark/gitstage/uderica/silage/Aer_Comp/Fungi/raw_data_fungi/flashed/4924-699-MSITS2a.extendedFrags.fastq
[FLASH]     /home/mark/gitstage/uderica/silage/Aer_Comp/Fungi/raw_data_fungi/flashed/4924-699-MSITS2a.notCombined_1.fastq
[FLASH]     /home/mark/gitstage/uderica/silage/Aer_Comp/Fungi/raw_data_fungi/flashed/4924-699-MSITS2a.notCombined_2.fastq
[FLASH]     /home/mark/gitstage/uderica/silage/Aer_Comp/Fungi/raw_data_fungi/flashed/4924-699-MSITS2a.hist
[FLASH]     /home/mark/gitstage/uderica/silage/Aer_Comp/Fungi/raw_data_fungi/flashed/4924-699-MSITS2a.histogram
[FLASH]  
[FLASH] Parameters:
[FLASH]     Min overlap:           50
[FLASH]     Max overlap:           250
[FLASH]     Max mismatch density:  0.250000
[FLASH]     Allow "outie" pairs:   false
[FLASH]     Cap mismatch quals:    false
[FLASH]     Combiner threads:      8
[FLASH]     Input format:          FASTQ, phred_offset=33
[FLASH]     Output format:         FASTQ, phred_offset=33
[FLASH]  
[FLASH] Starting reader and writer threads
[FLASH] Starting 8 combiner threads
[FLASH] Processed 24682 read pairs
[FLASH]  
[FLASH] Read combination statistics:
[FLASH]     Total pairs:      24682
[FLASH]     Combined pairs:   23791
[FLASH]     Uncombined pairs: 891
[FLASH]     Percent combined: 96.39%
[FLASH]  
[FLASH] Writing histogram files.
[FLASH]  
[FLASH] FLASH v1.2.11 complete!
[FLASH] 0.084 seconds elapsed
Sat Sep 2 09:59:34 EDT 2017 flashing /home/mark/gitstage/uderica/silage/Aer_Comp/Fungi/raw_data_fungi/4924-700-MSITS2a
[FLASH] Starting FLASH v1.2.11
[FLASH] Fast Length Adjustment of SHort reads
[FLASH]  
[FLASH] Input files:
[FLASH]     /home/mark/gitstage/uderica/silage/Aer_Comp/Fungi/raw_data_fungi/4924-700-MSITS2a_R1.fastq
[FLASH]     /home/mark/gitstage/uderica/silage/Aer_Comp/Fungi/raw_data_fungi/4924-700-MSITS2a_R2.fastq
[FLASH]  
[FLASH] Output files:
[FLASH]     /home/mark/gitstage/uderica/silage/Aer_Comp/Fungi/raw_data_fungi/flashed/4924-700-MSITS2a.extendedFrags.fastq
[FLASH]     /home/mark/gitstage/uderica/silage/Aer_Comp/Fungi/raw_data_fungi/flashed/4924-700-MSITS2a.notCombined_1.fastq
[FLASH]     /home/mark/gitstage/uderica/silage/Aer_Comp/Fungi/raw_data_fungi/flashed/4924-700-MSITS2a.notCombined_2.fastq
[FLASH]     /home/mark/gitstage/uderica/silage/Aer_Comp/Fungi/raw_data_fungi/flashed/4924-700-MSITS2a.hist
[FLASH]     /home/mark/gitstage/uderica/silage/Aer_Comp/Fungi/raw_data_fungi/flashed/4924-700-MSITS2a.histogram
[FLASH]  
[FLASH] Parameters:
[FLASH]     Min overlap:           50
[FLASH]     Max overlap:           250
[FLASH]     Max mismatch density:  0.250000
[FLASH]     Allow "outie" pairs:   false
[FLASH]     Cap mismatch quals:    false
[FLASH]     Combiner threads:      8
[FLASH]     Input format:          FASTQ, phred_offset=33
[FLASH]     Output format:         FASTQ, phred_offset=33
[FLASH]  
[FLASH] Starting reader and writer threads
[FLASH] Starting 8 combiner threads
[FLASH] Processed 23590 read pairs
[FLASH]  
[FLASH] Read combination statistics:
[FLASH]     Total pairs:      23590
[FLASH]     Combined pairs:   22883
[FLASH]     Uncombined pairs: 707
[FLASH]     Percent combined: 97.00%
[FLASH]  
[FLASH] Writing histogram files.
[FLASH]  
[FLASH] FLASH v1.2.11 complete!
[FLASH] 0.084 seconds elapsed
Sat Sep 2 10:00:19 EDT 2017 fastqc'ing /home/mark/gitstage/uderica/silage/Aer_Comp/Fungi/raw_data_fungi/flashed/extended/4924-657-MSITS2a.extendedFrags.fastq
Sat Sep 2 10:00:20 EDT 2017 fastqc'ing /home/mark/gitstage/uderica/silage/Aer_Comp/Fungi/raw_data_fungi/flashed/extended/4924-658-MSITS2a.extendedFrags.fastq
Sat Sep 2 10:00:20 EDT 2017 fastqc'ing /home/mark/gitstage/uderica/silage/Aer_Comp/Fungi/raw_data_fungi/flashed/extended/4924-659-MSITS2a.extendedFrags.fastq
Sat Sep 2 10:00:20 EDT 2017 fastqc'ing /home/mark/gitstage/uderica/silage/Aer_Comp/Fungi/raw_data_fungi/flashed/extended/4924-660-MSITS2a.extendedFrags.fastq
Sat Sep 2 10:00:20 EDT 2017 fastqc'ing /home/mark/gitstage/uderica/silage/Aer_Comp/Fungi/raw_data_fungi/flashed/extended/4924-662-MSITS2a.extendedFrags.fastq
Sat Sep 2 10:00:20 EDT 2017 fastqc'ing /home/mark/gitstage/uderica/silage/Aer_Comp/Fungi/raw_data_fungi/flashed/extended/4924-663-MSITS2a.extendedFrags.fastq
Sat Sep 2 10:00:20 EDT 2017 fastqc'ing /home/mark/gitstage/uderica/silage/Aer_Comp/Fungi/raw_data_fungi/flashed/extended/4924-664-MSITS2a.extendedFrags.fastq
Sat Sep 2 10:00:21 EDT 2017 fastqc'ing /home/mark/gitstage/uderica/silage/Aer_Comp/Fungi/raw_data_fungi/flashed/extended/4924-665-MSITS2a.extendedFrags.fastq
Sat Sep 2 10:00:27 EDT 2017 fastqc'ing /home/mark/gitstage/uderica/silage/Aer_Comp/Fungi/raw_data_fungi/flashed/extended/4924-667-MSITS2a.extendedFrags.fastq
Sat Sep 2 10:00:27 EDT 2017 fastqc'ing /home/mark/gitstage/uderica/silage/Aer_Comp/Fungi/raw_data_fungi/flashed/extended/4924-668-MSITS2a.extendedFrags.fastq
Sat Sep 2 10:00:27 EDT 2017 fastqc'ing /home/mark/gitstage/uderica/silage/Aer_Comp/Fungi/raw_data_fungi/flashed/extended/4924-669-MSITS2a.extendedFrags.fastq
Sat Sep 2 10:00:27 EDT 2017 fastqc'ing /home/mark/gitstage/uderica/silage/Aer_Comp/Fungi/raw_data_fungi/flashed/extended/4924-670-MSITS2a.extendedFrags.fastq
Sat Sep 2 10:00:27 EDT 2017 fastqc'ing /home/mark/gitstage/uderica/silage/Aer_Comp/Fungi/raw_data_fungi/flashed/extended/4924-672-MSITS2a.extendedFrags.fastq
Sat Sep 2 10:00:27 EDT 2017 fastqc'ing /home/mark/gitstage/uderica/silage/Aer_Comp/Fungi/raw_data_fungi/flashed/extended/4924-673-MSITS2a.extendedFrags.fastq
Sat Sep 2 10:00:27 EDT 2017 fastqc'ing /home/mark/gitstage/uderica/silage/Aer_Comp/Fungi/raw_data_fungi/flashed/extended/4924-674-MSITS2a.extendedFrags.fastq
Sat Sep 2 10:00:32 EDT 2017 fastqc'ing /home/mark/gitstage/uderica/silage/Aer_Comp/Fungi/raw_data_fungi/flashed/extended/4924-675-MSITS2a.extendedFrags.fastq
Sat Sep 2 10:00:32 EDT 2017 fastqc'ing /home/mark/gitstage/uderica/silage/Aer_Comp/Fungi/raw_data_fungi/flashed/extended/4924-677-MSITS2a.extendedFrags.fastq
Sat Sep 2 10:00:33 EDT 2017 fastqc'ing /home/mark/gitstage/uderica/silage/Aer_Comp/Fungi/raw_data_fungi/flashed/extended/4924-678-MSITS2a.extendedFrags.fastq
Sat Sep 2 10:00:33 EDT 2017 fastqc'ing /home/mark/gitstage/uderica/silage/Aer_Comp/Fungi/raw_data_fungi/flashed/extended/4924-679-MSITS2a.extendedFrags.fastq
Sat Sep 2 10:00:34 EDT 2017 fastqc'ing /home/mark/gitstage/uderica/silage/Aer_Comp/Fungi/raw_data_fungi/flashed/extended/4924-680-MSITS2a.extendedFrags.fastq
Sat Sep 2 10:00:34 EDT 2017 fastqc'ing /home/mark/gitstage/uderica/silage/Aer_Comp/Fungi/raw_data_fungi/flashed/extended/4924-692-MSITS2a.extendedFrags.fastq
Sat Sep 2 10:00:34 EDT 2017 fastqc'ing /home/mark/gitstage/uderica/silage/Aer_Comp/Fungi/raw_data_fungi/flashed/extended/4924-693-MSITS2a.extendedFrags.fastq
Sat Sep 2 10:00:37 EDT 2017 fastqc'ing /home/mark/gitstage/uderica/silage/Aer_Comp/Fungi/raw_data_fungi/flashed/extended/4924-694-MSITS2a.extendedFrags.fastq
Sat Sep 2 10:00:39 EDT 2017 fastqc'ing /home/mark/gitstage/uderica/silage/Aer_Comp/Fungi/raw_data_fungi/flashed/extended/4924-695-MSITS2a.extendedFrags.fastq
Sat Sep 2 10:00:39 EDT 2017 fastqc'ing /home/mark/gitstage/uderica/silage/Aer_Comp/Fungi/raw_data_fungi/flashed/extended/4924-697-MSITS2a.extendedFrags.fastq
Sat Sep 2 10:00:39 EDT 2017 fastqc'ing /home/mark/gitstage/uderica/silage/Aer_Comp/Fungi/raw_data_fungi/flashed/extended/4924-698-MSITS2a.extendedFrags.fastq
Sat Sep 2 10:00:40 EDT 2017 fastqc'ing /home/mark/gitstage/uderica/silage/Aer_Comp/Fungi/raw_data_fungi/flashed/extended/4924-699-MSITS2a.extendedFrags.fastq
Sat Sep 2 10:00:41 EDT 2017 fastqc'ing /home/mark/gitstage/uderica/silage/Aer_Comp/Fungi/raw_data_fungi/flashed/extended/4924-700-MSITS2a.extendedFrags.fastq
Sat Sep 2 10:01:37 EDT 2017 'splitting' 4924-657-MSITS2a
Sat Sep 2 10:01:37 EDT 2017 'splitting' 4924-658-MSITS2a
Sat Sep 2 10:01:38 EDT 2017 'splitting' 4924-659-MSITS2a
Sat Sep 2 10:01:38 EDT 2017 'splitting' 4924-660-MSITS2a
Sat Sep 2 10:01:38 EDT 2017 'splitting' 4924-662-MSITS2a
Sat Sep 2 10:01:38 EDT 2017 'splitting' 4924-663-MSITS2a
Sat Sep 2 10:01:38 EDT 2017 'splitting' 4924-664-MSITS2a
Sat Sep 2 10:01:38 EDT 2017 'splitting' 4924-665-MSITS2a
Sat Sep 2 10:01:42 EDT 2017 'splitting' 4924-667-MSITS2a
Sat Sep 2 10:01:42 EDT 2017 'splitting' 4924-668-MSITS2a
Sat Sep 2 10:01:43 EDT 2017 'splitting' 4924-669-MSITS2a
Sat Sep 2 10:01:43 EDT 2017 'splitting' 4924-670-MSITS2a
Sat Sep 2 10:01:43 EDT 2017 'splitting' 4924-672-MSITS2a
Sat Sep 2 10:01:43 EDT 2017 'splitting' 4924-673-MSITS2a
Sat Sep 2 10:01:43 EDT 2017 'splitting' 4924-674-MSITS2a
Sat Sep 2 10:01:45 EDT 2017 'splitting' 4924-675-MSITS2a
Sat Sep 2 10:01:46 EDT 2017 'splitting' 4924-677-MSITS2a
Sat Sep 2 10:01:46 EDT 2017 'splitting' 4924-678-MSITS2a
Sat Sep 2 10:01:47 EDT 2017 'splitting' 4924-679-MSITS2a
Sat Sep 2 10:01:47 EDT 2017 'splitting' 4924-680-MSITS2a
Sat Sep 2 10:01:47 EDT 2017 'splitting' 4924-692-MSITS2a
Sat Sep 2 10:01:47 EDT 2017 'splitting' 4924-693-MSITS2a
Sat Sep 2 10:01:49 EDT 2017 'splitting' 4924-694-MSITS2a
Sat Sep 2 10:01:50 EDT 2017 'splitting' 4924-695-MSITS2a
Sat Sep 2 10:01:50 EDT 2017 'splitting' 4924-697-MSITS2a
Sat Sep 2 10:01:51 EDT 2017 'splitting' 4924-698-MSITS2a
Sat Sep 2 10:01:52 EDT 2017 'splitting' 4924-699-MSITS2a
Sat Sep 2 10:01:53 EDT 2017 'splitting' 4924-700-MSITS2a
Sat Sep 2 10:02:54 EDT 2017 start OTU picking
Sat Sep 2 10:05:18 EDT 2017 OTU picking complete
Num samples: 28
Num observations: 525
Total count: 665900
Table density (fraction of non-zero values): 0.164

Counts/sample summary:
 Min: 12686.0
 Max: 41595.0
 Median: 22166.000
 Mean: 23782.143
 Std. dev.: 7580.964
 Sample Metadata Categories: None provided
 Observation Metadata Categories: taxonomy

Counts/sample detail:
674: 12686.0
673: 12729.0
664: 13228.0
675: 16258.0
678: 17970.0
668: 18078.0
658: 19242.0
672: 19793.0
670: 20345.0
694: 20447.0
700: 21035.0
699: 21320.0
669: 21529.0
665: 22085.0
679: 22247.0
663: 22386.0
698: 22454.0
677: 22622.0
660: 24937.0
659: 24996.0
667: 25509.0
662: 27347.0
657: 27488.0
697: 35395.0
693: 36848.0
680: 37152.0
695: 38179.0
692: 41595.0
Sat Sep 2 10:05:19 EDT 2017 start core diversity
Sat Sep 2 10:10:23 EDT 2017 core diversity complete
