OtuPicker parameters:
Application:uclust
Similarity:0.97
chimeras_retention:union
enable_rev_strand_matching:True
exact:False
max_accepts:1
max_rejects:8
new_cluster_identifier:denovo
next_new_cluster_number:1
optimal:False
output_dir:/home/mark/silage/16s/pairedReads/flashed/extended/flash_trim_cat_pick/step3_otus/POTU_vn5Z_
prefilter_identical_sequences:True
presort_by_abundance:True
save_uc_files:True
stable_sort:True
stepwords:8
suppress_new_clusters:True
suppress_sort:True
word_length:8
Reference seqs:/home/mark/silage/16s/pairedReads/flashed/extended/flash_trim_cat_pick/step2_otus/step2_rep_set.fna
Num OTUs:50
Num new OTUs:0
Num failures:12777
Result path: /home/mark/silage/16s/pairedReads/flashed/extended/flash_trim_cat_pick/step3_otus/POTU_vn5Z_/POTU_vn5Z_.0_otus.txt
OtuPicker parameters:
Application:uclust
Similarity:0.97
chimeras_retention:union
enable_rev_strand_matching:True
exact:False
max_accepts:1
max_rejects:8
new_cluster_identifier:denovo
next_new_cluster_number:1
optimal:False
output_dir:/home/mark/silage/16s/pairedReads/flashed/extended/flash_trim_cat_pick/step3_otus/POTU_vn5Z_
prefilter_identical_sequences:True
presort_by_abundance:True
save_uc_files:True
stable_sort:True
stepwords:8
suppress_new_clusters:True
suppress_sort:True
word_length:8
Reference seqs:/home/mark/silage/16s/pairedReads/flashed/extended/flash_trim_cat_pick/step2_otus/step2_rep_set.fna
Num OTUs:47
Num new OTUs:0
Num failures:13702
Result path: /home/mark/silage/16s/pairedReads/flashed/extended/flash_trim_cat_pick/step3_otus/POTU_vn5Z_/POTU_vn5Z_.1_otus.txt
OtuPicker parameters:
Application:uclust
Similarity:0.97
chimeras_retention:union
enable_rev_strand_matching:True
exact:False
max_accepts:1
max_rejects:8
new_cluster_identifier:denovo
next_new_cluster_number:1
optimal:False
output_dir:/home/mark/silage/16s/pairedReads/flashed/extended/flash_trim_cat_pick/step3_otus/POTU_vn5Z_
prefilter_identical_sequences:True
presort_by_abundance:True
save_uc_files:True
stable_sort:True
stepwords:8
suppress_new_clusters:True
suppress_sort:True
word_length:8
Reference seqs:/home/mark/silage/16s/pairedReads/flashed/extended/flash_trim_cat_pick/step2_otus/step2_rep_set.fna
Num OTUs:39
Num new OTUs:0
Num failures:9826
Result path: /home/mark/silage/16s/pairedReads/flashed/extended/flash_trim_cat_pick/step3_otus/POTU_vn5Z_/POTU_vn5Z_.2_otus.txt
OtuPicker parameters:
Application:uclust
Similarity:0.97
chimeras_retention:union
enable_rev_strand_matching:True
exact:False
max_accepts:1
max_rejects:8
new_cluster_identifier:denovo
next_new_cluster_number:1
optimal:False
output_dir:/home/mark/silage/16s/pairedReads/flashed/extended/flash_trim_cat_pick/step3_otus/POTU_vn5Z_
prefilter_identical_sequences:True
presort_by_abundance:True
save_uc_files:True
stable_sort:True
stepwords:8
suppress_new_clusters:True
suppress_sort:True
word_length:8
Reference seqs:/home/mark/silage/16s/pairedReads/flashed/extended/flash_trim_cat_pick/step2_otus/step2_rep_set.fna
Num OTUs:56
Num new OTUs:0
Num failures:12789
Result path: /home/mark/silage/16s/pairedReads/flashed/extended/flash_trim_cat_pick/step3_otus/POTU_vn5Z_/POTU_vn5Z_.3_otus.txt
OtuPicker parameters:
Application:uclust
Similarity:0.97
chimeras_retention:union
enable_rev_strand_matching:True
exact:False
max_accepts:1
max_rejects:8
new_cluster_identifier:denovo
next_new_cluster_number:1
optimal:False
output_dir:/home/mark/silage/16s/pairedReads/flashed/extended/flash_trim_cat_pick/step3_otus/POTU_vn5Z_
prefilter_identical_sequences:True
presort_by_abundance:True
save_uc_files:True
stable_sort:True
stepwords:8
suppress_new_clusters:True
suppress_sort:True
word_length:8
Reference seqs:/home/mark/silage/16s/pairedReads/flashed/extended/flash_trim_cat_pick/step2_otus/step2_rep_set.fna
Num OTUs:39
Num new OTUs:0
Num failures:10374
Result path: /home/mark/silage/16s/pairedReads/flashed/extended/flash_trim_cat_pick/step3_otus/POTU_vn5Z_/POTU_vn5Z_.4_otus.txt
OtuPicker parameters:
Application:uclust
Similarity:0.97
chimeras_retention:union
enable_rev_strand_matching:True
exact:False
max_accepts:1
max_rejects:8
new_cluster_identifier:denovo
next_new_cluster_number:1
optimal:False
output_dir:/home/mark/silage/16s/pairedReads/flashed/extended/flash_trim_cat_pick/step3_otus/POTU_vn5Z_
prefilter_identical_sequences:True
presort_by_abundance:True
save_uc_files:True
stable_sort:True
stepwords:8
suppress_new_clusters:True
suppress_sort:True
word_length:8
Reference seqs:/home/mark/silage/16s/pairedReads/flashed/extended/flash_trim_cat_pick/step2_otus/step2_rep_set.fna
Num OTUs:46
Num new OTUs:0
Num failures:11052
Result path: /home/mark/silage/16s/pairedReads/flashed/extended/flash_trim_cat_pick/step3_otus/POTU_vn5Z_/POTU_vn5Z_.5_otus.txt
OtuPicker parameters:
Application:uclust
Similarity:0.97
chimeras_retention:union
enable_rev_strand_matching:True
exact:False
max_accepts:1
max_rejects:8
new_cluster_identifier:denovo
next_new_cluster_number:1
optimal:False
output_dir:/home/mark/silage/16s/pairedReads/flashed/extended/flash_trim_cat_pick/step3_otus/POTU_vn5Z_
prefilter_identical_sequences:True
presort_by_abundance:True
save_uc_files:True
stable_sort:True
stepwords:8
suppress_new_clusters:True
suppress_sort:True
word_length:8
Reference seqs:/home/mark/silage/16s/pairedReads/flashed/extended/flash_trim_cat_pick/step2_otus/step2_rep_set.fna
Num OTUs:35
Num new OTUs:0
Num failures:9191
Result path: /home/mark/silage/16s/pairedReads/flashed/extended/flash_trim_cat_pick/step3_otus/POTU_vn5Z_/POTU_vn5Z_.6_otus.txt
