OtuPicker parameters:
Application:uclust
Similarity:0.97
chimeras_retention:union
enable_rev_strand_matching:True
exact:False
max_accepts:1
max_rejects:8
new_cluster_identifier:denovo
next_new_cluster_number:1
optimal:False
output_dir:/home/mark/gitstage/uderica/nordqiime/15_Hil_HMC/Bacteria/16S/pick//step1_otus/POTU_6R0B_
prefilter_identical_sequences:True
presort_by_abundance:True
save_uc_files:True
stable_sort:True
stepwords:8
suppress_new_clusters:True
suppress_sort:True
word_length:8
Reference seqs:/home/mark/gitstage/uderica/nordqiime/gg_13_8_otus/rep_set/97_otus.fasta
Num OTUs:423
Num new OTUs:0
Num failures:31783
Result path: /home/mark/gitstage/uderica/nordqiime/15_Hil_HMC/Bacteria/16S/pick//step1_otus/POTU_6R0B_/POTU_6R0B_.0_otus.txt
OtuPicker parameters:
Application:uclust
Similarity:0.97
chimeras_retention:union
enable_rev_strand_matching:True
exact:False
max_accepts:1
max_rejects:8
new_cluster_identifier:denovo
next_new_cluster_number:1
optimal:False
output_dir:/home/mark/gitstage/uderica/nordqiime/15_Hil_HMC/Bacteria/16S/pick//step1_otus/POTU_6R0B_
prefilter_identical_sequences:True
presort_by_abundance:True
save_uc_files:True
stable_sort:True
stepwords:8
suppress_new_clusters:True
suppress_sort:True
word_length:8
Reference seqs:/home/mark/gitstage/uderica/nordqiime/gg_13_8_otus/rep_set/97_otus.fasta
Num OTUs:542
Num new OTUs:0
Num failures:24002
Result path: /home/mark/gitstage/uderica/nordqiime/15_Hil_HMC/Bacteria/16S/pick//step1_otus/POTU_6R0B_/POTU_6R0B_.1_otus.txt
OtuPicker parameters:
Application:uclust
Similarity:0.97
chimeras_retention:union
enable_rev_strand_matching:True
exact:False
max_accepts:1
max_rejects:8
new_cluster_identifier:denovo
next_new_cluster_number:1
optimal:False
output_dir:/home/mark/gitstage/uderica/nordqiime/15_Hil_HMC/Bacteria/16S/pick//step1_otus/POTU_6R0B_
prefilter_identical_sequences:True
presort_by_abundance:True
save_uc_files:True
stable_sort:True
stepwords:8
suppress_new_clusters:True
suppress_sort:True
word_length:8
Reference seqs:/home/mark/gitstage/uderica/nordqiime/gg_13_8_otus/rep_set/97_otus.fasta
Num OTUs:707
Num new OTUs:0
Num failures:17192
Result path: /home/mark/gitstage/uderica/nordqiime/15_Hil_HMC/Bacteria/16S/pick//step1_otus/POTU_6R0B_/POTU_6R0B_.2_otus.txt
OtuPicker parameters:
Application:uclust
Similarity:0.97
chimeras_retention:union
enable_rev_strand_matching:True
exact:False
max_accepts:1
max_rejects:8
new_cluster_identifier:denovo
next_new_cluster_number:1
optimal:False
output_dir:/home/mark/gitstage/uderica/nordqiime/15_Hil_HMC/Bacteria/16S/pick//step1_otus/POTU_6R0B_
prefilter_identical_sequences:True
presort_by_abundance:True
save_uc_files:True
stable_sort:True
stepwords:8
suppress_new_clusters:True
suppress_sort:True
word_length:8
Reference seqs:/home/mark/gitstage/uderica/nordqiime/gg_13_8_otus/rep_set/97_otus.fasta
Num OTUs:415
Num new OTUs:0
Num failures:31991
Result path: /home/mark/gitstage/uderica/nordqiime/15_Hil_HMC/Bacteria/16S/pick//step1_otus/POTU_6R0B_/POTU_6R0B_.3_otus.txt
OtuPicker parameters:
Application:uclust
Similarity:0.97
chimeras_retention:union
enable_rev_strand_matching:True
exact:False
max_accepts:1
max_rejects:8
new_cluster_identifier:denovo
next_new_cluster_number:1
optimal:False
output_dir:/home/mark/gitstage/uderica/nordqiime/15_Hil_HMC/Bacteria/16S/pick//step1_otus/POTU_6R0B_
prefilter_identical_sequences:True
presort_by_abundance:True
save_uc_files:True
stable_sort:True
stepwords:8
suppress_new_clusters:True
suppress_sort:True
word_length:8
Reference seqs:/home/mark/gitstage/uderica/nordqiime/gg_13_8_otus/rep_set/97_otus.fasta
Num OTUs:426
Num new OTUs:0
Num failures:26069
Result path: /home/mark/gitstage/uderica/nordqiime/15_Hil_HMC/Bacteria/16S/pick//step1_otus/POTU_6R0B_/POTU_6R0B_.4_otus.txt
OtuPicker parameters:
Application:uclust
Similarity:0.97
chimeras_retention:union
enable_rev_strand_matching:True
exact:False
max_accepts:1
max_rejects:8
new_cluster_identifier:denovo
next_new_cluster_number:1
optimal:False
output_dir:/home/mark/gitstage/uderica/nordqiime/15_Hil_HMC/Bacteria/16S/pick//step1_otus/POTU_6R0B_
prefilter_identical_sequences:True
presort_by_abundance:True
save_uc_files:True
stable_sort:True
stepwords:8
suppress_new_clusters:True
suppress_sort:True
word_length:8
Reference seqs:/home/mark/gitstage/uderica/nordqiime/gg_13_8_otus/rep_set/97_otus.fasta
Num OTUs:434
Num new OTUs:0
Num failures:32461
Result path: /home/mark/gitstage/uderica/nordqiime/15_Hil_HMC/Bacteria/16S/pick//step1_otus/POTU_6R0B_/POTU_6R0B_.5_otus.txt
OtuPicker parameters:
Application:uclust
Similarity:0.97
chimeras_retention:union
enable_rev_strand_matching:True
exact:False
max_accepts:1
max_rejects:8
new_cluster_identifier:denovo
next_new_cluster_number:1
optimal:False
output_dir:/home/mark/gitstage/uderica/nordqiime/15_Hil_HMC/Bacteria/16S/pick//step1_otus/POTU_6R0B_
prefilter_identical_sequences:True
presort_by_abundance:True
save_uc_files:True
stable_sort:True
stepwords:8
suppress_new_clusters:True
suppress_sort:True
word_length:8
Reference seqs:/home/mark/gitstage/uderica/nordqiime/gg_13_8_otus/rep_set/97_otus.fasta
Num OTUs:594
Num new OTUs:0
Num failures:17028
Result path: /home/mark/gitstage/uderica/nordqiime/15_Hil_HMC/Bacteria/16S/pick//step1_otus/POTU_6R0B_/POTU_6R0B_.6_otus.txt
