OtuPicker parameters:
Application:uclust
Similarity:0.97
chimeras_retention:union
enable_rev_strand_matching:True
exact:False
max_accepts:1
max_rejects:8
new_cluster_identifier:denovo
next_new_cluster_number:1
optimal:False
output_dir:/home/mark/gitstage/uderica/nordqiime/15_Hil_CS/Bacteria/16S/pick//step1_otus/POTU_0IfF_
prefilter_identical_sequences:True
presort_by_abundance:True
save_uc_files:True
stable_sort:True
stepwords:8
suppress_new_clusters:True
suppress_sort:True
word_length:8
Reference seqs:/home/mark/gitstage/uderica/nordqiime/gg_13_8_otus/rep_set/97_otus.fasta
Num OTUs:980
Num new OTUs:0
Num failures:24223
Result path: /home/mark/gitstage/uderica/nordqiime/15_Hil_CS/Bacteria/16S/pick//step1_otus/POTU_0IfF_/POTU_0IfF_.0_otus.txt
OtuPicker parameters:
Application:uclust
Similarity:0.97
chimeras_retention:union
enable_rev_strand_matching:True
exact:False
max_accepts:1
max_rejects:8
new_cluster_identifier:denovo
next_new_cluster_number:1
optimal:False
output_dir:/home/mark/gitstage/uderica/nordqiime/15_Hil_CS/Bacteria/16S/pick//step1_otus/POTU_0IfF_
prefilter_identical_sequences:True
presort_by_abundance:True
save_uc_files:True
stable_sort:True
stepwords:8
suppress_new_clusters:True
suppress_sort:True
word_length:8
Reference seqs:/home/mark/gitstage/uderica/nordqiime/gg_13_8_otus/rep_set/97_otus.fasta
Num OTUs:1103
Num new OTUs:0
Num failures:33439
Result path: /home/mark/gitstage/uderica/nordqiime/15_Hil_CS/Bacteria/16S/pick//step1_otus/POTU_0IfF_/POTU_0IfF_.1_otus.txt
OtuPicker parameters:
Application:uclust
Similarity:0.97
chimeras_retention:union
enable_rev_strand_matching:True
exact:False
max_accepts:1
max_rejects:8
new_cluster_identifier:denovo
next_new_cluster_number:1
optimal:False
output_dir:/home/mark/gitstage/uderica/nordqiime/15_Hil_CS/Bacteria/16S/pick//step1_otus/POTU_0IfF_
prefilter_identical_sequences:True
presort_by_abundance:True
save_uc_files:True
stable_sort:True
stepwords:8
suppress_new_clusters:True
suppress_sort:True
word_length:8
Reference seqs:/home/mark/gitstage/uderica/nordqiime/gg_13_8_otus/rep_set/97_otus.fasta
Num OTUs:938
Num new OTUs:0
Num failures:22265
Result path: /home/mark/gitstage/uderica/nordqiime/15_Hil_CS/Bacteria/16S/pick//step1_otus/POTU_0IfF_/POTU_0IfF_.2_otus.txt
OtuPicker parameters:
Application:uclust
Similarity:0.97
chimeras_retention:union
enable_rev_strand_matching:True
exact:False
max_accepts:1
max_rejects:8
new_cluster_identifier:denovo
next_new_cluster_number:1
optimal:False
output_dir:/home/mark/gitstage/uderica/nordqiime/15_Hil_CS/Bacteria/16S/pick//step1_otus/POTU_0IfF_
prefilter_identical_sequences:True
presort_by_abundance:True
save_uc_files:True
stable_sort:True
stepwords:8
suppress_new_clusters:True
suppress_sort:True
word_length:8
Reference seqs:/home/mark/gitstage/uderica/nordqiime/gg_13_8_otus/rep_set/97_otus.fasta
Num OTUs:935
Num new OTUs:0
Num failures:24398
Result path: /home/mark/gitstage/uderica/nordqiime/15_Hil_CS/Bacteria/16S/pick//step1_otus/POTU_0IfF_/POTU_0IfF_.3_otus.txt
OtuPicker parameters:
Application:uclust
Similarity:0.97
chimeras_retention:union
enable_rev_strand_matching:True
exact:False
max_accepts:1
max_rejects:8
new_cluster_identifier:denovo
next_new_cluster_number:1
optimal:False
output_dir:/home/mark/gitstage/uderica/nordqiime/15_Hil_CS/Bacteria/16S/pick//step1_otus/POTU_0IfF_
prefilter_identical_sequences:True
presort_by_abundance:True
save_uc_files:True
stable_sort:True
stepwords:8
suppress_new_clusters:True
suppress_sort:True
word_length:8
Reference seqs:/home/mark/gitstage/uderica/nordqiime/gg_13_8_otus/rep_set/97_otus.fasta
Num OTUs:1298
Num new OTUs:0
Num failures:28923
Result path: /home/mark/gitstage/uderica/nordqiime/15_Hil_CS/Bacteria/16S/pick//step1_otus/POTU_0IfF_/POTU_0IfF_.4_otus.txt
OtuPicker parameters:
Application:uclust
Similarity:0.97
chimeras_retention:union
enable_rev_strand_matching:True
exact:False
max_accepts:1
max_rejects:8
new_cluster_identifier:denovo
next_new_cluster_number:1
optimal:False
output_dir:/home/mark/gitstage/uderica/nordqiime/15_Hil_CS/Bacteria/16S/pick//step1_otus/POTU_0IfF_
prefilter_identical_sequences:True
presort_by_abundance:True
save_uc_files:True
stable_sort:True
stepwords:8
suppress_new_clusters:True
suppress_sort:True
word_length:8
Reference seqs:/home/mark/gitstage/uderica/nordqiime/gg_13_8_otus/rep_set/97_otus.fasta
Num OTUs:894
Num new OTUs:0
Num failures:18121
Result path: /home/mark/gitstage/uderica/nordqiime/15_Hil_CS/Bacteria/16S/pick//step1_otus/POTU_0IfF_/POTU_0IfF_.5_otus.txt
OtuPicker parameters:
Application:uclust
Similarity:0.97
chimeras_retention:union
enable_rev_strand_matching:True
exact:False
max_accepts:1
max_rejects:8
new_cluster_identifier:denovo
next_new_cluster_number:1
optimal:False
output_dir:/home/mark/gitstage/uderica/nordqiime/15_Hil_CS/Bacteria/16S/pick//step1_otus/POTU_0IfF_
prefilter_identical_sequences:True
presort_by_abundance:True
save_uc_files:True
stable_sort:True
stepwords:8
suppress_new_clusters:True
suppress_sort:True
word_length:8
Reference seqs:/home/mark/gitstage/uderica/nordqiime/gg_13_8_otus/rep_set/97_otus.fasta
Num OTUs:870
Num new OTUs:0
Num failures:21887
Result path: /home/mark/gitstage/uderica/nordqiime/15_Hil_CS/Bacteria/16S/pick//step1_otus/POTU_0IfF_/POTU_0IfF_.6_otus.txt
