configuration from LalStress/Fungi/LalStress_Fungi_envvars_new.sh
export PROJ_GENE_TITLE="LalStress_Fungi"
export PROJ_GENE_HOME="/home/mark/gitstage/uderica/silage/LalStress/Fungi"

export R1="_R1"
export R2="_R2"
export FILE_EXT=".fastq"

export LOG_FILE="${PROJ_GENE_HOME}/${PROJ_GENE_TITLE}.log"

export REF_SEQ_FILE="/home/mark/gitstage/uderica/silage/its_12_11_otus/rep_set/97_otus.fasta"

export FASTQC_PATH="/home/mark/gitstage/uderica/silage/FastQC/fastqc"
export MULTIQC_PATH="multiqc"

export MULTIQC_CONFIG="/home/mark/gitstage/uderica/silage/multiqc_config.yaml"

# also sem (parallel)... avaialble for OSX? and in2csv from csvkit

export FLASH_PATH="/home/mark/gitstage/uderica/silage/FLASH-1.2.11/flash"
export MIN_FLASH_OVERLAP=50
export MAX_FLASH_OVERLAP=250

# work on this some more... how to pick best depth?
export CORE_DIV_MIN_DEPTH=10000
export THREAD_CT=6

export SLEEP_SECS=15

export DATA_DIR="raw_data_fungi"

export FLASHED_DIR="${PROJ_GENE_HOME}/${DATA_DIR}/flashed"
export EXTENDED_DIR="${FLASHED_DIR}/extended"
export PICKED_DIR="${EXTENDED_DIR}/flash_trim_cat_pick"

export OTU_PICK_PARAM_FILE="${PROJ_GENE_HOME}/otu_pick_param.txt"

# look here for sample ID, barcodes, primers, optionally experimental factors
# export QIIME_MAPPING_FILE="${PROJ_GENE_HOME}/map16S_MAM_some_factors.txt"
export QIIME_MAPPING_FILE="${PROJ_GENE_HOME}/map.txt"

# look here for sample infomration, except mapping info (esp. barcode and primers)
# will be looping though some column looking for IDs,
# which should then appear in files with names:
# ${PROJ_GENE_HOME}/${DATA_DIR}/${PAIR_PREFIX}<ID>${PAIR_SUFFIX}{${R1}|${R2}}${FILE_EXT}
# export SAMPLE_METADATA_FILE="${PROJ_GENE_HOME}/LalStressMicrobiomeInfo.txt"

export FILE_PATH_FILE="${PROJ_GENE_HOME}/file_path.txt"

# could probably just loop though mapping file instead
# add capability to look for ID:filename relationships in some lookup table

# not doing any error/dependency checking yet
# not doing and cleanup from previous run yet
# FALSE
export FRESH_LOG="TRUE"
export INITIAL_FASTQC="TRUE"
export INITIAL_MULTIQC="TRUE"
export DO_FLASH="TRUE"
export POST_FLASH_BOTHQC="TRUE"
# export POST_FLASH_FASTQC="TRUE"
# export POST_FLASH_MULTIQC="TRUE"
export DO_QIIME_SPLIT="TRUE"
export DO_QIIME_PICK="TRUE"
export DO_PYTHON_OTU_FILTERING="TRUE"
export DO_BIOM_CONVERSION="TRUE"
export DO_CORE_DIV="TRUE"
export DO_PHYLOSEQ="FALSE"




Sat Sep 2 09:13:52 EDT 2017 fastqc'ing /home/mark/gitstage/uderica/silage/LalStress/Fungi/raw_data_fungi/5101-145-MSITS2a
Sat Sep 2 09:13:52 EDT 2017 fastqc'ing /home/mark/gitstage/uderica/silage/LalStress/Fungi/raw_data_fungi/5101-146-MSITS2a
Sat Sep 2 09:13:52 EDT 2017 fastqc'ing /home/mark/gitstage/uderica/silage/LalStress/Fungi/raw_data_fungi/5101-147-MSITS2a
Sat Sep 2 09:13:52 EDT 2017 fastqc'ing /home/mark/gitstage/uderica/silage/LalStress/Fungi/raw_data_fungi/5101-148-MSITS2a
Sat Sep 2 09:13:53 EDT 2017 fastqc'ing /home/mark/gitstage/uderica/silage/LalStress/Fungi/raw_data_fungi/5101-150-MSITS2a
Sat Sep 2 09:13:53 EDT 2017 fastqc'ing /home/mark/gitstage/uderica/silage/LalStress/Fungi/raw_data_fungi/5101-151-MSITS2a
Sat Sep 2 09:13:53 EDT 2017 fastqc'ing /home/mark/gitstage/uderica/silage/LalStress/Fungi/raw_data_fungi/5101-152-MSITS2a
Sat Sep 2 09:13:53 EDT 2017 fastqc'ing /home/mark/gitstage/uderica/silage/LalStress/Fungi/raw_data_fungi/5101-153-MSITS2a
Sat Sep 2 09:13:59 EDT 2017 fastqc'ing /home/mark/gitstage/uderica/silage/LalStress/Fungi/raw_data_fungi/5101-155-MSITS2a
Sat Sep 2 09:13:59 EDT 2017 fastqc'ing /home/mark/gitstage/uderica/silage/LalStress/Fungi/raw_data_fungi/5101-156-MSITS2a
Sat Sep 2 09:13:59 EDT 2017 fastqc'ing /home/mark/gitstage/uderica/silage/LalStress/Fungi/raw_data_fungi/5101-157-MSITS2a
Sat Sep 2 09:13:59 EDT 2017 fastqc'ing /home/mark/gitstage/uderica/silage/LalStress/Fungi/raw_data_fungi/5101-158-MSITS2a
Sat Sep 2 09:13:59 EDT 2017 fastqc'ing /home/mark/gitstage/uderica/silage/LalStress/Fungi/raw_data_fungi/5101-160-MSITS2a
Sat Sep 2 09:14:00 EDT 2017 fastqc'ing /home/mark/gitstage/uderica/silage/LalStress/Fungi/raw_data_fungi/5101-161-MSITS2a
Sat Sep 2 09:14:00 EDT 2017 fastqc'ing /home/mark/gitstage/uderica/silage/LalStress/Fungi/raw_data_fungi/5101-162-MSITS2a
Sat Sep 2 09:14:05 EDT 2017 fastqc'ing /home/mark/gitstage/uderica/silage/LalStress/Fungi/raw_data_fungi/5101-163-MSITS2a
Sat Sep 2 09:14:06 EDT 2017 fastqc'ing /home/mark/gitstage/uderica/silage/LalStress/Fungi/raw_data_fungi/5101-165-MSITS2a
Sat Sep 2 09:14:06 EDT 2017 fastqc'ing /home/mark/gitstage/uderica/silage/LalStress/Fungi/raw_data_fungi/5101-166-MSITS2a
Sat Sep 2 09:14:07 EDT 2017 fastqc'ing /home/mark/gitstage/uderica/silage/LalStress/Fungi/raw_data_fungi/5101-167-MSITS2a
Sat Sep 2 09:14:07 EDT 2017 fastqc'ing /home/mark/gitstage/uderica/silage/LalStress/Fungi/raw_data_fungi/5101-168-MSITS2a
Sat Sep 2 09:14:07 EDT 2017 fastqc'ing /home/mark/gitstage/uderica/silage/LalStress/Fungi/raw_data_fungi/5101-170-MSITS2a
Sat Sep 2 09:14:08 EDT 2017 fastqc'ing /home/mark/gitstage/uderica/silage/LalStress/Fungi/raw_data_fungi/5101-171-MSITS2a
Sat Sep 2 09:14:12 EDT 2017 fastqc'ing /home/mark/gitstage/uderica/silage/LalStress/Fungi/raw_data_fungi/5101-172-MSITS2a
Sat Sep 2 09:14:12 EDT 2017 fastqc'ing /home/mark/gitstage/uderica/silage/LalStress/Fungi/raw_data_fungi/5101-173-MSITS2a
Sat Sep 2 09:14:12 EDT 2017 fastqc'ing /home/mark/gitstage/uderica/silage/LalStress/Fungi/raw_data_fungi/5101-175-MSITS2a
Sat Sep 2 09:14:12 EDT 2017 fastqc'ing /home/mark/gitstage/uderica/silage/LalStress/Fungi/raw_data_fungi/5101-176-MSITS2a
Sat Sep 2 09:14:13 EDT 2017 fastqc'ing /home/mark/gitstage/uderica/silage/LalStress/Fungi/raw_data_fungi/5101-177-MSITS2a
Sat Sep 2 09:14:13 EDT 2017 fastqc'ing /home/mark/gitstage/uderica/silage/LalStress/Fungi/raw_data_fungi/5101-178-MSITS2a
Sat Sep 2 09:15:00 EDT 2017 fastqc'ing /home/mark/gitstage/uderica/silage/LalStress/Fungi/raw_data_fungi/5101-145-MSITS2a
Sat Sep 2 09:15:00 EDT 2017 fastqc'ing /home/mark/gitstage/uderica/silage/LalStress/Fungi/raw_data_fungi/5101-146-MSITS2a
Sat Sep 2 09:15:00 EDT 2017 fastqc'ing /home/mark/gitstage/uderica/silage/LalStress/Fungi/raw_data_fungi/5101-147-MSITS2a
Sat Sep 2 09:15:00 EDT 2017 fastqc'ing /home/mark/gitstage/uderica/silage/LalStress/Fungi/raw_data_fungi/5101-148-MSITS2a
Sat Sep 2 09:15:00 EDT 2017 fastqc'ing /home/mark/gitstage/uderica/silage/LalStress/Fungi/raw_data_fungi/5101-150-MSITS2a
Sat Sep 2 09:15:01 EDT 2017 fastqc'ing /home/mark/gitstage/uderica/silage/LalStress/Fungi/raw_data_fungi/5101-151-MSITS2a
Sat Sep 2 09:15:01 EDT 2017 fastqc'ing /home/mark/gitstage/uderica/silage/LalStress/Fungi/raw_data_fungi/5101-152-MSITS2a
Sat Sep 2 09:15:01 EDT 2017 fastqc'ing /home/mark/gitstage/uderica/silage/LalStress/Fungi/raw_data_fungi/5101-153-MSITS2a
Sat Sep 2 09:15:07 EDT 2017 fastqc'ing /home/mark/gitstage/uderica/silage/LalStress/Fungi/raw_data_fungi/5101-155-MSITS2a
Sat Sep 2 09:15:07 EDT 2017 fastqc'ing /home/mark/gitstage/uderica/silage/LalStress/Fungi/raw_data_fungi/5101-156-MSITS2a
Sat Sep 2 09:15:08 EDT 2017 fastqc'ing /home/mark/gitstage/uderica/silage/LalStress/Fungi/raw_data_fungi/5101-157-MSITS2a
Sat Sep 2 09:15:08 EDT 2017 fastqc'ing /home/mark/gitstage/uderica/silage/LalStress/Fungi/raw_data_fungi/5101-158-MSITS2a
Sat Sep 2 09:15:08 EDT 2017 fastqc'ing /home/mark/gitstage/uderica/silage/LalStress/Fungi/raw_data_fungi/5101-160-MSITS2a
Sat Sep 2 09:15:08 EDT 2017 fastqc'ing /home/mark/gitstage/uderica/silage/LalStress/Fungi/raw_data_fungi/5101-161-MSITS2a
Sat Sep 2 09:15:08 EDT 2017 fastqc'ing /home/mark/gitstage/uderica/silage/LalStress/Fungi/raw_data_fungi/5101-162-MSITS2a
Sat Sep 2 09:15:15 EDT 2017 fastqc'ing /home/mark/gitstage/uderica/silage/LalStress/Fungi/raw_data_fungi/5101-163-MSITS2a
Sat Sep 2 09:15:15 EDT 2017 fastqc'ing /home/mark/gitstage/uderica/silage/LalStress/Fungi/raw_data_fungi/5101-165-MSITS2a
Sat Sep 2 09:15:15 EDT 2017 fastqc'ing /home/mark/gitstage/uderica/silage/LalStress/Fungi/raw_data_fungi/5101-166-MSITS2a
Sat Sep 2 09:15:15 EDT 2017 fastqc'ing /home/mark/gitstage/uderica/silage/LalStress/Fungi/raw_data_fungi/5101-167-MSITS2a
Sat Sep 2 09:15:15 EDT 2017 fastqc'ing /home/mark/gitstage/uderica/silage/LalStress/Fungi/raw_data_fungi/5101-168-MSITS2a
Sat Sep 2 09:15:16 EDT 2017 fastqc'ing /home/mark/gitstage/uderica/silage/LalStress/Fungi/raw_data_fungi/5101-170-MSITS2a
Sat Sep 2 09:15:17 EDT 2017 fastqc'ing /home/mark/gitstage/uderica/silage/LalStress/Fungi/raw_data_fungi/5101-171-MSITS2a
Sat Sep 2 09:15:22 EDT 2017 fastqc'ing /home/mark/gitstage/uderica/silage/LalStress/Fungi/raw_data_fungi/5101-172-MSITS2a
Sat Sep 2 09:15:22 EDT 2017 fastqc'ing /home/mark/gitstage/uderica/silage/LalStress/Fungi/raw_data_fungi/5101-173-MSITS2a
Sat Sep 2 09:15:22 EDT 2017 fastqc'ing /home/mark/gitstage/uderica/silage/LalStress/Fungi/raw_data_fungi/5101-175-MSITS2a
Sat Sep 2 09:15:22 EDT 2017 fastqc'ing /home/mark/gitstage/uderica/silage/LalStress/Fungi/raw_data_fungi/5101-176-MSITS2a
Sat Sep 2 09:15:23 EDT 2017 fastqc'ing /home/mark/gitstage/uderica/silage/LalStress/Fungi/raw_data_fungi/5101-177-MSITS2a
Sat Sep 2 09:15:23 EDT 2017 fastqc'ing /home/mark/gitstage/uderica/silage/LalStress/Fungi/raw_data_fungi/5101-178-MSITS2a
Sat Sep 2 09:16:21 EDT 2017 flashing /home/mark/gitstage/uderica/silage/LalStress/Fungi/raw_data_fungi/5101-145-MSITS2a
[FLASH] Starting FLASH v1.2.11
[FLASH] Fast Length Adjustment of SHort reads
[FLASH]  
[FLASH] Input files:
[FLASH]     /home/mark/gitstage/uderica/silage/LalStress/Fungi/raw_data_fungi/5101-145-MSITS2a_R1.fastq
[FLASH]     /home/mark/gitstage/uderica/silage/LalStress/Fungi/raw_data_fungi/5101-145-MSITS2a_R2.fastq
[FLASH]  
[FLASH] Output files:
[FLASH]     /home/mark/gitstage/uderica/silage/LalStress/Fungi/raw_data_fungi/flashed/5101-145-MSITS2a.extendedFrags.fastq
[FLASH]     /home/mark/gitstage/uderica/silage/LalStress/Fungi/raw_data_fungi/flashed/5101-145-MSITS2a.notCombined_1.fastq
[FLASH]     /home/mark/gitstage/uderica/silage/LalStress/Fungi/raw_data_fungi/flashed/5101-145-MSITS2a.notCombined_2.fastq
[FLASH]     /home/mark/gitstage/uderica/silage/LalStress/Fungi/raw_data_fungi/flashed/5101-145-MSITS2a.hist
[FLASH]     /home/mark/gitstage/uderica/silage/LalStress/Fungi/raw_data_fungi/flashed/5101-145-MSITS2a.histogram
[FLASH]  
[FLASH] Parameters:
[FLASH]     Min overlap:           50
[FLASH]     Max overlap:           250
[FLASH]     Max mismatch density:  0.250000
[FLASH]     Allow "outie" pairs:   false
[FLASH]     Cap mismatch quals:    false
[FLASH]     Combiner threads:      8
[FLASH]     Input format:          FASTQ, phred_offset=33
[FLASH]     Output format:         FASTQ, phred_offset=33
[FLASH]  
[FLASH] Starting reader and writer threads
[FLASH] Starting 8 combiner threads
[FLASH] Processed 25000 read pairs
[FLASH] Processed 50000 read pairs
[FLASH] Processed 56114 read pairs
[FLASH]  
[FLASH] Read combination statistics:
[FLASH]     Total pairs:      56114
[FLASH]     Combined pairs:   54451
[FLASH]     Uncombined pairs: 1663
[FLASH]     Percent combined: 97.04%
[FLASH]  
[FLASH] Writing histogram files.
[FLASH]  
[FLASH] FLASH v1.2.11 complete!
[FLASH] 0.165 seconds elapsed
Sat Sep 2 09:16:21 EDT 2017 flashing /home/mark/gitstage/uderica/silage/LalStress/Fungi/raw_data_fungi/5101-146-MSITS2a
[FLASH] Starting FLASH v1.2.11
[FLASH] Fast Length Adjustment of SHort reads
[FLASH]  
[FLASH] Input files:
[FLASH]     /home/mark/gitstage/uderica/silage/LalStress/Fungi/raw_data_fungi/5101-146-MSITS2a_R1.fastq
[FLASH]     /home/mark/gitstage/uderica/silage/LalStress/Fungi/raw_data_fungi/5101-146-MSITS2a_R2.fastq
[FLASH]  
[FLASH] Output files:
[FLASH]     /home/mark/gitstage/uderica/silage/LalStress/Fungi/raw_data_fungi/flashed/5101-146-MSITS2a.extendedFrags.fastq
[FLASH]     /home/mark/gitstage/uderica/silage/LalStress/Fungi/raw_data_fungi/flashed/5101-146-MSITS2a.notCombined_1.fastq
[FLASH]     /home/mark/gitstage/uderica/silage/LalStress/Fungi/raw_data_fungi/flashed/5101-146-MSITS2a.notCombined_2.fastq
[FLASH]     /home/mark/gitstage/uderica/silage/LalStress/Fungi/raw_data_fungi/flashed/5101-146-MSITS2a.hist
[FLASH]     /home/mark/gitstage/uderica/silage/LalStress/Fungi/raw_data_fungi/flashed/5101-146-MSITS2a.histogram
[FLASH]  
[FLASH] Parameters:
[FLASH]     Min overlap:           50
[FLASH]     Max overlap:           250
[FLASH]     Max mismatch density:  0.250000
[FLASH]     Allow "outie" pairs:   false
[FLASH]     Cap mismatch quals:    false
[FLASH]     Combiner threads:      8
[FLASH]     Input format:          FASTQ, phred_offset=33
[FLASH]     Output format:         FASTQ, phred_offset=33
[FLASH]  
[FLASH] Starting reader and writer threads
[FLASH] Starting 8 combiner threads
[FLASH] Processed 25000 read pairs
[FLASH] Processed 49109 read pairs
[FLASH]  
[FLASH] Read combination statistics:
[FLASH]     Total pairs:      49109
[FLASH]     Combined pairs:   47742
[FLASH]     Uncombined pairs: 1367
[FLASH]     Percent combined: 97.22%
[FLASH]  
[FLASH] Writing histogram files.
[FLASH]  
[FLASH] FLASH v1.2.11 complete!
[FLASH] 0.148 seconds elapsed
Sat Sep 2 09:16:21 EDT 2017 flashing /home/mark/gitstage/uderica/silage/LalStress/Fungi/raw_data_fungi/5101-147-MSITS2a
[FLASH] Starting FLASH v1.2.11
[FLASH] Fast Length Adjustment of SHort reads
[FLASH]  
[FLASH] Input files:
[FLASH]     /home/mark/gitstage/uderica/silage/LalStress/Fungi/raw_data_fungi/5101-147-MSITS2a_R1.fastq
[FLASH]     /home/mark/gitstage/uderica/silage/LalStress/Fungi/raw_data_fungi/5101-147-MSITS2a_R2.fastq
[FLASH]  
[FLASH] Output files:
[FLASH]     /home/mark/gitstage/uderica/silage/LalStress/Fungi/raw_data_fungi/flashed/5101-147-MSITS2a.extendedFrags.fastq
[FLASH]     /home/mark/gitstage/uderica/silage/LalStress/Fungi/raw_data_fungi/flashed/5101-147-MSITS2a.notCombined_1.fastq
[FLASH]     /home/mark/gitstage/uderica/silage/LalStress/Fungi/raw_data_fungi/flashed/5101-147-MSITS2a.notCombined_2.fastq
[FLASH]     /home/mark/gitstage/uderica/silage/LalStress/Fungi/raw_data_fungi/flashed/5101-147-MSITS2a.hist
[FLASH]     /home/mark/gitstage/uderica/silage/LalStress/Fungi/raw_data_fungi/flashed/5101-147-MSITS2a.histogram
[FLASH]  
[FLASH] Parameters:
[FLASH]     Min overlap:           50
[FLASH]     Max overlap:           250
[FLASH]     Max mismatch density:  0.250000
[FLASH]     Allow "outie" pairs:   false
[FLASH]     Cap mismatch quals:    false
[FLASH]     Combiner threads:      8
[FLASH]     Input format:          FASTQ, phred_offset=33
[FLASH]     Output format:         FASTQ, phred_offset=33
[FLASH]  
[FLASH] Starting reader and writer threads
[FLASH] Starting 8 combiner threads
[FLASH] Processed 25000 read pairs
[FLASH] Processed 48254 read pairs
[FLASH]  
[FLASH] Read combination statistics:
[FLASH]     Total pairs:      48254
[FLASH]     Combined pairs:   46710
[FLASH]     Uncombined pairs: 1544
[FLASH]     Percent combined: 96.80%
[FLASH]  
[FLASH] Writing histogram files.
[FLASH]  
[FLASH] FLASH v1.2.11 complete!
[FLASH] 0.144 seconds elapsed
Sat Sep 2 09:16:21 EDT 2017 flashing /home/mark/gitstage/uderica/silage/LalStress/Fungi/raw_data_fungi/5101-148-MSITS2a
[FLASH] Starting FLASH v1.2.11
[FLASH] Fast Length Adjustment of SHort reads
[FLASH]  
[FLASH] Input files:
[FLASH]     /home/mark/gitstage/uderica/silage/LalStress/Fungi/raw_data_fungi/5101-148-MSITS2a_R1.fastq
[FLASH]     /home/mark/gitstage/uderica/silage/LalStress/Fungi/raw_data_fungi/5101-148-MSITS2a_R2.fastq
[FLASH]  
[FLASH] Output files:
[FLASH]     /home/mark/gitstage/uderica/silage/LalStress/Fungi/raw_data_fungi/flashed/5101-148-MSITS2a.extendedFrags.fastq
[FLASH]     /home/mark/gitstage/uderica/silage/LalStress/Fungi/raw_data_fungi/flashed/5101-148-MSITS2a.notCombined_1.fastq
[FLASH]     /home/mark/gitstage/uderica/silage/LalStress/Fungi/raw_data_fungi/flashed/5101-148-MSITS2a.notCombined_2.fastq
[FLASH]     /home/mark/gitstage/uderica/silage/LalStress/Fungi/raw_data_fungi/flashed/5101-148-MSITS2a.hist
[FLASH]     /home/mark/gitstage/uderica/silage/LalStress/Fungi/raw_data_fungi/flashed/5101-148-MSITS2a.histogram
[FLASH]  
[FLASH] Parameters:
[FLASH]     Min overlap:           50
[FLASH]     Max overlap:           250
[FLASH]     Max mismatch density:  0.250000
[FLASH]     Allow "outie" pairs:   false
[FLASH]     Cap mismatch quals:    false
[FLASH]     Combiner threads:      8
[FLASH]     Input format:          FASTQ, phred_offset=33
[FLASH]     Output format:         FASTQ, phred_offset=33
[FLASH]  
[FLASH] Starting reader and writer threads
[FLASH] Starting 8 combiner threads
[FLASH] Processed 25000 read pairs
[FLASH] Processed 41707 read pairs
[FLASH]  
[FLASH] Read combination statistics:
[FLASH]     Total pairs:      41707
[FLASH]     Combined pairs:   40370
[FLASH]     Uncombined pairs: 1337
[FLASH]     Percent combined: 96.79%
[FLASH]  
[FLASH] Writing histogram files.
[FLASH]  
[FLASH] FLASH v1.2.11 complete!
[FLASH] 0.141 seconds elapsed
Sat Sep 2 09:16:21 EDT 2017 flashing /home/mark/gitstage/uderica/silage/LalStress/Fungi/raw_data_fungi/5101-150-MSITS2a
[FLASH] Starting FLASH v1.2.11
[FLASH] Fast Length Adjustment of SHort reads
[FLASH]  
[FLASH] Input files:
[FLASH]     /home/mark/gitstage/uderica/silage/LalStress/Fungi/raw_data_fungi/5101-150-MSITS2a_R1.fastq
[FLASH]     /home/mark/gitstage/uderica/silage/LalStress/Fungi/raw_data_fungi/5101-150-MSITS2a_R2.fastq
[FLASH]  
[FLASH] Output files:
[FLASH]     /home/mark/gitstage/uderica/silage/LalStress/Fungi/raw_data_fungi/flashed/5101-150-MSITS2a.extendedFrags.fastq
[FLASH]     /home/mark/gitstage/uderica/silage/LalStress/Fungi/raw_data_fungi/flashed/5101-150-MSITS2a.notCombined_1.fastq
[FLASH]     /home/mark/gitstage/uderica/silage/LalStress/Fungi/raw_data_fungi/flashed/5101-150-MSITS2a.notCombined_2.fastq
[FLASH]     /home/mark/gitstage/uderica/silage/LalStress/Fungi/raw_data_fungi/flashed/5101-150-MSITS2a.hist
[FLASH]     /home/mark/gitstage/uderica/silage/LalStress/Fungi/raw_data_fungi/flashed/5101-150-MSITS2a.histogram
[FLASH]  
[FLASH] Parameters:
[FLASH]     Min overlap:           50
[FLASH]     Max overlap:           250
[FLASH]     Max mismatch density:  0.250000
[FLASH]     Allow "outie" pairs:   false
[FLASH]     Cap mismatch quals:    false
[FLASH]     Combiner threads:      8
[FLASH]     Input format:          FASTQ, phred_offset=33
[FLASH]     Output format:         FASTQ, phred_offset=33
[FLASH]  
[FLASH] Starting reader and writer threads
[FLASH] Starting 8 combiner threads
[FLASH] Processed 25000 read pairs
[FLASH] Processed 27980 read pairs
[FLASH]  
[FLASH] Read combination statistics:
[FLASH]     Total pairs:      27980
[FLASH]     Combined pairs:   24281
[FLASH]     Uncombined pairs: 3699
[FLASH]     Percent combined: 86.78%
[FLASH]  
[FLASH] Writing histogram files.
[FLASH]  
[FLASH] FLASH v1.2.11 complete!
[FLASH] 0.090 seconds elapsed
Sat Sep 2 09:16:21 EDT 2017 flashing /home/mark/gitstage/uderica/silage/LalStress/Fungi/raw_data_fungi/5101-151-MSITS2a
[FLASH] Starting FLASH v1.2.11
[FLASH] Fast Length Adjustment of SHort reads
[FLASH]  
[FLASH] Input files:
[FLASH]     /home/mark/gitstage/uderica/silage/LalStress/Fungi/raw_data_fungi/5101-151-MSITS2a_R1.fastq
[FLASH]     /home/mark/gitstage/uderica/silage/LalStress/Fungi/raw_data_fungi/5101-151-MSITS2a_R2.fastq
[FLASH]  
[FLASH] Output files:
[FLASH]     /home/mark/gitstage/uderica/silage/LalStress/Fungi/raw_data_fungi/flashed/5101-151-MSITS2a.extendedFrags.fastq
[FLASH]     /home/mark/gitstage/uderica/silage/LalStress/Fungi/raw_data_fungi/flashed/5101-151-MSITS2a.notCombined_1.fastq
[FLASH]     /home/mark/gitstage/uderica/silage/LalStress/Fungi/raw_data_fungi/flashed/5101-151-MSITS2a.notCombined_2.fastq
[FLASH]     /home/mark/gitstage/uderica/silage/LalStress/Fungi/raw_data_fungi/flashed/5101-151-MSITS2a.hist
[FLASH]     /home/mark/gitstage/uderica/silage/LalStress/Fungi/raw_data_fungi/flashed/5101-151-MSITS2a.histogram
[FLASH]  
[FLASH] Parameters:
[FLASH]     Min overlap:           50
[FLASH]     Max overlap:           250
[FLASH]     Max mismatch density:  0.250000
[FLASH]     Allow "outie" pairs:   false
[FLASH]     Cap mismatch quals:    false
[FLASH]     Combiner threads:      8
[FLASH]     Input format:          FASTQ, phred_offset=33
[FLASH]     Output format:         FASTQ, phred_offset=33
[FLASH]  
[FLASH] Starting reader and writer threads
[FLASH] Starting 8 combiner threads
[FLASH] Processed 23902 read pairs
[FLASH]  
[FLASH] Read combination statistics:
[FLASH]     Total pairs:      23902
[FLASH]     Combined pairs:   22068
[FLASH]     Uncombined pairs: 1834
[FLASH]     Percent combined: 92.33%
[FLASH]  
[FLASH] Writing histogram files.
[FLASH]  
[FLASH] FLASH v1.2.11 complete!
[FLASH] 0.083 seconds elapsed
Sat Sep 2 09:16:22 EDT 2017 flashing /home/mark/gitstage/uderica/silage/LalStress/Fungi/raw_data_fungi/5101-152-MSITS2a
[FLASH] Starting FLASH v1.2.11
[FLASH] Fast Length Adjustment of SHort reads
[FLASH]  
[FLASH] Input files:
[FLASH]     /home/mark/gitstage/uderica/silage/LalStress/Fungi/raw_data_fungi/5101-152-MSITS2a_R1.fastq
[FLASH]     /home/mark/gitstage/uderica/silage/LalStress/Fungi/raw_data_fungi/5101-152-MSITS2a_R2.fastq
[FLASH]  
[FLASH] Output files:
[FLASH]     /home/mark/gitstage/uderica/silage/LalStress/Fungi/raw_data_fungi/flashed/5101-152-MSITS2a.extendedFrags.fastq
[FLASH]     /home/mark/gitstage/uderica/silage/LalStress/Fungi/raw_data_fungi/flashed/5101-152-MSITS2a.notCombined_1.fastq
[FLASH]     /home/mark/gitstage/uderica/silage/LalStress/Fungi/raw_data_fungi/flashed/5101-152-MSITS2a.notCombined_2.fastq
[FLASH]     /home/mark/gitstage/uderica/silage/LalStress/Fungi/raw_data_fungi/flashed/5101-152-MSITS2a.hist
[FLASH]     /home/mark/gitstage/uderica/silage/LalStress/Fungi/raw_data_fungi/flashed/5101-152-MSITS2a.histogram
[FLASH]  
[FLASH] Parameters:
[FLASH]     Min overlap:           50
[FLASH]     Max overlap:           250
[FLASH]     Max mismatch density:  0.250000
[FLASH]     Allow "outie" pairs:   false
[FLASH]     Cap mismatch quals:    false
[FLASH]     Combiner threads:      8
[FLASH]     Input format:          FASTQ, phred_offset=33
[FLASH]     Output format:         FASTQ, phred_offset=33
[FLASH]  
[FLASH] Starting reader and writer threads
[FLASH] Starting 8 combiner threads
[FLASH] Processed 25000 read pairs
[FLASH] Processed 49832 read pairs
[FLASH]  
[FLASH] Read combination statistics:
[FLASH]     Total pairs:      49832
[FLASH]     Combined pairs:   45414
[FLASH]     Uncombined pairs: 4418
[FLASH]     Percent combined: 91.13%
[FLASH]  
[FLASH] Writing histogram files.
[FLASH]  
[FLASH] FLASH v1.2.11 complete!
[FLASH] 0.155 seconds elapsed
Sat Sep 2 09:16:22 EDT 2017 flashing /home/mark/gitstage/uderica/silage/LalStress/Fungi/raw_data_fungi/5101-153-MSITS2a
[FLASH] Starting FLASH v1.2.11
[FLASH] Fast Length Adjustment of SHort reads
[FLASH]  
[FLASH] Input files:
[FLASH]     /home/mark/gitstage/uderica/silage/LalStress/Fungi/raw_data_fungi/5101-153-MSITS2a_R1.fastq
[FLASH]     /home/mark/gitstage/uderica/silage/LalStress/Fungi/raw_data_fungi/5101-153-MSITS2a_R2.fastq
[FLASH]  
[FLASH] Output files:
[FLASH]     /home/mark/gitstage/uderica/silage/LalStress/Fungi/raw_data_fungi/flashed/5101-153-MSITS2a.extendedFrags.fastq
[FLASH]     /home/mark/gitstage/uderica/silage/LalStress/Fungi/raw_data_fungi/flashed/5101-153-MSITS2a.notCombined_1.fastq
[FLASH]     /home/mark/gitstage/uderica/silage/LalStress/Fungi/raw_data_fungi/flashed/5101-153-MSITS2a.notCombined_2.fastq
[FLASH]     /home/mark/gitstage/uderica/silage/LalStress/Fungi/raw_data_fungi/flashed/5101-153-MSITS2a.hist
[FLASH]     /home/mark/gitstage/uderica/silage/LalStress/Fungi/raw_data_fungi/flashed/5101-153-MSITS2a.histogram
[FLASH]  
[FLASH] Parameters:
[FLASH]     Min overlap:           50
[FLASH]     Max overlap:           250
[FLASH]     Max mismatch density:  0.250000
[FLASH]     Allow "outie" pairs:   false
[FLASH]     Cap mismatch quals:    false
[FLASH]     Combiner threads:      8
[FLASH]     Input format:          FASTQ, phred_offset=33
[FLASH]     Output format:         FASTQ, phred_offset=33
[FLASH]  
[FLASH] Starting reader and writer threads
[FLASH] Starting 8 combiner threads
[FLASH] Processed 25000 read pairs
[FLASH] Processed 44625 read pairs
[FLASH]  
[FLASH] Read combination statistics:
[FLASH]     Total pairs:      44625
[FLASH]     Combined pairs:   41130
[FLASH]     Uncombined pairs: 3495
[FLASH]     Percent combined: 92.17%
[FLASH]  
[FLASH] Writing histogram files.
[FLASH]  
[FLASH] FLASH v1.2.11 complete!
[FLASH] 0.140 seconds elapsed
Sat Sep 2 09:16:22 EDT 2017 flashing /home/mark/gitstage/uderica/silage/LalStress/Fungi/raw_data_fungi/5101-155-MSITS2a
[FLASH] Starting FLASH v1.2.11
[FLASH] Fast Length Adjustment of SHort reads
[FLASH]  
[FLASH] Input files:
[FLASH]     /home/mark/gitstage/uderica/silage/LalStress/Fungi/raw_data_fungi/5101-155-MSITS2a_R1.fastq
[FLASH]     /home/mark/gitstage/uderica/silage/LalStress/Fungi/raw_data_fungi/5101-155-MSITS2a_R2.fastq
[FLASH]  
[FLASH] Output files:
[FLASH]     /home/mark/gitstage/uderica/silage/LalStress/Fungi/raw_data_fungi/flashed/5101-155-MSITS2a.extendedFrags.fastq
[FLASH]     /home/mark/gitstage/uderica/silage/LalStress/Fungi/raw_data_fungi/flashed/5101-155-MSITS2a.notCombined_1.fastq
[FLASH]     /home/mark/gitstage/uderica/silage/LalStress/Fungi/raw_data_fungi/flashed/5101-155-MSITS2a.notCombined_2.fastq
[FLASH]     /home/mark/gitstage/uderica/silage/LalStress/Fungi/raw_data_fungi/flashed/5101-155-MSITS2a.hist
[FLASH]     /home/mark/gitstage/uderica/silage/LalStress/Fungi/raw_data_fungi/flashed/5101-155-MSITS2a.histogram
[FLASH]  
[FLASH] Parameters:
[FLASH]     Min overlap:           50
[FLASH]     Max overlap:           250
[FLASH]     Max mismatch density:  0.250000
[FLASH]     Allow "outie" pairs:   false
[FLASH]     Cap mismatch quals:    false
[FLASH]     Combiner threads:      8
[FLASH]     Input format:          FASTQ, phred_offset=33
[FLASH]     Output format:         FASTQ, phred_offset=33
[FLASH]  
[FLASH] Starting reader and writer threads
[FLASH] Starting 8 combiner threads
[FLASH] Processed 25000 read pairs
[FLASH] Processed 43233 read pairs
[FLASH]  
[FLASH] Read combination statistics:
[FLASH]     Total pairs:      43233
[FLASH]     Combined pairs:   42405
[FLASH]     Uncombined pairs: 828
[FLASH]     Percent combined: 98.08%
[FLASH]  
[FLASH] Writing histogram files.
[FLASH]  
[FLASH] FLASH v1.2.11 complete!
[FLASH] 0.128 seconds elapsed
Sat Sep 2 09:16:22 EDT 2017 flashing /home/mark/gitstage/uderica/silage/LalStress/Fungi/raw_data_fungi/5101-156-MSITS2a
[FLASH] Starting FLASH v1.2.11
[FLASH] Fast Length Adjustment of SHort reads
[FLASH]  
[FLASH] Input files:
[FLASH]     /home/mark/gitstage/uderica/silage/LalStress/Fungi/raw_data_fungi/5101-156-MSITS2a_R1.fastq
[FLASH]     /home/mark/gitstage/uderica/silage/LalStress/Fungi/raw_data_fungi/5101-156-MSITS2a_R2.fastq
[FLASH]  
[FLASH] Output files:
[FLASH]     /home/mark/gitstage/uderica/silage/LalStress/Fungi/raw_data_fungi/flashed/5101-156-MSITS2a.extendedFrags.fastq
[FLASH]     /home/mark/gitstage/uderica/silage/LalStress/Fungi/raw_data_fungi/flashed/5101-156-MSITS2a.notCombined_1.fastq
[FLASH]     /home/mark/gitstage/uderica/silage/LalStress/Fungi/raw_data_fungi/flashed/5101-156-MSITS2a.notCombined_2.fastq
[FLASH]     /home/mark/gitstage/uderica/silage/LalStress/Fungi/raw_data_fungi/flashed/5101-156-MSITS2a.hist
[FLASH]     /home/mark/gitstage/uderica/silage/LalStress/Fungi/raw_data_fungi/flashed/5101-156-MSITS2a.histogram
[FLASH]  
[FLASH] Parameters:
[FLASH]     Min overlap:           50
[FLASH]     Max overlap:           250
[FLASH]     Max mismatch density:  0.250000
[FLASH]     Allow "outie" pairs:   false
[FLASH]     Cap mismatch quals:    false
[FLASH]     Combiner threads:      8
[FLASH]     Input format:          FASTQ, phred_offset=33
[FLASH]     Output format:         FASTQ, phred_offset=33
[FLASH]  
[FLASH] Starting reader and writer threads
[FLASH] Starting 8 combiner threads
[FLASH] Processed 25000 read pairs
[FLASH] Processed 33067 read pairs
[FLASH]  
[FLASH] Read combination statistics:
[FLASH]     Total pairs:      33067
[FLASH]     Combined pairs:   30513
[FLASH]     Uncombined pairs: 2554
[FLASH]     Percent combined: 92.28%
[FLASH]  
[FLASH] Writing histogram files.
[FLASH]  
[FLASH] FLASH v1.2.11 complete!
[FLASH] 0.106 seconds elapsed
Sat Sep 2 09:16:22 EDT 2017 flashing /home/mark/gitstage/uderica/silage/LalStress/Fungi/raw_data_fungi/5101-157-MSITS2a
[FLASH] Starting FLASH v1.2.11
[FLASH] Fast Length Adjustment of SHort reads
[FLASH]  
[FLASH] Input files:
[FLASH]     /home/mark/gitstage/uderica/silage/LalStress/Fungi/raw_data_fungi/5101-157-MSITS2a_R1.fastq
[FLASH]     /home/mark/gitstage/uderica/silage/LalStress/Fungi/raw_data_fungi/5101-157-MSITS2a_R2.fastq
[FLASH]  
[FLASH] Output files:
[FLASH]     /home/mark/gitstage/uderica/silage/LalStress/Fungi/raw_data_fungi/flashed/5101-157-MSITS2a.extendedFrags.fastq
[FLASH]     /home/mark/gitstage/uderica/silage/LalStress/Fungi/raw_data_fungi/flashed/5101-157-MSITS2a.notCombined_1.fastq
[FLASH]     /home/mark/gitstage/uderica/silage/LalStress/Fungi/raw_data_fungi/flashed/5101-157-MSITS2a.notCombined_2.fastq
[FLASH]     /home/mark/gitstage/uderica/silage/LalStress/Fungi/raw_data_fungi/flashed/5101-157-MSITS2a.hist
[FLASH]     /home/mark/gitstage/uderica/silage/LalStress/Fungi/raw_data_fungi/flashed/5101-157-MSITS2a.histogram
[FLASH]  
[FLASH] Parameters:
[FLASH]     Min overlap:           50
[FLASH]     Max overlap:           250
[FLASH]     Max mismatch density:  0.250000
[FLASH]     Allow "outie" pairs:   false
[FLASH]     Cap mismatch quals:    false
[FLASH]     Combiner threads:      8
[FLASH]     Input format:          FASTQ, phred_offset=33
[FLASH]     Output format:         FASTQ, phred_offset=33
[FLASH]  
[FLASH] Starting reader and writer threads
[FLASH] Starting 8 combiner threads
[FLASH] Processed 25000 read pairs
[FLASH] Processed 43946 read pairs
[FLASH]  
[FLASH] Read combination statistics:
[FLASH]     Total pairs:      43946
[FLASH]     Combined pairs:   41267
[FLASH]     Uncombined pairs: 2679
[FLASH]     Percent combined: 93.90%
[FLASH]  
[FLASH] Writing histogram files.
[FLASH]  
[FLASH] FLASH v1.2.11 complete!
[FLASH] 0.134 seconds elapsed
Sat Sep 2 09:16:22 EDT 2017 flashing /home/mark/gitstage/uderica/silage/LalStress/Fungi/raw_data_fungi/5101-158-MSITS2a
[FLASH] Starting FLASH v1.2.11
[FLASH] Fast Length Adjustment of SHort reads
[FLASH]  
[FLASH] Input files:
[FLASH]     /home/mark/gitstage/uderica/silage/LalStress/Fungi/raw_data_fungi/5101-158-MSITS2a_R1.fastq
[FLASH]     /home/mark/gitstage/uderica/silage/LalStress/Fungi/raw_data_fungi/5101-158-MSITS2a_R2.fastq
[FLASH]  
[FLASH] Output files:
[FLASH]     /home/mark/gitstage/uderica/silage/LalStress/Fungi/raw_data_fungi/flashed/5101-158-MSITS2a.extendedFrags.fastq
[FLASH]     /home/mark/gitstage/uderica/silage/LalStress/Fungi/raw_data_fungi/flashed/5101-158-MSITS2a.notCombined_1.fastq
[FLASH]     /home/mark/gitstage/uderica/silage/LalStress/Fungi/raw_data_fungi/flashed/5101-158-MSITS2a.notCombined_2.fastq
[FLASH]     /home/mark/gitstage/uderica/silage/LalStress/Fungi/raw_data_fungi/flashed/5101-158-MSITS2a.hist
[FLASH]     /home/mark/gitstage/uderica/silage/LalStress/Fungi/raw_data_fungi/flashed/5101-158-MSITS2a.histogram
[FLASH]  
[FLASH] Parameters:
[FLASH]     Min overlap:           50
[FLASH]     Max overlap:           250
[FLASH]     Max mismatch density:  0.250000
[FLASH]     Allow "outie" pairs:   false
[FLASH]     Cap mismatch quals:    false
[FLASH]     Combiner threads:      8
[FLASH]     Input format:          FASTQ, phred_offset=33
[FLASH]     Output format:         FASTQ, phred_offset=33
[FLASH]  
[FLASH] Starting reader and writer threads
[FLASH] Starting 8 combiner threads
[FLASH] Processed 25000 read pairs
[FLASH] Processed 50000 read pairs
[FLASH] Processed 51523 read pairs
[FLASH]  
[FLASH] Read combination statistics:
[FLASH]     Total pairs:      51523
[FLASH]     Combined pairs:   50312
[FLASH]     Uncombined pairs: 1211
[FLASH]     Percent combined: 97.65%
[FLASH]  
[FLASH] Writing histogram files.
[FLASH]  
[FLASH] FLASH v1.2.11 complete!
[FLASH] 0.152 seconds elapsed
Sat Sep 2 09:16:22 EDT 2017 flashing /home/mark/gitstage/uderica/silage/LalStress/Fungi/raw_data_fungi/5101-160-MSITS2a
[FLASH] Starting FLASH v1.2.11
[FLASH] Fast Length Adjustment of SHort reads
[FLASH]  
[FLASH] Input files:
[FLASH]     /home/mark/gitstage/uderica/silage/LalStress/Fungi/raw_data_fungi/5101-160-MSITS2a_R1.fastq
[FLASH]     /home/mark/gitstage/uderica/silage/LalStress/Fungi/raw_data_fungi/5101-160-MSITS2a_R2.fastq
[FLASH]  
[FLASH] Output files:
[FLASH]     /home/mark/gitstage/uderica/silage/LalStress/Fungi/raw_data_fungi/flashed/5101-160-MSITS2a.extendedFrags.fastq
[FLASH]     /home/mark/gitstage/uderica/silage/LalStress/Fungi/raw_data_fungi/flashed/5101-160-MSITS2a.notCombined_1.fastq
[FLASH]     /home/mark/gitstage/uderica/silage/LalStress/Fungi/raw_data_fungi/flashed/5101-160-MSITS2a.notCombined_2.fastq
[FLASH]     /home/mark/gitstage/uderica/silage/LalStress/Fungi/raw_data_fungi/flashed/5101-160-MSITS2a.hist
[FLASH]     /home/mark/gitstage/uderica/silage/LalStress/Fungi/raw_data_fungi/flashed/5101-160-MSITS2a.histogram
[FLASH]  
[FLASH] Parameters:
[FLASH]     Min overlap:           50
[FLASH]     Max overlap:           250
[FLASH]     Max mismatch density:  0.250000
[FLASH]     Allow "outie" pairs:   false
[FLASH]     Cap mismatch quals:    false
[FLASH]     Combiner threads:      8
[FLASH]     Input format:          FASTQ, phred_offset=33
[FLASH]     Output format:         FASTQ, phred_offset=33
[FLASH]  
[FLASH] Starting reader and writer threads
[FLASH] Starting 8 combiner threads
[FLASH] Processed 25000 read pairs
[FLASH] Processed 50000 read pairs
[FLASH] Processed 75000 read pairs
[FLASH] Processed 100000 read pairs
[FLASH] Processed 125000 read pairs
[FLASH] Processed 146206 read pairs
[FLASH]  
[FLASH] Read combination statistics:
[FLASH]     Total pairs:      146206
[FLASH]     Combined pairs:   130886
[FLASH]     Uncombined pairs: 15320
[FLASH]     Percent combined: 89.52%
[FLASH]  
[FLASH] Writing histogram files.
[FLASH]  
[FLASH] FLASH v1.2.11 complete!
[FLASH] 0.382 seconds elapsed
Sat Sep 2 09:16:23 EDT 2017 flashing /home/mark/gitstage/uderica/silage/LalStress/Fungi/raw_data_fungi/5101-161-MSITS2a
[FLASH] Starting FLASH v1.2.11
[FLASH] Fast Length Adjustment of SHort reads
[FLASH]  
[FLASH] Input files:
[FLASH]     /home/mark/gitstage/uderica/silage/LalStress/Fungi/raw_data_fungi/5101-161-MSITS2a_R1.fastq
[FLASH]     /home/mark/gitstage/uderica/silage/LalStress/Fungi/raw_data_fungi/5101-161-MSITS2a_R2.fastq
[FLASH]  
[FLASH] Output files:
[FLASH]     /home/mark/gitstage/uderica/silage/LalStress/Fungi/raw_data_fungi/flashed/5101-161-MSITS2a.extendedFrags.fastq
[FLASH]     /home/mark/gitstage/uderica/silage/LalStress/Fungi/raw_data_fungi/flashed/5101-161-MSITS2a.notCombined_1.fastq
[FLASH]     /home/mark/gitstage/uderica/silage/LalStress/Fungi/raw_data_fungi/flashed/5101-161-MSITS2a.notCombined_2.fastq
[FLASH]     /home/mark/gitstage/uderica/silage/LalStress/Fungi/raw_data_fungi/flashed/5101-161-MSITS2a.hist
[FLASH]     /home/mark/gitstage/uderica/silage/LalStress/Fungi/raw_data_fungi/flashed/5101-161-MSITS2a.histogram
[FLASH]  
[FLASH] Parameters:
[FLASH]     Min overlap:           50
[FLASH]     Max overlap:           250
[FLASH]     Max mismatch density:  0.250000
[FLASH]     Allow "outie" pairs:   false
[FLASH]     Cap mismatch quals:    false
[FLASH]     Combiner threads:      8
[FLASH]     Input format:          FASTQ, phred_offset=33
[FLASH]     Output format:         FASTQ, phred_offset=33
[FLASH]  
[FLASH] Starting reader and writer threads
[FLASH] Starting 8 combiner threads
[FLASH] Processed 25000 read pairs
[FLASH] Processed 50000 read pairs
[FLASH] Processed 69545 read pairs
[FLASH]  
[FLASH] Read combination statistics:
[FLASH]     Total pairs:      69545
[FLASH]     Combined pairs:   60468
[FLASH]     Uncombined pairs: 9077
[FLASH]     Percent combined: 86.95%
[FLASH]  
[FLASH] Writing histogram files.
[FLASH]  
[FLASH] FLASH v1.2.11 complete!
[FLASH] 0.188 seconds elapsed
Sat Sep 2 09:16:23 EDT 2017 flashing /home/mark/gitstage/uderica/silage/LalStress/Fungi/raw_data_fungi/5101-162-MSITS2a
[FLASH] Starting FLASH v1.2.11
[FLASH] Fast Length Adjustment of SHort reads
[FLASH]  
[FLASH] Input files:
[FLASH]     /home/mark/gitstage/uderica/silage/LalStress/Fungi/raw_data_fungi/5101-162-MSITS2a_R1.fastq
[FLASH]     /home/mark/gitstage/uderica/silage/LalStress/Fungi/raw_data_fungi/5101-162-MSITS2a_R2.fastq
[FLASH]  
[FLASH] Output files:
[FLASH]     /home/mark/gitstage/uderica/silage/LalStress/Fungi/raw_data_fungi/flashed/5101-162-MSITS2a.extendedFrags.fastq
[FLASH]     /home/mark/gitstage/uderica/silage/LalStress/Fungi/raw_data_fungi/flashed/5101-162-MSITS2a.notCombined_1.fastq
[FLASH]     /home/mark/gitstage/uderica/silage/LalStress/Fungi/raw_data_fungi/flashed/5101-162-MSITS2a.notCombined_2.fastq
[FLASH]     /home/mark/gitstage/uderica/silage/LalStress/Fungi/raw_data_fungi/flashed/5101-162-MSITS2a.hist
[FLASH]     /home/mark/gitstage/uderica/silage/LalStress/Fungi/raw_data_fungi/flashed/5101-162-MSITS2a.histogram
[FLASH]  
[FLASH] Parameters:
[FLASH]     Min overlap:           50
[FLASH]     Max overlap:           250
[FLASH]     Max mismatch density:  0.250000
[FLASH]     Allow "outie" pairs:   false
[FLASH]     Cap mismatch quals:    false
[FLASH]     Combiner threads:      8
[FLASH]     Input format:          FASTQ, phred_offset=33
[FLASH]     Output format:         FASTQ, phred_offset=33
[FLASH]  
[FLASH] Starting reader and writer threads
[FLASH] Starting 8 combiner threads
[FLASH] Processed 25000 read pairs
[FLASH] Processed 50000 read pairs
[FLASH] Processed 72893 read pairs
[FLASH]  
[FLASH] Read combination statistics:
[FLASH]     Total pairs:      72893
[FLASH]     Combined pairs:   67498
[FLASH]     Uncombined pairs: 5395
[FLASH]     Percent combined: 92.60%
[FLASH]  
[FLASH] Writing histogram files.
[FLASH]  
[FLASH] FLASH v1.2.11 complete!
[FLASH] 0.190 seconds elapsed
Sat Sep 2 09:16:23 EDT 2017 flashing /home/mark/gitstage/uderica/silage/LalStress/Fungi/raw_data_fungi/5101-163-MSITS2a
[FLASH] Starting FLASH v1.2.11
[FLASH] Fast Length Adjustment of SHort reads
[FLASH]  
[FLASH] Input files:
[FLASH]     /home/mark/gitstage/uderica/silage/LalStress/Fungi/raw_data_fungi/5101-163-MSITS2a_R1.fastq
[FLASH]     /home/mark/gitstage/uderica/silage/LalStress/Fungi/raw_data_fungi/5101-163-MSITS2a_R2.fastq
[FLASH]  
[FLASH] Output files:
[FLASH]     /home/mark/gitstage/uderica/silage/LalStress/Fungi/raw_data_fungi/flashed/5101-163-MSITS2a.extendedFrags.fastq
[FLASH]     /home/mark/gitstage/uderica/silage/LalStress/Fungi/raw_data_fungi/flashed/5101-163-MSITS2a.notCombined_1.fastq
[FLASH]     /home/mark/gitstage/uderica/silage/LalStress/Fungi/raw_data_fungi/flashed/5101-163-MSITS2a.notCombined_2.fastq
[FLASH]     /home/mark/gitstage/uderica/silage/LalStress/Fungi/raw_data_fungi/flashed/5101-163-MSITS2a.hist
[FLASH]     /home/mark/gitstage/uderica/silage/LalStress/Fungi/raw_data_fungi/flashed/5101-163-MSITS2a.histogram
[FLASH]  
[FLASH] Parameters:
[FLASH]     Min overlap:           50
[FLASH]     Max overlap:           250
[FLASH]     Max mismatch density:  0.250000
[FLASH]     Allow "outie" pairs:   false
[FLASH]     Cap mismatch quals:    false
[FLASH]     Combiner threads:      8
[FLASH]     Input format:          FASTQ, phred_offset=33
[FLASH]     Output format:         FASTQ, phred_offset=33
[FLASH]  
[FLASH] Starting reader and writer threads
[FLASH] Starting 8 combiner threads
[FLASH] Processed 25000 read pairs
[FLASH] Processed 50000 read pairs
[FLASH] Processed 70859 read pairs
[FLASH]  
[FLASH] Read combination statistics:
[FLASH]     Total pairs:      70859
[FLASH]     Combined pairs:   66015
[FLASH]     Uncombined pairs: 4844
[FLASH]     Percent combined: 93.16%
[FLASH]  
[FLASH] Writing histogram files.
[FLASH]  
[FLASH] FLASH v1.2.11 complete!
[FLASH] 0.200 seconds elapsed
Sat Sep 2 09:16:23 EDT 2017 flashing /home/mark/gitstage/uderica/silage/LalStress/Fungi/raw_data_fungi/5101-165-MSITS2a
[FLASH] Starting FLASH v1.2.11
[FLASH] Fast Length Adjustment of SHort reads
[FLASH]  
[FLASH] Input files:
[FLASH]     /home/mark/gitstage/uderica/silage/LalStress/Fungi/raw_data_fungi/5101-165-MSITS2a_R1.fastq
[FLASH]     /home/mark/gitstage/uderica/silage/LalStress/Fungi/raw_data_fungi/5101-165-MSITS2a_R2.fastq
[FLASH]  
[FLASH] Output files:
[FLASH]     /home/mark/gitstage/uderica/silage/LalStress/Fungi/raw_data_fungi/flashed/5101-165-MSITS2a.extendedFrags.fastq
[FLASH]     /home/mark/gitstage/uderica/silage/LalStress/Fungi/raw_data_fungi/flashed/5101-165-MSITS2a.notCombined_1.fastq
[FLASH]     /home/mark/gitstage/uderica/silage/LalStress/Fungi/raw_data_fungi/flashed/5101-165-MSITS2a.notCombined_2.fastq
[FLASH]     /home/mark/gitstage/uderica/silage/LalStress/Fungi/raw_data_fungi/flashed/5101-165-MSITS2a.hist
[FLASH]     /home/mark/gitstage/uderica/silage/LalStress/Fungi/raw_data_fungi/flashed/5101-165-MSITS2a.histogram
[FLASH]  
[FLASH] Parameters:
[FLASH]     Min overlap:           50
[FLASH]     Max overlap:           250
[FLASH]     Max mismatch density:  0.250000
[FLASH]     Allow "outie" pairs:   false
[FLASH]     Cap mismatch quals:    false
[FLASH]     Combiner threads:      8
[FLASH]     Input format:          FASTQ, phred_offset=33
[FLASH]     Output format:         FASTQ, phred_offset=33
[FLASH]  
[FLASH] Starting reader and writer threads
[FLASH] Starting 8 combiner threads
[FLASH] Processed 25000 read pairs
[FLASH] Processed 48241 read pairs
[FLASH]  
[FLASH] Read combination statistics:
[FLASH]     Total pairs:      48241
[FLASH]     Combined pairs:   42528
[FLASH]     Uncombined pairs: 5713
[FLASH]     Percent combined: 88.16%
[FLASH]  
[FLASH] Writing histogram files.
[FLASH]  
[FLASH] FLASH v1.2.11 complete!
[FLASH] 0.146 seconds elapsed
Sat Sep 2 09:16:24 EDT 2017 flashing /home/mark/gitstage/uderica/silage/LalStress/Fungi/raw_data_fungi/5101-166-MSITS2a
[FLASH] Starting FLASH v1.2.11
[FLASH] Fast Length Adjustment of SHort reads
[FLASH]  
[FLASH] Input files:
[FLASH]     /home/mark/gitstage/uderica/silage/LalStress/Fungi/raw_data_fungi/5101-166-MSITS2a_R1.fastq
[FLASH]     /home/mark/gitstage/uderica/silage/LalStress/Fungi/raw_data_fungi/5101-166-MSITS2a_R2.fastq
[FLASH]  
[FLASH] Output files:
[FLASH]     /home/mark/gitstage/uderica/silage/LalStress/Fungi/raw_data_fungi/flashed/5101-166-MSITS2a.extendedFrags.fastq
[FLASH]     /home/mark/gitstage/uderica/silage/LalStress/Fungi/raw_data_fungi/flashed/5101-166-MSITS2a.notCombined_1.fastq
[FLASH]     /home/mark/gitstage/uderica/silage/LalStress/Fungi/raw_data_fungi/flashed/5101-166-MSITS2a.notCombined_2.fastq
[FLASH]     /home/mark/gitstage/uderica/silage/LalStress/Fungi/raw_data_fungi/flashed/5101-166-MSITS2a.hist
[FLASH]     /home/mark/gitstage/uderica/silage/LalStress/Fungi/raw_data_fungi/flashed/5101-166-MSITS2a.histogram
[FLASH]  
[FLASH] Parameters:
[FLASH]     Min overlap:           50
[FLASH]     Max overlap:           250
[FLASH]     Max mismatch density:  0.250000
[FLASH]     Allow "outie" pairs:   false
[FLASH]     Cap mismatch quals:    false
[FLASH]     Combiner threads:      8
[FLASH]     Input format:          FASTQ, phred_offset=33
[FLASH]     Output format:         FASTQ, phred_offset=33
[FLASH]  
[FLASH] Starting reader and writer threads
[FLASH] Starting 8 combiner threads
[FLASH] Processed 25000 read pairs
[FLASH] Processed 47679 read pairs
[FLASH]  
[FLASH] Read combination statistics:
[FLASH]     Total pairs:      47679
[FLASH]     Combined pairs:   44340
[FLASH]     Uncombined pairs: 3339
[FLASH]     Percent combined: 93.00%
[FLASH]  
[FLASH] Writing histogram files.
[FLASH]  
[FLASH] FLASH v1.2.11 complete!
[FLASH] 0.135 seconds elapsed
Sat Sep 2 09:16:24 EDT 2017 flashing /home/mark/gitstage/uderica/silage/LalStress/Fungi/raw_data_fungi/5101-167-MSITS2a
[FLASH] Starting FLASH v1.2.11
[FLASH] Fast Length Adjustment of SHort reads
[FLASH]  
[FLASH] Input files:
[FLASH]     /home/mark/gitstage/uderica/silage/LalStress/Fungi/raw_data_fungi/5101-167-MSITS2a_R1.fastq
[FLASH]     /home/mark/gitstage/uderica/silage/LalStress/Fungi/raw_data_fungi/5101-167-MSITS2a_R2.fastq
[FLASH]  
[FLASH] Output files:
[FLASH]     /home/mark/gitstage/uderica/silage/LalStress/Fungi/raw_data_fungi/flashed/5101-167-MSITS2a.extendedFrags.fastq
[FLASH]     /home/mark/gitstage/uderica/silage/LalStress/Fungi/raw_data_fungi/flashed/5101-167-MSITS2a.notCombined_1.fastq
[FLASH]     /home/mark/gitstage/uderica/silage/LalStress/Fungi/raw_data_fungi/flashed/5101-167-MSITS2a.notCombined_2.fastq
[FLASH]     /home/mark/gitstage/uderica/silage/LalStress/Fungi/raw_data_fungi/flashed/5101-167-MSITS2a.hist
[FLASH]     /home/mark/gitstage/uderica/silage/LalStress/Fungi/raw_data_fungi/flashed/5101-167-MSITS2a.histogram
[FLASH]  
[FLASH] Parameters:
[FLASH]     Min overlap:           50
[FLASH]     Max overlap:           250
[FLASH]     Max mismatch density:  0.250000
[FLASH]     Allow "outie" pairs:   false
[FLASH]     Cap mismatch quals:    false
[FLASH]     Combiner threads:      8
[FLASH]     Input format:          FASTQ, phred_offset=33
[FLASH]     Output format:         FASTQ, phred_offset=33
[FLASH]  
[FLASH] Starting reader and writer threads
[FLASH] Starting 8 combiner threads
[FLASH] Processed 25000 read pairs
[FLASH] Processed 50000 read pairs
[FLASH] Processed 75000 read pairs
[FLASH] Processed 96056 read pairs
[FLASH]  
[FLASH] Read combination statistics:
[FLASH]     Total pairs:      96056
[FLASH]     Combined pairs:   88179
[FLASH]     Uncombined pairs: 7877
[FLASH]     Percent combined: 91.80%
[FLASH]  
[FLASH] Writing histogram files.
[FLASH]  
[FLASH] FLASH v1.2.11 complete!
[FLASH] 0.262 seconds elapsed
Sat Sep 2 09:16:24 EDT 2017 flashing /home/mark/gitstage/uderica/silage/LalStress/Fungi/raw_data_fungi/5101-168-MSITS2a
[FLASH] Starting FLASH v1.2.11
[FLASH] Fast Length Adjustment of SHort reads
[FLASH]  
[FLASH] Input files:
[FLASH]     /home/mark/gitstage/uderica/silage/LalStress/Fungi/raw_data_fungi/5101-168-MSITS2a_R1.fastq
[FLASH]     /home/mark/gitstage/uderica/silage/LalStress/Fungi/raw_data_fungi/5101-168-MSITS2a_R2.fastq
[FLASH]  
[FLASH] Output files:
[FLASH]     /home/mark/gitstage/uderica/silage/LalStress/Fungi/raw_data_fungi/flashed/5101-168-MSITS2a.extendedFrags.fastq
[FLASH]     /home/mark/gitstage/uderica/silage/LalStress/Fungi/raw_data_fungi/flashed/5101-168-MSITS2a.notCombined_1.fastq
[FLASH]     /home/mark/gitstage/uderica/silage/LalStress/Fungi/raw_data_fungi/flashed/5101-168-MSITS2a.notCombined_2.fastq
[FLASH]     /home/mark/gitstage/uderica/silage/LalStress/Fungi/raw_data_fungi/flashed/5101-168-MSITS2a.hist
[FLASH]     /home/mark/gitstage/uderica/silage/LalStress/Fungi/raw_data_fungi/flashed/5101-168-MSITS2a.histogram
[FLASH]  
[FLASH] Parameters:
[FLASH]     Min overlap:           50
[FLASH]     Max overlap:           250
[FLASH]     Max mismatch density:  0.250000
[FLASH]     Allow "outie" pairs:   false
[FLASH]     Cap mismatch quals:    false
[FLASH]     Combiner threads:      8
[FLASH]     Input format:          FASTQ, phred_offset=33
[FLASH]     Output format:         FASTQ, phred_offset=33
[FLASH]  
[FLASH] Starting reader and writer threads
[FLASH] Starting 8 combiner threads
[FLASH] Processed 25000 read pairs
[FLASH] Processed 49548 read pairs
[FLASH]  
[FLASH] Read combination statistics:
[FLASH]     Total pairs:      49548
[FLASH]     Combined pairs:   42547
[FLASH]     Uncombined pairs: 7001
[FLASH]     Percent combined: 85.87%
[FLASH]  
[FLASH] Writing histogram files.
[FLASH]  
[FLASH] FLASH v1.2.11 complete!
[FLASH] 0.146 seconds elapsed
Sat Sep 2 09:16:24 EDT 2017 flashing /home/mark/gitstage/uderica/silage/LalStress/Fungi/raw_data_fungi/5101-170-MSITS2a
[FLASH] Starting FLASH v1.2.11
[FLASH] Fast Length Adjustment of SHort reads
[FLASH]  
[FLASH] Input files:
[FLASH]     /home/mark/gitstage/uderica/silage/LalStress/Fungi/raw_data_fungi/5101-170-MSITS2a_R1.fastq
[FLASH]     /home/mark/gitstage/uderica/silage/LalStress/Fungi/raw_data_fungi/5101-170-MSITS2a_R2.fastq
[FLASH]  
[FLASH] Output files:
[FLASH]     /home/mark/gitstage/uderica/silage/LalStress/Fungi/raw_data_fungi/flashed/5101-170-MSITS2a.extendedFrags.fastq
[FLASH]     /home/mark/gitstage/uderica/silage/LalStress/Fungi/raw_data_fungi/flashed/5101-170-MSITS2a.notCombined_1.fastq
[FLASH]     /home/mark/gitstage/uderica/silage/LalStress/Fungi/raw_data_fungi/flashed/5101-170-MSITS2a.notCombined_2.fastq
[FLASH]     /home/mark/gitstage/uderica/silage/LalStress/Fungi/raw_data_fungi/flashed/5101-170-MSITS2a.hist
[FLASH]     /home/mark/gitstage/uderica/silage/LalStress/Fungi/raw_data_fungi/flashed/5101-170-MSITS2a.histogram
[FLASH]  
[FLASH] Parameters:
[FLASH]     Min overlap:           50
[FLASH]     Max overlap:           250
[FLASH]     Max mismatch density:  0.250000
[FLASH]     Allow "outie" pairs:   false
[FLASH]     Cap mismatch quals:    false
[FLASH]     Combiner threads:      8
[FLASH]     Input format:          FASTQ, phred_offset=33
[FLASH]     Output format:         FASTQ, phred_offset=33
[FLASH]  
[FLASH] Starting reader and writer threads
[FLASH] Starting 8 combiner threads
[FLASH] Processed 25000 read pairs
[FLASH] Processed 50000 read pairs
[FLASH] Processed 75000 read pairs
[FLASH] Processed 82864 read pairs
[FLASH]  
[FLASH] Read combination statistics:
[FLASH]     Total pairs:      82864
[FLASH]     Combined pairs:   77349
[FLASH]     Uncombined pairs: 5515
[FLASH]     Percent combined: 93.34%
[FLASH]  
[FLASH] Writing histogram files.
[FLASH]  
[FLASH] FLASH v1.2.11 complete!
[FLASH] 0.230 seconds elapsed
Sat Sep 2 09:16:24 EDT 2017 flashing /home/mark/gitstage/uderica/silage/LalStress/Fungi/raw_data_fungi/5101-171-MSITS2a
[FLASH] Starting FLASH v1.2.11
[FLASH] Fast Length Adjustment of SHort reads
[FLASH]  
[FLASH] Input files:
[FLASH]     /home/mark/gitstage/uderica/silage/LalStress/Fungi/raw_data_fungi/5101-171-MSITS2a_R1.fastq
[FLASH]     /home/mark/gitstage/uderica/silage/LalStress/Fungi/raw_data_fungi/5101-171-MSITS2a_R2.fastq
[FLASH]  
[FLASH] Output files:
[FLASH]     /home/mark/gitstage/uderica/silage/LalStress/Fungi/raw_data_fungi/flashed/5101-171-MSITS2a.extendedFrags.fastq
[FLASH]     /home/mark/gitstage/uderica/silage/LalStress/Fungi/raw_data_fungi/flashed/5101-171-MSITS2a.notCombined_1.fastq
[FLASH]     /home/mark/gitstage/uderica/silage/LalStress/Fungi/raw_data_fungi/flashed/5101-171-MSITS2a.notCombined_2.fastq
[FLASH]     /home/mark/gitstage/uderica/silage/LalStress/Fungi/raw_data_fungi/flashed/5101-171-MSITS2a.hist
[FLASH]     /home/mark/gitstage/uderica/silage/LalStress/Fungi/raw_data_fungi/flashed/5101-171-MSITS2a.histogram
[FLASH]  
[FLASH] Parameters:
[FLASH]     Min overlap:           50
[FLASH]     Max overlap:           250
[FLASH]     Max mismatch density:  0.250000
[FLASH]     Allow "outie" pairs:   false
[FLASH]     Cap mismatch quals:    false
[FLASH]     Combiner threads:      8
[FLASH]     Input format:          FASTQ, phred_offset=33
[FLASH]     Output format:         FASTQ, phred_offset=33
[FLASH]  
[FLASH] Starting reader and writer threads
[FLASH] Starting 8 combiner threads
[FLASH] Processed 21709 read pairs
[FLASH]  
[FLASH] Read combination statistics:
[FLASH]     Total pairs:      21709
[FLASH]     Combined pairs:   18695
[FLASH]     Uncombined pairs: 3014
[FLASH]     Percent combined: 86.12%
[FLASH]  
[FLASH] Writing histogram files.
[FLASH]  
[FLASH] FLASH v1.2.11 complete!
[FLASH] 0.088 seconds elapsed
Sat Sep 2 09:16:24 EDT 2017 flashing /home/mark/gitstage/uderica/silage/LalStress/Fungi/raw_data_fungi/5101-172-MSITS2a
[FLASH] Starting FLASH v1.2.11
[FLASH] Fast Length Adjustment of SHort reads
[FLASH]  
[FLASH] Input files:
[FLASH]     /home/mark/gitstage/uderica/silage/LalStress/Fungi/raw_data_fungi/5101-172-MSITS2a_R1.fastq
[FLASH]     /home/mark/gitstage/uderica/silage/LalStress/Fungi/raw_data_fungi/5101-172-MSITS2a_R2.fastq
[FLASH]  
[FLASH] Output files:
[FLASH]     /home/mark/gitstage/uderica/silage/LalStress/Fungi/raw_data_fungi/flashed/5101-172-MSITS2a.extendedFrags.fastq
[FLASH]     /home/mark/gitstage/uderica/silage/LalStress/Fungi/raw_data_fungi/flashed/5101-172-MSITS2a.notCombined_1.fastq
[FLASH]     /home/mark/gitstage/uderica/silage/LalStress/Fungi/raw_data_fungi/flashed/5101-172-MSITS2a.notCombined_2.fastq
[FLASH]     /home/mark/gitstage/uderica/silage/LalStress/Fungi/raw_data_fungi/flashed/5101-172-MSITS2a.hist
[FLASH]     /home/mark/gitstage/uderica/silage/LalStress/Fungi/raw_data_fungi/flashed/5101-172-MSITS2a.histogram
[FLASH]  
[FLASH] Parameters:
[FLASH]     Min overlap:           50
[FLASH]     Max overlap:           250
[FLASH]     Max mismatch density:  0.250000
[FLASH]     Allow "outie" pairs:   false
[FLASH]     Cap mismatch quals:    false
[FLASH]     Combiner threads:      8
[FLASH]     Input format:          FASTQ, phred_offset=33
[FLASH]     Output format:         FASTQ, phred_offset=33
[FLASH]  
[FLASH] Starting reader and writer threads
[FLASH] Starting 8 combiner threads
[FLASH] Processed 944 read pairs
[FLASH]  
[FLASH] Read combination statistics:
[FLASH]     Total pairs:      944
[FLASH]     Combined pairs:   742
[FLASH]     Uncombined pairs: 202
[FLASH]     Percent combined: 78.60%
[FLASH]  
[FLASH] Writing histogram files.
[FLASH]  
[FLASH] FLASH v1.2.11 complete!
[FLASH] 0.011 seconds elapsed
Sat Sep 2 09:16:24 EDT 2017 flashing /home/mark/gitstage/uderica/silage/LalStress/Fungi/raw_data_fungi/5101-173-MSITS2a
[FLASH] Starting FLASH v1.2.11
[FLASH] Fast Length Adjustment of SHort reads
[FLASH]  
[FLASH] Input files:
[FLASH]     /home/mark/gitstage/uderica/silage/LalStress/Fungi/raw_data_fungi/5101-173-MSITS2a_R1.fastq
[FLASH]     /home/mark/gitstage/uderica/silage/LalStress/Fungi/raw_data_fungi/5101-173-MSITS2a_R2.fastq
[FLASH]  
[FLASH] Output files:
[FLASH]     /home/mark/gitstage/uderica/silage/LalStress/Fungi/raw_data_fungi/flashed/5101-173-MSITS2a.extendedFrags.fastq
[FLASH]     /home/mark/gitstage/uderica/silage/LalStress/Fungi/raw_data_fungi/flashed/5101-173-MSITS2a.notCombined_1.fastq
[FLASH]     /home/mark/gitstage/uderica/silage/LalStress/Fungi/raw_data_fungi/flashed/5101-173-MSITS2a.notCombined_2.fastq
[FLASH]     /home/mark/gitstage/uderica/silage/LalStress/Fungi/raw_data_fungi/flashed/5101-173-MSITS2a.hist
[FLASH]     /home/mark/gitstage/uderica/silage/LalStress/Fungi/raw_data_fungi/flashed/5101-173-MSITS2a.histogram
[FLASH]  
[FLASH] Parameters:
[FLASH]     Min overlap:           50
[FLASH]     Max overlap:           250
[FLASH]     Max mismatch density:  0.250000
[FLASH]     Allow "outie" pairs:   false
[FLASH]     Cap mismatch quals:    false
[FLASH]     Combiner threads:      8
[FLASH]     Input format:          FASTQ, phred_offset=33
[FLASH]     Output format:         FASTQ, phred_offset=33
[FLASH]  
[FLASH] Starting reader and writer threads
[FLASH] Starting 8 combiner threads
[FLASH] Processed 25000 read pairs
[FLASH] Processed 48771 read pairs
[FLASH]  
[FLASH] Read combination statistics:
[FLASH]     Total pairs:      48771
[FLASH]     Combined pairs:   47550
[FLASH]     Uncombined pairs: 1221
[FLASH]     Percent combined: 97.50%
[FLASH]  
[FLASH] Writing histogram files.
[FLASH]  
[FLASH] FLASH v1.2.11 complete!
[FLASH] 0.158 seconds elapsed
Sat Sep 2 09:16:25 EDT 2017 flashing /home/mark/gitstage/uderica/silage/LalStress/Fungi/raw_data_fungi/5101-175-MSITS2a
[FLASH] Starting FLASH v1.2.11
[FLASH] Fast Length Adjustment of SHort reads
[FLASH]  
[FLASH] Input files:
[FLASH]     /home/mark/gitstage/uderica/silage/LalStress/Fungi/raw_data_fungi/5101-175-MSITS2a_R1.fastq
[FLASH]     /home/mark/gitstage/uderica/silage/LalStress/Fungi/raw_data_fungi/5101-175-MSITS2a_R2.fastq
[FLASH]  
[FLASH] Output files:
[FLASH]     /home/mark/gitstage/uderica/silage/LalStress/Fungi/raw_data_fungi/flashed/5101-175-MSITS2a.extendedFrags.fastq
[FLASH]     /home/mark/gitstage/uderica/silage/LalStress/Fungi/raw_data_fungi/flashed/5101-175-MSITS2a.notCombined_1.fastq
[FLASH]     /home/mark/gitstage/uderica/silage/LalStress/Fungi/raw_data_fungi/flashed/5101-175-MSITS2a.notCombined_2.fastq
[FLASH]     /home/mark/gitstage/uderica/silage/LalStress/Fungi/raw_data_fungi/flashed/5101-175-MSITS2a.hist
[FLASH]     /home/mark/gitstage/uderica/silage/LalStress/Fungi/raw_data_fungi/flashed/5101-175-MSITS2a.histogram
[FLASH]  
[FLASH] Parameters:
[FLASH]     Min overlap:           50
[FLASH]     Max overlap:           250
[FLASH]     Max mismatch density:  0.250000
[FLASH]     Allow "outie" pairs:   false
[FLASH]     Cap mismatch quals:    false
[FLASH]     Combiner threads:      8
[FLASH]     Input format:          FASTQ, phred_offset=33
[FLASH]     Output format:         FASTQ, phred_offset=33
[FLASH]  
[FLASH] Starting reader and writer threads
[FLASH] Starting 8 combiner threads
[FLASH] Processed 25000 read pairs
[FLASH] Processed 50000 read pairs
[FLASH] Processed 63031 read pairs
[FLASH]  
[FLASH] Read combination statistics:
[FLASH]     Total pairs:      63031
[FLASH]     Combined pairs:   55325
[FLASH]     Uncombined pairs: 7706
[FLASH]     Percent combined: 87.77%
[FLASH]  
[FLASH] Writing histogram files.
[FLASH]  
[FLASH] FLASH v1.2.11 complete!
[FLASH] 0.204 seconds elapsed
Sat Sep 2 09:16:25 EDT 2017 flashing /home/mark/gitstage/uderica/silage/LalStress/Fungi/raw_data_fungi/5101-176-MSITS2a
[FLASH] Starting FLASH v1.2.11
[FLASH] Fast Length Adjustment of SHort reads
[FLASH]  
[FLASH] Input files:
[FLASH]     /home/mark/gitstage/uderica/silage/LalStress/Fungi/raw_data_fungi/5101-176-MSITS2a_R1.fastq
[FLASH]     /home/mark/gitstage/uderica/silage/LalStress/Fungi/raw_data_fungi/5101-176-MSITS2a_R2.fastq
[FLASH]  
[FLASH] Output files:
[FLASH]     /home/mark/gitstage/uderica/silage/LalStress/Fungi/raw_data_fungi/flashed/5101-176-MSITS2a.extendedFrags.fastq
[FLASH]     /home/mark/gitstage/uderica/silage/LalStress/Fungi/raw_data_fungi/flashed/5101-176-MSITS2a.notCombined_1.fastq
[FLASH]     /home/mark/gitstage/uderica/silage/LalStress/Fungi/raw_data_fungi/flashed/5101-176-MSITS2a.notCombined_2.fastq
[FLASH]     /home/mark/gitstage/uderica/silage/LalStress/Fungi/raw_data_fungi/flashed/5101-176-MSITS2a.hist
[FLASH]     /home/mark/gitstage/uderica/silage/LalStress/Fungi/raw_data_fungi/flashed/5101-176-MSITS2a.histogram
[FLASH]  
[FLASH] Parameters:
[FLASH]     Min overlap:           50
[FLASH]     Max overlap:           250
[FLASH]     Max mismatch density:  0.250000
[FLASH]     Allow "outie" pairs:   false
[FLASH]     Cap mismatch quals:    false
[FLASH]     Combiner threads:      8
[FLASH]     Input format:          FASTQ, phred_offset=33
[FLASH]     Output format:         FASTQ, phred_offset=33
[FLASH]  
[FLASH] Starting reader and writer threads
[FLASH] Starting 8 combiner threads
[FLASH] Processed 19267 read pairs
[FLASH]  
[FLASH] Read combination statistics:
[FLASH]     Total pairs:      19267
[FLASH]     Combined pairs:   16820
[FLASH]     Uncombined pairs: 2447
[FLASH]     Percent combined: 87.30%
[FLASH]  
[FLASH] Writing histogram files.
[FLASH]  
[FLASH] FLASH v1.2.11 complete!
[FLASH] 0.074 seconds elapsed
Sat Sep 2 09:16:25 EDT 2017 flashing /home/mark/gitstage/uderica/silage/LalStress/Fungi/raw_data_fungi/5101-177-MSITS2a
[FLASH] Starting FLASH v1.2.11
[FLASH] Fast Length Adjustment of SHort reads
[FLASH]  
[FLASH] Input files:
[FLASH]     /home/mark/gitstage/uderica/silage/LalStress/Fungi/raw_data_fungi/5101-177-MSITS2a_R1.fastq
[FLASH]     /home/mark/gitstage/uderica/silage/LalStress/Fungi/raw_data_fungi/5101-177-MSITS2a_R2.fastq
[FLASH]  
[FLASH] Output files:
[FLASH]     /home/mark/gitstage/uderica/silage/LalStress/Fungi/raw_data_fungi/flashed/5101-177-MSITS2a.extendedFrags.fastq
[FLASH]     /home/mark/gitstage/uderica/silage/LalStress/Fungi/raw_data_fungi/flashed/5101-177-MSITS2a.notCombined_1.fastq
[FLASH]     /home/mark/gitstage/uderica/silage/LalStress/Fungi/raw_data_fungi/flashed/5101-177-MSITS2a.notCombined_2.fastq
[FLASH]     /home/mark/gitstage/uderica/silage/LalStress/Fungi/raw_data_fungi/flashed/5101-177-MSITS2a.hist
[FLASH]     /home/mark/gitstage/uderica/silage/LalStress/Fungi/raw_data_fungi/flashed/5101-177-MSITS2a.histogram
[FLASH]  
[FLASH] Parameters:
[FLASH]     Min overlap:           50
[FLASH]     Max overlap:           250
[FLASH]     Max mismatch density:  0.250000
[FLASH]     Allow "outie" pairs:   false
[FLASH]     Cap mismatch quals:    false
[FLASH]     Combiner threads:      8
[FLASH]     Input format:          FASTQ, phred_offset=33
[FLASH]     Output format:         FASTQ, phred_offset=33
[FLASH]  
[FLASH] Starting reader and writer threads
[FLASH] Starting 8 combiner threads
[FLASH] Processed 25000 read pairs
[FLASH] Processed 47649 read pairs
[FLASH]  
[FLASH] Read combination statistics:
[FLASH]     Total pairs:      47649
[FLASH]     Combined pairs:   41362
[FLASH]     Uncombined pairs: 6287
[FLASH]     Percent combined: 86.81%
[FLASH]  
[FLASH] Writing histogram files.
[FLASH]  
[FLASH] FLASH v1.2.11 complete!
[FLASH] 0.139 seconds elapsed
Sat Sep 2 09:16:25 EDT 2017 flashing /home/mark/gitstage/uderica/silage/LalStress/Fungi/raw_data_fungi/5101-178-MSITS2a
[FLASH] Starting FLASH v1.2.11
[FLASH] Fast Length Adjustment of SHort reads
[FLASH]  
[FLASH] Input files:
[FLASH]     /home/mark/gitstage/uderica/silage/LalStress/Fungi/raw_data_fungi/5101-178-MSITS2a_R1.fastq
[FLASH]     /home/mark/gitstage/uderica/silage/LalStress/Fungi/raw_data_fungi/5101-178-MSITS2a_R2.fastq
[FLASH]  
[FLASH] Output files:
[FLASH]     /home/mark/gitstage/uderica/silage/LalStress/Fungi/raw_data_fungi/flashed/5101-178-MSITS2a.extendedFrags.fastq
[FLASH]     /home/mark/gitstage/uderica/silage/LalStress/Fungi/raw_data_fungi/flashed/5101-178-MSITS2a.notCombined_1.fastq
[FLASH]     /home/mark/gitstage/uderica/silage/LalStress/Fungi/raw_data_fungi/flashed/5101-178-MSITS2a.notCombined_2.fastq
[FLASH]     /home/mark/gitstage/uderica/silage/LalStress/Fungi/raw_data_fungi/flashed/5101-178-MSITS2a.hist
[FLASH]     /home/mark/gitstage/uderica/silage/LalStress/Fungi/raw_data_fungi/flashed/5101-178-MSITS2a.histogram
[FLASH]  
[FLASH] Parameters:
[FLASH]     Min overlap:           50
[FLASH]     Max overlap:           250
[FLASH]     Max mismatch density:  0.250000
[FLASH]     Allow "outie" pairs:   false
[FLASH]     Cap mismatch quals:    false
[FLASH]     Combiner threads:      8
[FLASH]     Input format:          FASTQ, phred_offset=33
[FLASH]     Output format:         FASTQ, phred_offset=33
[FLASH]  
[FLASH] Starting reader and writer threads
[FLASH] Starting 8 combiner threads
[FLASH] Processed 21948 read pairs
[FLASH]  
[FLASH] Read combination statistics:
[FLASH]     Total pairs:      21948
[FLASH]     Combined pairs:   19289
[FLASH]     Uncombined pairs: 2659
[FLASH]     Percent combined: 87.89%
[FLASH]  
[FLASH] Writing histogram files.
[FLASH]  
[FLASH] FLASH v1.2.11 complete!
[FLASH] 0.091 seconds elapsed
Sat Sep 2 09:17:10 EDT 2017 fastqc'ing /home/mark/gitstage/uderica/silage/LalStress/Fungi/raw_data_fungi/flashed/extended/5101-145-MSITS2a.extendedFrags.fastq
Sat Sep 2 09:17:10 EDT 2017 fastqc'ing /home/mark/gitstage/uderica/silage/LalStress/Fungi/raw_data_fungi/flashed/extended/5101-146-MSITS2a.extendedFrags.fastq
Sat Sep 2 09:17:10 EDT 2017 fastqc'ing /home/mark/gitstage/uderica/silage/LalStress/Fungi/raw_data_fungi/flashed/extended/5101-147-MSITS2a.extendedFrags.fastq
Sat Sep 2 09:17:11 EDT 2017 fastqc'ing /home/mark/gitstage/uderica/silage/LalStress/Fungi/raw_data_fungi/flashed/extended/5101-148-MSITS2a.extendedFrags.fastq
Sat Sep 2 09:17:11 EDT 2017 fastqc'ing /home/mark/gitstage/uderica/silage/LalStress/Fungi/raw_data_fungi/flashed/extended/5101-150-MSITS2a.extendedFrags.fastq
Sat Sep 2 09:17:11 EDT 2017 fastqc'ing /home/mark/gitstage/uderica/silage/LalStress/Fungi/raw_data_fungi/flashed/extended/5101-151-MSITS2a.extendedFrags.fastq
Sat Sep 2 09:17:11 EDT 2017 fastqc'ing /home/mark/gitstage/uderica/silage/LalStress/Fungi/raw_data_fungi/flashed/extended/5101-152-MSITS2a.extendedFrags.fastq
Sat Sep 2 09:17:11 EDT 2017 fastqc'ing /home/mark/gitstage/uderica/silage/LalStress/Fungi/raw_data_fungi/flashed/extended/5101-153-MSITS2a.extendedFrags.fastq
Sat Sep 2 09:17:17 EDT 2017 fastqc'ing /home/mark/gitstage/uderica/silage/LalStress/Fungi/raw_data_fungi/flashed/extended/5101-155-MSITS2a.extendedFrags.fastq
Sat Sep 2 09:17:17 EDT 2017 fastqc'ing /home/mark/gitstage/uderica/silage/LalStress/Fungi/raw_data_fungi/flashed/extended/5101-156-MSITS2a.extendedFrags.fastq
Sat Sep 2 09:17:17 EDT 2017 fastqc'ing /home/mark/gitstage/uderica/silage/LalStress/Fungi/raw_data_fungi/flashed/extended/5101-157-MSITS2a.extendedFrags.fastq
Sat Sep 2 09:17:17 EDT 2017 fastqc'ing /home/mark/gitstage/uderica/silage/LalStress/Fungi/raw_data_fungi/flashed/extended/5101-158-MSITS2a.extendedFrags.fastq
Sat Sep 2 09:17:18 EDT 2017 fastqc'ing /home/mark/gitstage/uderica/silage/LalStress/Fungi/raw_data_fungi/flashed/extended/5101-160-MSITS2a.extendedFrags.fastq
Sat Sep 2 09:17:18 EDT 2017 fastqc'ing /home/mark/gitstage/uderica/silage/LalStress/Fungi/raw_data_fungi/flashed/extended/5101-161-MSITS2a.extendedFrags.fastq
Sat Sep 2 09:17:18 EDT 2017 fastqc'ing /home/mark/gitstage/uderica/silage/LalStress/Fungi/raw_data_fungi/flashed/extended/5101-162-MSITS2a.extendedFrags.fastq
Sat Sep 2 09:17:22 EDT 2017 fastqc'ing /home/mark/gitstage/uderica/silage/LalStress/Fungi/raw_data_fungi/flashed/extended/5101-163-MSITS2a.extendedFrags.fastq
Sat Sep 2 09:17:23 EDT 2017 fastqc'ing /home/mark/gitstage/uderica/silage/LalStress/Fungi/raw_data_fungi/flashed/extended/5101-165-MSITS2a.extendedFrags.fastq
Sat Sep 2 09:17:24 EDT 2017 fastqc'ing /home/mark/gitstage/uderica/silage/LalStress/Fungi/raw_data_fungi/flashed/extended/5101-166-MSITS2a.extendedFrags.fastq
Sat Sep 2 09:17:24 EDT 2017 fastqc'ing /home/mark/gitstage/uderica/silage/LalStress/Fungi/raw_data_fungi/flashed/extended/5101-167-MSITS2a.extendedFrags.fastq
Sat Sep 2 09:17:24 EDT 2017 fastqc'ing /home/mark/gitstage/uderica/silage/LalStress/Fungi/raw_data_fungi/flashed/extended/5101-168-MSITS2a.extendedFrags.fastq
Sat Sep 2 09:17:25 EDT 2017 fastqc'ing /home/mark/gitstage/uderica/silage/LalStress/Fungi/raw_data_fungi/flashed/extended/5101-170-MSITS2a.extendedFrags.fastq
Sat Sep 2 09:17:27 EDT 2017 fastqc'ing /home/mark/gitstage/uderica/silage/LalStress/Fungi/raw_data_fungi/flashed/extended/5101-171-MSITS2a.extendedFrags.fastq
Sat Sep 2 09:17:29 EDT 2017 fastqc'ing /home/mark/gitstage/uderica/silage/LalStress/Fungi/raw_data_fungi/flashed/extended/5101-172-MSITS2a.extendedFrags.fastq
Sat Sep 2 09:17:30 EDT 2017 fastqc'ing /home/mark/gitstage/uderica/silage/LalStress/Fungi/raw_data_fungi/flashed/extended/5101-173-MSITS2a.extendedFrags.fastq
Sat Sep 2 09:17:31 EDT 2017 fastqc'ing /home/mark/gitstage/uderica/silage/LalStress/Fungi/raw_data_fungi/flashed/extended/5101-175-MSITS2a.extendedFrags.fastq
Sat Sep 2 09:17:31 EDT 2017 fastqc'ing /home/mark/gitstage/uderica/silage/LalStress/Fungi/raw_data_fungi/flashed/extended/5101-176-MSITS2a.extendedFrags.fastq
Sat Sep 2 09:17:31 EDT 2017 fastqc'ing /home/mark/gitstage/uderica/silage/LalStress/Fungi/raw_data_fungi/flashed/extended/5101-177-MSITS2a.extendedFrags.fastq
Sat Sep 2 09:17:31 EDT 2017 fastqc'ing /home/mark/gitstage/uderica/silage/LalStress/Fungi/raw_data_fungi/flashed/extended/5101-178-MSITS2a.extendedFrags.fastq
Sat Sep 2 09:18:29 EDT 2017 'splitting' 5101-145-MSITS2a
Sat Sep 2 09:18:29 EDT 2017 'splitting' 5101-146-MSITS2a
Sat Sep 2 09:18:29 EDT 2017 'splitting' 5101-147-MSITS2a
Sat Sep 2 09:18:29 EDT 2017 'splitting' 5101-148-MSITS2a
Sat Sep 2 09:18:30 EDT 2017 'splitting' 5101-150-MSITS2a
Sat Sep 2 09:18:30 EDT 2017 'splitting' 5101-151-MSITS2a
Sat Sep 2 09:18:30 EDT 2017 'splitting' 5101-152-MSITS2a
Sat Sep 2 09:18:30 EDT 2017 'splitting' 5101-153-MSITS2a
Sat Sep 2 09:18:35 EDT 2017 'splitting' 5101-155-MSITS2a
Sat Sep 2 09:18:35 EDT 2017 'splitting' 5101-156-MSITS2a
Sat Sep 2 09:18:36 EDT 2017 'splitting' 5101-157-MSITS2a
Sat Sep 2 09:18:37 EDT 2017 'splitting' 5101-158-MSITS2a
Sat Sep 2 09:18:37 EDT 2017 'splitting' 5101-160-MSITS2a
Sat Sep 2 09:18:37 EDT 2017 'splitting' 5101-161-MSITS2a
Sat Sep 2 09:18:37 EDT 2017 'splitting' 5101-162-MSITS2a
Sat Sep 2 09:18:41 EDT 2017 'splitting' 5101-163-MSITS2a
Sat Sep 2 09:18:41 EDT 2017 'splitting' 5101-165-MSITS2a
Sat Sep 2 09:18:41 EDT 2017 'splitting' 5101-166-MSITS2a
Sat Sep 2 09:18:42 EDT 2017 'splitting' 5101-167-MSITS2a
Sat Sep 2 09:18:44 EDT 2017 'splitting' 5101-168-MSITS2a
Sat Sep 2 09:18:45 EDT 2017 'splitting' 5101-170-MSITS2a
Sat Sep 2 09:18:48 EDT 2017 'splitting' 5101-171-MSITS2a
Sat Sep 2 09:18:49 EDT 2017 'splitting' 5101-172-MSITS2a
Sat Sep 2 09:18:49 EDT 2017 'splitting' 5101-173-MSITS2a
Sat Sep 2 09:18:50 EDT 2017 'splitting' 5101-175-MSITS2a
Sat Sep 2 09:18:51 EDT 2017 'splitting' 5101-176-MSITS2a
Sat Sep 2 09:18:51 EDT 2017 'splitting' 5101-177-MSITS2a
Sat Sep 2 09:18:52 EDT 2017 'splitting' 5101-178-MSITS2a
Sat Sep 2 09:19:53 EDT 2017 start OTU picking
Sat Sep 2 09:24:02 EDT 2017 OTU picking complete
Num samples: 28
Num observations: 778
Total count: 1233794
Table density (fraction of non-zero values): 0.119

Counts/sample summary:
 Min: 666.0
 Max: 127716.0
 Median: 40794.000
 Mean: 44064.071
 Std. dev.: 24072.677
 Sample Metadata Categories: None provided
 Observation Metadata Categories: taxonomy

Counts/sample detail:
172: 666.0
176: 15870.0
171: 16216.0
178: 18278.0
151: 20878.0
150: 23527.0
156: 27798.0
148: 37566.0
157: 37586.0
177: 37915.0
153: 38055.0
168: 38923.0
165: 39863.0
155: 40136.0
152: 41452.0
147: 42856.0
166: 42947.0
146: 43759.0
173: 45318.0
158: 46563.0
145: 52029.0
175: 54646.0
161: 57364.0
163: 63488.0
162: 65466.0
170: 71488.0
167: 85425.0
160: 127716.0
Sat Sep 2 09:24:03 EDT 2017 start core diversity
Sat Sep 2 09:29:11 EDT 2017 core diversity complete
