[2017-08-28 06:22:04,413] multiqc                                            [DEBUG  ]  No MultiQC config found: /usr/local/lib/python2.7/dist-packages/multiqc_config.yaml
[2017-08-28 06:22:04,413] multiqc                                            [DEBUG  ]  No MultiQC config found: /home/mark/.multiqc_config.yaml
[2017-08-28 06:22:04,413] multiqc                                            [DEBUG  ]  No MultiQC config found: multiqc_config.yaml
[2017-08-28 06:22:04,414] multiqc                                            [DEBUG  ]  Command used: /usr/local/bin/multiqc /home/mark/gitstage/uderica/silage/understudy/Fungi/raw_data_fungi/fastqc -o /home/mark/gitstage/uderica/silage/understudy/Fungi/raw_data_fungi/multiqc
[2017-08-28 06:22:04,792] multiqc                                            [WARNING]  MultiQC Version v1.2 now available!
[2017-08-28 06:22:04,792] multiqc                                            [INFO   ]  This is MultiQC v1.1
[2017-08-28 06:22:04,792] multiqc                                            [DEBUG  ]  Command     : /usr/local/bin/multiqc /home/mark/gitstage/uderica/silage/understudy/Fungi/raw_data_fungi/fastqc -o /home/mark/gitstage/uderica/silage/understudy/Fungi/raw_data_fungi/multiqc
[2017-08-28 06:22:04,792] multiqc                                            [DEBUG  ]  Working dir : /home/mark
[2017-08-28 06:22:04,793] multiqc                                            [INFO   ]  Template    : default
[2017-08-28 06:22:04,793] multiqc                                            [INFO   ]  Searching '/home/mark/gitstage/uderica/silage/understudy/Fungi/raw_data_fungi/fastqc'
[2017-08-28 06:22:04,794] multiqc                                            [DEBUG  ]  Analysing modules: custom_content, conpair, peddy, methylQA, qualimap, preseq, quast, qorts, rna_seqc, rseqc, busco, goleft_indexcov, disambiguate, homer, macs2, theta2, snpeff, gatk, htseq, bcftools, featureCounts, picard, prokka, samblaster, samtools, bamtools, jellyfish, bismark, hicup, salmon, kallisto, slamdunk, star, hisat2, tophat, bowtie2, bowtie1, adapterRemoval, cutadapt, flexbar, trimmomatic, skewer, sortmerna, biobloomtools, fastq_screen, fastqc, clusterflow
[2017-08-28 06:22:04,794] multiqc                                            [DEBUG  ]  Using temporary directory for creating report: /tmp/tmplGVdsu
[2017-08-28 06:22:04,833] multiqc                                            [DEBUG  ]  Ignoring file as matched an ignore pattern: 5101-147-MSITS2a_R1_fastqc.html
[2017-08-28 06:22:04,842] multiqc                                            [DEBUG  ]  Ignoring file as matched an ignore pattern: 5101-161-MSITS2a_R2_fastqc.html
[2017-08-28 06:22:04,842] multiqc                                            [DEBUG  ]  Ignoring file as matched an ignore pattern: 5101-158-MSITS2a_R2_fastqc.html
[2017-08-28 06:22:04,842] multiqc                                            [DEBUG  ]  Ignoring file as matched an ignore pattern: 5101-173-MSITS2a_R2_fastqc.html
[2017-08-28 06:22:04,842] multiqc                                            [DEBUG  ]  Ignoring file as matched an ignore pattern: 5101-177-MSITS2a_R1_fastqc.html
[2017-08-28 06:22:04,843] multiqc                                            [DEBUG  ]  Ignoring file as matched an ignore pattern: 5101-146-MSITS2a_R2_fastqc.html
[2017-08-28 06:22:04,843] multiqc                                            [DEBUG  ]  Ignoring file as matched an ignore pattern: 5101-172-MSITS2a_R2_fastqc.html
[2017-08-28 06:22:04,844] multiqc                                            [DEBUG  ]  Ignoring file as matched an ignore pattern: 5101-160-MSITS2a_R2_fastqc.html
[2017-08-28 06:22:04,844] multiqc                                            [DEBUG  ]  Ignoring file as matched an ignore pattern: 5101-167-MSITS2a_R1_fastqc.html
[2017-08-28 06:22:04,846] multiqc                                            [DEBUG  ]  Ignoring file as matched an ignore pattern: 5101-155-MSITS2a_R1_fastqc.html
[2017-08-28 06:22:04,846] multiqc                                            [DEBUG  ]  Ignoring file as matched an ignore pattern: 5101-163-MSITS2a_R1_fastqc.html
[2017-08-28 06:22:04,846] multiqc                                            [DEBUG  ]  Ignoring file as matched an ignore pattern: 5101-178-MSITS2a_R1_fastqc.html
[2017-08-28 06:22:04,846] multiqc                                            [DEBUG  ]  Ignoring file as matched an ignore pattern: 5101-167-MSITS2a_R2_fastqc.html
[2017-08-28 06:22:04,846] multiqc                                            [DEBUG  ]  Ignoring file as matched an ignore pattern: 5101-171-MSITS2a_R2_fastqc.html
[2017-08-28 06:22:04,846] multiqc                                            [DEBUG  ]  Ignoring file as matched an ignore pattern: 5101-156-MSITS2a_R2_fastqc.html
[2017-08-28 06:22:04,846] multiqc                                            [DEBUG  ]  Ignoring file as matched an ignore pattern: 5101-175-MSITS2a_R1_fastqc.html
[2017-08-28 06:22:04,847] multiqc                                            [DEBUG  ]  Ignoring file as matched an ignore pattern: 5101-176-MSITS2a_R2_fastqc.html
[2017-08-28 06:22:04,847] multiqc                                            [DEBUG  ]  Ignoring file as matched an ignore pattern: 5101-162-MSITS2a_R1_fastqc.html
[2017-08-28 06:22:04,848] multiqc                                            [DEBUG  ]  Ignoring file as matched an ignore pattern: 5101-165-MSITS2a_R2_fastqc.html
[2017-08-28 06:22:04,851] multiqc                                            [DEBUG  ]  Ignoring file as matched an ignore pattern: 5101-151-MSITS2a_R2_fastqc.html
[2017-08-28 06:22:04,854] multiqc                                            [DEBUG  ]  Ignoring file as matched an ignore pattern: 5101-166-MSITS2a_R1_fastqc.html
[2017-08-28 06:22:04,854] multiqc                                            [DEBUG  ]  Ignoring file as matched an ignore pattern: 5101-153-MSITS2a_R1_fastqc.html
[2017-08-28 06:22:04,854] multiqc                                            [DEBUG  ]  Ignoring file as matched an ignore pattern: 5101-147-MSITS2a_R2_fastqc.html
[2017-08-28 06:22:04,855] multiqc                                            [DEBUG  ]  Ignoring file as matched an ignore pattern: 5101-170-MSITS2a_R1_fastqc.html
[2017-08-28 06:22:04,855] multiqc                                            [DEBUG  ]  Ignoring file as matched an ignore pattern: 5101-171-MSITS2a_R1_fastqc.html
[2017-08-28 06:22:04,856] multiqc                                            [DEBUG  ]  Ignoring file as matched an ignore pattern: 5101-148-MSITS2a_R2_fastqc.html
[2017-08-28 06:22:04,856] multiqc                                            [DEBUG  ]  Ignoring file as matched an ignore pattern: 5101-165-MSITS2a_R1_fastqc.html
[2017-08-28 06:22:04,856] multiqc                                            [DEBUG  ]  Ignoring file as matched an ignore pattern: 5101-178-MSITS2a_R2_fastqc.html
[2017-08-28 06:22:04,856] multiqc                                            [DEBUG  ]  Ignoring file as matched an ignore pattern: 5101-177-MSITS2a_R2_fastqc.html
[2017-08-28 06:22:04,856] multiqc                                            [DEBUG  ]  Ignoring file as matched an ignore pattern: 5101-175-MSITS2a_R2_fastqc.html
[2017-08-28 06:22:04,857] multiqc                                            [DEBUG  ]  Ignoring file as matched an ignore pattern: 5101-161-MSITS2a_R1_fastqc.html
[2017-08-28 06:22:04,859] multiqc                                            [DEBUG  ]  Ignoring file as matched an ignore pattern: 5101-163-MSITS2a_R2_fastqc.html
[2017-08-28 06:22:04,859] multiqc                                            [DEBUG  ]  Ignoring file as matched an ignore pattern: 5101-170-MSITS2a_R2_fastqc.html
[2017-08-28 06:22:04,860] multiqc                                            [DEBUG  ]  Ignoring file as matched an ignore pattern: 5101-153-MSITS2a_R2_fastqc.html
[2017-08-28 06:22:04,860] multiqc                                            [DEBUG  ]  Ignoring file as matched an ignore pattern: 5101-145-MSITS2a_R1_fastqc.html
[2017-08-28 06:22:04,860] multiqc                                            [DEBUG  ]  Ignoring file as matched an ignore pattern: 5101-157-MSITS2a_R2_fastqc.html
[2017-08-28 06:22:04,861] multiqc                                            [DEBUG  ]  Ignoring file as matched an ignore pattern: 5101-168-MSITS2a_R2_fastqc.html
[2017-08-28 06:22:04,861] multiqc                                            [DEBUG  ]  Ignoring file as matched an ignore pattern: 5101-155-MSITS2a_R2_fastqc.html
[2017-08-28 06:22:04,862] multiqc                                            [DEBUG  ]  Ignoring file as matched an ignore pattern: 5101-158-MSITS2a_R1_fastqc.html
[2017-08-28 06:22:04,862] multiqc                                            [DEBUG  ]  Ignoring file as matched an ignore pattern: 5101-146-MSITS2a_R1_fastqc.html
[2017-08-28 06:22:04,863] multiqc                                            [DEBUG  ]  Ignoring file as matched an ignore pattern: 5101-168-MSITS2a_R1_fastqc.html
[2017-08-28 06:22:04,863] multiqc                                            [DEBUG  ]  Ignoring file as matched an ignore pattern: 5101-160-MSITS2a_R1_fastqc.html
[2017-08-28 06:22:04,863] multiqc                                            [DEBUG  ]  Ignoring file as matched an ignore pattern: 5101-172-MSITS2a_R1_fastqc.html
[2017-08-28 06:22:04,863] multiqc                                            [DEBUG  ]  Ignoring file as matched an ignore pattern: 5101-166-MSITS2a_R2_fastqc.html
[2017-08-28 06:22:04,864] multiqc                                            [DEBUG  ]  Ignoring file as matched an ignore pattern: 5101-152-MSITS2a_R2_fastqc.html
[2017-08-28 06:22:04,864] multiqc                                            [DEBUG  ]  Ignoring file as matched an ignore pattern: 5101-157-MSITS2a_R1_fastqc.html
[2017-08-28 06:22:04,865] multiqc                                            [DEBUG  ]  Ignoring file as matched an ignore pattern: 5101-176-MSITS2a_R1_fastqc.html
[2017-08-28 06:22:04,865] multiqc                                            [DEBUG  ]  Ignoring file as matched an ignore pattern: 5101-148-MSITS2a_R1_fastqc.html
[2017-08-28 06:22:04,865] multiqc                                            [DEBUG  ]  Ignoring file as matched an ignore pattern: 5101-173-MSITS2a_R1_fastqc.html
[2017-08-28 06:22:04,865] multiqc                                            [DEBUG  ]  Ignoring file as matched an ignore pattern: 5101-156-MSITS2a_R1_fastqc.html
[2017-08-28 06:22:04,866] multiqc                                            [DEBUG  ]  Ignoring file as matched an ignore pattern: 5101-151-MSITS2a_R1_fastqc.html
[2017-08-28 06:22:04,866] multiqc                                            [DEBUG  ]  Ignoring file as matched an ignore pattern: 5101-152-MSITS2a_R1_fastqc.html
[2017-08-28 06:22:04,868] multiqc                                            [DEBUG  ]  Ignoring file as matched an ignore pattern: 5101-162-MSITS2a_R2_fastqc.html
[2017-08-28 06:22:04,868] multiqc                                            [DEBUG  ]  Ignoring file as matched an ignore pattern: 5101-150-MSITS2a_R1_fastqc.html
[2017-08-28 06:22:04,869] multiqc                                            [DEBUG  ]  Ignoring file as matched an ignore pattern: 5101-150-MSITS2a_R2_fastqc.html
[2017-08-28 06:22:04,869] multiqc                                            [DEBUG  ]  Ignoring file as matched an ignore pattern: 5101-145-MSITS2a_R2_fastqc.html
[2017-08-28 06:22:05,080] multiqc.modules.custom_content.custom_content      [DEBUG  ]  No custom content found
[2017-08-28 06:22:05,083] multiqc.modules.conpair.conpair                    [DEBUG  ]  Could not find any reports in ('/home/mark/gitstage/uderica/silage/understudy/Fungi/raw_data_fungi/fastqc',)
[2017-08-28 06:22:05,084] multiqc.modules.peddy.peddy                        [DEBUG  ]  Could not find any reports in ('/home/mark/gitstage/uderica/silage/understudy/Fungi/raw_data_fungi/fastqc',)
[2017-08-28 06:22:05,087] multiqc.modules.methylQA.methylQA                  [DEBUG  ]  Could not find any reports in ('/home/mark/gitstage/uderica/silage/understudy/Fungi/raw_data_fungi/fastqc',)
[2017-08-28 06:22:05,089] multiqc.modules.qualimap.QM_BamQC                  [DEBUG  ]  Using default Qualimap thresholds: 1, 5, 10, 30, 50
[2017-08-28 06:22:05,089] multiqc.modules.qualimap.qualimap                  [DEBUG  ]  Could not find any reports in ('/home/mark/gitstage/uderica/silage/understudy/Fungi/raw_data_fungi/fastqc',)
[2017-08-28 06:22:05,091] multiqc.modules.preseq.preseq                      [DEBUG  ]  Could not find any preseq data in ('/home/mark/gitstage/uderica/silage/understudy/Fungi/raw_data_fungi/fastqc',)
[2017-08-28 06:22:05,093] multiqc.modules.quast.quast                        [DEBUG  ]  Could not find any reports in ('/home/mark/gitstage/uderica/silage/understudy/Fungi/raw_data_fungi/fastqc',)
[2017-08-28 06:22:05,095] multiqc.modules.qorts.qorts                        [DEBUG  ]  Could not find any QoRTs data in ('/home/mark/gitstage/uderica/silage/understudy/Fungi/raw_data_fungi/fastqc',)
[2017-08-28 06:22:05,097] multiqc.modules.rna_seqc.rna_seqc                  [DEBUG  ]  Could not find any RNA-SeQC data in ('/home/mark/gitstage/uderica/silage/understudy/Fungi/raw_data_fungi/fastqc',)
[2017-08-28 06:22:05,101] multiqc.modules.rseqc.rseqc                        [DEBUG  ]  Could not find any reports in ('/home/mark/gitstage/uderica/silage/understudy/Fungi/raw_data_fungi/fastqc',)
[2017-08-28 06:22:05,103] multiqc.modules.busco.busco                        [DEBUG  ]  Could not find any reports in ('/home/mark/gitstage/uderica/silage/understudy/Fungi/raw_data_fungi/fastqc',)
[2017-08-28 06:22:05,105] multiqc.modules.goleft_indexcov.goleft_indexcov    [DEBUG  ]  Did not find goleft indexcov outputs in ('/home/mark/gitstage/uderica/silage/understudy/Fungi/raw_data_fungi/fastqc',)
[2017-08-28 06:22:05,107] multiqc.modules.disambiguate.disambiguate          [DEBUG  ]  Could not find any data in ('/home/mark/gitstage/uderica/silage/understudy/Fungi/raw_data_fungi/fastqc',)
[2017-08-28 06:22:05,110] multiqc.modules.homer.homer                        [DEBUG  ]  Could not find any reports in ('/home/mark/gitstage/uderica/silage/understudy/Fungi/raw_data_fungi/fastqc',)
[2017-08-28 06:22:05,112] multiqc.modules.macs2.macs2                        [DEBUG  ]  Could not find any MACS2 data in ('/home/mark/gitstage/uderica/silage/understudy/Fungi/raw_data_fungi/fastqc',)
[2017-08-28 06:22:05,114] multiqc.modules.theta2.theta2                      [DEBUG  ]  Could not find any reports in ('/home/mark/gitstage/uderica/silage/understudy/Fungi/raw_data_fungi/fastqc',)
[2017-08-28 06:22:05,115] multiqc.modules.snpeff.snpeff                      [DEBUG  ]  Could not find any data in ('/home/mark/gitstage/uderica/silage/understudy/Fungi/raw_data_fungi/fastqc',)
[2017-08-28 06:22:05,118] multiqc.modules.gatk.gatk                          [DEBUG  ]  Could not find any reports in ('/home/mark/gitstage/uderica/silage/understudy/Fungi/raw_data_fungi/fastqc',)
[2017-08-28 06:22:05,120] multiqc.modules.htseq.htseq                        [DEBUG  ]  Could not find any reports in ('/home/mark/gitstage/uderica/silage/understudy/Fungi/raw_data_fungi/fastqc',)
[2017-08-28 06:22:05,122] multiqc.modules.bcftools.bcftools                  [DEBUG  ]  Could not find any reports in ('/home/mark/gitstage/uderica/silage/understudy/Fungi/raw_data_fungi/fastqc',)
[2017-08-28 06:22:05,124] multiqc.modules.featureCounts.feature_counts       [DEBUG  ]  Could not find any reports in ('/home/mark/gitstage/uderica/silage/understudy/Fungi/raw_data_fungi/fastqc',)
[2017-08-28 06:22:05,128] multiqc.modules.picard.picard                      [DEBUG  ]  Could not find any reports in ('/home/mark/gitstage/uderica/silage/understudy/Fungi/raw_data_fungi/fastqc',)
[2017-08-28 06:22:05,130] multiqc.modules.prokka.prokka                      [DEBUG  ]  Could not find any Prokka data in ('/home/mark/gitstage/uderica/silage/understudy/Fungi/raw_data_fungi/fastqc',)
[2017-08-28 06:22:05,132] multiqc.modules.samblaster.samblaster              [DEBUG  ]  Could not find any data in ('/home/mark/gitstage/uderica/silage/understudy/Fungi/raw_data_fungi/fastqc',)
[2017-08-28 06:22:05,135] multiqc.modules.samtools.samtools                  [DEBUG  ]  Could not find any reports in ('/home/mark/gitstage/uderica/silage/understudy/Fungi/raw_data_fungi/fastqc',)
[2017-08-28 06:22:05,137] multiqc.modules.bamtools.bamtools                  [DEBUG  ]  Could not find any reports in ('/home/mark/gitstage/uderica/silage/understudy/Fungi/raw_data_fungi/fastqc',)
[2017-08-28 06:22:05,139] multiqc.modules.jellyfish.jellyfish                [DEBUG  ]  Could not find any data in ('/home/mark/gitstage/uderica/silage/understudy/Fungi/raw_data_fungi/fastqc',)
[2017-08-28 06:22:05,141] multiqc.modules.bismark.bismark                    [DEBUG  ]  Could not find any reports in ('/home/mark/gitstage/uderica/silage/understudy/Fungi/raw_data_fungi/fastqc',)
[2017-08-28 06:22:05,143] multiqc.modules.hicup.hicup                        [DEBUG  ]  Could not find any HiCUP data in ('/home/mark/gitstage/uderica/silage/understudy/Fungi/raw_data_fungi/fastqc',)
[2017-08-28 06:22:05,145] multiqc.modules.salmon.salmon                      [DEBUG  ]  Could not find any Salmon data in ('/home/mark/gitstage/uderica/silage/understudy/Fungi/raw_data_fungi/fastqc',)
[2017-08-28 06:22:05,147] multiqc.modules.kallisto.kallisto                  [DEBUG  ]  Could not find any reports in ('/home/mark/gitstage/uderica/silage/understudy/Fungi/raw_data_fungi/fastqc',)
[2017-08-28 06:22:05,149] multiqc.modules.slamdunk.slamdunk                  [DEBUG  ]  No slamdunk reports found.
[2017-08-28 06:22:05,151] multiqc.modules.star.star                          [DEBUG  ]  Could not find any reports in ('/home/mark/gitstage/uderica/silage/understudy/Fungi/raw_data_fungi/fastqc',)
[2017-08-28 06:22:05,153] multiqc.modules.hisat2.hisat2                      [DEBUG  ]  Could not find any reports in ('/home/mark/gitstage/uderica/silage/understudy/Fungi/raw_data_fungi/fastqc',)
[2017-08-28 06:22:05,155] multiqc.modules.tophat.tophat                      [DEBUG  ]  Could not find any reports in ('/home/mark/gitstage/uderica/silage/understudy/Fungi/raw_data_fungi/fastqc',)
[2017-08-28 06:22:05,157] multiqc.modules.bowtie2.bowtie2                    [DEBUG  ]  Could not find any reports in ('/home/mark/gitstage/uderica/silage/understudy/Fungi/raw_data_fungi/fastqc',)
[2017-08-28 06:22:05,159] multiqc.modules.bowtie1.bowtie1                    [DEBUG  ]  Could not find any reports in ('/home/mark/gitstage/uderica/silage/understudy/Fungi/raw_data_fungi/fastqc',)
[2017-08-28 06:22:05,161] multiqc.modules.adapterRemoval.adapterRemoval      [DEBUG  ]  Could not find any reports in ('/home/mark/gitstage/uderica/silage/understudy/Fungi/raw_data_fungi/fastqc',)
[2017-08-28 06:22:05,163] multiqc.modules.cutadapt.cutadapt                  [DEBUG  ]  Could not find any reports in ('/home/mark/gitstage/uderica/silage/understudy/Fungi/raw_data_fungi/fastqc',)
[2017-08-28 06:22:05,165] multiqc.modules.flexbar.flexbar                    [DEBUG  ]  Could not find any Flexbar data in ('/home/mark/gitstage/uderica/silage/understudy/Fungi/raw_data_fungi/fastqc',)
[2017-08-28 06:22:05,167] multiqc.modules.trimmomatic.trimmomatic            [DEBUG  ]  Could not find any Trimmomatic data in ('/home/mark/gitstage/uderica/silage/understudy/Fungi/raw_data_fungi/fastqc',)
[2017-08-28 06:22:05,169] multiqc.modules.skewer.skewer                      [DEBUG  ]  Could not find any data in ('/home/mark/gitstage/uderica/silage/understudy/Fungi/raw_data_fungi/fastqc',)
[2017-08-28 06:22:05,172] multiqc.modules.sortmerna.sortmerna                [DEBUG  ]  Could not find any SortMeRNA data in ('/home/mark/gitstage/uderica/silage/understudy/Fungi/raw_data_fungi/fastqc',)
[2017-08-28 06:22:05,174] multiqc.modules.biobloomtools.biobloomtools        [DEBUG  ]  Could not find any reports in ('/home/mark/gitstage/uderica/silage/understudy/Fungi/raw_data_fungi/fastqc',)
[2017-08-28 06:22:05,176] multiqc.modules.fastq_screen.fastq_screen          [DEBUG  ]  Could not find any reports in ('/home/mark/gitstage/uderica/silage/understudy/Fungi/raw_data_fungi/fastqc',)
[2017-08-28 06:22:07,937] multiqc.modules.fastqc.fastqc                      [INFO   ]  Found 56 reports
[2017-08-28 06:22:11,911] multiqc.modules.clusterflow.clusterflow            [DEBUG  ]  Could not find any reports in ('/home/mark/gitstage/uderica/silage/understudy/Fungi/raw_data_fungi/fastqc',)
[2017-08-28 06:22:11,978] multiqc                                            [INFO   ]  Compressing plot data
[2017-08-28 06:22:15,486] multiqc                                            [INFO   ]  Report      : gitstage/uderica/silage/understudy/Fungi/raw_data_fungi/multiqc/multiqc_report.html
[2017-08-28 06:22:15,486] multiqc                                            [INFO   ]  Data        : gitstage/uderica/silage/understudy/Fungi/raw_data_fungi/multiqc/multiqc_data
[2017-08-28 06:22:15,486] multiqc                                            [DEBUG  ]  Moving data file from '/tmp/tmplGVdsu/multiqc_data/multiqc_general_stats.txt' to '/home/mark/gitstage/uderica/silage/understudy/Fungi/raw_data_fungi/multiqc/multiqc_data'
[2017-08-28 06:22:15,487] multiqc                                            [DEBUG  ]  Moving data file from '/tmp/tmplGVdsu/multiqc_data/multiqc_sources.txt' to '/home/mark/gitstage/uderica/silage/understudy/Fungi/raw_data_fungi/multiqc/multiqc_data'
[2017-08-28 06:22:15,487] multiqc                                            [DEBUG  ]  Moving data file from '/tmp/tmplGVdsu/multiqc_data/multiqc_fastqc.txt' to '/home/mark/gitstage/uderica/silage/understudy/Fungi/raw_data_fungi/multiqc/multiqc_data'
[2017-08-28 06:22:15,600] multiqc                                            [INFO   ]  MultiQC complete
