OtuPicker parameters:
Application:uclust
Similarity:0.97
chimeras_retention:union
enable_rev_strand_matching:True
exact:False
max_accepts:1
max_rejects:8
new_cluster_identifier:denovo
next_new_cluster_number:1
optimal:False
output_dir:/home/mark/gitstage/uderica/silage/V-HMC/Bacteria/raw_data_bacteria/flashed/extended/flash_trim_cat_pick/step1_otus/POTU_Y0Eg_
prefilter_identical_sequences:True
presort_by_abundance:True
save_uc_files:True
stable_sort:True
stepwords:8
suppress_new_clusters:True
suppress_sort:True
word_length:8
Reference seqs:/home/mark/gitstage/uderica/silage/gg_13_8_otus/rep_set/97_otus.fasta
Num OTUs:381
Num new OTUs:0
Num failures:19288
Result path: /home/mark/gitstage/uderica/silage/V-HMC/Bacteria/raw_data_bacteria/flashed/extended/flash_trim_cat_pick/step1_otus/POTU_Y0Eg_/POTU_Y0Eg_.0_otus.txt
OtuPicker parameters:
Application:uclust
Similarity:0.97
chimeras_retention:union
enable_rev_strand_matching:True
exact:False
max_accepts:1
max_rejects:8
new_cluster_identifier:denovo
next_new_cluster_number:1
optimal:False
output_dir:/home/mark/gitstage/uderica/silage/V-HMC/Bacteria/raw_data_bacteria/flashed/extended/flash_trim_cat_pick/step1_otus/POTU_Y0Eg_
prefilter_identical_sequences:True
presort_by_abundance:True
save_uc_files:True
stable_sort:True
stepwords:8
suppress_new_clusters:True
suppress_sort:True
word_length:8
Reference seqs:/home/mark/gitstage/uderica/silage/gg_13_8_otus/rep_set/97_otus.fasta
Num OTUs:475
Num new OTUs:0
Num failures:26427
Result path: /home/mark/gitstage/uderica/silage/V-HMC/Bacteria/raw_data_bacteria/flashed/extended/flash_trim_cat_pick/step1_otus/POTU_Y0Eg_/POTU_Y0Eg_.1_otus.txt
OtuPicker parameters:
Application:uclust
Similarity:0.97
chimeras_retention:union
enable_rev_strand_matching:True
exact:False
max_accepts:1
max_rejects:8
new_cluster_identifier:denovo
next_new_cluster_number:1
optimal:False
output_dir:/home/mark/gitstage/uderica/silage/V-HMC/Bacteria/raw_data_bacteria/flashed/extended/flash_trim_cat_pick/step1_otus/POTU_Y0Eg_
prefilter_identical_sequences:True
presort_by_abundance:True
save_uc_files:True
stable_sort:True
stepwords:8
suppress_new_clusters:True
suppress_sort:True
word_length:8
Reference seqs:/home/mark/gitstage/uderica/silage/gg_13_8_otus/rep_set/97_otus.fasta
Num OTUs:507
Num new OTUs:0
Num failures:25053
Result path: /home/mark/gitstage/uderica/silage/V-HMC/Bacteria/raw_data_bacteria/flashed/extended/flash_trim_cat_pick/step1_otus/POTU_Y0Eg_/POTU_Y0Eg_.2_otus.txt
OtuPicker parameters:
Application:uclust
Similarity:0.97
chimeras_retention:union
enable_rev_strand_matching:True
exact:False
max_accepts:1
max_rejects:8
new_cluster_identifier:denovo
next_new_cluster_number:1
optimal:False
output_dir:/home/mark/gitstage/uderica/silage/V-HMC/Bacteria/raw_data_bacteria/flashed/extended/flash_trim_cat_pick/step1_otus/POTU_Y0Eg_
prefilter_identical_sequences:True
presort_by_abundance:True
save_uc_files:True
stable_sort:True
stepwords:8
suppress_new_clusters:True
suppress_sort:True
word_length:8
Reference seqs:/home/mark/gitstage/uderica/silage/gg_13_8_otus/rep_set/97_otus.fasta
Num OTUs:465
Num new OTUs:0
Num failures:27619
Result path: /home/mark/gitstage/uderica/silage/V-HMC/Bacteria/raw_data_bacteria/flashed/extended/flash_trim_cat_pick/step1_otus/POTU_Y0Eg_/POTU_Y0Eg_.3_otus.txt
OtuPicker parameters:
Application:uclust
Similarity:0.97
chimeras_retention:union
enable_rev_strand_matching:True
exact:False
max_accepts:1
max_rejects:8
new_cluster_identifier:denovo
next_new_cluster_number:1
optimal:False
output_dir:/home/mark/gitstage/uderica/silage/V-HMC/Bacteria/raw_data_bacteria/flashed/extended/flash_trim_cat_pick/step1_otus/POTU_Y0Eg_
prefilter_identical_sequences:True
presort_by_abundance:True
save_uc_files:True
stable_sort:True
stepwords:8
suppress_new_clusters:True
suppress_sort:True
word_length:8
Reference seqs:/home/mark/gitstage/uderica/silage/gg_13_8_otus/rep_set/97_otus.fasta
Num OTUs:512
Num new OTUs:0
Num failures:25794
Result path: /home/mark/gitstage/uderica/silage/V-HMC/Bacteria/raw_data_bacteria/flashed/extended/flash_trim_cat_pick/step1_otus/POTU_Y0Eg_/POTU_Y0Eg_.4_otus.txt
OtuPicker parameters:
Application:uclust
Similarity:0.97
chimeras_retention:union
enable_rev_strand_matching:True
exact:False
max_accepts:1
max_rejects:8
new_cluster_identifier:denovo
next_new_cluster_number:1
optimal:False
output_dir:/home/mark/gitstage/uderica/silage/V-HMC/Bacteria/raw_data_bacteria/flashed/extended/flash_trim_cat_pick/step1_otus/POTU_Y0Eg_
prefilter_identical_sequences:True
presort_by_abundance:True
save_uc_files:True
stable_sort:True
stepwords:8
suppress_new_clusters:True
suppress_sort:True
word_length:8
Reference seqs:/home/mark/gitstage/uderica/silage/gg_13_8_otus/rep_set/97_otus.fasta
Num OTUs:529
Num new OTUs:0
Num failures:26134
Result path: /home/mark/gitstage/uderica/silage/V-HMC/Bacteria/raw_data_bacteria/flashed/extended/flash_trim_cat_pick/step1_otus/POTU_Y0Eg_/POTU_Y0Eg_.5_otus.txt
