OtuPicker parameters:
Application:uclust
Similarity:0.97
chimeras_retention:union
enable_rev_strand_matching:True
exact:False
max_accepts:1
max_rejects:8
new_cluster_identifier:denovo
next_new_cluster_number:1
optimal:False
output_dir:/home/mark/gitstage/uderica/silage/16s/pairedReads/flashed/extended/flash_trim_cat_pick/step1_otus/POTU_cCID_
prefilter_identical_sequences:True
presort_by_abundance:True
save_uc_files:True
stable_sort:True
stepwords:8
suppress_new_clusters:True
suppress_sort:True
word_length:8
Reference seqs:/home/mark/gitstage/uderica/silage/gg_13_8_otus/rep_set/97_otus.fasta
Num OTUs:1191
Num new OTUs:0
Num failures:31109
Result path: /home/mark/gitstage/uderica/silage/16s/pairedReads/flashed/extended/flash_trim_cat_pick/step1_otus/POTU_cCID_/POTU_cCID_.0_otus.txt
OtuPicker parameters:
Application:uclust
Similarity:0.97
chimeras_retention:union
enable_rev_strand_matching:True
exact:False
max_accepts:1
max_rejects:8
new_cluster_identifier:denovo
next_new_cluster_number:1
optimal:False
output_dir:/home/mark/gitstage/uderica/silage/16s/pairedReads/flashed/extended/flash_trim_cat_pick/step1_otus/POTU_cCID_
prefilter_identical_sequences:True
presort_by_abundance:True
save_uc_files:True
stable_sort:True
stepwords:8
suppress_new_clusters:True
suppress_sort:True
word_length:8
Reference seqs:/home/mark/gitstage/uderica/silage/gg_13_8_otus/rep_set/97_otus.fasta
Num OTUs:309
Num new OTUs:0
Num failures:12812
Result path: /home/mark/gitstage/uderica/silage/16s/pairedReads/flashed/extended/flash_trim_cat_pick/step1_otus/POTU_cCID_/POTU_cCID_.1_otus.txt
OtuPicker parameters:
Application:uclust
Similarity:0.97
chimeras_retention:union
enable_rev_strand_matching:True
exact:False
max_accepts:1
max_rejects:8
new_cluster_identifier:denovo
next_new_cluster_number:1
optimal:False
output_dir:/home/mark/gitstage/uderica/silage/16s/pairedReads/flashed/extended/flash_trim_cat_pick/step1_otus/POTU_cCID_
prefilter_identical_sequences:True
presort_by_abundance:True
save_uc_files:True
stable_sort:True
stepwords:8
suppress_new_clusters:True
suppress_sort:True
word_length:8
Reference seqs:/home/mark/gitstage/uderica/silage/gg_13_8_otus/rep_set/97_otus.fasta
Num OTUs:765
Num new OTUs:0
Num failures:19477
Result path: /home/mark/gitstage/uderica/silage/16s/pairedReads/flashed/extended/flash_trim_cat_pick/step1_otus/POTU_cCID_/POTU_cCID_.2_otus.txt
OtuPicker parameters:
Application:uclust
Similarity:0.97
chimeras_retention:union
enable_rev_strand_matching:True
exact:False
max_accepts:1
max_rejects:8
new_cluster_identifier:denovo
next_new_cluster_number:1
optimal:False
output_dir:/home/mark/gitstage/uderica/silage/16s/pairedReads/flashed/extended/flash_trim_cat_pick/step1_otus/POTU_cCID_
prefilter_identical_sequences:True
presort_by_abundance:True
save_uc_files:True
stable_sort:True
stepwords:8
suppress_new_clusters:True
suppress_sort:True
word_length:8
Reference seqs:/home/mark/gitstage/uderica/silage/gg_13_8_otus/rep_set/97_otus.fasta
Num OTUs:318
Num new OTUs:0
Num failures:10854
Result path: /home/mark/gitstage/uderica/silage/16s/pairedReads/flashed/extended/flash_trim_cat_pick/step1_otus/POTU_cCID_/POTU_cCID_.3_otus.txt
OtuPicker parameters:
Application:uclust
Similarity:0.97
chimeras_retention:union
enable_rev_strand_matching:True
exact:False
max_accepts:1
max_rejects:8
new_cluster_identifier:denovo
next_new_cluster_number:1
optimal:False
output_dir:/home/mark/gitstage/uderica/silage/16s/pairedReads/flashed/extended/flash_trim_cat_pick/step1_otus/POTU_cCID_
prefilter_identical_sequences:True
presort_by_abundance:True
save_uc_files:True
stable_sort:True
stepwords:8
suppress_new_clusters:True
suppress_sort:True
word_length:8
Reference seqs:/home/mark/gitstage/uderica/silage/gg_13_8_otus/rep_set/97_otus.fasta
Num OTUs:389
Num new OTUs:0
Num failures:12272
Result path: /home/mark/gitstage/uderica/silage/16s/pairedReads/flashed/extended/flash_trim_cat_pick/step1_otus/POTU_cCID_/POTU_cCID_.4_otus.txt
OtuPicker parameters:
Application:uclust
Similarity:0.97
chimeras_retention:union
enable_rev_strand_matching:True
exact:False
max_accepts:1
max_rejects:8
new_cluster_identifier:denovo
next_new_cluster_number:1
optimal:False
output_dir:/home/mark/gitstage/uderica/silage/16s/pairedReads/flashed/extended/flash_trim_cat_pick/step1_otus/POTU_cCID_
prefilter_identical_sequences:True
presort_by_abundance:True
save_uc_files:True
stable_sort:True
stepwords:8
suppress_new_clusters:True
suppress_sort:True
word_length:8
Reference seqs:/home/mark/gitstage/uderica/silage/gg_13_8_otus/rep_set/97_otus.fasta
Num OTUs:474
Num new OTUs:0
Num failures:18083
Result path: /home/mark/gitstage/uderica/silage/16s/pairedReads/flashed/extended/flash_trim_cat_pick/step1_otus/POTU_cCID_/POTU_cCID_.5_otus.txt
