OtuPicker parameters:
Application:uclust
Similarity:0.97
chimeras_retention:union
enable_rev_strand_matching:True
exact:False
max_accepts:1
max_rejects:8
new_cluster_identifier:denovo
next_new_cluster_number:1
optimal:False
output_dir:/home/mark/gitstage/uderica/silage/Aer_Comp/Fungi/raw_data_fungi/flashed/extended/flash_trim_cat_pick/step3_otus/POTU_DRXA_
prefilter_identical_sequences:True
presort_by_abundance:True
save_uc_files:True
stable_sort:True
stepwords:8
suppress_new_clusters:True
suppress_sort:True
word_length:8
Reference seqs:/home/mark/gitstage/uderica/silage/Aer_Comp/Fungi/raw_data_fungi/flashed/extended/flash_trim_cat_pick/step2_otus/step2_rep_set.fna
Num OTUs:13
Num new OTUs:0
Num failures:2463
Result path: /home/mark/gitstage/uderica/silage/Aer_Comp/Fungi/raw_data_fungi/flashed/extended/flash_trim_cat_pick/step3_otus/POTU_DRXA_/POTU_DRXA_.0_otus.txt
OtuPicker parameters:
Application:uclust
Similarity:0.97
chimeras_retention:union
enable_rev_strand_matching:True
exact:False
max_accepts:1
max_rejects:8
new_cluster_identifier:denovo
next_new_cluster_number:1
optimal:False
output_dir:/home/mark/gitstage/uderica/silage/Aer_Comp/Fungi/raw_data_fungi/flashed/extended/flash_trim_cat_pick/step3_otus/POTU_DRXA_
prefilter_identical_sequences:True
presort_by_abundance:True
save_uc_files:True
stable_sort:True
stepwords:8
suppress_new_clusters:True
suppress_sort:True
word_length:8
Reference seqs:/home/mark/gitstage/uderica/silage/Aer_Comp/Fungi/raw_data_fungi/flashed/extended/flash_trim_cat_pick/step2_otus/step2_rep_set.fna
Num OTUs:10
Num new OTUs:0
Num failures:537
Result path: /home/mark/gitstage/uderica/silage/Aer_Comp/Fungi/raw_data_fungi/flashed/extended/flash_trim_cat_pick/step3_otus/POTU_DRXA_/POTU_DRXA_.1_otus.txt
OtuPicker parameters:
Application:uclust
Similarity:0.97
chimeras_retention:union
enable_rev_strand_matching:True
exact:False
max_accepts:1
max_rejects:8
new_cluster_identifier:denovo
next_new_cluster_number:1
optimal:False
output_dir:/home/mark/gitstage/uderica/silage/Aer_Comp/Fungi/raw_data_fungi/flashed/extended/flash_trim_cat_pick/step3_otus/POTU_DRXA_
prefilter_identical_sequences:True
presort_by_abundance:True
save_uc_files:True
stable_sort:True
stepwords:8
suppress_new_clusters:True
suppress_sort:True
word_length:8
Reference seqs:/home/mark/gitstage/uderica/silage/Aer_Comp/Fungi/raw_data_fungi/flashed/extended/flash_trim_cat_pick/step2_otus/step2_rep_set.fna
Num OTUs:8
Num new OTUs:0
Num failures:67
Result path: /home/mark/gitstage/uderica/silage/Aer_Comp/Fungi/raw_data_fungi/flashed/extended/flash_trim_cat_pick/step3_otus/POTU_DRXA_/POTU_DRXA_.2_otus.txt
OtuPicker parameters:
Application:uclust
Similarity:0.97
chimeras_retention:union
enable_rev_strand_matching:True
exact:False
max_accepts:1
max_rejects:8
new_cluster_identifier:denovo
next_new_cluster_number:1
optimal:False
output_dir:/home/mark/gitstage/uderica/silage/Aer_Comp/Fungi/raw_data_fungi/flashed/extended/flash_trim_cat_pick/step3_otus/POTU_DRXA_
prefilter_identical_sequences:True
presort_by_abundance:True
save_uc_files:True
stable_sort:True
stepwords:8
suppress_new_clusters:True
suppress_sort:True
word_length:8
Reference seqs:/home/mark/gitstage/uderica/silage/Aer_Comp/Fungi/raw_data_fungi/flashed/extended/flash_trim_cat_pick/step2_otus/step2_rep_set.fna
Num OTUs:14
Num new OTUs:0
Num failures:1929
Result path: /home/mark/gitstage/uderica/silage/Aer_Comp/Fungi/raw_data_fungi/flashed/extended/flash_trim_cat_pick/step3_otus/POTU_DRXA_/POTU_DRXA_.3_otus.txt
OtuPicker parameters:
Application:uclust
Similarity:0.97
chimeras_retention:union
enable_rev_strand_matching:True
exact:False
max_accepts:1
max_rejects:8
new_cluster_identifier:denovo
next_new_cluster_number:1
optimal:False
output_dir:/home/mark/gitstage/uderica/silage/Aer_Comp/Fungi/raw_data_fungi/flashed/extended/flash_trim_cat_pick/step3_otus/POTU_DRXA_
prefilter_identical_sequences:True
presort_by_abundance:True
save_uc_files:True
stable_sort:True
stepwords:8
suppress_new_clusters:True
suppress_sort:True
word_length:8
Reference seqs:/home/mark/gitstage/uderica/silage/Aer_Comp/Fungi/raw_data_fungi/flashed/extended/flash_trim_cat_pick/step2_otus/step2_rep_set.fna
Num OTUs:13
Num new OTUs:0
Num failures:1633
Result path: /home/mark/gitstage/uderica/silage/Aer_Comp/Fungi/raw_data_fungi/flashed/extended/flash_trim_cat_pick/step3_otus/POTU_DRXA_/POTU_DRXA_.4_otus.txt
OtuPicker parameters:
Application:uclust
Similarity:0.97
chimeras_retention:union
enable_rev_strand_matching:True
exact:False
max_accepts:1
max_rejects:8
new_cluster_identifier:denovo
next_new_cluster_number:1
optimal:False
output_dir:/home/mark/gitstage/uderica/silage/Aer_Comp/Fungi/raw_data_fungi/flashed/extended/flash_trim_cat_pick/step3_otus/POTU_DRXA_
prefilter_identical_sequences:True
presort_by_abundance:True
save_uc_files:True
stable_sort:True
stepwords:8
suppress_new_clusters:True
suppress_sort:True
word_length:8
Reference seqs:/home/mark/gitstage/uderica/silage/Aer_Comp/Fungi/raw_data_fungi/flashed/extended/flash_trim_cat_pick/step2_otus/step2_rep_set.fna
Num OTUs:12
Num new OTUs:0
Num failures:2829
Result path: /home/mark/gitstage/uderica/silage/Aer_Comp/Fungi/raw_data_fungi/flashed/extended/flash_trim_cat_pick/step3_otus/POTU_DRXA_/POTU_DRXA_.5_otus.txt
