OtuPicker parameters:
Application:uclust
Similarity:0.97
chimeras_retention:union
enable_rev_strand_matching:True
exact:False
max_accepts:1
max_rejects:8
new_cluster_identifier:denovo
next_new_cluster_number:1
optimal:False
output_dir:/home/mark/gitstage/uderica/silage/V-HMC/Bacteria/raw_data_bacteria/flashed/extended/flash_trim_cat_pick/step3_otus/POTU_1UWa_
prefilter_identical_sequences:True
presort_by_abundance:True
save_uc_files:True
stable_sort:True
stepwords:8
suppress_new_clusters:True
suppress_sort:True
word_length:8
Reference seqs:/home/mark/gitstage/uderica/silage/V-HMC/Bacteria/raw_data_bacteria/flashed/extended/flash_trim_cat_pick/step2_otus/step2_rep_set.fna
Num OTUs:67
Num new OTUs:0
Num failures:7444
Result path: /home/mark/gitstage/uderica/silage/V-HMC/Bacteria/raw_data_bacteria/flashed/extended/flash_trim_cat_pick/step3_otus/POTU_1UWa_/POTU_1UWa_.0_otus.txt
OtuPicker parameters:
Application:uclust
Similarity:0.97
chimeras_retention:union
enable_rev_strand_matching:True
exact:False
max_accepts:1
max_rejects:8
new_cluster_identifier:denovo
next_new_cluster_number:1
optimal:False
output_dir:/home/mark/gitstage/uderica/silage/V-HMC/Bacteria/raw_data_bacteria/flashed/extended/flash_trim_cat_pick/step3_otus/POTU_1UWa_
prefilter_identical_sequences:True
presort_by_abundance:True
save_uc_files:True
stable_sort:True
stepwords:8
suppress_new_clusters:True
suppress_sort:True
word_length:8
Reference seqs:/home/mark/gitstage/uderica/silage/V-HMC/Bacteria/raw_data_bacteria/flashed/extended/flash_trim_cat_pick/step2_otus/step2_rep_set.fna
Num OTUs:69
Num new OTUs:0
Num failures:7604
Result path: /home/mark/gitstage/uderica/silage/V-HMC/Bacteria/raw_data_bacteria/flashed/extended/flash_trim_cat_pick/step3_otus/POTU_1UWa_/POTU_1UWa_.1_otus.txt
OtuPicker parameters:
Application:uclust
Similarity:0.97
chimeras_retention:union
enable_rev_strand_matching:True
exact:False
max_accepts:1
max_rejects:8
new_cluster_identifier:denovo
next_new_cluster_number:1
optimal:False
output_dir:/home/mark/gitstage/uderica/silage/V-HMC/Bacteria/raw_data_bacteria/flashed/extended/flash_trim_cat_pick/step3_otus/POTU_1UWa_
prefilter_identical_sequences:True
presort_by_abundance:True
save_uc_files:True
stable_sort:True
stepwords:8
suppress_new_clusters:True
suppress_sort:True
word_length:8
Reference seqs:/home/mark/gitstage/uderica/silage/V-HMC/Bacteria/raw_data_bacteria/flashed/extended/flash_trim_cat_pick/step2_otus/step2_rep_set.fna
Num OTUs:67
Num new OTUs:0
Num failures:7298
Result path: /home/mark/gitstage/uderica/silage/V-HMC/Bacteria/raw_data_bacteria/flashed/extended/flash_trim_cat_pick/step3_otus/POTU_1UWa_/POTU_1UWa_.2_otus.txt
OtuPicker parameters:
Application:uclust
Similarity:0.97
chimeras_retention:union
enable_rev_strand_matching:True
exact:False
max_accepts:1
max_rejects:8
new_cluster_identifier:denovo
next_new_cluster_number:1
optimal:False
output_dir:/home/mark/gitstage/uderica/silage/V-HMC/Bacteria/raw_data_bacteria/flashed/extended/flash_trim_cat_pick/step3_otus/POTU_1UWa_
prefilter_identical_sequences:True
presort_by_abundance:True
save_uc_files:True
stable_sort:True
stepwords:8
suppress_new_clusters:True
suppress_sort:True
word_length:8
Reference seqs:/home/mark/gitstage/uderica/silage/V-HMC/Bacteria/raw_data_bacteria/flashed/extended/flash_trim_cat_pick/step2_otus/step2_rep_set.fna
Num OTUs:65
Num new OTUs:0
Num failures:8526
Result path: /home/mark/gitstage/uderica/silage/V-HMC/Bacteria/raw_data_bacteria/flashed/extended/flash_trim_cat_pick/step3_otus/POTU_1UWa_/POTU_1UWa_.3_otus.txt
OtuPicker parameters:
Application:uclust
Similarity:0.97
chimeras_retention:union
enable_rev_strand_matching:True
exact:False
max_accepts:1
max_rejects:8
new_cluster_identifier:denovo
next_new_cluster_number:1
optimal:False
output_dir:/home/mark/gitstage/uderica/silage/V-HMC/Bacteria/raw_data_bacteria/flashed/extended/flash_trim_cat_pick/step3_otus/POTU_1UWa_
prefilter_identical_sequences:True
presort_by_abundance:True
save_uc_files:True
stable_sort:True
stepwords:8
suppress_new_clusters:True
suppress_sort:True
word_length:8
Reference seqs:/home/mark/gitstage/uderica/silage/V-HMC/Bacteria/raw_data_bacteria/flashed/extended/flash_trim_cat_pick/step2_otus/step2_rep_set.fna
Num OTUs:69
Num new OTUs:0
Num failures:8410
Result path: /home/mark/gitstage/uderica/silage/V-HMC/Bacteria/raw_data_bacteria/flashed/extended/flash_trim_cat_pick/step3_otus/POTU_1UWa_/POTU_1UWa_.4_otus.txt
OtuPicker parameters:
Application:uclust
Similarity:0.97
chimeras_retention:union
enable_rev_strand_matching:True
exact:False
max_accepts:1
max_rejects:8
new_cluster_identifier:denovo
next_new_cluster_number:1
optimal:False
output_dir:/home/mark/gitstage/uderica/silage/V-HMC/Bacteria/raw_data_bacteria/flashed/extended/flash_trim_cat_pick/step3_otus/POTU_1UWa_
prefilter_identical_sequences:True
presort_by_abundance:True
save_uc_files:True
stable_sort:True
stepwords:8
suppress_new_clusters:True
suppress_sort:True
word_length:8
Reference seqs:/home/mark/gitstage/uderica/silage/V-HMC/Bacteria/raw_data_bacteria/flashed/extended/flash_trim_cat_pick/step2_otus/step2_rep_set.fna
Num OTUs:66
Num new OTUs:0
Num failures:9025
Result path: /home/mark/gitstage/uderica/silage/V-HMC/Bacteria/raw_data_bacteria/flashed/extended/flash_trim_cat_pick/step3_otus/POTU_1UWa_/POTU_1UWa_.5_otus.txt
