OtuPicker parameters:
Application:uclust
Similarity:0.97
chimeras_retention:union
enable_rev_strand_matching:True
exact:False
max_accepts:1
max_rejects:8
new_cluster_identifier:denovo
next_new_cluster_number:1
optimal:False
output_dir:otus/step3_otus/POTU_qKht_
prefilter_identical_sequences:True
presort_by_abundance:True
save_uc_files:True
stable_sort:True
stepwords:8
suppress_new_clusters:True
suppress_sort:True
word_length:8
Reference seqs:/home/mark/gitstage/uderica/temp/otus/step2_otus/step2_rep_set.fna
Num OTUs:23
Num new OTUs:0
Num failures:4871
Result path: otus/step3_otus/POTU_qKht_/POTU_qKht_.0_otus.txt
OtuPicker parameters:
Application:uclust
Similarity:0.97
chimeras_retention:union
enable_rev_strand_matching:True
exact:False
max_accepts:1
max_rejects:8
new_cluster_identifier:denovo
next_new_cluster_number:1
optimal:False
output_dir:otus/step3_otus/POTU_qKht_
prefilter_identical_sequences:True
presort_by_abundance:True
save_uc_files:True
stable_sort:True
stepwords:8
suppress_new_clusters:True
suppress_sort:True
word_length:8
Reference seqs:/home/mark/gitstage/uderica/temp/otus/step2_otus/step2_rep_set.fna
Num OTUs:21
Num new OTUs:0
Num failures:3540
Result path: otus/step3_otus/POTU_qKht_/POTU_qKht_.1_otus.txt
OtuPicker parameters:
Application:uclust
Similarity:0.97
chimeras_retention:union
enable_rev_strand_matching:True
exact:False
max_accepts:1
max_rejects:8
new_cluster_identifier:denovo
next_new_cluster_number:1
optimal:False
output_dir:otus/step3_otus/POTU_qKht_
prefilter_identical_sequences:True
presort_by_abundance:True
save_uc_files:True
stable_sort:True
stepwords:8
suppress_new_clusters:True
suppress_sort:True
word_length:8
Reference seqs:/home/mark/gitstage/uderica/temp/otus/step2_otus/step2_rep_set.fna
Num OTUs:25
Num new OTUs:0
Num failures:2963
Result path: otus/step3_otus/POTU_qKht_/POTU_qKht_.2_otus.txt
OtuPicker parameters:
Application:uclust
Similarity:0.97
chimeras_retention:union
enable_rev_strand_matching:True
exact:False
max_accepts:1
max_rejects:8
new_cluster_identifier:denovo
next_new_cluster_number:1
optimal:False
output_dir:otus/step3_otus/POTU_qKht_
prefilter_identical_sequences:True
presort_by_abundance:True
save_uc_files:True
stable_sort:True
stepwords:8
suppress_new_clusters:True
suppress_sort:True
word_length:8
Reference seqs:/home/mark/gitstage/uderica/temp/otus/step2_otus/step2_rep_set.fna
Num OTUs:12
Num new OTUs:0
Num failures:800
Result path: otus/step3_otus/POTU_qKht_/POTU_qKht_.3_otus.txt
OtuPicker parameters:
Application:uclust
Similarity:0.97
chimeras_retention:union
enable_rev_strand_matching:True
exact:False
max_accepts:1
max_rejects:8
new_cluster_identifier:denovo
next_new_cluster_number:1
optimal:False
output_dir:otus/step3_otus/POTU_qKht_
prefilter_identical_sequences:True
presort_by_abundance:True
save_uc_files:True
stable_sort:True
stepwords:8
suppress_new_clusters:True
suppress_sort:True
word_length:8
Reference seqs:/home/mark/gitstage/uderica/temp/otus/step2_otus/step2_rep_set.fna
Num OTUs:25
Num new OTUs:0
Num failures:2435
Result path: otus/step3_otus/POTU_qKht_/POTU_qKht_.4_otus.txt
OtuPicker parameters:
Application:uclust
Similarity:0.97
chimeras_retention:union
enable_rev_strand_matching:True
exact:False
max_accepts:1
max_rejects:8
new_cluster_identifier:denovo
next_new_cluster_number:1
optimal:False
output_dir:otus/step3_otus/POTU_qKht_
prefilter_identical_sequences:True
presort_by_abundance:True
save_uc_files:True
stable_sort:True
stepwords:8
suppress_new_clusters:True
suppress_sort:True
word_length:8
Reference seqs:/home/mark/gitstage/uderica/temp/otus/step2_otus/step2_rep_set.fna
Num OTUs:7
Num new OTUs:0
Num failures:606
Result path: otus/step3_otus/POTU_qKht_/POTU_qKht_.5_otus.txt
