OtuPicker parameters:
Application:uclust
Similarity:0.97
chimeras_retention:union
enable_rev_strand_matching:True
exact:False
max_accepts:1
max_rejects:8
new_cluster_identifier:denovo
next_new_cluster_number:1
optimal:False
output_dir:/home/mark/gitstage/uderica/silage/LalStress/Fungi/raw_data_fungi/flashed/extended/flash_trim_cat_pick/step3_otus/POTU_BIos_
prefilter_identical_sequences:True
presort_by_abundance:True
save_uc_files:True
stable_sort:True
stepwords:8
suppress_new_clusters:True
suppress_sort:True
word_length:8
Reference seqs:/home/mark/gitstage/uderica/silage/LalStress/Fungi/raw_data_fungi/flashed/extended/flash_trim_cat_pick/step2_otus/step2_rep_set.fna
Num OTUs:31
Num new OTUs:0
Num failures:6769
Result path: /home/mark/gitstage/uderica/silage/LalStress/Fungi/raw_data_fungi/flashed/extended/flash_trim_cat_pick/step3_otus/POTU_BIos_/POTU_BIos_.0_otus.txt
OtuPicker parameters:
Application:uclust
Similarity:0.97
chimeras_retention:union
enable_rev_strand_matching:True
exact:False
max_accepts:1
max_rejects:8
new_cluster_identifier:denovo
next_new_cluster_number:1
optimal:False
output_dir:/home/mark/gitstage/uderica/silage/LalStress/Fungi/raw_data_fungi/flashed/extended/flash_trim_cat_pick/step3_otus/POTU_BIos_
prefilter_identical_sequences:True
presort_by_abundance:True
save_uc_files:True
stable_sort:True
stepwords:8
suppress_new_clusters:True
suppress_sort:True
word_length:8
Reference seqs:/home/mark/gitstage/uderica/silage/LalStress/Fungi/raw_data_fungi/flashed/extended/flash_trim_cat_pick/step2_otus/step2_rep_set.fna
Num OTUs:18
Num new OTUs:0
Num failures:2384
Result path: /home/mark/gitstage/uderica/silage/LalStress/Fungi/raw_data_fungi/flashed/extended/flash_trim_cat_pick/step3_otus/POTU_BIos_/POTU_BIos_.1_otus.txt
OtuPicker parameters:
Application:uclust
Similarity:0.97
chimeras_retention:union
enable_rev_strand_matching:True
exact:False
max_accepts:1
max_rejects:8
new_cluster_identifier:denovo
next_new_cluster_number:1
optimal:False
output_dir:/home/mark/gitstage/uderica/silage/LalStress/Fungi/raw_data_fungi/flashed/extended/flash_trim_cat_pick/step3_otus/POTU_BIos_
prefilter_identical_sequences:True
presort_by_abundance:True
save_uc_files:True
stable_sort:True
stepwords:8
suppress_new_clusters:True
suppress_sort:True
word_length:8
Reference seqs:/home/mark/gitstage/uderica/silage/LalStress/Fungi/raw_data_fungi/flashed/extended/flash_trim_cat_pick/step2_otus/step2_rep_set.fna
Num OTUs:24
Num new OTUs:0
Num failures:6962
Result path: /home/mark/gitstage/uderica/silage/LalStress/Fungi/raw_data_fungi/flashed/extended/flash_trim_cat_pick/step3_otus/POTU_BIos_/POTU_BIos_.2_otus.txt
OtuPicker parameters:
Application:uclust
Similarity:0.97
chimeras_retention:union
enable_rev_strand_matching:True
exact:False
max_accepts:1
max_rejects:8
new_cluster_identifier:denovo
next_new_cluster_number:1
optimal:False
output_dir:/home/mark/gitstage/uderica/silage/LalStress/Fungi/raw_data_fungi/flashed/extended/flash_trim_cat_pick/step3_otus/POTU_BIos_
prefilter_identical_sequences:True
presort_by_abundance:True
save_uc_files:True
stable_sort:True
stepwords:8
suppress_new_clusters:True
suppress_sort:True
word_length:8
Reference seqs:/home/mark/gitstage/uderica/silage/LalStress/Fungi/raw_data_fungi/flashed/extended/flash_trim_cat_pick/step2_otus/step2_rep_set.fna
Num OTUs:26
Num new OTUs:0
Num failures:4284
Result path: /home/mark/gitstage/uderica/silage/LalStress/Fungi/raw_data_fungi/flashed/extended/flash_trim_cat_pick/step3_otus/POTU_BIos_/POTU_BIos_.3_otus.txt
OtuPicker parameters:
Application:uclust
Similarity:0.97
chimeras_retention:union
enable_rev_strand_matching:True
exact:False
max_accepts:1
max_rejects:8
new_cluster_identifier:denovo
next_new_cluster_number:1
optimal:False
output_dir:/home/mark/gitstage/uderica/silage/LalStress/Fungi/raw_data_fungi/flashed/extended/flash_trim_cat_pick/step3_otus/POTU_BIos_
prefilter_identical_sequences:True
presort_by_abundance:True
save_uc_files:True
stable_sort:True
stepwords:8
suppress_new_clusters:True
suppress_sort:True
word_length:8
Reference seqs:/home/mark/gitstage/uderica/silage/LalStress/Fungi/raw_data_fungi/flashed/extended/flash_trim_cat_pick/step2_otus/step2_rep_set.fna
Num OTUs:24
Num new OTUs:0
Num failures:4970
Result path: /home/mark/gitstage/uderica/silage/LalStress/Fungi/raw_data_fungi/flashed/extended/flash_trim_cat_pick/step3_otus/POTU_BIos_/POTU_BIos_.4_otus.txt
OtuPicker parameters:
Application:uclust
Similarity:0.97
chimeras_retention:union
enable_rev_strand_matching:True
exact:False
max_accepts:1
max_rejects:8
new_cluster_identifier:denovo
next_new_cluster_number:1
optimal:False
output_dir:/home/mark/gitstage/uderica/silage/LalStress/Fungi/raw_data_fungi/flashed/extended/flash_trim_cat_pick/step3_otus/POTU_BIos_
prefilter_identical_sequences:True
presort_by_abundance:True
save_uc_files:True
stable_sort:True
stepwords:8
suppress_new_clusters:True
suppress_sort:True
word_length:8
Reference seqs:/home/mark/gitstage/uderica/silage/LalStress/Fungi/raw_data_fungi/flashed/extended/flash_trim_cat_pick/step2_otus/step2_rep_set.fna
Num OTUs:6
Num new OTUs:0
Num failures:741
Result path: /home/mark/gitstage/uderica/silage/LalStress/Fungi/raw_data_fungi/flashed/extended/flash_trim_cat_pick/step3_otus/POTU_BIos_/POTU_BIos_.5_otus.txt
