OtuPicker parameters:
Application:uclust
Similarity:0.97
chimeras_retention:union
enable_rev_strand_matching:True
exact:False
max_accepts:1
max_rejects:8
new_cluster_identifier:denovo
next_new_cluster_number:1
optimal:False
output_dir:/home/mark/gitstage/uderica/silage/V-HMC/Fungi/raw_data_fungi/flashed/extended/flash_trim_cat_pick/step1_otus/POTU_ZG2B_
prefilter_identical_sequences:True
presort_by_abundance:True
save_uc_files:True
stable_sort:True
stepwords:8
suppress_new_clusters:True
suppress_sort:True
word_length:8
Reference seqs:/home/mark/gitstage/uderica/silage/its_12_11_otus/rep_set/97_otus.fasta
Num OTUs:153
Num new OTUs:0
Num failures:63271
Result path: /home/mark/gitstage/uderica/silage/V-HMC/Fungi/raw_data_fungi/flashed/extended/flash_trim_cat_pick/step1_otus/POTU_ZG2B_/POTU_ZG2B_.0_otus.txt
OtuPicker parameters:
Application:uclust
Similarity:0.97
chimeras_retention:union
enable_rev_strand_matching:True
exact:False
max_accepts:1
max_rejects:8
new_cluster_identifier:denovo
next_new_cluster_number:1
optimal:False
output_dir:/home/mark/gitstage/uderica/silage/V-HMC/Fungi/raw_data_fungi/flashed/extended/flash_trim_cat_pick/step1_otus/POTU_ZG2B_
prefilter_identical_sequences:True
presort_by_abundance:True
save_uc_files:True
stable_sort:True
stepwords:8
suppress_new_clusters:True
suppress_sort:True
word_length:8
Reference seqs:/home/mark/gitstage/uderica/silage/its_12_11_otus/rep_set/97_otus.fasta
Num OTUs:164
Num new OTUs:0
Num failures:16275
Result path: /home/mark/gitstage/uderica/silage/V-HMC/Fungi/raw_data_fungi/flashed/extended/flash_trim_cat_pick/step1_otus/POTU_ZG2B_/POTU_ZG2B_.1_otus.txt
OtuPicker parameters:
Application:uclust
Similarity:0.97
chimeras_retention:union
enable_rev_strand_matching:True
exact:False
max_accepts:1
max_rejects:8
new_cluster_identifier:denovo
next_new_cluster_number:1
optimal:False
output_dir:/home/mark/gitstage/uderica/silage/V-HMC/Fungi/raw_data_fungi/flashed/extended/flash_trim_cat_pick/step1_otus/POTU_ZG2B_
prefilter_identical_sequences:True
presort_by_abundance:True
save_uc_files:True
stable_sort:True
stepwords:8
suppress_new_clusters:True
suppress_sort:True
word_length:8
Reference seqs:/home/mark/gitstage/uderica/silage/its_12_11_otus/rep_set/97_otus.fasta
Num OTUs:148
Num new OTUs:0
Num failures:25054
Result path: /home/mark/gitstage/uderica/silage/V-HMC/Fungi/raw_data_fungi/flashed/extended/flash_trim_cat_pick/step1_otus/POTU_ZG2B_/POTU_ZG2B_.2_otus.txt
OtuPicker parameters:
Application:uclust
Similarity:0.97
chimeras_retention:union
enable_rev_strand_matching:True
exact:False
max_accepts:1
max_rejects:8
new_cluster_identifier:denovo
next_new_cluster_number:1
optimal:False
output_dir:/home/mark/gitstage/uderica/silage/V-HMC/Fungi/raw_data_fungi/flashed/extended/flash_trim_cat_pick/step1_otus/POTU_ZG2B_
prefilter_identical_sequences:True
presort_by_abundance:True
save_uc_files:True
stable_sort:True
stepwords:8
suppress_new_clusters:True
suppress_sort:True
word_length:8
Reference seqs:/home/mark/gitstage/uderica/silage/its_12_11_otus/rep_set/97_otus.fasta
Num OTUs:123
Num new OTUs:0
Num failures:15153
Result path: /home/mark/gitstage/uderica/silage/V-HMC/Fungi/raw_data_fungi/flashed/extended/flash_trim_cat_pick/step1_otus/POTU_ZG2B_/POTU_ZG2B_.3_otus.txt
OtuPicker parameters:
Application:uclust
Similarity:0.97
chimeras_retention:union
enable_rev_strand_matching:True
exact:False
max_accepts:1
max_rejects:8
new_cluster_identifier:denovo
next_new_cluster_number:1
optimal:False
output_dir:/home/mark/gitstage/uderica/silage/V-HMC/Fungi/raw_data_fungi/flashed/extended/flash_trim_cat_pick/step1_otus/POTU_ZG2B_
prefilter_identical_sequences:True
presort_by_abundance:True
save_uc_files:True
stable_sort:True
stepwords:8
suppress_new_clusters:True
suppress_sort:True
word_length:8
Reference seqs:/home/mark/gitstage/uderica/silage/its_12_11_otus/rep_set/97_otus.fasta
Num OTUs:51
Num new OTUs:0
Num failures:8190
Result path: /home/mark/gitstage/uderica/silage/V-HMC/Fungi/raw_data_fungi/flashed/extended/flash_trim_cat_pick/step1_otus/POTU_ZG2B_/POTU_ZG2B_.4_otus.txt
OtuPicker parameters:
Application:uclust
Similarity:0.97
chimeras_retention:union
enable_rev_strand_matching:True
exact:False
max_accepts:1
max_rejects:8
new_cluster_identifier:denovo
next_new_cluster_number:1
optimal:False
output_dir:/home/mark/gitstage/uderica/silage/V-HMC/Fungi/raw_data_fungi/flashed/extended/flash_trim_cat_pick/step1_otus/POTU_ZG2B_
prefilter_identical_sequences:True
presort_by_abundance:True
save_uc_files:True
stable_sort:True
stepwords:8
suppress_new_clusters:True
suppress_sort:True
word_length:8
Reference seqs:/home/mark/gitstage/uderica/silage/its_12_11_otus/rep_set/97_otus.fasta
Num OTUs:79
Num new OTUs:0
Num failures:46541
Result path: /home/mark/gitstage/uderica/silage/V-HMC/Fungi/raw_data_fungi/flashed/extended/flash_trim_cat_pick/step1_otus/POTU_ZG2B_/POTU_ZG2B_.5_otus.txt
