BlastTaxonAssigner parameters:
Application:blastn/megablast
Max E value:0.001
Min percent identity:90.0
blast_db:/home/mark/gitstage/uderica/silage/V-HMC/Fungi/raw_data_fungi/flashed/extended/flash_trim_cat_pick/blast_assigned_taxonomy/BTA_hF4Ba_/97_otus.fasta
id_to_taxonomy_filepath:/home/mark/gitstage/uderica/silage/its_12_11_otus/taxonomy/97_otu_taxonomy.txt
Number of sequences inspected: 138
Number with no blast hits: 0
Result path: /tmp/assign-taxJi7kM_
BlastTaxonAssigner parameters:
Application:blastn/megablast
Max E value:0.001
Min percent identity:90.0
blast_db:/home/mark/gitstage/uderica/silage/V-HMC/Fungi/raw_data_fungi/flashed/extended/flash_trim_cat_pick/blast_assigned_taxonomy/BTA_hF4Ba_/97_otus.fasta
id_to_taxonomy_filepath:/home/mark/gitstage/uderica/silage/its_12_11_otus/taxonomy/97_otu_taxonomy.txt
Number of sequences inspected: 138
Number with no blast hits: 1
Result path: /tmp/assign-taxCaixUv
BlastTaxonAssigner parameters:
Application:blastn/megablast
Max E value:0.001
Min percent identity:90.0
blast_db:/home/mark/gitstage/uderica/silage/V-HMC/Fungi/raw_data_fungi/flashed/extended/flash_trim_cat_pick/blast_assigned_taxonomy/BTA_hF4Ba_/97_otus.fasta
id_to_taxonomy_filepath:/home/mark/gitstage/uderica/silage/its_12_11_otus/taxonomy/97_otu_taxonomy.txt
Number of sequences inspected: 138
Number with no blast hits: 0
Result path: /tmp/assign-taxHNJQGA
BlastTaxonAssigner parameters:
Application:blastn/megablast
Max E value:0.001
Min percent identity:90.0
blast_db:/home/mark/gitstage/uderica/silage/V-HMC/Fungi/raw_data_fungi/flashed/extended/flash_trim_cat_pick/blast_assigned_taxonomy/BTA_hF4Ba_/97_otus.fasta
id_to_taxonomy_filepath:/home/mark/gitstage/uderica/silage/its_12_11_otus/taxonomy/97_otu_taxonomy.txt
Number of sequences inspected: 138
Number with no blast hits: 4
Result path: /tmp/assign-taxRdl4rd
BlastTaxonAssigner parameters:
Application:blastn/megablast
Max E value:0.001
Min percent identity:90.0
blast_db:/home/mark/gitstage/uderica/silage/V-HMC/Fungi/raw_data_fungi/flashed/extended/flash_trim_cat_pick/blast_assigned_taxonomy/BTA_hF4Ba_/97_otus.fasta
id_to_taxonomy_filepath:/home/mark/gitstage/uderica/silage/its_12_11_otus/taxonomy/97_otu_taxonomy.txt
Number of sequences inspected: 138
Number with no blast hits: 1
Result path: /tmp/assign-taxNFLp9v
BlastTaxonAssigner parameters:
Application:blastn/megablast
Max E value:0.001
Min percent identity:90.0
blast_db:/home/mark/gitstage/uderica/silage/V-HMC/Fungi/raw_data_fungi/flashed/extended/flash_trim_cat_pick/blast_assigned_taxonomy/BTA_hF4Ba_/97_otus.fasta
id_to_taxonomy_filepath:/home/mark/gitstage/uderica/silage/its_12_11_otus/taxonomy/97_otu_taxonomy.txt
Number of sequences inspected: 134
Number with no blast hits: 2
Result path: /tmp/assign-taxTP87Vl
