[2017-09-13 04:03:22,306] multiqc                                            [DEBUG  ]  No MultiQC config found: /usr/local/lib/python2.7/dist-packages/multiqc_config.yaml
[2017-09-13 04:03:22,306] multiqc                                            [DEBUG  ]  No MultiQC config found: /home/mark/.multiqc_config.yaml
[2017-09-13 04:03:22,308] multiqc                                            [DEBUG  ]  Loading config settings from: multiqc_config.yaml
[2017-09-13 04:03:22,308] multiqc                                            [DEBUG  ]  New config 'read_count_prefix': K
[2017-09-13 04:03:22,309] multiqc                                            [DEBUG  ]  New config 'read_count_multiplier': 0.001
[2017-09-13 04:03:22,309] multiqc                                            [DEBUG  ]  New config 'read_count_desc': thousands
[2017-09-13 04:03:22,309] multiqc                                            [DEBUG  ]  Loading config settings from: /home/mark/gitstage/uderica/nordqiime/multiqc_config.yaml
[2017-09-13 04:03:22,309] multiqc                                            [DEBUG  ]  New config 'read_count_prefix': K
[2017-09-13 04:03:22,309] multiqc                                            [DEBUG  ]  New config 'read_count_multiplier': 0.001
[2017-09-13 04:03:22,310] multiqc                                            [DEBUG  ]  New config 'read_count_desc': thousands
[2017-09-13 04:03:22,310] multiqc                                            [DEBUG  ]  Command used: /usr/local/bin/multiqc --config /home/mark/gitstage/uderica/nordqiime/multiqc_config.yaml /home/mark/gitstage/uderica/nordqiime/Aer_Comp/Aer_Comp_Fungi/raw_data/extendedFrags/ -o /home/mark/gitstage/uderica/nordqiime/Aer_Comp/Aer_Comp_Fungi/raw_data/extendedFrags/
[2017-09-13 04:03:22,868] multiqc                                            [WARNING]  MultiQC Version v1.2 now available!
[2017-09-13 04:03:22,868] multiqc                                            [INFO   ]  This is MultiQC v1.1
[2017-09-13 04:03:22,868] multiqc                                            [DEBUG  ]  Command     : /usr/local/bin/multiqc --config /home/mark/gitstage/uderica/nordqiime/multiqc_config.yaml /home/mark/gitstage/uderica/nordqiime/Aer_Comp/Aer_Comp_Fungi/raw_data/extendedFrags/ -o /home/mark/gitstage/uderica/nordqiime/Aer_Comp/Aer_Comp_Fungi/raw_data/extendedFrags/
[2017-09-13 04:03:22,869] multiqc                                            [DEBUG  ]  Working dir : /home/mark/gitstage/uderica/nordqiime
[2017-09-13 04:03:22,869] multiqc                                            [INFO   ]  Template    : default
[2017-09-13 04:03:22,869] multiqc                                            [INFO   ]  Searching '/home/mark/gitstage/uderica/nordqiime/Aer_Comp/Aer_Comp_Fungi/raw_data/extendedFrags/'
[2017-09-13 04:03:22,870] multiqc                                            [DEBUG  ]  Analysing modules: custom_content, conpair, peddy, methylQA, qualimap, preseq, quast, qorts, rna_seqc, rseqc, busco, goleft_indexcov, disambiguate, homer, macs2, theta2, snpeff, gatk, htseq, bcftools, featureCounts, picard, prokka, samblaster, samtools, bamtools, jellyfish, bismark, hicup, salmon, kallisto, slamdunk, star, hisat2, tophat, bowtie2, bowtie1, adapterRemoval, cutadapt, flexbar, trimmomatic, skewer, sortmerna, biobloomtools, fastq_screen, fastqc, clusterflow
[2017-09-13 04:03:22,870] multiqc                                            [DEBUG  ]  Using temporary directory for creating report: /tmp/tmpISlGxJ
[2017-09-13 04:03:22,907] multiqc                                            [DEBUG  ]  Ignoring file as matched an ignore pattern: 678.notCombined_2.fastq
[2017-09-13 04:03:22,907] multiqc                                            [DEBUG  ]  Ignoring file as matched an ignore pattern: 664.extendedFrags.fastq
[2017-09-13 04:03:22,907] multiqc                                            [DEBUG  ]  Ignoring file as matched an ignore pattern: 657.extendedFrags.fastq
[2017-09-13 04:03:22,907] multiqc                                            [DEBUG  ]  Ignoring file as matched an ignore pattern: 659.extendedFrags_fastqc.html
[2017-09-13 04:03:22,907] multiqc                                            [DEBUG  ]  Ignoring file as matched an ignore pattern: 664.extendedFrags_fastqc.html
[2017-09-13 04:03:22,907] multiqc                                            [DEBUG  ]  Ignoring file as matched an ignore pattern: 658.notCombined_1.fastq
[2017-09-13 04:03:22,907] multiqc                                            [DEBUG  ]  Ignoring file as matched an ignore pattern: 695.notCombined_2.fastq
[2017-09-13 04:03:22,908] multiqc                                            [DEBUG  ]  Ignoring file as matched an ignore pattern: 674.notCombined_1.fastq
[2017-09-13 04:03:22,925] multiqc                                            [DEBUG  ]  Ignoring file as matched an ignore pattern: 657.notCombined_1.fastq
[2017-09-13 04:03:22,926] multiqc                                            [DEBUG  ]  Ignoring file as matched an ignore pattern: 699.extendedFrags.fastq
[2017-09-13 04:03:22,931] multiqc                                            [DEBUG  ]  Ignoring file as matched an ignore pattern: 660.notCombined_1.fastq
[2017-09-13 04:03:22,937] multiqc                                            [DEBUG  ]  Ignoring file as matched an ignore pattern: 670.extendedFrags_fastqc.html
[2017-09-13 04:03:22,957] multiqc                                            [DEBUG  ]  Ignoring file as matched an ignore pattern: 660.extendedFrags_fastqc.html
[2017-09-13 04:03:22,957] multiqc                                            [DEBUG  ]  Ignoring file as matched an ignore pattern: 662.notCombined_2.fastq
[2017-09-13 04:03:22,957] multiqc                                            [DEBUG  ]  Ignoring file as matched an ignore pattern: 672.extendedFrags.fastq
[2017-09-13 04:03:22,969] multiqc                                            [DEBUG  ]  Ignoring file as matched an ignore pattern: 697.notCombined_1.fastq
[2017-09-13 04:03:22,969] multiqc                                            [DEBUG  ]  Ignoring file as matched an ignore pattern: 680.extendedFrags_fastqc.html
[2017-09-13 04:03:22,969] multiqc                                            [DEBUG  ]  Ignoring file as matched an ignore pattern: 660.extendedFrags.fastq
[2017-09-13 04:03:22,969] multiqc                                            [DEBUG  ]  Ignoring file as matched an ignore pattern: 698.notCombined_2.fastq
[2017-09-13 04:03:22,969] multiqc                                            [DEBUG  ]  Ignoring file as matched an ignore pattern: 669.extendedFrags_fastqc.html
[2017-09-13 04:03:22,969] multiqc                                            [DEBUG  ]  Ignoring file as matched an ignore pattern: 692.notCombined_1.fastq
[2017-09-13 04:03:22,970] multiqc                                            [DEBUG  ]  Ignoring file as matched an ignore pattern: 658.extendedFrags_fastqc.html
[2017-09-13 04:03:22,970] multiqc                                            [DEBUG  ]  Ignoring file as matched an ignore pattern: 664.notCombined_2.fastq
[2017-09-13 04:03:22,988] multiqc                                            [DEBUG  ]  Ignoring file as matched an ignore pattern: 692.extendedFrags.fastq
[2017-09-13 04:03:22,988] multiqc                                            [DEBUG  ]  Ignoring file as matched an ignore pattern: 677.extendedFrags_fastqc.html
[2017-09-13 04:03:22,988] multiqc                                            [DEBUG  ]  Ignoring file as matched an ignore pattern: 678.extendedFrags_fastqc.html
[2017-09-13 04:03:22,988] multiqc                                            [DEBUG  ]  Ignoring file as matched an ignore pattern: 694.extendedFrags.fastq
[2017-09-13 04:03:22,988] multiqc                                            [DEBUG  ]  Ignoring file as matched an ignore pattern: 693.extendedFrags_fastqc.html
[2017-09-13 04:03:22,988] multiqc                                            [DEBUG  ]  Ignoring file as matched an ignore pattern: 692.notCombined_2.fastq
[2017-09-13 04:03:22,988] multiqc                                            [DEBUG  ]  Ignoring file as matched an ignore pattern: 665.notCombined_2.fastq
[2017-09-13 04:03:23,004] multiqc                                            [DEBUG  ]  Ignoring file as matched an ignore pattern: 670.extendedFrags.fastq
[2017-09-13 04:03:23,004] multiqc                                            [DEBUG  ]  Ignoring file as matched an ignore pattern: 699.extendedFrags_fastqc.html
[2017-09-13 04:03:23,016] multiqc                                            [DEBUG  ]  Ignoring file as matched an ignore pattern: 694.notCombined_1.fastq
[2017-09-13 04:03:23,016] multiqc                                            [DEBUG  ]  Ignoring file as matched an ignore pattern: 679.notCombined_1.fastq
[2017-09-13 04:03:23,016] multiqc                                            [DEBUG  ]  Ignoring file as matched an ignore pattern: 698.notCombined_1.fastq
[2017-09-13 04:03:23,016] multiqc                                            [DEBUG  ]  Ignoring file as matched an ignore pattern: 668.notCombined_1.fastq
[2017-09-13 04:03:23,031] multiqc                                            [DEBUG  ]  Ignoring file as matched an ignore pattern: 672.extendedFrags_fastqc.html
[2017-09-13 04:03:23,031] multiqc                                            [DEBUG  ]  Ignoring file as matched an ignore pattern: 697.extendedFrags_fastqc.html
[2017-09-13 04:03:23,031] multiqc                                            [DEBUG  ]  Ignoring file as matched an ignore pattern: 679.notCombined_2.fastq
[2017-09-13 04:03:23,031] multiqc                                            [DEBUG  ]  Ignoring file as matched an ignore pattern: 672.notCombined_2.fastq
[2017-09-13 04:03:23,031] multiqc                                            [DEBUG  ]  Ignoring file as matched an ignore pattern: 673.extendedFrags.fastq
[2017-09-13 04:03:23,032] multiqc                                            [DEBUG  ]  Ignoring file as matched an ignore pattern: 680.extendedFrags.fastq
[2017-09-13 04:03:23,032] multiqc                                            [DEBUG  ]  Ignoring file as matched an ignore pattern: 662.extendedFrags.fastq
[2017-09-13 04:03:23,032] multiqc                                            [DEBUG  ]  Ignoring file as matched an ignore pattern: 664.notCombined_1.fastq
[2017-09-13 04:03:23,032] multiqc                                            [DEBUG  ]  Ignoring file as matched an ignore pattern: 693.notCombined_2.fastq
[2017-09-13 04:03:23,032] multiqc                                            [DEBUG  ]  Ignoring file as matched an ignore pattern: 673.extendedFrags_fastqc.html
[2017-09-13 04:03:23,032] multiqc                                            [DEBUG  ]  Ignoring file as matched an ignore pattern: 692.extendedFrags_fastqc.html
[2017-09-13 04:03:23,047] multiqc                                            [DEBUG  ]  Ignoring file as matched an ignore pattern: 675.extendedFrags_fastqc.html
[2017-09-13 04:03:23,047] multiqc                                            [DEBUG  ]  Ignoring file as matched an ignore pattern: 700.notCombined_2.fastq
[2017-09-13 04:03:23,048] multiqc                                            [DEBUG  ]  Ignoring file as matched an ignore pattern: 694.notCombined_2.fastq
[2017-09-13 04:03:23,055] multiqc                                            [DEBUG  ]  Ignoring file as matched an ignore pattern: 657.extendedFrags_fastqc.html
[2017-09-13 04:03:23,055] multiqc                                            [DEBUG  ]  Ignoring file as matched an ignore pattern: 680.notCombined_2.fastq
[2017-09-13 04:03:23,055] multiqc                                            [DEBUG  ]  Ignoring file as matched an ignore pattern: 668.notCombined_2.fastq
[2017-09-13 04:03:23,055] multiqc                                            [DEBUG  ]  Ignoring file as matched an ignore pattern: 669.notCombined_1.fastq
[2017-09-13 04:03:23,091] multiqc                                            [DEBUG  ]  Ignoring file as matched an ignore pattern: 665.extendedFrags.fastq
[2017-09-13 04:03:23,107] multiqc                                            [DEBUG  ]  Ignoring file as matched an ignore pattern: 669.notCombined_2.fastq
[2017-09-13 04:03:23,161] multiqc                                            [DEBUG  ]  Ignoring file as matched an ignore pattern: 695.extendedFrags_fastqc.html
[2017-09-13 04:03:23,171] multiqc                                            [DEBUG  ]  Ignoring file as matched an ignore pattern: 698.extendedFrags_fastqc.html
[2017-09-13 04:03:23,186] multiqc                                            [DEBUG  ]  Ignoring file as matched an ignore pattern: 668.extendedFrags.fastq
[2017-09-13 04:03:23,201] multiqc                                            [DEBUG  ]  Ignoring file as matched an ignore pattern: 663.notCombined_2.fastq
[2017-09-13 04:03:23,212] multiqc                                            [DEBUG  ]  Ignoring file as matched an ignore pattern: 678.notCombined_1.fastq
[2017-09-13 04:03:23,213] multiqc                                            [DEBUG  ]  Ignoring file as matched an ignore pattern: 695.extendedFrags.fastq
[2017-09-13 04:03:23,213] multiqc                                            [DEBUG  ]  Ignoring file as matched an ignore pattern: 673.notCombined_2.fastq
[2017-09-13 04:03:23,213] multiqc                                            [DEBUG  ]  Ignoring file as matched an ignore pattern: 659.notCombined_1.fastq
[2017-09-13 04:03:23,213] multiqc                                            [DEBUG  ]  Ignoring file as matched an ignore pattern: 663.extendedFrags_fastqc.html
[2017-09-13 04:03:23,213] multiqc                                            [DEBUG  ]  Ignoring file as matched an ignore pattern: 673.notCombined_1.fastq
[2017-09-13 04:03:23,213] multiqc                                            [DEBUG  ]  Ignoring file as matched an ignore pattern: 677.notCombined_1.fastq
[2017-09-13 04:03:23,274] multiqc                                            [DEBUG  ]  Ignoring file as matched an ignore pattern: 679.extendedFrags.fastq
[2017-09-13 04:03:23,274] multiqc                                            [DEBUG  ]  Ignoring file as matched an ignore pattern: 663.extendedFrags.fastq
[2017-09-13 04:03:23,316] multiqc                                            [DEBUG  ]  Ignoring file as matched an ignore pattern: 675.notCombined_1.fastq
[2017-09-13 04:03:23,321] multiqc                                            [DEBUG  ]  Ignoring file as matched an ignore pattern: 667.notCombined_1.fastq
[2017-09-13 04:03:23,321] multiqc                                            [DEBUG  ]  Ignoring file as matched an ignore pattern: 677.extendedFrags.fastq
[2017-09-13 04:03:23,321] multiqc                                            [DEBUG  ]  Ignoring file as matched an ignore pattern: 659.notCombined_2.fastq
[2017-09-13 04:03:23,321] multiqc                                            [DEBUG  ]  Ignoring file as matched an ignore pattern: 660.notCombined_2.fastq
[2017-09-13 04:03:23,334] multiqc                                            [DEBUG  ]  Ignoring file as matched an ignore pattern: 680.notCombined_1.fastq
[2017-09-13 04:03:23,334] multiqc                                            [DEBUG  ]  Ignoring file as matched an ignore pattern: 658.notCombined_2.fastq
[2017-09-13 04:03:23,349] multiqc                                            [DEBUG  ]  Ignoring file as matched an ignore pattern: 693.extendedFrags.fastq
[2017-09-13 04:03:23,349] multiqc                                            [DEBUG  ]  Ignoring file as matched an ignore pattern: 675.extendedFrags.fastq
[2017-09-13 04:03:23,354] multiqc                                            [DEBUG  ]  Ignoring file as matched an ignore pattern: 669.extendedFrags.fastq
[2017-09-13 04:03:23,355] multiqc                                            [DEBUG  ]  Ignoring file as matched an ignore pattern: 657.notCombined_2.fastq
[2017-09-13 04:03:23,355] multiqc                                            [DEBUG  ]  Ignoring file as matched an ignore pattern: 670.notCombined_1.fastq
[2017-09-13 04:03:23,370] multiqc                                            [DEBUG  ]  Ignoring file as matched an ignore pattern: 658.extendedFrags.fastq
[2017-09-13 04:03:23,370] multiqc                                            [DEBUG  ]  Ignoring file as matched an ignore pattern: 672.notCombined_1.fastq
[2017-09-13 04:03:23,377] multiqc                                            [DEBUG  ]  Ignoring file as matched an ignore pattern: 667.extendedFrags_fastqc.html
[2017-09-13 04:03:23,377] multiqc                                            [DEBUG  ]  Ignoring file as matched an ignore pattern: 662.extendedFrags_fastqc.html
[2017-09-13 04:03:23,378] multiqc                                            [DEBUG  ]  Ignoring file as matched an ignore pattern: 667.extendedFrags.fastq
[2017-09-13 04:03:23,378] multiqc                                            [DEBUG  ]  Ignoring file as matched an ignore pattern: 694.extendedFrags_fastqc.html
[2017-09-13 04:03:23,392] multiqc                                            [DEBUG  ]  Ignoring file as matched an ignore pattern: 697.notCombined_2.fastq
[2017-09-13 04:03:23,414] multiqc                                            [DEBUG  ]  Ignoring file as matched an ignore pattern: 700.extendedFrags.fastq
[2017-09-13 04:03:23,414] multiqc                                            [DEBUG  ]  Ignoring file as matched an ignore pattern: 699.notCombined_1.fastq
[2017-09-13 04:03:23,422] multiqc                                            [DEBUG  ]  Ignoring file as matched an ignore pattern: 665.notCombined_1.fastq
[2017-09-13 04:03:23,436] multiqc                                            [DEBUG  ]  Ignoring file as matched an ignore pattern: 693.notCombined_1.fastq
[2017-09-13 04:03:23,441] multiqc                                            [DEBUG  ]  Ignoring file as matched an ignore pattern: 668.extendedFrags_fastqc.html
[2017-09-13 04:03:23,442] multiqc                                            [DEBUG  ]  Ignoring file as matched an ignore pattern: 674.extendedFrags.fastq
[2017-09-13 04:03:23,442] multiqc                                            [DEBUG  ]  Ignoring file as matched an ignore pattern: 699.notCombined_2.fastq
[2017-09-13 04:03:23,442] multiqc                                            [DEBUG  ]  Ignoring file as matched an ignore pattern: 659.extendedFrags.fastq
[2017-09-13 04:03:23,442] multiqc                                            [DEBUG  ]  Ignoring file as matched an ignore pattern: 670.notCombined_2.fastq
[2017-09-13 04:03:23,442] multiqc                                            [DEBUG  ]  Ignoring file as matched an ignore pattern: 674.notCombined_2.fastq
[2017-09-13 04:03:23,448] multiqc                                            [DEBUG  ]  Ignoring file as matched an ignore pattern: 697.extendedFrags.fastq
[2017-09-13 04:03:23,454] multiqc                                            [DEBUG  ]  Ignoring file as matched an ignore pattern: 667.notCombined_2.fastq
[2017-09-13 04:03:23,478] multiqc                                            [DEBUG  ]  Ignoring file as matched an ignore pattern: 700.notCombined_1.fastq
[2017-09-13 04:03:23,478] multiqc                                            [DEBUG  ]  Ignoring file as matched an ignore pattern: 677.notCombined_2.fastq
[2017-09-13 04:03:23,499] multiqc                                            [DEBUG  ]  Ignoring file as matched an ignore pattern: 700.extendedFrags_fastqc.html
[2017-09-13 04:03:23,499] multiqc                                            [DEBUG  ]  Ignoring file as matched an ignore pattern: 663.notCombined_1.fastq
[2017-09-13 04:03:23,500] multiqc                                            [DEBUG  ]  Ignoring file as matched an ignore pattern: 698.extendedFrags.fastq
[2017-09-13 04:03:23,500] multiqc                                            [DEBUG  ]  Ignoring file as matched an ignore pattern: 679.extendedFrags_fastqc.html
[2017-09-13 04:03:23,500] multiqc                                            [DEBUG  ]  Ignoring file as matched an ignore pattern: 695.notCombined_1.fastq
[2017-09-13 04:03:23,525] multiqc                                            [DEBUG  ]  Ignoring file as matched an ignore pattern: 662.notCombined_1.fastq
[2017-09-13 04:03:23,545] multiqc                                            [DEBUG  ]  Ignoring file as matched an ignore pattern: 678.extendedFrags.fastq
[2017-09-13 04:03:23,545] multiqc                                            [DEBUG  ]  Ignoring file as matched an ignore pattern: 674.extendedFrags_fastqc.html
[2017-09-13 04:03:23,567] multiqc                                            [DEBUG  ]  Ignoring file as matched an ignore pattern: 665.extendedFrags_fastqc.html
[2017-09-13 04:03:23,567] multiqc                                            [DEBUG  ]  Ignoring file as matched an ignore pattern: 675.notCombined_2.fastq
[2017-09-13 04:03:23,712] multiqc.modules.custom_content.custom_content      [DEBUG  ]  No custom content found
[2017-09-13 04:03:23,714] multiqc.modules.conpair.conpair                    [DEBUG  ]  Could not find any reports in ('/home/mark/gitstage/uderica/nordqiime/Aer_Comp/Aer_Comp_Fungi/raw_data/extendedFrags/',)
[2017-09-13 04:03:23,715] multiqc.modules.peddy.peddy                        [DEBUG  ]  Could not find any reports in ('/home/mark/gitstage/uderica/nordqiime/Aer_Comp/Aer_Comp_Fungi/raw_data/extendedFrags/',)
[2017-09-13 04:03:23,716] multiqc.modules.methylQA.methylQA                  [DEBUG  ]  Could not find any reports in ('/home/mark/gitstage/uderica/nordqiime/Aer_Comp/Aer_Comp_Fungi/raw_data/extendedFrags/',)
[2017-09-13 04:03:23,718] multiqc.modules.qualimap.QM_BamQC                  [DEBUG  ]  Using default Qualimap thresholds: 1, 5, 10, 30, 50
[2017-09-13 04:03:23,718] multiqc.modules.qualimap.qualimap                  [DEBUG  ]  Could not find any reports in ('/home/mark/gitstage/uderica/nordqiime/Aer_Comp/Aer_Comp_Fungi/raw_data/extendedFrags/',)
[2017-09-13 04:03:23,719] multiqc.modules.preseq.preseq                      [DEBUG  ]  Could not find any preseq data in ('/home/mark/gitstage/uderica/nordqiime/Aer_Comp/Aer_Comp_Fungi/raw_data/extendedFrags/',)
[2017-09-13 04:03:23,721] multiqc.modules.quast.quast                        [DEBUG  ]  Could not find any reports in ('/home/mark/gitstage/uderica/nordqiime/Aer_Comp/Aer_Comp_Fungi/raw_data/extendedFrags/',)
[2017-09-13 04:03:23,722] multiqc.modules.qorts.qorts                        [DEBUG  ]  Could not find any QoRTs data in ('/home/mark/gitstage/uderica/nordqiime/Aer_Comp/Aer_Comp_Fungi/raw_data/extendedFrags/',)
[2017-09-13 04:03:23,723] multiqc.modules.rna_seqc.rna_seqc                  [DEBUG  ]  Could not find any RNA-SeQC data in ('/home/mark/gitstage/uderica/nordqiime/Aer_Comp/Aer_Comp_Fungi/raw_data/extendedFrags/',)
[2017-09-13 04:03:23,725] multiqc.modules.rseqc.rseqc                        [DEBUG  ]  Could not find any reports in ('/home/mark/gitstage/uderica/nordqiime/Aer_Comp/Aer_Comp_Fungi/raw_data/extendedFrags/',)
[2017-09-13 04:03:23,727] multiqc.modules.busco.busco                        [DEBUG  ]  Could not find any reports in ('/home/mark/gitstage/uderica/nordqiime/Aer_Comp/Aer_Comp_Fungi/raw_data/extendedFrags/',)
[2017-09-13 04:03:23,728] multiqc.modules.goleft_indexcov.goleft_indexcov    [DEBUG  ]  Did not find goleft indexcov outputs in ('/home/mark/gitstage/uderica/nordqiime/Aer_Comp/Aer_Comp_Fungi/raw_data/extendedFrags/',)
[2017-09-13 04:03:23,729] multiqc.modules.disambiguate.disambiguate          [DEBUG  ]  Could not find any data in ('/home/mark/gitstage/uderica/nordqiime/Aer_Comp/Aer_Comp_Fungi/raw_data/extendedFrags/',)
[2017-09-13 04:03:23,731] multiqc.modules.homer.homer                        [DEBUG  ]  Could not find any reports in ('/home/mark/gitstage/uderica/nordqiime/Aer_Comp/Aer_Comp_Fungi/raw_data/extendedFrags/',)
[2017-09-13 04:03:23,732] multiqc.modules.macs2.macs2                        [DEBUG  ]  Could not find any MACS2 data in ('/home/mark/gitstage/uderica/nordqiime/Aer_Comp/Aer_Comp_Fungi/raw_data/extendedFrags/',)
[2017-09-13 04:03:23,733] multiqc.modules.theta2.theta2                      [DEBUG  ]  Could not find any reports in ('/home/mark/gitstage/uderica/nordqiime/Aer_Comp/Aer_Comp_Fungi/raw_data/extendedFrags/',)
[2017-09-13 04:03:23,735] multiqc.modules.snpeff.snpeff                      [DEBUG  ]  Could not find any data in ('/home/mark/gitstage/uderica/nordqiime/Aer_Comp/Aer_Comp_Fungi/raw_data/extendedFrags/',)
[2017-09-13 04:03:23,736] multiqc.modules.gatk.gatk                          [DEBUG  ]  Could not find any reports in ('/home/mark/gitstage/uderica/nordqiime/Aer_Comp/Aer_Comp_Fungi/raw_data/extendedFrags/',)
[2017-09-13 04:03:23,737] multiqc.modules.htseq.htseq                        [DEBUG  ]  Could not find any reports in ('/home/mark/gitstage/uderica/nordqiime/Aer_Comp/Aer_Comp_Fungi/raw_data/extendedFrags/',)
[2017-09-13 04:03:23,738] multiqc.modules.bcftools.bcftools                  [DEBUG  ]  Could not find any reports in ('/home/mark/gitstage/uderica/nordqiime/Aer_Comp/Aer_Comp_Fungi/raw_data/extendedFrags/',)
[2017-09-13 04:03:23,740] multiqc.modules.featureCounts.feature_counts       [DEBUG  ]  Could not find any reports in ('/home/mark/gitstage/uderica/nordqiime/Aer_Comp/Aer_Comp_Fungi/raw_data/extendedFrags/',)
[2017-09-13 04:03:23,742] multiqc.modules.picard.picard                      [DEBUG  ]  Could not find any reports in ('/home/mark/gitstage/uderica/nordqiime/Aer_Comp/Aer_Comp_Fungi/raw_data/extendedFrags/',)
[2017-09-13 04:03:23,743] multiqc.modules.prokka.prokka                      [DEBUG  ]  Could not find any Prokka data in ('/home/mark/gitstage/uderica/nordqiime/Aer_Comp/Aer_Comp_Fungi/raw_data/extendedFrags/',)
[2017-09-13 04:03:23,744] multiqc.modules.samblaster.samblaster              [DEBUG  ]  Could not find any data in ('/home/mark/gitstage/uderica/nordqiime/Aer_Comp/Aer_Comp_Fungi/raw_data/extendedFrags/',)
[2017-09-13 04:03:23,746] multiqc.modules.samtools.samtools                  [DEBUG  ]  Could not find any reports in ('/home/mark/gitstage/uderica/nordqiime/Aer_Comp/Aer_Comp_Fungi/raw_data/extendedFrags/',)
[2017-09-13 04:03:23,747] multiqc.modules.bamtools.bamtools                  [DEBUG  ]  Could not find any reports in ('/home/mark/gitstage/uderica/nordqiime/Aer_Comp/Aer_Comp_Fungi/raw_data/extendedFrags/',)
[2017-09-13 04:03:23,748] multiqc.modules.jellyfish.jellyfish                [DEBUG  ]  Could not find any data in ('/home/mark/gitstage/uderica/nordqiime/Aer_Comp/Aer_Comp_Fungi/raw_data/extendedFrags/',)
[2017-09-13 04:03:23,750] multiqc.modules.bismark.bismark                    [DEBUG  ]  Could not find any reports in ('/home/mark/gitstage/uderica/nordqiime/Aer_Comp/Aer_Comp_Fungi/raw_data/extendedFrags/',)
[2017-09-13 04:03:23,751] multiqc.modules.hicup.hicup                        [DEBUG  ]  Could not find any HiCUP data in ('/home/mark/gitstage/uderica/nordqiime/Aer_Comp/Aer_Comp_Fungi/raw_data/extendedFrags/',)
[2017-09-13 04:03:23,752] multiqc.modules.salmon.salmon                      [DEBUG  ]  Could not find any Salmon data in ('/home/mark/gitstage/uderica/nordqiime/Aer_Comp/Aer_Comp_Fungi/raw_data/extendedFrags/',)
[2017-09-13 04:03:23,754] multiqc.modules.kallisto.kallisto                  [DEBUG  ]  Could not find any reports in ('/home/mark/gitstage/uderica/nordqiime/Aer_Comp/Aer_Comp_Fungi/raw_data/extendedFrags/',)
[2017-09-13 04:03:23,755] multiqc.modules.slamdunk.slamdunk                  [DEBUG  ]  No slamdunk reports found.
[2017-09-13 04:03:23,756] multiqc.modules.star.star                          [DEBUG  ]  Could not find any reports in ('/home/mark/gitstage/uderica/nordqiime/Aer_Comp/Aer_Comp_Fungi/raw_data/extendedFrags/',)
[2017-09-13 04:03:23,758] multiqc.modules.hisat2.hisat2                      [DEBUG  ]  Could not find any reports in ('/home/mark/gitstage/uderica/nordqiime/Aer_Comp/Aer_Comp_Fungi/raw_data/extendedFrags/',)
[2017-09-13 04:03:23,759] multiqc.modules.tophat.tophat                      [DEBUG  ]  Could not find any reports in ('/home/mark/gitstage/uderica/nordqiime/Aer_Comp/Aer_Comp_Fungi/raw_data/extendedFrags/',)
[2017-09-13 04:03:23,761] multiqc.modules.bowtie2.bowtie2                    [DEBUG  ]  Could not find any reports in ('/home/mark/gitstage/uderica/nordqiime/Aer_Comp/Aer_Comp_Fungi/raw_data/extendedFrags/',)
[2017-09-13 04:03:23,762] multiqc.modules.bowtie1.bowtie1                    [DEBUG  ]  Could not find any reports in ('/home/mark/gitstage/uderica/nordqiime/Aer_Comp/Aer_Comp_Fungi/raw_data/extendedFrags/',)
[2017-09-13 04:03:23,763] multiqc.modules.adapterRemoval.adapterRemoval      [DEBUG  ]  Could not find any reports in ('/home/mark/gitstage/uderica/nordqiime/Aer_Comp/Aer_Comp_Fungi/raw_data/extendedFrags/',)
[2017-09-13 04:03:23,764] multiqc.modules.cutadapt.cutadapt                  [DEBUG  ]  Could not find any reports in ('/home/mark/gitstage/uderica/nordqiime/Aer_Comp/Aer_Comp_Fungi/raw_data/extendedFrags/',)
[2017-09-13 04:03:23,766] multiqc.modules.flexbar.flexbar                    [DEBUG  ]  Could not find any Flexbar data in ('/home/mark/gitstage/uderica/nordqiime/Aer_Comp/Aer_Comp_Fungi/raw_data/extendedFrags/',)
[2017-09-13 04:03:23,767] multiqc.modules.trimmomatic.trimmomatic            [DEBUG  ]  Could not find any Trimmomatic data in ('/home/mark/gitstage/uderica/nordqiime/Aer_Comp/Aer_Comp_Fungi/raw_data/extendedFrags/',)
[2017-09-13 04:03:23,768] multiqc.modules.skewer.skewer                      [DEBUG  ]  Could not find any data in ('/home/mark/gitstage/uderica/nordqiime/Aer_Comp/Aer_Comp_Fungi/raw_data/extendedFrags/',)
[2017-09-13 04:03:23,770] multiqc.modules.sortmerna.sortmerna                [DEBUG  ]  Could not find any SortMeRNA data in ('/home/mark/gitstage/uderica/nordqiime/Aer_Comp/Aer_Comp_Fungi/raw_data/extendedFrags/',)
[2017-09-13 04:03:23,772] multiqc.modules.biobloomtools.biobloomtools        [DEBUG  ]  Could not find any reports in ('/home/mark/gitstage/uderica/nordqiime/Aer_Comp/Aer_Comp_Fungi/raw_data/extendedFrags/',)
[2017-09-13 04:03:23,773] multiqc.modules.fastq_screen.fastq_screen          [DEBUG  ]  Could not find any reports in ('/home/mark/gitstage/uderica/nordqiime/Aer_Comp/Aer_Comp_Fungi/raw_data/extendedFrags/',)
[2017-09-13 04:03:25,060] multiqc.modules.fastqc.fastqc                      [INFO   ]  Found 28 reports
[2017-09-13 04:03:26,662] multiqc.modules.clusterflow.clusterflow            [DEBUG  ]  Could not find any reports in ('/home/mark/gitstage/uderica/nordqiime/Aer_Comp/Aer_Comp_Fungi/raw_data/extendedFrags/',)
[2017-09-13 04:03:26,696] multiqc                                            [INFO   ]  Compressing plot data
[2017-09-13 04:03:27,626] multiqc                                            [INFO   ]  Report      : Aer_Comp/Aer_Comp_Fungi/raw_data/extendedFrags/multiqc_report.html
[2017-09-13 04:03:27,627] multiqc                                            [INFO   ]  Data        : Aer_Comp/Aer_Comp_Fungi/raw_data/extendedFrags/multiqc_data
[2017-09-13 04:03:27,627] multiqc                                            [DEBUG  ]  Moving data file from '/tmp/tmpISlGxJ/multiqc_data/multiqc_general_stats.txt' to '/home/mark/gitstage/uderica/nordqiime/Aer_Comp/Aer_Comp_Fungi/raw_data/extendedFrags/multiqc_data'
[2017-09-13 04:03:27,627] multiqc                                            [DEBUG  ]  Moving data file from '/tmp/tmpISlGxJ/multiqc_data/multiqc_sources.txt' to '/home/mark/gitstage/uderica/nordqiime/Aer_Comp/Aer_Comp_Fungi/raw_data/extendedFrags/multiqc_data'
[2017-09-13 04:03:27,627] multiqc                                            [DEBUG  ]  Moving data file from '/tmp/tmpISlGxJ/multiqc_data/multiqc_fastqc.txt' to '/home/mark/gitstage/uderica/nordqiime/Aer_Comp/Aer_Comp_Fungi/raw_data/extendedFrags/multiqc_data'
[2017-09-13 04:03:27,727] multiqc                                            [INFO   ]  MultiQC complete
