OtuPicker parameters:
Application:uclust
Similarity:0.97
chimeras_retention:union
enable_rev_strand_matching:True
exact:False
max_accepts:1
max_rejects:8
new_cluster_identifier:denovo
next_new_cluster_number:1
optimal:False
output_dir:/home/mark/gitstage/uderica/silage/understudy/Bacteria/raw_data_bacteria/flashed/extended/flash_trim_cat_pick/step1_otus/POTU_v0u9_
prefilter_identical_sequences:True
presort_by_abundance:True
save_uc_files:True
stable_sort:True
stepwords:8
suppress_new_clusters:True
suppress_sort:True
word_length:8
Reference seqs:/home/mark/gitstage/uderica/silage/gg_13_8_otus/rep_set/97_otus.fasta
Num OTUs:811
Num new OTUs:0
Num failures:15741
Result path: /home/mark/gitstage/uderica/silage/understudy/Bacteria/raw_data_bacteria/flashed/extended/flash_trim_cat_pick/step1_otus/POTU_v0u9_/POTU_v0u9_.0_otus.txt
OtuPicker parameters:
Application:uclust
Similarity:0.97
chimeras_retention:union
enable_rev_strand_matching:True
exact:False
max_accepts:1
max_rejects:8
new_cluster_identifier:denovo
next_new_cluster_number:1
optimal:False
output_dir:/home/mark/gitstage/uderica/silage/understudy/Bacteria/raw_data_bacteria/flashed/extended/flash_trim_cat_pick/step1_otus/POTU_v0u9_
prefilter_identical_sequences:True
presort_by_abundance:True
save_uc_files:True
stable_sort:True
stepwords:8
suppress_new_clusters:True
suppress_sort:True
word_length:8
Reference seqs:/home/mark/gitstage/uderica/silage/gg_13_8_otus/rep_set/97_otus.fasta
Num OTUs:772
Num new OTUs:0
Num failures:14544
Result path: /home/mark/gitstage/uderica/silage/understudy/Bacteria/raw_data_bacteria/flashed/extended/flash_trim_cat_pick/step1_otus/POTU_v0u9_/POTU_v0u9_.1_otus.txt
OtuPicker parameters:
Application:uclust
Similarity:0.97
chimeras_retention:union
enable_rev_strand_matching:True
exact:False
max_accepts:1
max_rejects:8
new_cluster_identifier:denovo
next_new_cluster_number:1
optimal:False
output_dir:/home/mark/gitstage/uderica/silage/understudy/Bacteria/raw_data_bacteria/flashed/extended/flash_trim_cat_pick/step1_otus/POTU_v0u9_
prefilter_identical_sequences:True
presort_by_abundance:True
save_uc_files:True
stable_sort:True
stepwords:8
suppress_new_clusters:True
suppress_sort:True
word_length:8
Reference seqs:/home/mark/gitstage/uderica/silage/gg_13_8_otus/rep_set/97_otus.fasta
Num OTUs:773
Num new OTUs:0
Num failures:15831
Result path: /home/mark/gitstage/uderica/silage/understudy/Bacteria/raw_data_bacteria/flashed/extended/flash_trim_cat_pick/step1_otus/POTU_v0u9_/POTU_v0u9_.2_otus.txt
OtuPicker parameters:
Application:uclust
Similarity:0.97
chimeras_retention:union
enable_rev_strand_matching:True
exact:False
max_accepts:1
max_rejects:8
new_cluster_identifier:denovo
next_new_cluster_number:1
optimal:False
output_dir:/home/mark/gitstage/uderica/silage/understudy/Bacteria/raw_data_bacteria/flashed/extended/flash_trim_cat_pick/step1_otus/POTU_v0u9_
prefilter_identical_sequences:True
presort_by_abundance:True
save_uc_files:True
stable_sort:True
stepwords:8
suppress_new_clusters:True
suppress_sort:True
word_length:8
Reference seqs:/home/mark/gitstage/uderica/silage/gg_13_8_otus/rep_set/97_otus.fasta
Num OTUs:320
Num new OTUs:0
Num failures:9027
Result path: /home/mark/gitstage/uderica/silage/understudy/Bacteria/raw_data_bacteria/flashed/extended/flash_trim_cat_pick/step1_otus/POTU_v0u9_/POTU_v0u9_.3_otus.txt
OtuPicker parameters:
Application:uclust
Similarity:0.97
chimeras_retention:union
enable_rev_strand_matching:True
exact:False
max_accepts:1
max_rejects:8
new_cluster_identifier:denovo
next_new_cluster_number:1
optimal:False
output_dir:/home/mark/gitstage/uderica/silage/understudy/Bacteria/raw_data_bacteria/flashed/extended/flash_trim_cat_pick/step1_otus/POTU_v0u9_
prefilter_identical_sequences:True
presort_by_abundance:True
save_uc_files:True
stable_sort:True
stepwords:8
suppress_new_clusters:True
suppress_sort:True
word_length:8
Reference seqs:/home/mark/gitstage/uderica/silage/gg_13_8_otus/rep_set/97_otus.fasta
Num OTUs:833
Num new OTUs:0
Num failures:19166
Result path: /home/mark/gitstage/uderica/silage/understudy/Bacteria/raw_data_bacteria/flashed/extended/flash_trim_cat_pick/step1_otus/POTU_v0u9_/POTU_v0u9_.4_otus.txt
OtuPicker parameters:
Application:uclust
Similarity:0.97
chimeras_retention:union
enable_rev_strand_matching:True
exact:False
max_accepts:1
max_rejects:8
new_cluster_identifier:denovo
next_new_cluster_number:1
optimal:False
output_dir:/home/mark/gitstage/uderica/silage/understudy/Bacteria/raw_data_bacteria/flashed/extended/flash_trim_cat_pick/step1_otus/POTU_v0u9_
prefilter_identical_sequences:True
presort_by_abundance:True
save_uc_files:True
stable_sort:True
stepwords:8
suppress_new_clusters:True
suppress_sort:True
word_length:8
Reference seqs:/home/mark/gitstage/uderica/silage/gg_13_8_otus/rep_set/97_otus.fasta
Num OTUs:575
Num new OTUs:0
Num failures:19223
Result path: /home/mark/gitstage/uderica/silage/understudy/Bacteria/raw_data_bacteria/flashed/extended/flash_trim_cat_pick/step1_otus/POTU_v0u9_/POTU_v0u9_.5_otus.txt
